Cross-validation on partition 1 with 640 instances
.........10.........20.........30.........40.........50.........60.........70.........80.........90.........100.........110.........120.........130.........140.........150.........160.........170.........180.........190.........200.........210.........220.........230.........240.........250.........260.........270.........280.........290.........300.........310.........320.........330.........340.........350.........360.........370.........380.........390.........400.........410.........420.........430.........440.........450.........460.........470.........480.........490.........500.........510.........520.........530.........540.........550.........560.........570.........580.........590.........600.........610.........620.........630.........640
Partition 0: Density: 58.08406117413541 Accuracy: 0.8 Precision: 0.8 Recall: 0.8
Cross-validation on partition 2 with 640 instances
.........10.........20.........30.........40.........50.........60.........70.........80.........90.........100.........110.........120.........130.........140.........150.........160.........170.........180.........190.........200.........210.........220.........230.........240.........250.........260.........270.........280.........290.........300.........310.........320.........330.........340.........350.........360.........370.........380.........390.........400.........410.........420.........430.........440.........450.........460.........470.........480.........490.........500.........510.........520.........530.........540.........550.........560.........570.........580.........590.........600.........610.........620.........630.........640
Partition 1: Density: 61.829443199566526 Accuracy: 0.7 Precision: 0.8 Recall: 0.6666666666666666
Cross-validation on partition 3 with 640 instances
.........10.........20.........30.........40.........50.........60.........70.........80.........90.........100.........110.........120.........130.........140.........150.........160.........170.........180.........190.........200.........210.........220.........230.........240.........250.........260.........270.........280.........290.........300.........310.........320.........330.........340.........350.........360.........370.........380.........390.........400.........410.........420.........430.........440.........450.........460.........470.........480.........490.........500.........510.........520.........530.........540.........550.........560.........570.........580.........590.........600.........610.........620.........630.........640
Partition 2: Density: 59.226560017381445 Accuracy: 0.9 Precision: 1.0 Recall: 0.8333333333333334
Cross-validation on partition 4 with 640 instances
.........10.........20.........30.........40.........50.........60.........70.........80.........90.........100.........110.........120.........130.........140.........150.........160.........170.........180.........190.........200.........210.........220.........230.........240.........250.........260.........270.........280.........290.........300.........310.........320.........330.........340.........350.........360.........370.........380.........390.........400.........410.........420.........430.........440.........450.........460.........470.........480.........490.........500.........510.........520.........530.........540.........550.........560.........570.........580.........590.........600.........610.........620.........630.........640
Partition 3: Density: 61.92710552848088 Accuracy: 0.9 Precision: 0.875 Recall: 1.0
Cross-validation on partition 5 with 640 instances
.........10.........20.........30.........40.........50.........60.........70.........80.........90.........100.........110.........120.........130.........140.........150.........160.........170.........180.........190.........200.........210.........220.........230.........240.........250.........260.........270.........280.........290.........300.........310.........320.........330.........340.........350.........360.........370.........380.........390.........400.........410.........420.........430.........440.........450.........460.........470.........480.........490.........500.........510.........520.........530.........540.........550.........560.........570.........580.........590.........600.........610.........620.........630.........640
Partition 4: Density: 63.55097460316488 Accuracy: 0.9 Precision: 0.875 Recall: 1.0
Cross-validation on partition 6 with 640 instances
.........10.........20.........30.........40.........50.........60.........70.........80.........90.........100.........110.........120.........130.........140.........150.........160.........170.........180.........190.........200.........210.........220.........230.........240.........250.........260.........270.........280.........290.........300.........310.........320.........330.........340.........350.........360.........370.........380.........390.........400.........410.........420.........430.........440.........450.........460.........470.........480.........490.........500.........510.........520.........530.........540.........550.........560.........570.........580.........590.........600.........610.........620.........630.........640
Partition 5: Density: 828.9306304992036 Accuracy: 0.8 Precision: 0.8 Recall: 1.0
Cross-validation on partition 7 with 640 instances
.........10.........20.........30.........40.........50.........60.........70.........80.........90.........100.........110.........120.........130.........140.........150.........160.........170.........180.........190.........200.........210.........220.........230.........240.........250.........260.........270.........280.........290.........300.........310.........320.........330.........340.........350.........360.........370.........380.........390.........400.........410.........420.........430.........440.........450.........460.........470.........480.........490.........500.........510.........520.........530.........540.........550.........560.........570.........580.........590.........600.........610.........620.........630.........640
Partition 6: Density: 63.22707932653325 Accuracy: 0.8 Precision: 1.0 Recall: 0.6
Cross-validation on partition 8 with 640 instances
.........10.........20.........30.........40.........50.........60.........70.........80.........90.........100.........110.........120.........130.........140.........150.........160.........170.........180.........190.........200.........210.........220.........230.........240.........250.........260.........270.........280.........290.........300.........310.........320.........330.........340.........350.........360.........370.........380.........390.........400.........410.........420.........430.........440.........450.........460.........470.........480.........490.........500.........510.........520.........530.........540.........550.........560.........570.........580.........590.........600.........610.........620.........630.........640
Partition 7: Density: 60.82583318372818 Accuracy: 0.9 Precision: 0.8333333333333334 Recall: 1.0
Cross-validation on partition 9 with 640 instances
.........10.........20.........30.........40.........50.........60.........70.........80.........90.........100.........110.........120.........130.........140.........150.........160.........170.........180.........190.........200.........210.........220.........230.........240.........250.........260.........270.........280.........290.........300.........310.........320.........330.........340.........350.........360.........370.........380.........390.........400.........410.........420.........430.........440.........450.........460.........470.........480.........490.........500.........510.........520.........530.........540.........550.........560.........570.........580.........590.........600.........610.........620.........630.........640
Partition 8: Density: 62.16944151899058 Accuracy: 0.8 Precision: 0.8571428571428571 Recall: 0.8571428571428571
Cross-validation on partition 10 with 640 instances
.........10.........20.........30.........40.........50.........60.........70.........80.........90.........100.........110.........120.........130.........140.........150.........160.........170.........180.........190.........200.........210.........220.........230.........240.........250.........260.........270.........280.........290.........300.........310.........320.........330.........340.........350.........360.........370.........380.........390.........400.........410.........420.........430.........440.........450.........460.........470.........480.........490.........500.........510.........520.........530.........540.........550.........560.........570.........580.........590.........600.........610.........620.........630.........640
Partition 9: Density: 61.714562725576876 Accuracy: 0.8 Precision: 0.8333333333333334 Recall: 0.8333333333333334
Across 10-fold cross-validation:
Average accuracy: 0.8300000000000001
Average precision: 0.8673809523809523
Average recall: 0.8590476190476191
Using result EMDDResult(target=array([ 0.12186802,  0.0903583 ,  0.22387291,  0.12345926,  0.10184225,
        0.2053035 ,  0.19850939,  0.10048141,  0.09441813,  0.00342376,
        0.12404051,  0.10538065,  0.2567027 ,  0.31366398,  0.08415475,
        0.02162399,  0.10023372,  0.11109223,  0.14503026,  0.08016045,
        0.0878311 ,  0.20097906,  0.17468007,  0.09606558,  0.09543696,
        0.2594239 ,  0.2445438 ,  0.07231538,  0.25742262,  0.32768548,
        0.13805096,  0.10017551,  0.11318905,  0.19330195,  0.20452246,
        0.17812474,  0.31290424,  0.28649563,  0.17610879,  0.02272106,
        0.1690716 ,  0.19247416,  0.28526901,  0.2272468 ,  0.08870723,
        0.25901371,  0.16600826,  0.22838237]), scale=array([ 0.52466011,  0.69340399,  1.00189075,  1.4264086 ,  0.31073829,
        0.42826235,  0.44648751,  0.2638955 ,  0.57911598,  0.14691864,
        0.81205766,  0.31811992,  0.34509975,  0.78575931,  0.24679074,
        1.19858558,  0.40109018,  0.30983324,  0.55422554,  0.29296739,
        0.56710838,  1.64592242,  1.33768757,  0.50919633,  0.46141684,
        1.21634776,  1.03308172,  0.48105175,  0.7501875 ,  1.85427094,
        1.60176938,  0.41719012,  0.50835473,  0.59322551,  0.47570161,
        0.40718397,  1.10253091,  0.88589191,  0.83437712,  0.97268095,
        0.31853934,  0.34425884,  0.66924888,  0.56162518,  0.95654733,
        0.83724679,  0.52780644,  0.73225081]), density=138.14856917767617) for prediction
Classifying against test set

Threshold 0.5
Total bags 155
Total positive bags 95
Total negative bags 60
Total predicted positive bags 155
Total predicted negative bags 0
True positives 95
False positives 60
True negatives 0
False negatives 0
Accuracy 0.6129032258064516
Precision 0.6129032258064516
Recall 1.0
