Cross-validation on partition 1 with 320 instances
....5....10....15....20....25....30....35....40....45....50....55....60....65....70....75....80....85....90....95....100....105....110....115....120....125....130....135....140....145....150....155....160....165....170....175....180....185....190....195....200....205....210....215....220....225....230....235....240....245....250....255....260....265....270....275....280....285....290....295....300....305....310....315....320
Partition 0: Target: [  0.00000000e+00   0.00000000e+00   0.00000000e+00   2.64653536e-05
   2.46769582e-05   0.00000000e+00   0.00000000e+00   0.00000000e+00
   0.00000000e+00   4.82533779e-03   6.79559755e-04   2.05280405e-03
   0.00000000e+00   0.00000000e+00   0.00000000e+00   0.00000000e+00
   0.00000000e+00   9.65554436e-03   1.52874066e-03   2.20890407e-04
   1.56919983e-01   8.52865149e-01   0.00000000e+00   9.18610794e-05
   0.00000000e+00   8.16723053e-03   1.30068051e-03   1.48006541e-03
   3.26425129e-01   6.37748445e-01   0.00000000e+00   0.00000000e+00
   0.00000000e+00   1.49466398e-04   1.22872169e-03   0.00000000e+00
   1.00000000e+00   9.95586248e-01   0.00000000e+00   0.00000000e+00
   1.11230961e-03   3.39102182e-04   0.00000000e+00   0.00000000e+00
   0.00000000e+00   0.00000000e+00   0.00000000e+00   0.00000000e+00] Scale: [ 0.7606434   0.69965262  0.72782072  0.80168296  0.26288849  0.21772681
  0.29946451  0.42548116  0.75775968  0.1319729   0.12260943  0.09465775
  0.30561466  0.38253647  0.37199717  0.82576721  0.25193757  0.13742862
  0.07986563  0.12476593  0.18947702  4.50074737  1.1062488   0.60787562
  0.33561667  0.1279074   0.11054501  0.23086863  0.23317757  3.96068213
  1.88677849  0.31460738  0.93298102  0.18307689  0.06781017  0.31102878
  4.50272508  1.85361438  0.80273748  0.42697447  0.08105616  0.20689562
  0.64792833  0.28315476  0.65824616  0.21795631  0.23695945  0.19948501] Density: 62.37101074016717
Cross-validation on partition 2 with 320 instances
....5....10....15....20....25....30....35....40....45....50....55....60....65....70....75....80....85....90....95....100....105....110....115....120....125....130....135....140....145....150....155....160....165....170....175....180....185....190....195....200....205....210....215....220....225....230....235....240....245....250....255....260....265....270....275....280....285....290....295....300....305....310....315....320
Partition 1: Target: [  0.00000000e+00   9.36615229e-01   7.11406822e-01   0.00000000e+00
   9.02446499e-01   6.48612293e-01   8.39411647e-01   5.93096870e-01
   0.00000000e+00   8.96641939e-01   9.39814907e-01   8.99136799e-01
   8.94392100e-01   9.41774894e-01   8.61433452e-01   0.00000000e+00
   0.00000000e+00   7.44028978e-01   7.28646935e-01   8.54717186e-01
   9.43892742e-01   9.88913927e-01   9.38776254e-01   0.00000000e+00
   0.00000000e+00   0.00000000e+00   9.91080838e-01   8.70468432e-01
   8.64130297e-01   1.00000000e+00   5.49896249e-01   0.00000000e+00
   2.09614652e-04   6.58161173e-01   9.91690522e-01   9.19843908e-01
   1.00000000e+00   1.00000000e+00   8.31216854e-01   0.00000000e+00
   6.68894738e-01   8.47786969e-01   9.76690654e-01   8.94080210e-01
   0.00000000e+00   0.00000000e+00   0.00000000e+00   0.00000000e+00] Scale: [ 2.07071512  0.71763253  1.01346013  0.75927865  0.72577583  1.30918602
  0.87190363  1.58137585  1.19693942  0.94262425  1.44864126  1.26806681
  1.10024126  0.66383862  0.92439496  0.58844754  0.6995277   1.09512129
  1.98473228  1.80539664  0.99253535  1.02441352  1.20762693  0.85431037
  0.81657563  1.2690428   1.36270912  0.88531582  1.6133493   1.05482791
  1.73662094  0.84395115  0.67125336  1.09441722  1.1705334   1.12293424
  1.56138333  1.05027423  1.55535642  0.7649122   1.3758531   1.06463051
  1.10332309  1.08140296  0.67134522  1.06331731  1.08496084  2.54109131] Density: 62.630696200784705
Cross-validation on partition 3 with 320 instances
....5....10....15....20....25....30....35....40....45....50....55....60....65....70....75....80....85....90....95....100....105....110....115....120....125....130....135....140....145....150....155....160....165....170....175....180....185....190....195....200....205....210....215....220....225....230....235....240....245....250....255....260....265....270....275....280....285....290....295....300....305....310....315....320
Partition 2: Target: [  0.00000000e+00   0.00000000e+00   0.00000000e+00   0.00000000e+00
   0.00000000e+00   0.00000000e+00   0.00000000e+00   0.00000000e+00
   0.00000000e+00   8.07060016e-05   0.00000000e+00   8.71149215e-04
   0.00000000e+00   0.00000000e+00   1.10091500e-03   0.00000000e+00
   0.00000000e+00   0.00000000e+00   3.07544541e-02   1.80697390e-03
   0.00000000e+00   1.00000000e+00   3.92293280e-02   0.00000000e+00
   0.00000000e+00   2.98584831e-06   0.00000000e+00   3.65982993e-03
   0.00000000e+00   1.00000000e+00   0.00000000e+00   0.00000000e+00
   0.00000000e+00   0.00000000e+00   5.66267550e-04   0.00000000e+00
   1.00000000e+00   2.72303396e-01   0.00000000e+00   0.00000000e+00
   6.12882745e-04   0.00000000e+00   0.00000000e+00   0.00000000e+00
   0.00000000e+00   0.00000000e+00   0.00000000e+00   0.00000000e+00] Scale: [ 0.45095672  0.62604474  0.36824155  0.83588193  0.1763641   0.22198819
  0.16884952  0.2519825   0.50015695  0.07509723  2.03439952  0.09288739
  0.2153561   0.61081001  0.06473989  0.44095374  0.34829888  0.26743377
  0.25766025  0.03968035  0.40851419  0.04700601  2.07612091  0.70017252
  0.33352173  0.21823469  0.41549869  0.25129972  0.27815955  1.9062712
  2.82417155  0.40722034  0.72737874  0.52555057  0.09955543  0.24565354
  5.14027519  9.14323317  0.30733331  0.58414084  0.11262776  0.3284395
  0.35525489  0.29824633  0.61981975  0.31941852  0.52424531  0.41087619] Density: 61.80806385925445
Cross-validation on partition 4 with 320 instances
....5....10....15....20....25....30....35....40....45....50....55....60....65....70....75....80....85....90....95....100....105....110....115....120....125....130....135....140....145....150....155....160....165....170....175....180....185....190....195....200....205....210....215....220....225....230....235....240....245....250....255....260....265....270....275....280....285....290....295....300....305....310....315....320
Partition 3: Target: [  0.00000000e+00   0.00000000e+00   0.00000000e+00   0.00000000e+00
   1.00000000e+00   1.00000000e+00   0.00000000e+00   0.00000000e+00
   0.00000000e+00   9.77194896e-01   1.00000000e+00   1.00000000e+00
   0.00000000e+00   0.00000000e+00   2.31513308e-04   0.00000000e+00
   0.00000000e+00   2.72774302e-01   5.71237532e-01   9.19614950e-01
   1.62042623e-04   3.06906853e-04   0.00000000e+00   0.00000000e+00
   0.00000000e+00   8.34501943e-01   4.28933398e-01   7.95992562e-01
   5.63099865e-04   1.78862343e-04   2.20341314e-03   0.00000000e+00
   0.00000000e+00   0.00000000e+00   1.00000000e+00   8.53062814e-01
   2.91346631e-01   0.00000000e+00   0.00000000e+00   0.00000000e+00
   4.12759997e-01   4.95410595e-01   0.00000000e+00   2.23748105e-06
   0.00000000e+00   0.00000000e+00   0.00000000e+00   0.00000000e+00] Scale: [ 0.86311277  0.59070561  0.66118591  0.31974326  0.8378796   1.97435163
  0.51980919  0.73149556  2.35742417  1.12534355  1.56447932  2.36451534
  0.48635074  0.74904489  0.13431512  0.4478647   0.56607079  3.08250391
  2.17066185  2.8705146   0.16040631  0.04544123  1.74984108  0.60456588
  0.95020306  2.81309298  2.71972574  1.29950412  0.1391523   0.08090685
  1.8243621   0.3281844   0.27565285  1.60711946  1.35118917  1.12161949
  0.24401928  0.15703897  0.35596118  0.57012871  0.28067429  2.11793189
  1.00158009  0.35837221  1.52975544  0.56873983  0.59352316  0.72967096] Density: 61.97638302289341
Cross-validation on partition 5 with 320 instances
....5....10....15....20....25....30....35....40....45....50....55....60....65....70....75....80....85....90....95....100....105....110....115....120....125....130....135....140....145....150....155....160....165....170....175....180....185....190....195....200....205....210....215....220....225....230....235....240....245....250....255....260....265....270....275....280....285....290....295....300....305....310....315....320
Partition 4: Target: [  0.00000000e+00   0.00000000e+00   0.00000000e+00   0.00000000e+00
   0.00000000e+00   0.00000000e+00   0.00000000e+00   0.00000000e+00
   0.00000000e+00   0.00000000e+00   1.00000000e+00   1.00000000e+00
   9.87385427e-04   0.00000000e+00   0.00000000e+00   0.00000000e+00
   0.00000000e+00   0.00000000e+00   6.98841085e-01   1.00000000e+00
   0.00000000e+00   2.61479567e-04   1.19786268e-04   8.62029094e-05
   0.00000000e+00   0.00000000e+00   0.00000000e+00   0.00000000e+00
   0.00000000e+00   1.01979501e-03   0.00000000e+00   0.00000000e+00
   8.02893603e-07   0.00000000e+00   4.68565007e-04   0.00000000e+00
   0.00000000e+00   2.29976077e-03   0.00000000e+00   1.03600485e-05
   0.00000000e+00   0.00000000e+00   0.00000000e+00   1.35389616e-04
   0.00000000e+00   0.00000000e+00   0.00000000e+00   0.00000000e+00] Scale: [ 1.14903816  0.66345905  0.54652477  0.34783635  0.58320881  0.34846013
  0.57071056  0.18198397  1.60445879  1.0209806   2.97531986  3.25959187
  0.1426472   0.1980996   0.15545312  0.32993228  0.16977714  0.56406382
  3.67691173  3.13551379  0.29965547  0.10724135  0.16477394  0.25741186
  0.1884043   1.10409131  0.51481654  0.92422063  0.24076015  0.08806774
  0.97057458  0.1379529   0.17865813  0.43417704  0.11740638  0.32328372
  0.26749456  0.08487387  0.13940148  0.22340958  0.18157478  0.2029731
  0.66040105  0.25502896  0.89752783  0.20644335  0.30666738  0.53089924] Density: 61.88403355630327
Cross-validation on partition 6 with 320 instances
....5....10....15....20....25....30....35....40....45....50....55....60....65....70....75....80....85....90....95....100....105....110....115....120....125....130....135....140....145....150....155....160....165....170....175....180....185....190....195....200....205....210....215....220....225....230....235....240....245....250....255....260....265....270....275....280....285....290....295....300....305....310....315....320
Partition 5: Target: [  0.00000000e+00   4.71319744e-03   8.72057165e-03   0.00000000e+00
   2.72477480e-04   0.00000000e+00   5.30854493e-18   0.00000000e+00
   0.00000000e+00   1.21224059e-03   1.00343774e-02   2.71601817e-03
   1.89476871e-04   0.00000000e+00   0.00000000e+00   1.02287209e-16
   0.00000000e+00   8.49257205e-03   1.77519573e-03   2.75105233e-03
   0.00000000e+00   1.00000000e+00   1.00000000e+00   0.00000000e+00
   0.00000000e+00   4.62352453e-04   3.70583979e-02   2.97576867e-03
   6.16228176e-04   6.09314893e-01   4.49398788e-01   0.00000000e+00
   0.00000000e+00   5.75540214e-05   1.99854098e-03   8.20373380e-04
   0.00000000e+00   1.00000000e+00   0.00000000e+00   0.00000000e+00
   0.00000000e+00   5.22465127e-04   1.00000000e+00   0.00000000e+00
   0.00000000e+00   0.00000000e+00   2.46956408e-03   0.00000000e+00] Scale: [ 0.74840928  0.57700593  0.84275826  0.73259047  0.12271208  0.17916395
  0.16391488  0.56710681  0.4225173   0.008822    0.27685475  0.09362382
  0.28060787  0.82140911  0.27349092  0.93956801  0.11848582  0.
  0.17076795  0.22225562  0.34676358  3.71563657  2.28127626  1.05336776
  0.1919527   0.          0.88964215  0.24391078  0.79629879  3.28068568
  3.22745743  0.3131553   1.88637859  0.06026155  0.06838013  0.28414355
  0.2271252   1.36853973  1.64825596  1.49821715  0.34425578  0.19207509
  2.62432108  0.35559046  1.19720327  1.25547678  0.65471974  0.7298442 ] Density: 60.91404681238396
Cross-validation on partition 7 with 320 instances
....5....10....15....20....25....30....35....40....45....50....55....60....65....70....75....80....85....90....95....100....105....110....115....120....125....130....135....140....145....150....155....160....165....170....175....180....185....190....195....200....205....210....215....220....225....230....235....240....245....250....255....260....265....270....275....280....285....290....295....300....305....310....315....320
Partition 6: Target: [  0.00000000e+00   0.00000000e+00   0.00000000e+00   0.00000000e+00
   1.00000000e+00   1.00000000e+00   0.00000000e+00   0.00000000e+00
   0.00000000e+00   1.00000000e+00   1.00000000e+00   1.00000000e+00
   0.00000000e+00   0.00000000e+00   0.00000000e+00   0.00000000e+00
   1.65671250e-03   9.46669347e-01   0.00000000e+00   0.00000000e+00
   0.00000000e+00   0.00000000e+00   0.00000000e+00   0.00000000e+00
   0.00000000e+00   1.00000000e+00   0.00000000e+00   1.00000000e+00
   1.00000000e+00   9.87498294e-04   0.00000000e+00   0.00000000e+00
   1.20822295e-02   1.00000000e+00   7.39368612e-04   0.00000000e+00
   4.54639366e-04   0.00000000e+00   0.00000000e+00   0.00000000e+00
   1.00000000e+00   1.00000000e+00   0.00000000e+00   9.28520378e-05
   0.00000000e+00   0.00000000e+00   2.87778417e-04   0.00000000e+00] Scale: [ 0.88065668  0.27979651  0.68427251  0.65548179  0.75071742  1.20774921
  0.43250176  0.44752525  1.01606674  1.33253936  1.97886443  2.78944321
  0.25559092  0.26682744  0.13543228  0.30175896  0.34153117  2.201069
  0.96214716  0.55561169  0.68284629  0.10819576  0.11469035  0.2528893
  0.43134078  2.25916421  1.15873416  1.52480428  1.46284618  0.0764094
  0.8961458   0.14934902  0.97262153  2.21157684  0.65443557  0.91615128
  0.15450056  0.11215706  0.17340682  0.17617592  0.90353026  0.87453277
  0.32571729  0.18268901  0.7199566   0.40120331  0.19738973  0.46573852] Density: 63.89591877751934
Cross-validation on partition 8 with 320 instances
....5....10....15....20....25....30....35....40....45....50....55....60....65....70....75....80....85....90....95....100....105....110....115....120....125....130....135....140....145....150....155....160....165....170....175....180....185....190....195....200....205....210....215....220....225....230....235....240....245....250....255....260....265....270....275....280....285....290....295....300....305....310....315....320
Partition 7: Target: [  5.95254506e-03   0.00000000e+00   6.19698950e-03   8.52645734e-03
   5.68736457e-04   1.99022432e-03   0.00000000e+00   2.71313827e-04
   1.77088021e-02   4.02618208e-03   0.00000000e+00   3.10130621e-03
   1.33096330e-04   2.57447179e-03   1.51173659e-04   0.00000000e+00
   2.08087135e-03   0.00000000e+00   3.88807025e-01   2.57147422e-04
   0.00000000e+00   1.44333278e-02   1.95652593e-03   2.26090129e-03
   3.00094283e-03   6.44256867e-01   5.94508006e-01   7.46319506e-03
   3.53378046e-03   5.47268807e-04   8.72689487e-02   0.00000000e+00
   5.73523058e-03   4.62491536e-02   7.46682302e-03   0.00000000e+00
   5.73006675e-03   1.64562764e-03   2.07585663e-03   0.00000000e+00
   4.17689041e-03   6.91738377e-03   5.45425417e-03   7.48590472e-04
   0.00000000e+00   3.04915631e-03   1.21728272e-02   1.07290981e-02] Scale: [ 1.72896279  1.27955379  0.674662    1.66228735  0.2952024   0.62805124
  1.83085693  0.29569159  1.74103381  0.41451606  0.79343768  0.87600368
  0.17145163  0.34062119  0.06565844  0.43010897  0.66337345  3.63858571
  6.14565316  0.77193046  0.34411851  0.19574441  0.32281249  0.35930221
  0.75035181  3.38341084  7.82605301  1.38906698  0.24172446  0.06018911
  2.23775686  0.10347085  0.92922471  3.12689231  1.14365571  2.76262817
  0.36599452  0.10875535  0.09927043  0.83807282  1.05042066  0.59985779
  1.14826929  0.10997529  0.83898699  0.8596871   1.0039998   1.5154829 ] Density: 60.7884317398715
Cross-validation on partition 9 with 320 instances
....5....10....15....20....25....30....35....40....45....50....55....60....65....70....75....80....85....90....95....100....105....110....115....120....125....130....135....140....145....150....155....160....165....170....175....180....185....190....195....200....205....210....215....220....225....230....235....240....245....250....255....260....265....270....275....280....285....290....295....300....305....310....315....320
Partition 8: Target: [  0.00000000e+00   4.71690916e-03   0.00000000e+00   0.00000000e+00
   1.32010979e-03   2.49349883e-03   3.19188169e-05   0.00000000e+00
   0.00000000e+00   3.44028081e-04   8.35242220e-04   1.16490146e-03
   0.00000000e+00   4.80428545e-01   3.11229315e-04   7.52401918e-01
   0.00000000e+00   1.41362817e-02   0.00000000e+00   3.59425332e-03
   0.00000000e+00   8.60719331e-01   1.46360661e-03   7.91295292e-01
   0.00000000e+00   7.97689521e-03   1.49132257e-04   3.72132516e-04
   0.00000000e+00   0.00000000e+00   0.00000000e+00   9.88261620e-01
   0.00000000e+00   1.30011244e-03   5.63971116e-04   0.00000000e+00
   9.93370713e-06   0.00000000e+00   0.00000000e+00   0.00000000e+00
   8.23950364e-04   0.00000000e+00   0.00000000e+00   0.00000000e+00
   0.00000000e+00   0.00000000e+00   0.00000000e+00   0.00000000e+00] Scale: [ 0.93438462  0.57820738  0.38790656  1.75269295  0.24252257  0.23061772
  0.29514556  0.19731227  0.70460577  0.123958    0.19782009  0.13205229
  0.21271676  0.2942217   0.19411321  2.76653885  0.38274434  0.44084259
  0.78361838  0.18247575  0.27374489  3.74926499  0.75019593  3.47954368
  0.51477359  0.42407754  0.41323318  0.34444202  0.66285014  0.86897712
  0.74121181  3.60988463  0.61731841  0.22498972  0.1537099   0.29047512
  0.3819773   0.22559272  1.10778748  3.00465055  0.40452964  0.21863694
  0.81618244  0.59111411  1.35479571  0.37743529  0.33802577  1.28639365] Density: 63.86448573731409
Cross-validation on partition 10 with 320 instances
....5....10....15....20....25....30....35....40....45....50....55....60....65....70....75....80....85....90....95....100....105....110....115....120....125....130....135....140....145....150....155....160....165....170....175....180....185....190....195....200....205....210....215....220....225....230....235....240....245....250....255....260....265....270....275....280....285....290....295....300....305....310....315....320
Partition 9: Target: [  2.00203649e-04   1.49572794e-04   0.00000000e+00   0.00000000e+00
   3.20013584e-04   1.42786096e-04   0.00000000e+00   1.15506594e-03
   1.92341914e-04   5.56236217e-05   1.62380465e-04   6.14005253e-04
   6.27213909e-04   0.00000000e+00   8.94723717e-04   0.00000000e+00
   3.13267119e-04   1.00000000e+00   9.30022160e-01   3.96863436e-04
   8.45904594e-04   0.00000000e+00   2.40251129e-03   0.00000000e+00
   5.69100839e-04   5.07909329e-01   9.41155024e-01   3.60346517e-05
   4.71692290e-04   9.07496751e-04   5.49089129e-04   0.00000000e+00
   2.00200994e-04   3.79794591e-04   7.71223462e-04   4.44841121e-05
   0.00000000e+00   2.25440447e-03   5.40738756e-04   1.15911450e-03
   1.10472055e-04   0.00000000e+00   0.00000000e+00   2.54016984e-04
   2.48020550e-04   0.00000000e+00   1.40500863e-04   2.89231015e-04] Scale: [ 0.4594855   1.09570277  0.58764759  1.08348769  0.5586299   0.83191769
  0.94745981  0.19465577  0.48560039  0.58330387  0.50362461  0.83887081
  0.21961017  0.35095284  0.1218202   0.16729932  0.11055652  0.71203289
  4.16931026  0.73186271  0.14499494  0.39744855  0.03728968  0.9660568
  0.37627205  7.50101223  2.74106313  1.53238834  0.2587637   0.20644855
  0.77168456  0.24012772  0.36005145  0.23499852  0.5372956   0.95554107
  0.64094548  0.09319836  0.13914242  0.12230572  0.44294536  0.64565189
  0.32289384  0.20263881  0.74381527  0.25784655  0.49271585  1.2614443 ] Density: 63.36078338948515
Using result EMDDResult(target=array([  6.15274871e-04,   9.46194909e-02,   7.26324383e-02,
         8.55292270e-04,   2.90495251e-01,   2.65323880e-01,
         8.39443566e-02,   5.94523250e-02,   1.79011440e-03,
         2.88438095e-01,   3.95152647e-01,   3.90965698e-01,
         8.96329272e-02,   1.42477791e-01,   8.64123007e-02,
         7.52401918e-02,   4.05085098e-04,   2.99575703e-01,
         3.35161313e-01,   2.78335932e-01,   1.10182067e-01,
         4.71750012e-01,   1.98394801e-01,   7.93734258e-02,
         3.57004366e-04,   3.00327760e-01,   2.99418548e-01,
         2.68244802e-01,   2.19574023e-01,   3.25070426e-01,
         1.08931649e-01,   9.88261620e-02,   1.82280786e-03,
         1.70629725e-01,   2.00549400e-01,   1.77377158e-01,
         3.29754127e-01,   3.27408944e-01,   8.33833450e-02,
         1.16947455e-04,   2.08849124e-01,   2.35097651e-01,
         1.98214491e-01,   8.95313297e-02,   2.48020550e-05,
         3.04915631e-04,   1.50706706e-03,   1.10183291e-03]), scale=array([ 1.0046365 ,  0.71077609,  0.649448  ,  0.89509634,  0.45559012,
        0.71492126,  0.61006164,  0.48746107,  1.0786563 ,  0.57591578,
        1.18960509,  1.1809713 ,  0.33901873,  0.46783619,  0.24414153,
        0.72382396,  0.36523034,  1.21390816,  2.04013286,  1.04400076,
        0.38430565,  1.38911398,  0.98108764,  0.9135496 ,  0.48890123,
        1.9100034 ,  1.81520207,  0.86258213,  0.59270821,  1.15834657,
        1.71167641,  0.64479037,  0.75515188,  0.97030601,  0.53639715,
        0.8333459 ,  1.34864405,  1.41972778,  0.6328653 ,  0.8208988 ,
        0.51774678,  0.64516251,  0.90058714,  0.37182129,  0.92314523,
        0.55275244,  0.5433207 ,  0.96709263]), density=62.3493853835977) for prediction
Threshold 0.5
Total bags 155
Total positive bags 95
Total negative bags 60
Total predicted positive bags 155
Total predicted negative bags 0
True positives 95
False positives 60
True negatives 0
False negatives 0
Accuracy 0.6129032258064516
Precision 0.6129032258064516
Recall 1.0
