Cross-validation on partition 1 with 704 instances
....5....10....15....20....25....30....35....40....45....50....55....60....65....70....75....80....85....90....95....100....105....110....115....120....125....130....135....140....145....150....155....160....165....170....175....180....185....190....195....200....205....210....215....220....225....230....235....240....245....250....255....260....265....270....275....280....285....290....295....300....305....310....315....320....325....330....335....340....345....350....355....360....365....370....375....380....385....390....395....400....405....410....415....420....425....430....435....440....445....450....455....460....465....470....475....480....485....490....495....500....505....510....515....520....525....530....535....540....545....550....555....560....565....570....575....580....585....590....595....600....605....610....615....620....625....630....635....640....645....650....655....660....665....670....675....680....685....690....695....700....
Partition 0: Target: [  9.84314522e-03   1.25971321e-05   4.98315649e-05   0.00000000e+00
   0.00000000e+00   2.27108788e-03   0.00000000e+00   2.70885962e-03
   0.00000000e+00   3.93105558e-03   0.00000000e+00   1.00104923e-03
   8.35468262e-03   4.37146515e-03   1.36954166e-03   2.68949622e-05
   0.00000000e+00   4.90258828e-01   4.80579087e-01   1.35213146e-03
   4.57605392e-04   1.61732596e-03   9.54577458e-03   3.22603610e-05
   0.00000000e+00   6.47181225e-01   7.37874197e-03   0.00000000e+00
   0.00000000e+00   1.62901232e-04   9.91670151e-03   1.66450610e-04
   0.00000000e+00   0.00000000e+00   0.00000000e+00   0.00000000e+00
   1.91115434e-03   5.10423592e-04   3.04457604e-03   0.00000000e+00
   0.00000000e+00   5.19382174e-03   0.00000000e+00   0.00000000e+00
   0.00000000e+00   1.85697822e-04   0.00000000e+00   0.00000000e+00] Scale: [  3.80311566e-01   1.50212160e-01   2.63438180e-01   1.40071255e+00
   6.37869652e-01   4.71330571e-01   7.19776454e-01   1.54599732e-02
   2.67703111e+00   3.31061342e-01   1.60807040e+00   4.34026045e-01
   1.32352343e-01   6.84778677e-02   1.11028693e-02   3.73924236e-01
   3.58931404e+00   7.00202274e+00   7.01883513e+00   8.96042199e-01
   1.07649955e-01   1.00279732e-02   2.41280171e-02   1.56281097e-01
   1.01021148e+00   5.67585280e+00   1.09017662e+00   1.84573423e+00
   1.95980158e+00   2.63911700e-03   3.22363263e-02   3.70509226e-01
   9.48755604e-01   4.94493743e-01   1.36579615e+00   1.05027210e+00
   8.74370174e-02   1.70870951e-01   2.87815402e-02   4.85079501e-01
   2.09850596e+00   4.67672408e-01   1.54984096e+00   3.82990617e-01
   2.42333631e+00   9.03952755e-01   4.98084871e-01   8.45570442e-01] Density: 65.61148262311586
Cross-validation on partition 2 with 704 instances
....5....10....15....20....25....30....35....40....45....50....55....60....65....70....75....80....85....90....95....100....105....110....115....120....125....130....135....140....145....150....155....160....165....170....175....180....185....190....195....200....205....210....215....220....225....230....235....240....245....250....255....260....265....270....275....280....285....290....295....300....305....310....315....320....325....330....335....340....345....350....355....360....365....370....375....380....385....390....395....400....405....410....415....420....425....430....435....440....445....450....455....460....465....470....475....480....485....490....495....500....505....510....515....520....525....530....535....540....545....550....555....560....565....570....575....580....585....590....595....600....605....610....615....620....625....630....635....640....645....650....655....660....665....670....675....680....685....690....695....700....
Partition 1: Target: [  7.24382445e-01   7.57926917e-03   0.00000000e+00   5.80125963e-01
   1.92615028e-03   8.57964311e-04   3.95748508e-03   3.20194768e-03
   0.00000000e+00   0.00000000e+00   1.12306345e-02   7.45778949e-03
   1.53234139e-02   3.62569999e-03   1.50345109e-03   0.00000000e+00
   0.00000000e+00   0.00000000e+00   5.89437417e-01   1.14750918e-02
   2.17068355e-02   1.24905280e-02   1.03015690e-02   4.57394128e-02
   0.00000000e+00   5.70614231e-02   2.18228601e-02   1.68448744e-02
   6.54094358e-02   2.77655934e-02   2.75136788e-02   0.00000000e+00
   0.00000000e+00   4.41421264e-03   2.34588832e-02   1.00949945e-02
   4.34863826e-03   2.75200969e-04   3.97716593e-03   2.66969749e-02
   1.38114073e-03   3.11065229e-05   0.00000000e+00   1.93814264e-02
   0.00000000e+00   0.00000000e+00   0.00000000e+00   0.00000000e+00] Scale: [ 6.63581367  0.35103245  0.91494943  1.22803466  0.63508086  0.66626862
  0.83572975  0.48113609  0.7157023   0.52405704  0.50140948  0.38498785
  0.23987204  0.11147563  0.16792845  1.45579711  2.73430678  3.13574608
  6.70893675  0.19652629  0.29946202  0.09059892  0.03356774  1.14077489
  0.54739909  0.19485394  0.86500949  0.81232072  0.35643216  0.04975096
  0.24785037  0.97318785  1.35817573  0.22021121  0.37064633  0.73286055
  0.20907854  0.21906966  0.29203372  1.20762395  0.33729446  0.51554415
  1.29159442  0.54530936  2.420321    1.30550085  0.87556868  0.65566497] Density: 64.01283790571402
Cross-validation on partition 3 with 768 instances
....5....10....15....20....25....30....35....40....45....50....55....60....65....70....75....80....85....90....95....100....105....110....115....120....125....130....135....140....145....150....155....160....165....170....175....180....185....190....195....200....205....210....215....220....225....230....235....240....245....250....255....260....265....270....275....280....285....290....295....300....305....310....315....320....325....330....335....340....345....350....355....360....365....370....375....380....385....390....395....400....405....410....415....420....425....430....435....440....445....450....455....460....465....470....475....480....485....490....495....500....505....510....515....520....525....530....535....540....545....550....555....560....565....570....575....580....585....590....595....600....605....610....615....620....625....630....635....640....645....650....655....660....665....670....675....680....685....690....695....700....705....710....715....720....725....730....735....740....745....750....755....760....765...
Partition 2: Target: [  0.00000000e+00   0.00000000e+00   0.00000000e+00   0.00000000e+00
   7.50896360e-04   0.00000000e+00   0.00000000e+00   0.00000000e+00
   9.83196171e-03   1.45063829e-03   7.06805101e-03   2.03013723e-04
   0.00000000e+00   0.00000000e+00   0.00000000e+00   0.00000000e+00
   2.60660071e-03   4.25030230e-02   8.49769365e-02   0.00000000e+00
   0.00000000e+00   6.94142457e-01   0.00000000e+00   0.00000000e+00
   1.55320533e-03   1.04390165e-02   9.93627603e-03   1.09634635e-02
   3.62342857e-02   7.79027541e-01   0.00000000e+00   0.00000000e+00
   0.00000000e+00   0.00000000e+00   5.60484455e-03   7.90916815e-03
   0.00000000e+00   0.00000000e+00   0.00000000e+00   0.00000000e+00
   6.12833422e-03   2.96173729e-02   0.00000000e+00   1.95587075e-04
   0.00000000e+00   0.00000000e+00   0.00000000e+00   0.00000000e+00] Scale: [ 0.79650456  1.12016754  0.88843138  0.73278301  0.14154404  0.51436483
  0.34380973  0.82571129  0.36824306  0.05319145  0.1101119   0.16668441
  1.1484445   0.25455185  0.97336055  0.59485038  0.31560149  0.23264721
  0.34800012  1.98111103  0.9666828   6.69778398  2.42578639  0.65826875
  0.25944808  0.11529477  0.09094115  0.16019874  0.74854281  4.60099097
  1.83832031  0.48831877  1.6722508   0.31092722  0.12947198  0.48232272
  0.51143441  1.26800276  0.58593047  1.35913514  0.2011623   0.57470195
  0.53732511  0.57360742  0.83939531  0.40282577  0.41264185  0.62430115] Density: 57.75315297690176
Cross-validation on partition 4 with 768 instances
....5....10....15....20....25....30....35....40....45....50....55....60....65....70....75....80....85....90....95....100....105....110....115....120....125....130....135....140....145....150....155....160....165....170....175....180....185....190....195....200....205....210....215....220....225....230....235....240....245....250....255....260....265....270....275....280....285....290....295....300....305....310....315....320....325....330....335....340....345....350....355....360....365....370....375....380....385....390....395....400....405....410....415....420....425....430....435....440....445....450....455....460....465....470....475....480....485....490....495....500....505....510....515....520....525....530....535....540....545....550....555....560....565....570....575....580....585....590....595....600....605....610....615....620....625....630....635....640....645....650....655....660....665....670....675....680....685....690....695....700....705....710....715....720....725....730....735....740....745....750....755....760....765...
Partition 3: Target: [  4.60478660e-03   4.24747044e-04   0.00000000e+00   0.00000000e+00
   5.48111629e-03   3.19981111e-02   4.80175274e-03   8.88761880e-03
   3.79150277e-03   3.37013333e-03   8.44631068e-01   2.48616135e-02
   2.04560466e-02   1.46830033e-02   2.11031750e-04   0.00000000e+00
   0.00000000e+00   5.37061056e-03   0.00000000e+00   9.26507850e-03
   1.03780528e-02   1.02823581e-02   5.84985987e-02   4.49960136e-04
   3.95579901e-02   0.00000000e+00   0.00000000e+00   5.42993244e-01
   6.15634887e-01   5.48644421e-03   5.39497827e-01   5.71577140e-02
   3.95108661e-02   2.41342528e-04   7.35636440e-01   0.00000000e+00
   9.75400602e-02   2.27526094e-02   0.00000000e+00   0.00000000e+00
   5.64567607e-05   0.00000000e+00   7.40229798e-04   0.00000000e+00
   0.00000000e+00   1.93722974e-04   0.00000000e+00   8.07781815e-03] Scale: [ 1.40456153  0.28246081  2.10161954  2.11903189  0.21092646  2.03381039
  0.49803343  0.10392642  0.49232723  0.04872498  5.84558883  0.28581344
  0.1653442   0.07144392  0.81017297  1.59739998  0.29350486  2.89763358
  7.55201552  0.22001801  0.08183452  0.08006754  0.11586956  0.32616279
  0.22823427  1.42804     1.70863324  2.3431372   2.22790013  0.02375533
  1.60473684  0.54483584  0.26239642  0.29790062  4.36673366  2.21466039
  0.28909381  0.35911827  0.35464675  1.42345821  0.27884802  0.58006537
  2.19626132  0.51467947  1.4513472   0.20617494  2.60839196  0.16720415] Density: 63.47480751600228
Cross-validation on partition 5 with 704 instances
....5....10....15....20....25....30....35....40....45....50....55....60....65....70....75....80....85....90....95....100....105....110....115....120....125....130....135....140....145....150....155....160....165....170....175....180....185....190....195....200....205....210....215....220....225....230....235....240....245....250....255....260....265....270....275....280....285....290....295....300....305....310....315....320....325....330....335....340....345....350....355....360....365....370....375....380....385....390....395....400....405....410....415....420....425....430....435....440....445....450....455....460....465....470....475....480....485....490....495....500....505....510....515....520....525....530....535....540....545....550....555....560....565....570....575....580....585....590....595....600....605....610....615....620....625....630....635....640....645....650....655....660....665....670....675....680....685....690....695....700....
Partition 4: Target: [ 0.41470069  0.89535339  0.84098016  0.43083517  0.96042812  0.83291687
  0.91697294  0.97260306  1.          1.          0.75168807  0.87583623
  0.93660917  0.99874351  0.87456723  0.99330165  0.97820838  0.71518165
  0.          0.96823585  0.88449056  0.9303087   0.64215167  0.9689352
  0.91687979  0.89841486  0.75373879  0.88237424  0.57431069  1.
  0.98683807  0.87944764  0.77831798  0.9731298   0.91371511  0.91188383
  1.          0.97986847  0.97497587  0.65851265  0.99028839  0.98845248
  0.98310161  0.86247178  0.92709316  0.74056868  0.94193428  0.70747021] Scale: [ 3.15548391  0.74682246  0.82140303  2.9040455   0.86191029  0.77365976
  0.75878658  0.49969482  0.          0.67289941  1.44079274  1.05943557
  0.8000349   0.09674171  0.89947418  0.25060858  0.41819776  2.36329779
  1.26515393  0.62119129  0.96082005  0.88726324  2.17120827  0.82473525
  0.79224063  1.38374366  1.2174469   0.81077113  1.81231529  0.77539614
  0.60536331  0.82825888  1.32206415  0.61833282  1.05700041  0.70753147
  0.78117278  0.96197557  0.58873169  1.27099722  0.24400917  0.318248
  0.34553431  0.74004776  0.69834395  1.0109243   0.54252683  1.10621898] Density: 62.723272832918894
Cross-validation on partition 6 with 704 instances
....5....10....15....20....25....30....35....40....45....50....55....60....65....70....75....80....85....90....95....100....105....110....115....120....125....130....135....140....145....150....155....160....165....170....175....180....185....190....195....200....205....210....215....220....225....230....235....240....245....250....255....260....265....270....275....280....285....290....295....300....305....310....315....320....325....330....335....340....345....350....355....360....365....370....375....380....385....390....395....400....405....410....415....420....425....430....435....440....445....450....455....460....465....470....475....480....485....490....495....500....505....510....515....520....525....530....535....540....545....550....555....560....565....570....575....580....585....590....595....600....605....610....615....620....625....630....635....640....645....650....655....660....665....670....675....680....685....690....695....700....
Partition 5: Target: [ 0.01108704  0.08854522  0.10916128  0.01661299  0.00358763  0.01462801
  0.0102216   0.          0.          0.00241178  0.00784366  0.02961894
  0.          0.03372981  0.          0.00682467  0.          0.05225897
  0.01123633  0.21022521  0.          0.91055017  0.          0.01080649
  0.0042208   0.02425376  0.0042387   0.0036057   0.26845621  1.          0.
  0.          0.          0.          0.0038536   0.          0.0595589   0.
  0.          0.          0.00562426  0.00741672  0.          0.          0.
  0.          0.          0.        ] Scale: [ 0.62611809  0.89818573  0.79699347  0.4297491   0.20184121  0.28209645
  0.31338034  1.61694203  0.58921229  0.07680245  0.13311631  0.30221286
  0.76076753  0.28498972  0.65209761  0.23616957  0.68312834  0.40798294
  0.1835945   0.61364717  2.18001761  5.23235217  3.43440313  0.2312421
  0.28215892  0.25817439  0.10445405  0.08934948  0.77853671  4.08447821
  1.82017592  0.53601791  1.76348002  0.33068754  0.11765967  0.31977153
  0.50221111  0.7992762   0.33277073  0.56082261  0.186684    0.28654955
  0.72128205  0.35199731  0.8107766   0.62131963  0.55416419  1.16911541] Density: 58.58311447478945
Cross-validation on partition 7 with 704 instances
....5....10....15....20....25....30....35....40....45....50....55....60....65....70....75....80....85....90....95....100....105....110....115....120....125....130....135....140....145....150....155....160....165....170....175....180....185....190....195....200....205....210....215....220....225....230....235....240....245....250....255....260....265....270....275....280....285....290....295....300....305....310....315....320....325....330....335....340....345....350....355....360....365....370....375....380....385....390....395....400....405....410....415....420....425....430....435....440....445....450....455....460....465....470....475....480....485....490....495....500....505....510....515....520....525....530....535....540....545....550....555....560....565....570....575....580....585....590....595....600....605....610....615....620....625....630....635....640....645....650....655....660....665....670....675....680....685....690....695....700....
Partition 6: Target: [  5.41722485e-01   8.45022085e-01   7.52145960e-01   3.47118059e-01
   8.50639030e-01   7.67213286e-01   8.63517004e-01   8.90404808e-01
   0.00000000e+00   8.65140615e-01   0.00000000e+00   8.06928960e-01
   9.27007737e-01   8.82821396e-01   3.06630108e-01   4.87851533e-01
   8.50400157e-01   0.00000000e+00   0.00000000e+00   7.04361032e-01
   7.86377525e-01   8.40818386e-01   3.92124944e-01   5.50412981e-01
   1.93684522e-01   6.43057268e-04   9.75111554e-01   7.36844146e-01
   6.67397511e-01   8.22408528e-01   5.78310811e-01   5.96471226e-01
   0.00000000e+00   0.00000000e+00   5.37631867e-01   8.76116707e-01
   8.91836764e-01   8.74985614e-01   7.69620926e-01   6.10511674e-01
   8.82581271e-01   1.00000000e+00   9.22857501e-01   6.98006306e-01
   1.37793723e-01   7.79291144e-01   5.14288263e-01   6.58099176e-02] Scale: [ 1.06044037  0.4009058   0.56365505  1.82764866  1.3643216   1.17690721
  0.86933975  0.7491861   2.91194965  1.49614502  0.77006566  1.38698923
  1.27451808  1.11338739  2.41154937  1.58557723  1.49789884  0.44580843
  0.36102196  1.13605795  1.01180087  0.8428479   1.79526987  2.15267322
  0.4326808   0.24435303  1.6932531   1.0668576   1.14797627  0.79986181
  2.42514818  1.12227572  0.79885249  0.39214675  0.39601881  1.19433648
  0.69406656  0.57252679  0.90974689  0.97676742  0.56597919  1.28137912
  0.40051909  0.74874564  3.16275975  0.70605042  0.90952878  7.2168024 ] Density: 61.6493071620133
Cross-validation on partition 8 with 768 instances
....5....10....15....20....25....30....35....40....45....50....55....60....65....70....75....80....85....90....95....100....105....110....115....120....125....130....135....140....145....150....155....160....165....170....175....180....185....190....195....200....205....210....215....220....225....230....235....240....245....250....255....260....265....270....275....280....285....290....295....300....305....310....315....320....325....330....335....340....345....350....355....360....365....370....375....380....385....390....395....400....405....410....415....420....425....430....435....440....445....450....455....460....465....470....475....480....485....490....495....500....505....510....515....520....525....530....535....540....545....550....555....560....565....570....575....580....585....590....595....600....605....610....615....620....625....630....635....640....645....650....655....660....665....670....675....680....685....690....695....700....705....710....715....720....725....730....735....740....745....750....755....760....765...
Partition 7: Target: [ 0.44736468  0.95437846  0.86260316  0.47825086  0.93714889  0.75310429
  0.98455585  0.96693676  0.83121756  1.          0.75024037  0.98789703
  0.96499439  1.          0.97490333  0.69778919  0.96516546  0.          0.9538431
  0.86416323  0.95865424  1.          0.89368172  0.46668047  0.68030428
  0.93683169  0.58282786  0.89530979  0.99534176  1.          1.
  0.62244198  0.9215225   0.91469913  0.93444092  0.85909045  1.          1.
  1.          0.          0.79121569  0.99532413  0.85956518  0.64838525
  0.          0.          0.          0.        ] Scale: [ 1.71803997  0.5135054   0.63763807  1.10717508  1.14874995  0.76098077
  0.61608186  0.91520018  0.60975353  0.86111639  1.20236721  0.45632231
  0.63489715  0.92048762  1.05524552  0.78299319  0.77878776  1.2513742
  0.90000739  0.65499644  0.60421461  1.04724915  1.30887315  1.5466827
  1.16287462  0.86548926  1.24772403  0.3443856   1.21294067  0.85280172
  1.2802228   1.63535505  0.73217472  1.45027033  0.93595758  0.45949192
  0.75544441  0.7270113   1.52422388  1.14322173  1.09686943  0.64379473
  0.64036998  0.77166959  0.81651398  1.30456376  1.41827275  2.42684856] Density: 59.80316053135566
Cross-validation on partition 9 with 704 instances
....5....10....15....20....25....30....35....40....45....50....55....60....65....70....75....80....85....90....95....100....105....110....115....120....125....130....135....140....145....150....155....160....165....170....175....180....185....190....195....200....205....210....215....220....225....230....235....240....245....250....255....260....265....270....275....280....285....290....295....300....305....310....315....320....325....330....335....340....345....350....355....360....365....370....375....380....385....390....395....400....405....410....415....420....425....430....435....440....445....450....455....460....465....470....475....480....485....490....495....500....505....510....515....520....525....530....535....540....545....550....555....560....565....570....575....580....585....590....595....600....605....610....615....620....625....630....635....640....645....650....655....660....665....670....675....680....685....690....695....700....
Partition 8: Target: [  0.00000000e+00   0.00000000e+00   0.00000000e+00   0.00000000e+00
   2.50542740e-03   0.00000000e+00   0.00000000e+00   0.00000000e+00
   6.59215945e-03   1.00170857e-02   0.00000000e+00   0.00000000e+00
   1.19564475e-03   5.71859066e-04   0.00000000e+00   0.00000000e+00
   0.00000000e+00   5.25818331e-02   1.32559455e-03   1.00028898e-03
   0.00000000e+00   1.34672701e-03   0.00000000e+00   6.93724398e-03
   2.78364244e-02   3.45303938e-03   3.54002708e-03   0.00000000e+00
   0.00000000e+00   1.00000000e+00   0.00000000e+00   5.68479592e-04
   0.00000000e+00   0.00000000e+00   3.91637111e-05   0.00000000e+00
   6.07099921e-01   8.92432142e-02   0.00000000e+00   0.00000000e+00
   0.00000000e+00   0.00000000e+00   0.00000000e+00   0.00000000e+00
   0.00000000e+00   0.00000000e+00   0.00000000e+00   0.00000000e+00] Scale: [ 0.72711585  0.51327725  0.46604355  0.45315692  0.21310543  0.59448863
  0.4068128   0.44396464  0.50168094  0.38994809  0.57307416  0.2651478
  0.07288446  0.18147512  0.50105308  1.10675264  1.21303058  0.93253799
  0.05530822  0.26608269  0.4178028   0.88437645  1.47237137  0.54765568
  0.93391073  0.13307835  0.29263195  1.50142316  1.31937625  3.70102814
  1.15171165  0.23655799  1.24362079  0.82980737  0.27315399  0.74497829
  7.45010372  0.4138295   1.62438738  1.41938155  0.6149715   0.41441786
  0.97627133  0.75991572  0.68750694  0.53351266  0.48644049  0.71907402] Density: 61.066433962522886
Cross-validation on partition 10 with 704 instances
....5....10....15....20....25....30....35....40....45....50....55....60....65....70....75....80....85....90....95....100....105....110....115....120....125....130....135....140....145....150....155....160....165....170....175....180....185....190....195....200....205....210....215....220....225....230....235....240....245....250....255....260....265....270....275....280....285....290....295....300....305....310....315....320....325....330....335....340....345....350....355....360....365....370....375....380....385....390....395....400....405....410....415....420....425....430....435....440....445....450....455....460....465....470....475....480....485....490....495....500....505....510....515....520....525....530....535....540....545....550....555....560....565....570....575....580....585....590....595....600....605....610....615....620....625....630....635....640....645....650....655....660....665....670....675....680....685....690....695....700....
Partition 9: Target: [  0.00000000e+00   8.30664913e-01   8.30367987e-01   6.44768955e-04
   9.75109264e-01   4.37762652e-01   9.17602432e-01   9.30860276e-01
   3.38211506e-01   9.81700775e-01   6.88114721e-01   9.25231115e-01
   7.88073248e-01   9.14924535e-01   5.44956040e-01   1.84588529e-02
   8.81205938e-01   0.00000000e+00   7.23786350e-01   4.66432253e-01
   8.06157776e-01   9.64190239e-01   0.00000000e+00   3.73197052e-01
   0.00000000e+00   5.28220062e-01   1.18587507e-01   8.75139862e-01
   1.59508498e-02   9.66221841e-01   0.00000000e+00   6.72174563e-01
   0.00000000e+00   3.52450095e-01   7.17973529e-01   8.22877151e-01
   9.45441235e-01   1.00000000e+00   9.26015292e-01   0.00000000e+00
   3.79159347e-01   9.50206508e-01   8.35791379e-01   8.38509266e-01
   0.00000000e+00   4.14879142e-01   4.63905884e-01   0.00000000e+00] Scale: [ 3.09162618  0.40309266  0.68342647  1.1222051   2.17338885  0.99713335
  0.37701566  1.07311938  1.3401482   0.34865422  1.02446526  1.00877565
  1.79695411  1.04388834  1.15662154  1.75818981  0.66229231  1.11838845
  0.94603081  1.06903537  0.93295881  1.23260506  2.22051688  1.68353086
  2.60347361  0.92603211  0.95259394  0.18128434  1.48399094  2.06195328
  1.42528875  1.02526172  4.81135409  1.04526873  1.30496569  0.50941869
  1.0836165   1.37758815  0.76520085  3.56156665  1.05570468  0.7899944
  0.73071622  0.49686197  4.50202186  1.51918485  1.4560349   2.56375638] Density: 59.78716221777513
Using result EMDDResult(target=array([ 0.21537053,  0.36219807,  0.33953084,  0.18535878,  0.37375765,
        0.28407523,  0.37016291,  0.37756033,  0.21896447,  0.38680221,
        0.30608166,  0.36590357,  0.36620143,  0.38534713,  0.27041407,
        0.22042528,  0.36775865,  0.13581549,  0.28451848,  0.32365102,
        0.34682226,  0.53657469,  0.20063043,  0.24231911,  0.1864037 ,
        0.31064981,  0.24771823,  0.39640753,  0.32387356,  0.66010728,
        0.31420771,  0.28284281,  0.17393514,  0.22449346,  0.38723544,
        0.34879723,  0.46077367,  0.39676355,  0.36776338,  0.12957213,
        0.30564349,  0.39762421,  0.36020559,  0.30669496,  0.10648869,
        0.19351184,  0.19201284,  0.07813579]), scale=array([ 1.95960157,  0.53796623,  0.81375982,  1.33245425,  0.75887383,
        0.82710406,  0.57387664,  0.67243409,  1.02060483,  0.48026004,
        1.3209062 ,  0.57503952,  0.70260693,  0.41469192,  0.86386061,
        0.97422627,  1.21860628,  1.97874394,  2.53389043,  0.76547084,
        0.7563244 ,  1.70051724,  1.50019944,  0.92680074,  0.82526322,
        1.12249123,  0.92628645,  0.91554622,  1.30478128,  1.69526557,
        1.24310545,  0.7760579 ,  1.49131248,  0.59900463,  1.03174043,
        0.84156441,  1.23636589,  0.68692691,  0.70064539,  1.3408054 ,
        0.66800287,  0.58723675,  0.93897148,  0.58858248,  1.78123229,
        0.85140099,  0.97616553,  1.74945565]), density=61.44647322031093) for prediction
Threshold 0.5
Total bags 155
Total positive bags 95
Total negative bags 60
Total predicted positive bags 155
Total predicted negative bags 0
True positives 95
False positives 60
True negatives 0
False negatives 0
Accuracy 0.6129032258064516
Precision 0.6129032258064516
Recall 1.0
