Cross-validation on partition 1 with 72 instances
....5....10....15....20....25....30....35....40....45....50....55....60....65....70..
Partition 0: Target: [  2.48332471e-01   1.24655569e-01   9.43936575e-02   1.00000000e+00
   1.00000000e+00   0.00000000e+00   4.48328110e-01   8.16512207e-01
   1.00000000e+00   1.00000000e+00   3.45086304e-01   3.64490912e-03
   8.41210272e-06   0.00000000e+00   0.00000000e+00   5.75448977e-06
   1.47488559e-06   2.63850913e-06   1.11723482e-05   0.00000000e+00
   0.00000000e+00   0.00000000e+00   3.75397826e-06   5.07856116e-06
   6.75092329e-06   4.10952636e-06   4.12352620e-06   0.00000000e+00
   0.00000000e+00   2.97099019e-05   0.00000000e+00   1.00000000e+00
   0.00000000e+00   0.00000000e+00   0.00000000e+00   3.68584843e-07
   1.35837707e-05   0.00000000e+00   0.00000000e+00   0.00000000e+00
   0.00000000e+00   4.53870842e-06   1.25899438e-05   1.73127259e-06
   0.00000000e+00   0.00000000e+00   3.71993048e-05   0.00000000e+00
   3.82513321e-06   3.81637148e-06   7.25732533e-06   5.73307180e-06
   1.02735231e-05   1.27959483e-05   2.63850913e-06   0.00000000e+00
   0.00000000e+00   0.00000000e+00   0.00000000e+00   2.63850913e-06
   3.04533905e-06   4.33952867e-06   3.73872791e-06   0.00000000e+00
   0.00000000e+00   0.00000000e+00   0.00000000e+00   0.00000000e+00
   0.00000000e+00   6.67853478e-07   8.70100145e-06   2.63850913e-06
   0.00000000e+00   1.00000000e+00   1.00000000e+00   0.00000000e+00
   8.19055452e-06   0.00000000e+00   0.00000000e+00   1.00000000e+00
   1.00000000e+00   6.47548224e-01   0.00000000e+00   1.19963720e-05
   1.12356444e-05   0.00000000e+00   0.00000000e+00   3.61777953e-05
   2.09049573e-05   0.00000000e+00   0.00000000e+00   7.13817564e-06
   8.69394572e-06   1.90652207e-05   6.06464438e-06   2.36662284e-05
   3.26911767e-05   0.00000000e+00   0.00000000e+00   0.00000000e+00
   2.63850913e-06   2.64378914e-06   7.13268666e-06   7.40304997e-06
   4.86428048e-06   2.63850913e-06   0.00000000e+00   0.00000000e+00
   0.00000000e+00   0.00000000e+00   0.00000000e+00   3.82933872e-06
   3.76502098e-06   3.17450040e-06   0.00000000e+00   0.00000000e+00
   0.00000000e+00   0.00000000e+00   0.00000000e+00   0.00000000e+00
   3.09648348e-06   3.72312595e-06   0.00000000e+00   0.00000000e+00
   0.00000000e+00   0.00000000e+00   0.00000000e+00   0.00000000e+00
   0.00000000e+00   0.00000000e+00   0.00000000e+00   0.00000000e+00
   0.00000000e+00   3.25969634e-06   2.81235226e-06   0.00000000e+00
   0.00000000e+00   7.53850077e-06   5.27222537e-06   1.17374401e-05
   1.10311833e-05   6.27517045e-06   3.16290467e-06   1.10102461e-05
   6.28961626e-06   0.00000000e+00   1.00000000e+00   1.00000000e+00
   3.91634020e-05   1.43223164e-05   0.00000000e+00   0.00000000e+00
   0.00000000e+00   0.00000000e+00   6.60148573e-03   2.55726382e-05
   3.36039098e-05   1.26802488e-04   0.00000000e+00   0.00000000e+00
   1.17088302e-05   5.47815545e-06   3.33014364e-05   2.43730305e-05
   1.28739261e-05   0.00000000e+00   0.00000000e+00   0.00000000e+00
   2.65206098e-06   3.77658899e-06   3.20208221e-06   0.00000000e+00
   0.00000000e+00   0.00000000e+00   0.00000000e+00   0.00000000e+00
   0.00000000e+00   3.40174616e-06   3.05289705e-06   0.00000000e+00
   0.00000000e+00   0.00000000e+00   0.00000000e+00   0.00000000e+00
   0.00000000e+00   0.00000000e+00   0.00000000e+00   0.00000000e+00
   0.00000000e+00   0.00000000e+00   0.00000000e+00   0.00000000e+00
   0.00000000e+00   0.00000000e+00   0.00000000e+00   0.00000000e+00
   0.00000000e+00   0.00000000e+00   0.00000000e+00   0.00000000e+00
   5.63699402e-06   1.65086021e-05   4.78163399e-06   0.00000000e+00
   0.00000000e+00   0.00000000e+00   1.58957358e-05   5.61443362e-05
   6.93507683e-01   3.10340793e-05   7.93184338e-05   0.00000000e+00
   0.00000000e+00   0.00000000e+00   1.00000000e+00   1.00000000e+00
   4.49425571e-01   4.65191181e-05   4.52133731e-06   0.00000000e+00
   0.00000000e+00   0.00000000e+00   8.68089467e-06   6.58556055e-05
   5.00177658e-05   3.78026960e-06   0.00000000e+00   0.00000000e+00
   2.63850913e-06   3.71804194e-06] Scale: [ 0.56478161  0.30095279  0.12950564  1.2678596   1.89692914  0.41034495
  0.2817987   0.51533523  4.26185911  0.07111653  0.14481439  0.02507492
  0.09848417  0.04829433  0.06420577  0.07454355  0.05626881  0.09993475
  0.09764255  0.09046381  0.09427774  0.07118417  0.09986753  0.0997564
  0.09956599  0.09984107  0.09983998  0.1         0.1         0.09737572
  0.03770948  4.21934419  0.08501622  0.2518128   0.06883714  0.02393628
  0.09808566  0.06149371  0.          0.02962866  0.03396669  0.09980585
  0.09841308  0.092597    0.08219424  0.0815406   0.08058462  0.1
  0.09986243  0.09986307  0.09949694  0.09969573  0.09849678  0.09407911
  0.09993475  0.1         0.1         0.1         0.1         0.09993475
  0.099913    0.09982264  0.09986861  0.1         0.1         0.1         0.1
  0.1         0.1         0.02622716  0.09926974  0.09993475  0.09912142
  5.14277999  1.47096328  0.09145249  0.09926442  3.33910753  0.06385483
  2.97149644  1.4100548   0.0272716   0.1         0.09856894  0.07078032
  0.          2.46280566  0.0740136   0.08767316  0.1         0.1
  0.09951367  0.09909386  0.06792176  0.07490181  0.09509351  0.09776849
  0.1         0.1         0.1         0.09993475  0.09993449  0.09951444
  0.09947606  0.09977672  0.09993475  0.1         0.1         0.1         0.1
  0.1         0.09986213  0.09986675  0.09990543  0.1         0.1         0.1
  0.1         0.1         0.1         0.09991004  0.09986972  0.1         0.1
  0.1         0.1         0.1         0.1         0.1         0.1         0.1
  0.1         0.1         0.09990026  0.09992584  0.1         0.1
  0.09945625  0.09973725  0.09528542  0.09729335  0.0985242   0.09990612
  0.09881143  0.06975334  0.06295143  1.4268408   2.03844145  0.06066925
  0.09953132  0.1         5.02497816  1.58744503  1.42739181  0.15263718
  0.04834567  0.07521577  0.09396732  0.1         0.1         0.0988938
  0.02556419  0.07501233  0.09639723  0.09965002  0.1         0.1         0.1
  0.09993408  0.09986592  0.09990377  0.1         0.1         0.1         0.1
  0.1         0.1         0.09989134  0.09991256  0.1         0.1         0.1
  0.1         0.1         0.1         0.1         0.1         0.1         0.1
  0.1         0.1         0.1         0.1         0.1         0.1         0.1
  0.1         0.1         0.1         0.1         0.09969914  0.09929544
  0.09978431  0.1         0.1         0.1         0.09653578  0.09235055
  0.25731131  0.04896772  0.09386031  0.1         0.1         0.1
  0.85767371  6.80491269  0.05127763  0.07683766  0.09990638  0.1         0.1
  0.1         0.09927322  0.06719611  0.09518159  0.09986566  0.1         0.1
  0.09993475  0.09987007] Density: 52.3933137674233
Cross-validation on partition 2 with 57 instances
....5....10....15....20....25....30....35....40....45....50....55..
Partition 1: Target: [  2.88051465e-01   1.41524006e-01   5.35157921e-02   1.00000000e+00
   1.00000000e+00   0.00000000e+00   2.10211392e-01   1.00000000e+00
   1.00000000e+00   1.00000000e+00   4.56508639e-01   4.46008414e-02
   2.94690900e-05   0.00000000e+00   5.32546769e-06   2.09857256e-05
   0.00000000e+00   9.22556222e-06   4.77820284e-05   0.00000000e+00
   0.00000000e+00   0.00000000e+00   1.31221465e-05   1.77440674e-05
   2.35684377e-05   1.43633972e-05   1.44122634e-05   0.00000000e+00
   0.00000000e+00   8.17493556e-05   0.00000000e+00   5.64790856e-01
   0.00000000e+00   0.00000000e+00   0.00000000e+00   0.00000000e+00
   4.45720434e-05   0.00000000e+00   0.00000000e+00   0.00000000e+00
   0.00000000e+00   1.58611295e-05   3.92513203e-05   0.00000000e+00
   3.68109752e-05   0.00000000e+00   4.26155036e-06   0.00000000e+00
   1.33705877e-05   1.33399965e-05   2.53290434e-05   1.99688586e-05
   4.26345393e-05   0.00000000e+00   9.22556222e-06   0.00000000e+00
   0.00000000e+00   0.00000000e+00   0.00000000e+00   9.22556222e-06
   1.06470848e-05   1.51661277e-05   1.30688971e-05   0.00000000e+00
   0.00000000e+00   0.00000000e+00   0.00000000e+00   0.00000000e+00
   0.00000000e+00   4.22350848e-06   3.03387325e-05   9.22556222e-06
   3.04887446e-05   9.80766812e-02   1.00000000e+00   0.00000000e+00
   3.00580259e-05   0.00000000e+00   0.00000000e+00   1.00000000e+00
   1.00000000e+00   2.51936170e-01   0.00000000e+00   4.17049921e-05
   2.94992054e-05   0.00000000e+00   0.00000000e+00   9.47412258e-05
   6.84474606e-05   0.00000000e+00   0.00000000e+00   2.49149397e-05
   3.52135859e-05   3.07547639e-06   0.00000000e+00   0.00000000e+00
   4.07427029e-05   0.00000000e+00   0.00000000e+00   0.00000000e+00
   9.22556222e-06   9.24401374e-06   2.48958606e-05   2.58353838e-05
   1.69968256e-05   9.22556222e-06   0.00000000e+00   0.00000000e+00
   0.00000000e+00   0.00000000e+00   0.00000000e+00   1.33852710e-05
   1.31607038e-05   1.10983091e-05   0.00000000e+00   0.00000000e+00
   0.00000000e+00   0.00000000e+00   0.00000000e+00   0.00000000e+00
   1.08257626e-05   1.30144191e-05   0.00000000e+00   0.00000000e+00
   0.00000000e+00   0.00000000e+00   0.00000000e+00   0.00000000e+00
   0.00000000e+00   0.00000000e+00   0.00000000e+00   0.00000000e+00
   0.00000000e+00   1.13959167e-05   9.83304245e-06   0.00000000e+00
   0.00000000e+00   2.63059009e-05   1.84192455e-05   5.29460933e-05
   2.17315417e-05   0.00000000e+00   1.10578012e-05   3.83004768e-05
   4.92846485e-05   0.00000000e+00   1.00000000e+00   1.00000000e+00
   1.46486822e-04   5.97381851e-04   0.00000000e+00   0.00000000e+00
   9.68770923e-05   0.00000000e+00   6.92356908e-04   8.23812589e-05
   1.48387129e-04   1.97454943e-05   0.00000000e+00   0.00000000e+00
   4.32770678e-05   2.09867154e-06   3.02054711e-04   6.89873318e-05
   4.31217527e-05   0.00000000e+00   0.00000000e+00   0.00000000e+00
   9.27292041e-06   1.32010948e-05   1.11946603e-05   0.00000000e+00
   0.00000000e+00   0.00000000e+00   0.00000000e+00   0.00000000e+00
   0.00000000e+00   1.18920833e-05   1.06734898e-05   0.00000000e+00
   0.00000000e+00   0.00000000e+00   0.00000000e+00   0.00000000e+00
   0.00000000e+00   0.00000000e+00   0.00000000e+00   0.00000000e+00
   0.00000000e+00   0.00000000e+00   0.00000000e+00   0.00000000e+00
   0.00000000e+00   0.00000000e+00   0.00000000e+00   0.00000000e+00
   0.00000000e+00   0.00000000e+00   0.00000000e+00   0.00000000e+00
   1.96904890e-05   2.64566502e-05   1.67085690e-05   0.00000000e+00
   0.00000000e+00   0.00000000e+00   5.22369230e-05   1.42160102e-04
   1.00000000e+00   1.21103829e-04   4.93511396e-05   0.00000000e+00
   0.00000000e+00   0.00000000e+00   1.00000000e+00   1.00000000e+00
   1.00000000e+00   1.49579568e-04   1.08312881e-05   0.00000000e+00
   0.00000000e+00   0.00000000e+00   3.49146035e-05   1.80885597e-04
   1.41359062e-04   1.32139459e-05   0.00000000e+00   0.00000000e+00
   9.22556222e-06   1.29966670e-05] Scale: [ 0.5932225   0.31294212  0.15025152  1.599209    1.99129785  0.20947539
  0.13140826  1.55769471  4.05254304  0.16922194  0.19960893  0.
  0.09806352  0.30520722  0.05571818  0.04860071  0.04458523  0.09992223
  0.0970323   0.09026487  0.02232375  0.06146739  0.09984211  0.09970964
  0.09948268  0.09981057  0.09980927  0.1         0.1         0.09619382
  0.32970511  0.          0.09440924  1.51956815  0.09326883  0.01379526
  0.09775386  0.10412964  1.23589917  0.00805037  0.          0.09976859
  0.09811068  0.09594414  0.06527951  0.08227079  0.082194    0.1
  0.09983604  0.09983679  0.09940037  0.09963737  0.09820455  0.09904222
  0.09992223  0.1         0.1         0.1         0.1         0.09992223
  0.0998963   0.09978861  0.0998434   0.1         0.1         0.1         0.1
  0.1         0.1         0.09892081  0.09912952  0.09992223  0.09818032
  0.16289783  1.10383288  0.10634759  0.09912578  3.00913774  0.04338807
  4.31278145  2.18862684  0.01911469  0.1         0.09829398  0.05230248
  0.12712975  2.32577038  0.07053425  0.08753562  0.1         0.1
  0.09942031  0.09891911  0.01254017  0.08308997  0.11363178  0.09788644
  0.1         0.1         0.1         0.09992223  0.09992192  0.09942123
  0.09937548  0.09973386  0.09992223  0.1         0.1         0.1         0.1
  0.1         0.09983567  0.09984118  0.09988728  0.1         0.1         0.1
  0.1         0.1         0.1         0.09989277  0.09984471  0.1         0.1
  0.1         0.1         0.1         0.1         0.1         0.1         0.1
  0.1         0.1         0.09988112  0.09991161  0.1         0.1
  0.09935186  0.09968682  0.09684947  0.09726772  0.09957181  0.09988811
  0.09858305  0.07324243  0.01384397  4.49277319  2.1391398   0.05522242
  0.08463035  0.1         6.03581739  0.04179457  1.32648538  0.31278203
  0.04899264  0.06611903  0.09963935  0.1         0.1         0.0986687
  0.01179098  0.33221937  0.09560295  0.09944431  0.1         0.1         0.1
  0.09992143  0.0998402   0.09988531  0.1         0.1         0.1         0.1
  0.1         0.1         0.09987049  0.09989578  0.1         0.1         0.1
  0.1         0.1         0.1         0.1         0.1         0.1         0.1
  0.1         0.1         0.1         0.1         0.1         0.1         0.1
  0.1         0.1         0.1         0.1         0.09964139  0.09934419
  0.09974291  0.1         0.1         0.1         0.09600816  0.09093138
  2.05077864  0.04512019  0.0989872   0.1         0.1         0.1
  3.21867345  5.72116971  3.79373114  0.07059766  0.09989266  0.1         0.1
  0.1         0.09905289  0.06252101  0.09130829  0.09983988  0.1         0.1
  0.09992223  0.09984514] Density: 53.2400926537802
Cross-validation on partition 3 with 62 instances
....5....10....15....20....25....30....35....40....45....50....55....60..
Partition 2: Target: [  1.00000000e+00   1.00000000e+00   1.00000000e+00   3.76449747e-01
   2.44363709e-02   1.41282749e-01   1.00000000e+00   4.42567528e-01
   7.12175613e-02   1.00000000e+00   5.26938256e-01   2.34596583e-03
   2.10933623e-04   1.63457963e-04   2.21182662e-04   1.52359776e-04
   3.04981304e-04   5.88128543e-05   2.05406637e-04   4.05246448e-04
   0.00000000e+00   2.37238354e-04   8.36731086e-05   1.13188538e-04
   1.50441982e-04   9.15963622e-05   9.19083345e-05   0.00000000e+00
   0.00000000e+00   1.05954864e-04   0.00000000e+00   0.00000000e+00
   2.77436922e-05   1.11359342e-05   0.00000000e+00   0.00000000e+00
   2.76036348e-04   0.00000000e+00   1.72310131e-02   4.10319004e-06
   0.00000000e+00   1.01159920e-04   2.12611845e-04   2.25269948e-04
   7.66328246e-05   1.80227541e-04   5.43051606e-04   0.00000000e+00
   8.52588034e-05   8.50635482e-05   1.61719382e-04   1.24070803e-04
   2.74300235e-04   3.05914796e-04   5.88128543e-05   0.00000000e+00
   0.00000000e+00   0.00000000e+00   0.00000000e+00   5.88128543e-05
   6.78801826e-05   9.67216402e-05   8.33332511e-05   0.00000000e+00
   0.00000000e+00   0.00000000e+00   0.00000000e+00   0.00000000e+00
   0.00000000e+00   1.11723954e-04   1.93859537e-04   5.88128543e-05
   9.66283181e-05   0.00000000e+00   5.86609897e-05   4.37491551e-04
   1.67987613e-04   1.66697582e-04   0.00000000e+00   0.00000000e+00
   1.75704713e-04   3.50330172e-04   0.00000000e+00   2.61930664e-04
   8.67700649e-05   0.00000000e+00   0.00000000e+00   5.38602350e-04
   5.68561616e-04   0.00000000e+00   0.00000000e+00   1.59066110e-04
   2.07266642e-04   2.52363279e-04   1.77319676e-05   2.24272569e-04
   2.25564472e-04   0.00000000e+00   0.00000000e+00   0.00000000e+00
   5.88128543e-05   5.89305363e-05   1.56129313e-04   1.64964306e-04
   1.08414234e-04   5.88128543e-05   0.00000000e+00   0.00000000e+00
   0.00000000e+00   0.00000000e+00   0.00000000e+00   8.53525231e-05
   8.39191979e-05   7.07588133e-05   0.00000000e+00   0.00000000e+00
   0.00000000e+00   0.00000000e+00   0.00000000e+00   0.00000000e+00
   6.90200483e-05   8.29855570e-05   0.00000000e+00   0.00000000e+00
   0.00000000e+00   0.00000000e+00   0.00000000e+00   0.00000000e+00
   0.00000000e+00   0.00000000e+00   0.00000000e+00   0.00000000e+00
   0.00000000e+00   7.26575586e-05   6.26874770e-05   0.00000000e+00
   0.00000000e+00   1.67980325e-04   1.17503318e-04   2.06288523e-04
   3.69158769e-04   7.03757681e-04   7.05003801e-05   2.44831784e-04
   2.31287372e-04   2.87417761e-01   3.91094424e-03   3.62607071e-04
   7.29645371e-04   4.28693459e-04   0.00000000e+00   0.00000000e+00
   7.54836022e-03   0.00000000e+00   5.42301832e-01   4.69496925e-04
   5.17472401e-04   7.88307377e-04   0.00000000e+00   0.00000000e+00
   3.02769758e-04   7.22602544e-05   2.32548035e-03   3.15907022e-04
   1.41249574e-04   0.00000000e+00   0.00000000e+00   0.00000000e+00
   5.91149008e-05   8.41769927e-05   7.13735259e-05   0.00000000e+00
   0.00000000e+00   0.00000000e+00   0.00000000e+00   0.00000000e+00
   0.00000000e+00   7.58233500e-05   6.80486296e-05   0.00000000e+00
   0.00000000e+00   0.00000000e+00   0.00000000e+00   0.00000000e+00
   0.00000000e+00   0.00000000e+00   0.00000000e+00   0.00000000e+00
   0.00000000e+00   0.00000000e+00   0.00000000e+00   0.00000000e+00
   0.00000000e+00   0.00000000e+00   0.00000000e+00   0.00000000e+00
   0.00000000e+00   0.00000000e+00   0.00000000e+00   0.00000000e+00
   1.25629775e-04   1.68946769e-04   1.06572768e-04   0.00000000e+00
   0.00000000e+00   0.00000000e+00   4.53294215e-04   1.00000000e+00
   8.17783378e-05   3.56054925e-04   5.44765768e-04   0.00000000e+00
   0.00000000e+00   0.00000000e+00   3.75267916e-04   1.00000000e+00
   1.00000000e+00   6.18312747e-04   7.68360585e-05   0.00000000e+00
   0.00000000e+00   0.00000000e+00   2.46332075e-04   3.24201784e-04
   5.87300781e-04   8.42590155e-05   0.00000000e+00   0.00000000e+00
   5.88128543e-05   8.28722583e-05] Scale: [  1.96151287e+00   2.02450960e+00   2.14377019e+00   9.31362121e-01
   2.64943624e-01   1.80198523e+00   2.95614258e+00   1.04586635e+00
   9.51095258e-01   4.57824047e+00   1.11726977e+00   3.16697725e-01
   9.91728066e-02   8.06852222e-02   1.20817479e-01   1.11575341e-01
   1.03717524e-01   9.99380409e-02   9.62499232e-02   9.31346694e-02
   2.39410976e-01   8.68639806e-02   9.98742008e-02   9.97686136e-02
   9.95876272e-02   9.98490641e-02   9.98480265e-02   1.00000000e-01
   1.00000000e-01   9.97975280e-02   2.65361772e-01   2.52072798e-01
   9.58367305e-02   1.29598377e-01   1.30291564e-01   1.28167302e-01
   9.81851400e-02   8.84540416e-02   2.50181608e+00   5.32306998e-02
   1.17292347e-01   9.98156009e-02   9.80147331e-02   9.21891252e-02
   9.76119302e-02   9.12337183e-02   8.56094405e-02   1.00000000e-01
   9.98693568e-02   9.98699583e-02   9.95219621e-02   9.97106089e-02
   9.85586481e-02   9.82510605e-02   9.99380409e-02   1.00000000e-01
   1.00000000e-01   1.00000000e-01   1.00000000e-01   9.99380409e-02
   9.99173806e-02   9.98315571e-02   9.98752268e-02   1.00000000e-01
   1.00000000e-01   1.00000000e-01   1.00000000e-01   1.00000000e-01
   1.00000000e-01   6.38483046e-01   9.93058100e-02   9.99380409e-02
   9.97672807e-02   8.76941740e-01   9.40920801e-02   8.75502967e-02
   9.93898581e-02   9.91225207e-02   1.83746627e-01   4.88357823e-01
   8.69980079e-02   8.33377191e-02   1.00000000e-01   9.86374007e-02
   8.94796350e-02   1.45933744e+00   4.18431417e+00   6.31284917e-02
   8.24581489e-02   1.00000000e-01   1.00000000e-01   9.95378771e-02
   9.91268856e-02   9.27136552e-02   8.65931526e-02   1.05504200e-01
   9.91044481e-02   1.00000000e-01   1.00000000e-01   1.00000000e-01
   9.99380409e-02   9.99377920e-02   9.95380836e-02   9.95021054e-02
   9.97879207e-02   9.99380409e-02   1.00000000e-01   1.00000000e-01
   1.00000000e-01   1.00000000e-01   1.00000000e-01   9.98690676e-02
   9.98734551e-02   9.99101934e-02   1.00000000e-01   1.00000000e-01
   1.00000000e-01   1.00000000e-01   1.00000000e-01   1.00000000e-01
   9.99145709e-02   9.98762721e-02   1.00000000e-01   1.00000000e-01
   1.00000000e-01   1.00000000e-01   1.00000000e-01   1.00000000e-01
   1.00000000e-01   1.00000000e-01   1.00000000e-01   1.00000000e-01
   1.00000000e-01   9.99052864e-02   9.99295793e-02   1.00000000e-01
   1.00000000e-01   9.94832598e-02   9.97504158e-02   9.95334811e-02
   9.68250567e-02   6.75646012e-02   9.99108510e-02   9.88689557e-02
   8.67970209e-02   1.70481184e-01   1.20002398e-01   4.95876088e-02
   4.01210506e-02   7.65283281e-02   1.00000000e-01   3.63550168e+01
   1.69713206e+00   5.30897297e+00   3.21266802e+00   3.66213605e-02
   6.06870167e-02   6.83824103e-02   1.00000000e-01   1.00000000e-01
   9.79778645e-02   3.36027344e-02   4.27073333e-01   9.53573663e-02
   9.96323225e-02   1.00000000e-01   1.00000000e-01   1.00000000e-01
   9.99374009e-02   9.98726716e-02   9.99086192e-02   1.00000000e-01
   1.00000000e-01   1.00000000e-01   1.00000000e-01   1.00000000e-01
   1.00000000e-01   9.98968105e-02   9.99169684e-02   1.00000000e-01
   1.00000000e-01   1.00000000e-01   1.00000000e-01   1.00000000e-01
   1.00000000e-01   1.00000000e-01   1.00000000e-01   1.00000000e-01
   1.00000000e-01   1.00000000e-01   1.00000000e-01   1.00000000e-01
   1.00000000e-01   1.00000000e-01   1.00000000e-01   1.00000000e-01
   1.00000000e-01   1.00000000e-01   1.00000000e-01   1.00000000e-01
   9.97141975e-02   9.94771412e-02   9.97951358e-02   1.00000000e-01
   1.00000000e-01   1.00000000e-01   5.09206283e-02   5.45300055e+00
   1.22457516e-02   3.02116028e-02   6.83051525e-02   1.00000000e-01
   1.00000000e-01   1.00000000e-01   6.02592765e-02   3.90581886e+00
   7.20776607e+00   5.48350242e-02   9.98950013e-02   1.00000000e-01
   1.00000000e-01   1.00000000e-01   9.87565930e-02   8.66421434e-02
   8.28159455e-02   9.98724218e-02   1.00000000e-01   1.00000000e-01
   9.99380409e-02   9.98766118e-02] Density: 51.44694275479805
Cross-validation on partition 4 with 86 instances
....5....10....15....20....25....30....35....40....45....50....55....60....65....70....75....80....85.
Partition 3: Target: [  5.05448313e-01   1.00000000e+00   0.00000000e+00   2.12746934e-01
   1.29790485e-02   0.00000000e+00   0.00000000e+00   2.40458894e-01
   4.29009958e-02   1.00000000e+00   1.00000000e+00   4.51452759e-01
   2.31337012e-04   0.00000000e+00   4.10138907e-04   3.05733439e-04
   4.14707924e-04   6.44607458e-05   3.58249771e-04   5.57718421e-04
   0.00000000e+00   2.99680781e-04   9.17129771e-05   1.24074893e-04
   1.64935679e-04   1.49356018e-04   1.00741588e-04   0.00000000e+00
   0.00000000e+00   1.88495538e-04   6.81539125e-05   0.00000000e+00
   5.73594932e-05   0.00000000e+00   0.00000000e+00   0.00000000e+00
   3.35087040e-04   3.09369902e-05   3.54392419e-02   5.84951554e-05
   0.00000000e+00   1.10885201e-04   3.07648326e-04   6.25926289e-04
   4.68223344e-04   4.85133920e-05   9.34269039e-04   0.00000000e+00
   9.34513942e-05   9.32373324e-05   1.77309229e-04   1.38494412e-04
   3.00779328e-04   1.46871201e-04   6.44607458e-05   0.00000000e+00
   0.00000000e+00   0.00000000e+00   0.00000000e+00   6.44607458e-05
   7.44000294e-05   1.06018886e-04   9.13403898e-05   0.00000000e+00
   0.00000000e+00   0.00000000e+00   0.00000000e+00   0.00000000e+00
   0.00000000e+00   1.61127532e-04   2.12586727e-04   6.44607458e-05
   1.51949698e-04   0.00000000e+00   1.96478857e-04   3.22879787e-04
   2.09266440e-04   6.78499258e-04   1.43626669e-05   0.00000000e+00
   4.47318134e-04   9.44320897e-04   0.00000000e+00   2.92484270e-04
   4.54059461e-04   0.00000000e+00   0.00000000e+00   7.80016910e-04
   7.70417214e-04   0.00000000e+00   0.00000000e+00   1.74397864e-04
   2.41089965e-04   2.45181546e-04   0.00000000e+00   2.30236958e-04
   2.84263544e-04   0.00000000e+00   0.00000000e+00   0.00000000e+00
   6.44607458e-05   6.45897415e-05   1.01408731e-04   1.80869970e-04
   1.18839559e-04   6.44607458e-05   0.00000000e+00   0.00000000e+00
   0.00000000e+00   0.00000000e+00   0.00000000e+00   9.35541409e-05
   9.19827666e-05   7.75555889e-05   0.00000000e+00   0.00000000e+00
   0.00000000e+00   0.00000000e+00   0.00000000e+00   0.00000000e+00
   7.56495455e-05   9.09592120e-05   0.00000000e+00   0.00000000e+00
   0.00000000e+00   0.00000000e+00   0.00000000e+00   0.00000000e+00
   0.00000000e+00   0.00000000e+00   0.00000000e+00   0.00000000e+00
   0.00000000e+00   7.96370267e-05   6.87079102e-05   0.00000000e+00
   0.00000000e+00   1.84179703e-04   1.28806552e-04   2.39336201e-04
   3.95005197e-04   3.47757160e-04   7.72722918e-05   2.68587510e-04
   2.04245919e-04   0.00000000e+00   1.52301582e-02   3.14586663e-02
   5.56634208e-04   1.70675046e-04   0.00000000e+00   0.00000000e+00
   6.98860396e-02   0.00000000e+00   1.00000000e+00   8.04029878e-02
   5.72731548e-04   1.38104491e-04   0.00000000e+00   0.00000000e+00
   3.04401044e-04   3.04341101e-04   0.00000000e+00   3.52951392e-04
   1.37409312e-04   0.00000000e+00   0.00000000e+00   0.00000000e+00
   6.47918308e-05   9.22653894e-05   7.82294449e-05   0.00000000e+00
   0.00000000e+00   0.00000000e+00   0.00000000e+00   0.00000000e+00
   0.00000000e+00   8.31074780e-05   7.45846799e-05   0.00000000e+00
   0.00000000e+00   0.00000000e+00   0.00000000e+00   0.00000000e+00
   0.00000000e+00   0.00000000e+00   0.00000000e+00   0.00000000e+00
   0.00000000e+00   0.00000000e+00   0.00000000e+00   0.00000000e+00
   0.00000000e+00   0.00000000e+00   0.00000000e+00   0.00000000e+00
   0.00000000e+00   0.00000000e+00   0.00000000e+00   0.00000000e+00
   1.37718768e-04   3.58801066e-04   1.16820338e-04   0.00000000e+00
   0.00000000e+00   0.00000000e+00   5.95426221e-04   7.72092269e-04
   4.10273128e-05   4.39176778e-04   1.75227000e-04   0.00000000e+00
   0.00000000e+00   0.00000000e+00   6.11823195e-04   6.39879002e-02
   1.00000000e+00   6.63902602e-04   8.16853145e-05   0.00000000e+00
   0.00000000e+00   0.00000000e+00   5.44066759e-04   6.25541599e-04
   4.32659330e-04   9.23553118e-05   0.00000000e+00   0.00000000e+00
   6.44607458e-05   9.08350026e-05] Scale: [  4.92207730e-01   2.48104260e+00   1.90341964e+00   6.87324929e-01
   2.54576157e-01   5.64179866e-01   1.71609319e+00   7.41850052e-01
   5.75016789e-01   7.32550567e+00   5.07867531e+00   4.24710765e-01
   9.91329859e-02   1.51082084e+00   8.83480310e-02   8.75347163e-02
   1.74029183e-01   9.99350091e-02   9.77761030e-02   9.07877252e-02
   3.42789570e-01   1.12923562e-01   9.98680534e-02   9.97573319e-02
   9.95675984e-02   9.86366200e-02   9.98406042e-02   1.00000000e-01
   1.00000000e-01   9.71401963e-02   1.59204296e-01   1.60004008e-01
   9.04879895e-02   9.84274690e-01   3.27897207e-01   6.62703049e-02
   9.80852641e-02   4.97696014e-02   1.15414170e+00   6.07219870e-02
   9.86012380e-02   9.98066012e-02   9.84177588e-02   8.17501149e-02
   4.98301260e-01   1.08137737e-01   2.85937641e-01   1.00000000e-01
   9.98629734e-02   9.98636042e-02   9.94987765e-02   9.96968475e-02
   9.84898675e-02   1.05532898e-01   9.99350091e-02   1.00000000e-01
   1.00000000e-01   1.00000000e-01   1.00000000e-01   9.99350091e-02
   9.99133396e-02   9.98233334e-02   9.98691295e-02   1.00000000e-01
   1.00000000e-01   1.00000000e-01   1.00000000e-01   1.00000000e-01
   1.00000000e-01   8.09506719e-01   9.92722963e-02   9.99350091e-02
   9.96588927e-02   3.56170223e-01   1.22585547e-01   9.49774149e-02
   9.92635866e-02   6.20890994e+00   1.05896316e-01   4.90648245e-01
   8.21424824e-02   6.94799568e-02   1.00000000e-01   9.85748882e-02
   7.96071118e-02   9.59617963e-01   3.36496118e+00   6.89404583e-02
   6.93996004e-02   1.00000000e-01   1.00000000e-01   9.95154558e-02
   9.90813669e-02   9.89642378e-02   1.50428498e+00   1.10544866e-01
   9.87181114e-02   1.00000000e-01   1.00000000e-01   1.00000000e-01
   9.99350091e-02   9.99347480e-02   1.02936321e-01   9.94779670e-02
   9.97775761e-02   9.99350091e-02   1.00000000e-01   1.00000000e-01
   1.00000000e-01   1.00000000e-01   1.00000000e-01   9.98626701e-02
   9.98672714e-02   9.99058015e-02   1.00000000e-01   1.00000000e-01
   1.00000000e-01   1.00000000e-01   1.00000000e-01   1.00000000e-01
   9.99103928e-02   9.98702257e-02   1.00000000e-01   1.00000000e-01
   1.00000000e-01   1.00000000e-01   1.00000000e-01   1.00000000e-01
   1.00000000e-01   1.00000000e-01   1.00000000e-01   1.00000000e-01
   1.00000000e-01   9.99006550e-02   9.99261341e-02   1.00000000e-01
   1.00000000e-01   9.94582179e-02   9.97382515e-02   9.98841681e-02
   9.68530804e-02   9.71213332e-02   9.99064912e-02   9.88148642e-02
   8.47703972e-02   1.17270338e-01   3.25974865e-01   5.01081533e-02
   4.50975748e-02   9.94931537e-02   1.00000000e-01   1.91657290e+01
   1.25682758e+00   4.30140803e+00   8.18706871e+00   2.93238896e-02
   5.45237235e-02   9.96985749e-02   1.00000000e-01   1.00000000e-01
   9.81753725e-02   1.83413875e-02   4.09312476e-01   9.49493760e-02
   9.97016420e-02   1.00000000e-01   1.00000000e-01   1.00000000e-01
   9.99343379e-02   9.98664497e-02   9.99041505e-02   1.00000000e-01
   1.00000000e-01   1.00000000e-01   1.00000000e-01   1.00000000e-01
   1.00000000e-01   9.98917656e-02   9.99129073e-02   1.00000000e-01
   1.00000000e-01   1.00000000e-01   1.00000000e-01   1.00000000e-01
   1.00000000e-01   1.00000000e-01   1.00000000e-01   1.00000000e-01
   1.00000000e-01   1.00000000e-01   1.00000000e-01   1.00000000e-01
   1.00000000e-01   1.00000000e-01   1.00000000e-01   1.00000000e-01
   1.00000000e-01   1.00000000e-01   1.00000000e-01   1.00000000e-01
   9.97002787e-02   8.39803088e-02   9.97851416e-02   1.00000000e-01
   1.00000000e-01   1.00000000e-01   5.04629572e-02   7.09066467e-02
   1.49194012e-02   3.41631383e-02   9.94982996e-02   1.00000000e-01
   1.00000000e-01   1.00000000e-01   6.97618729e-02   3.40656836e-01
   3.95039570e+00   5.78821889e-02   9.98940279e-02   1.00000000e-01
   1.00000000e-01   1.00000000e-01   7.68631744e-02   6.08661940e-02
   9.57567464e-02   9.98661878e-02   1.00000000e-01   1.00000000e-01
   9.99350091e-02   9.98705819e-02] Density: 51.52219120188026
Cross-validation on partition 5 with 75 instances
....5....10....15....20....25....30....35....40....45....50....55....60....65....70....75
Partition 4: Target: [  4.40876809e-01   1.00000000e+00   8.23104552e-01   3.67446644e-02
   5.44362878e-03   0.00000000e+00   8.53495312e-01   4.78553514e-02
   1.27722001e-02   1.00000000e+00   1.00000000e+00   7.93507799e-01
   1.69185802e-04   0.00000000e+00   2.07881317e-04   0.00000000e+00
   0.00000000e+00   4.67069045e-05   2.64813795e-04   3.95412677e-04
   0.00000000e+00   7.07396153e-06   6.65048583e-05   9.00872696e-05
   1.20018541e-04   1.54610040e-04   7.30751055e-05   0.00000000e+00
   0.00000000e+00   2.05156852e-04   0.00000000e+00   0.00000000e+00
   6.07305673e-05   0.00000000e+00   0.00000000e+00   2.23429845e-05
   2.42434505e-04   0.00000000e+00   2.90026171e-02   0.00000000e+00
   0.00000000e+00   8.04646794e-05   2.26864826e-04   5.98050185e-04
   0.00000000e+00   4.83752914e-05   5.21880579e-05   0.00000000e+00
   6.77694436e-05   6.76137155e-05   1.29125241e-04   1.00627336e-04
   2.21315891e-04   7.60458226e-05   4.67069045e-05   0.00000000e+00
   0.00000000e+00   0.00000000e+00   0.00000000e+00   4.67069045e-05
   5.39222342e-05   7.69184935e-05   6.62338543e-05   0.00000000e+00
   0.00000000e+00   0.00000000e+00   0.00000000e+00   0.00000000e+00
   0.00000000e+00   5.74901935e-04   1.55222490e-04   4.67069045e-05
   0.00000000e+00   0.00000000e+00   0.00000000e+00   0.00000000e+00
   1.52023966e-04   0.00000000e+00   0.00000000e+00   0.00000000e+00
   2.72670080e-05   2.10014716e-04   0.00000000e+00   2.15534627e-04
   2.70387467e-04   0.00000000e+00   0.00000000e+00   4.44861425e-04
   5.34031756e-04   0.00000000e+00   0.00000000e+00   1.26980518e-04
   1.86645949e-04   0.00000000e+00   0.00000000e+00   2.76435320e-06
   1.35332804e-05   0.00000000e+00   0.00000000e+00   0.00000000e+00
   4.67069045e-05   4.68005137e-05   0.00000000e+00   1.31750086e-04
   8.62658138e-05   4.67069045e-05   0.00000000e+00   0.00000000e+00
   0.00000000e+00   0.00000000e+00   0.00000000e+00   6.78441922e-05
   6.67010979e-05   5.62141686e-05   0.00000000e+00   0.00000000e+00
   0.00000000e+00   0.00000000e+00   0.00000000e+00   0.00000000e+00
   5.48297062e-05   6.59566126e-05   0.00000000e+00   0.00000000e+00
   0.00000000e+00   0.00000000e+00   0.00000000e+00   0.00000000e+00
   0.00000000e+00   0.00000000e+00   0.00000000e+00   0.00000000e+00
   0.00000000e+00   5.77262862e-05   4.97894290e-05   0.00000000e+00
   0.00000000e+00   1.34191656e-04   9.35434620e-05   1.72523831e-06
   1.73294153e-04   1.95435038e-04   5.60083805e-05   1.97153001e-04
   3.45935024e-04   0.00000000e+00   1.00000000e+00   1.00000000e+00
   2.53229261e-04   1.01805581e-04   0.00000000e+00   0.00000000e+00
   1.90402286e-02   0.00000000e+00   1.00000000e+00   7.72755659e-02
   3.00141143e-04   1.00342020e-04   0.00000000e+00   0.00000000e+00
   2.10379892e-04   5.52187281e-05   1.38684362e-03   1.63784605e-04
   9.98333807e-05   0.00000000e+00   0.00000000e+00   0.00000000e+00
   4.69471668e-05   6.69066780e-05   5.67036801e-05   0.00000000e+00
   0.00000000e+00   0.00000000e+00   0.00000000e+00   0.00000000e+00
   0.00000000e+00   6.02481065e-05   5.40563323e-05   0.00000000e+00
   0.00000000e+00   0.00000000e+00   0.00000000e+00   0.00000000e+00
   0.00000000e+00   0.00000000e+00   0.00000000e+00   0.00000000e+00
   0.00000000e+00   0.00000000e+00   0.00000000e+00   0.00000000e+00
   0.00000000e+00   0.00000000e+00   0.00000000e+00   0.00000000e+00
   0.00000000e+00   0.00000000e+00   0.00000000e+00   0.00000000e+00
   1.00059792e-04   4.24470282e-04   8.47926282e-05   0.00000000e+00
   0.00000000e+00   0.00000000e+00   5.75141264e-04   8.72848946e-04
   0.00000000e+00   4.30069533e-04   1.40575621e-04   0.00000000e+00
   0.00000000e+00   0.00000000e+00   5.31963843e-04   1.46584386e-02
   1.00000000e+00   3.56068137e-04   6.48748242e-05   0.00000000e+00
   0.00000000e+00   0.00000000e+00   6.65417038e-04   3.69712057e-04
   2.44568529e-04   6.69720889e-05   0.00000000e+00   0.00000000e+00
   4.67069045e-05   6.58662737e-05] Scale: [ 0.44311665  1.7559768   0.92328942  0.29621382  0.26271907  0.45612942
  0.94574556  0.32059342  0.38861031  6.26958345  3.82102972  0.57932087
  0.09972035  1.02570583  0.10505091  0.10352068  0.25789118  0.09997916
  0.09927303  0.09594293  0.18870064  0.10139365  0.09995768  0.0999221
  0.09986099  0.097937    0.09994886  0.1         0.1         0.09551112
  0.26302823  0.20859343  0.09833201  0.62903796  0.20070749  0.07591701
  0.09937249  0.0885898   0.8625106   0.09162471  0.22900635  0.09993794
  0.09948694  0.07339583  0.11338692  0.0973718   0.10524268  0.1
  0.09995605  0.09995625  0.09983878  0.09990263  0.09951004  0.09856181
  0.09997916  0.1         0.1         0.1         0.1         0.09997916
  0.09997221  0.09994331  0.09995802  0.1         0.1         0.1         0.1
  0.1         0.1         2.1180747   0.09976553  0.09997916  0.10125782
  0.60366019  0.20410214  0.10285623  0.09976122  3.57283542  0.06701058
  0.18263867  0.05131363  0.06740661  0.1         0.09953879  0.0936884
  0.31015536  3.39953494  0.07779587  0.08654797  0.1         0.1
  0.09984416  0.09969557  0.08452615  0.11896354  0.13670567  0.10160066
  0.1         0.1         0.1         0.09997916  0.09997908  0.11210044
  0.09983206  0.09992861  0.09997916  0.1         0.1         0.1         0.1
  0.1         0.09995595  0.09995743  0.09996979  0.1         0.1         0.1
  0.1         0.1         0.1         0.09997127  0.09995837  0.1         0.1
  0.1         0.1         0.1         0.1         0.1         0.1         0.1
  0.1         0.1         0.09996814  0.09997632  0.1         0.1
  0.09982568  0.09991596  0.10632536  0.09920807  0.0995012   0.09997001
  0.09961683  0.09863023  0.27861242  3.27703546  2.7408794   0.04518914
  0.09985296  0.1         8.75161085  0.39972184  1.62279514  9.92284304
  0.06082139  0.09127525  0.09990319  0.1         0.1         0.09959213
  0.02911787  0.03401644  0.09710535  0.09990418  0.1         0.1         0.1
  0.09997895  0.09995716  0.09996926  0.1         0.1         0.1         0.1
  0.1         0.1         0.09996529  0.09997207  0.1         0.1         0.1
  0.1         0.1         0.1         0.1         0.1         0.1         0.1
  0.1         0.1         0.1         0.1         0.1         0.1         0.1
  0.1         0.1         0.1         0.1         0.09990374  0.07400666
  0.09993104  0.1         0.1         0.1         0.04859565  0.05925273
  0.02647307  0.03666307  0.09972002  0.1         0.1         0.1         0.066971
  0.05924443  2.81063504  0.06625633  0.09994406  0.1         0.1         0.1
  0.06235054  0.07061703  0.0969019   0.09995708  0.1         0.1
  0.09997916  0.09995849] Density: 54.321114004959306
Cross-validation on partition 6 with 81 instances
....5....10....15....20....25....30....35....40....45....50....55....60....65....70....75....80.
Partition 5: Target: [  1.14180042e-02   1.00240512e-02   3.07987087e-02   1.00000000e+00
   0.00000000e+00   0.00000000e+00   2.66473781e-02   1.00000000e+00
   0.00000000e+00   1.00000000e+00   9.58452647e-01   2.71911901e-01
   5.30264678e-05   0.00000000e+00   0.00000000e+00   0.00000000e+00
   0.00000000e+00   1.64364155e-05   8.31508452e-05   0.00000000e+00
   0.00000000e+00   0.00000000e+00   2.33959328e-05   3.16752696e-05
   4.21609510e-05   2.56164639e-05   2.57039235e-05   0.00000000e+00
   0.00000000e+00   1.45841795e-04   0.00000000e+00   0.00000000e+00
   0.00000000e+00   0.00000000e+00   0.00000000e+00   0.00000000e+00
   8.06159909e-05   0.00000000e+00   0.00000000e+00   0.00000000e+00
   0.00000000e+00   2.82985771e-05   7.75847959e-05   4.55868486e-05
   0.00000000e+00   0.00000000e+00   2.04783713e-04   0.00000000e+00
   2.38402256e-05   2.37855146e-05   4.53450425e-05   3.53709787e-05
   7.75043509e-05   1.18468207e-04   1.64364155e-05   0.00000000e+00
   0.00000000e+00   0.00000000e+00   0.00000000e+00   1.64364155e-05
   1.89735640e-05   2.70535869e-05   2.33007154e-05   0.00000000e+00
   0.00000000e+00   0.00000000e+00   0.00000000e+00   0.00000000e+00
   0.00000000e+00   7.11623945e-05   5.44503642e-05   1.64364155e-05
   0.00000000e+00   0.00000000e+00   2.28788766e-05   6.23126989e-05
   2.91248498e-05   0.00000000e+00   0.00000000e+00   0.00000000e+00
   9.70579678e-05   0.00000000e+00   0.00000000e+00   7.52760605e-05
   0.00000000e+00   0.00000000e+00   0.00000000e+00   2.39954053e-04
   1.21875586e-04   0.00000000e+00   0.00000000e+00   4.45954470e-05
   4.31444712e-05   9.10691184e-05   4.22183894e-05   2.88476492e-05
   8.23990185e-05   0.00000000e+00   0.00000000e+00   0.00000000e+00
   1.64364155e-05   1.64693365e-05   4.45609210e-05   4.62621912e-05
   3.03345605e-05   1.64364155e-05   0.00000000e+00   0.00000000e+00
   0.00000000e+00   0.00000000e+00   0.00000000e+00   2.38664863e-05
   2.34648807e-05   1.97793119e-05   0.00000000e+00   0.00000000e+00
   0.00000000e+00   0.00000000e+00   0.00000000e+00   0.00000000e+00
   1.92926035e-05   2.32033049e-05   0.00000000e+00   0.00000000e+00
   0.00000000e+00   0.00000000e+00   0.00000000e+00   0.00000000e+00
   0.00000000e+00   0.00000000e+00   0.00000000e+00   0.00000000e+00
   0.00000000e+00   2.03108602e-05   1.75204294e-05   0.00000000e+00
   0.00000000e+00   4.71150473e-05   3.28874847e-05   1.20319095e-04
   1.11622492e-04   1.80635080e-04   1.97069690e-05   6.77762405e-05
   0.00000000e+00   0.00000000e+00   0.00000000e+00   1.86661737e-04
   7.45796116e-05   4.26257200e-05   0.00000000e+00   0.00000000e+00
   1.00000000e+00   0.00000000e+00   9.08661840e-03   1.91996115e-04
   2.26615300e-04   3.52709805e-05   0.00000000e+00   0.00000000e+00
   1.00000000e+00   5.63538044e-05   2.23405764e-03   6.41834502e-05
   5.57989151e-05   0.00000000e+00   0.00000000e+00   0.00000000e+00
   1.65209121e-05   2.35371095e-05   1.99513921e-05   0.00000000e+00
   0.00000000e+00   0.00000000e+00   0.00000000e+00   0.00000000e+00
   0.00000000e+00   2.11972559e-05   1.90207096e-05   0.00000000e+00
   0.00000000e+00   0.00000000e+00   0.00000000e+00   0.00000000e+00
   0.00000000e+00   0.00000000e+00   0.00000000e+00   0.00000000e+00
   0.00000000e+00   0.00000000e+00   0.00000000e+00   0.00000000e+00
   0.00000000e+00   0.00000000e+00   0.00000000e+00   0.00000000e+00
   0.00000000e+00   0.00000000e+00   0.00000000e+00   0.00000000e+00
   3.51720624e-05   4.73884178e-05   2.98176084e-05   0.00000000e+00
   0.00000000e+00   0.00000000e+00   1.75424286e-04   6.23062124e-04
   4.24324262e-07   1.81961569e-04   4.12599594e-05   0.00000000e+00
   0.00000000e+00   0.00000000e+00   1.00000000e+00   2.21877383e-01
   1.00000000e+00   2.38774759e-04   1.93024701e-05   0.00000000e+00
   0.00000000e+00   0.00000000e+00   1.00000000e+00   4.21879499e-04
   0.00000000e+00   2.35600909e-05   0.00000000e+00   0.00000000e+00
   1.64364155e-05   2.31715635e-05] Scale: [  6.04080115e-02   1.70648283e-02   2.79105114e-01   4.85343664e+00
   2.94381303e-02   5.59833737e-01   2.59208690e-01   3.85345061e+00
   1.50873087e-01   5.51797560e+00   8.54571581e-01   9.31167365e-02
   9.94538069e-02   7.69745573e-01   6.37348491e-02   8.10680033e-02
   7.29566596e-02   9.99591577e-02   9.48506596e-02   9.60602822e-02
   3.00870823e-01   1.02856745e-01   9.99170651e-02   9.98474238e-02
   9.97279851e-02   9.99004885e-02   9.98998043e-02   1.00000000e-01
   1.00000000e-01   9.48488138e-02   1.38915616e-01   1.35768870e-01
   9.70905441e-02   7.31914044e-01   1.33614195e-01   7.61906704e-02
   9.88080902e-02   6.66970533e-02   1.96796692e+00   7.25843008e-02
   7.23386543e-02   9.98784184e-02   9.79533163e-02   8.71176489e-02
   9.69184959e-02   1.08107250e-01   8.49014908e-02   1.00000000e-01
   9.99138709e-02   9.99142675e-02   9.96846297e-02   9.98093623e-02
   9.90473165e-02   9.73981402e-02   9.99591577e-02   1.00000000e-01
   1.00000000e-01   1.00000000e-01   1.00000000e-01   9.99591577e-02
   9.99455367e-02   9.98889425e-02   9.99177417e-02   1.00000000e-01
   1.00000000e-01   1.00000000e-01   1.00000000e-01   1.00000000e-01
   1.00000000e-01   9.92034027e-02   9.95418364e-02   9.99591577e-02
   9.98181310e-02   4.67419037e-01   8.99282469e-02   9.82689425e-02
   9.95649204e-02   4.03079931e+00   4.78096471e-02   2.85248036e-01
   7.28359932e-02   1.23688258e-01   1.00000000e-01   9.91038027e-02
   6.52780966e-02   1.87949925e-02   4.78427737e-01   7.44040626e-02
   8.89688452e-02   1.00000000e-01   1.00000000e-01   9.96951386e-02
   9.94728058e-02   9.37923159e-02   9.44671329e-02   9.82124637e-02
   9.89671231e-02   1.00000000e-01   1.00000000e-01   1.00000000e-01
   9.99591577e-02   9.99589936e-02   9.96956182e-02   9.96715171e-02
   9.98601602e-02   9.99591577e-02   1.00000000e-01   1.00000000e-01
   1.00000000e-01   1.00000000e-01   1.00000000e-01   9.99136802e-02
   9.99165734e-02   9.99407979e-02   1.00000000e-01   1.00000000e-01
   1.00000000e-01   1.00000000e-01   1.00000000e-01   1.00000000e-01
   9.99436842e-02   9.99184310e-02   1.00000000e-01   1.00000000e-01
   1.00000000e-01   1.00000000e-01   1.00000000e-01   1.00000000e-01
   1.00000000e-01   1.00000000e-01   1.00000000e-01   1.00000000e-01
   1.00000000e-01   9.99375626e-02   9.99535792e-02   1.00000000e-01
   1.00000000e-01   9.96590713e-02   9.98354184e-02   9.81556586e-02
   9.81977893e-02   9.39738094e-02   9.99412315e-02   9.92543130e-02
   8.41830904e-02   5.66613670e-02   0.00000000e+00   5.34536090e-02
   5.98125292e-02   9.97327469e-02   1.00000000e-01   8.44603810e+00
   8.59946346e+00   2.01611382e+00   5.03525327e-01   5.03022126e-02
   5.81704746e-02   9.98104495e-02   1.00000000e-01   1.00000000e-01
   6.49599632e-01   2.72238813e-02   4.42778061e-01   9.93404291e-02
   9.96309436e-02   1.00000000e-01   1.00000000e-01   1.00000000e-01
   9.99587358e-02   9.99160568e-02   9.99397600e-02   1.00000000e-01
   1.00000000e-01   1.00000000e-01   1.00000000e-01   1.00000000e-01
   1.00000000e-01   9.99319739e-02   9.99452649e-02   1.00000000e-01
   1.00000000e-01   1.00000000e-01   1.00000000e-01   1.00000000e-01
   1.00000000e-01   1.00000000e-01   1.00000000e-01   1.00000000e-01
   1.00000000e-01   1.00000000e-01   1.00000000e-01   1.00000000e-01
   1.00000000e-01   1.00000000e-01   1.00000000e-01   1.00000000e-01
   1.00000000e-01   1.00000000e-01   1.00000000e-01   1.00000000e-01
   9.98115218e-02   9.96550303e-02   9.98649196e-02   1.00000000e-01
   1.00000000e-01   1.00000000e-01   9.37569340e-02   6.71226975e-02
   7.91814880e-03   3.86151172e-02   9.97396466e-02   1.00000000e-01
   1.00000000e-01   1.00000000e-01   2.22882620e+00   6.05570900e-02
   2.46046539e+00   6.71324149e-02   9.99436264e-02   1.00000000e-01
   1.00000000e-01   1.00000000e-01   3.90313556e-01   5.42242133e-02
   2.19697493e-01   9.99158920e-02   1.00000000e-01   1.00000000e-01
   9.99591577e-02   9.99186550e-02] Density: 52.62778874535041
Cross-validation on partition 7 with 77 instances
....5....10....15....20....25....30....35....40....45....50....55....60....65....70....75..
Partition 6: Target: [  6.59305533e-03   1.84899619e-03   0.00000000e+00   3.71491902e-02
   2.01669475e-01   7.31166875e-03   0.00000000e+00   3.49737825e-02
   1.09038447e-01   1.00000000e+00   5.28783301e-01   5.80088808e-01
   2.88132355e-04   0.00000000e+00   4.33560896e-08   5.93709479e-08
   8.41449797e-08   8.25248239e-05   3.49434090e-04   4.22852086e-04
   3.92314799e-04   4.68397029e-08   1.17152523e-04   1.57903651e-04
   2.08557954e-04   1.95865689e-04   1.28567491e-04   0.00000000e+00
   0.00000000e+00   3.52048676e-04   0.00000000e+00   2.11352199e-08
   7.16736427e-05   0.00000000e+00   0.00000000e+00   2.16144516e-05
   3.77322755e-04   0.00000000e+00   0.00000000e+00   0.00000000e+00
   0.00000000e+00   1.41351738e-04   3.30741646e-04   5.51392809e-04
   1.63222451e-05   1.79415890e-08   2.58221975e-02   0.00000000e+00
   1.19352895e-04   1.19082012e-04   2.23675742e-04   1.72636964e-04
   3.65611249e-04   1.35275279e-04   8.25248239e-05   0.00000000e+00
   0.00000000e+00   0.00000000e+00   0.00000000e+00   8.25248239e-05
   9.51808372e-05   1.35224210e-04   1.16680779e-04   0.00000000e+00
   0.00000000e+00   0.00000000e+00   0.00000000e+00   0.00000000e+00
   0.00000000e+00   3.39917394e-04   2.66079995e-04   8.25248239e-05
   2.88163704e-04   0.00000000e+00   7.82600405e-08   1.97664197e-04
   2.33261632e-04   0.00000000e+00   5.08195436e-08   0.00000000e+00
   1.08706023e-04   2.53652069e-04   0.00000000e+00   3.57347463e-04
   6.64494063e-08   0.00000000e+00   0.00000000e+00   5.32623063e-04
   7.94782788e-04   0.00000000e+00   0.00000000e+00   2.20129138e-04
   2.95038096e-04   5.06632769e-08   2.44904778e-08   2.52124381e-04
   2.09936966e-04   0.00000000e+00   0.00000000e+00   0.00000000e+00
   8.25248239e-05   8.26892513e-05   2.15902851e-04   2.28004336e-04
   1.51343992e-04   8.25248239e-05   0.00000000e+00   0.00000000e+00
   0.00000000e+00   0.00000000e+00   0.00000000e+00   1.19482909e-04
   1.17494079e-04   9.91928919e-05   0.00000000e+00   0.00000000e+00
   0.00000000e+00   0.00000000e+00   0.00000000e+00   0.00000000e+00
   9.67698679e-05   1.16198104e-04   0.00000000e+00   0.00000000e+00
   0.00000000e+00   0.00000000e+00   0.00000000e+00   0.00000000e+00
   0.00000000e+00   0.00000000e+00   0.00000000e+00   0.00000000e+00
   0.00000000e+00   1.01837578e-04   8.79362505e-05   0.00000000e+00
   0.00000000e+00   2.32018637e-04   1.63819996e-04   5.30171005e-04
   4.81266266e-04   2.88039314e-04   9.88328270e-05   3.29010259e-04
   1.82842253e-08   0.00000000e+00   2.88544186e-04   8.15157399e-04
   7.31771977e-04   1.95177900e-04   0.00000000e+00   0.00000000e+00
   1.00000000e+00   1.00000000e+00   1.00000000e+00   1.10353701e-03
   9.30150489e-04   1.75410105e-04   0.00000000e+00   0.00000000e+00
   4.78404608e-04   3.76650822e-04   3.72278279e-08   4.04144567e-04
   1.99936225e-04   0.00000000e+00   0.00000000e+00   0.00000000e+00
   8.29468405e-05   1.17851853e-04   1.00049248e-04   0.00000000e+00
   0.00000000e+00   0.00000000e+00   0.00000000e+00   0.00000000e+00
   0.00000000e+00   1.06244022e-04   9.54156900e-05   0.00000000e+00
   0.00000000e+00   0.00000000e+00   0.00000000e+00   0.00000000e+00
   0.00000000e+00   0.00000000e+00   0.00000000e+00   0.00000000e+00
   0.00000000e+00   0.00000000e+00   0.00000000e+00   0.00000000e+00
   0.00000000e+00   0.00000000e+00   0.00000000e+00   0.00000000e+00
   0.00000000e+00   0.00000000e+00   0.00000000e+00   0.00000000e+00
   1.74930272e-04   2.82203278e-04   1.48810326e-04   0.00000000e+00
   0.00000000e+00   0.00000000e+00   4.60192261e-04   7.42089672e-04
   2.65106219e-04   8.59591752e-04   2.04255808e-04   0.00000000e+00
   0.00000000e+00   0.00000000e+00   8.06990443e-04   9.85415409e-03
   1.68372095e-03   8.27677837e-04   9.68190011e-05   0.00000000e+00
   0.00000000e+00   0.00000000e+00   1.29026179e-03   9.58601822e-04
   6.54036937e-04   1.17965680e-04   0.00000000e+00   0.00000000e+00
   8.25248239e-05   1.16040810e-04] Scale: [ 0.19919836  0.25561083  0.66022865  0.42951707  0.31436586  0.4791456
  0.69274846  0.41669534  0.29172868  1.65416222  0.5447816   0.29897481
  0.10014465  0.26756347  0.15558081  0.11832896  0.23504984  0.10001114
  0.10106295  0.09746309  0.1403375   0.11372938  0.10002257  0.10004136
  0.10007322  0.0983629   0.10002724  0.1         0.1         0.09296235
  0.18962806  0.22264732  0.10348249  0.1891137   0.16579514  0.11064617
  0.10029376  0.12025415  0.64717652  0.11779239  0.230441    0.10003302
  0.1004634   0.08179736  0.10747696  0.12910467  0.10781534  0.1
  0.10002344  0.10002333  0.10008468  0.10005111  0.10024552  0.16029702
  0.10001114  0.1         0.1         0.1         0.1         0.10001114
  0.10001485  0.10003018  0.10002239  0.1         0.1         0.1         0.1
  0.1         0.1         0.10020793  0.10012199  0.10001114  0.09983247
  0.65398743  0.11209775  0.11771312  0.10015932  3.37773399  0.10018431
  0.54012044  0.10469043  0.07859715  0.1         0.10023289  0.13134404
  0.18437555  2.26330159  0.09426737  0.09062955  0.1         0.1
  0.10008191  0.10013881  0.09921564  0.1657453   0.16623361  0.1047447
  0.1         0.1         0.1         0.10001114  0.10001119  0.10008103
  0.10008813  0.10003793  0.10001114  0.1         0.1         0.1         0.1
  0.1         0.10002349  0.10002271  0.10001614  0.1         0.1         0.1
  0.1         0.1         0.1         0.10001535  0.1000222   0.1         0.1
  0.1         0.1         0.1         0.1         0.1         0.1         0.1
  0.1         0.1         0.10001701  0.10001266  0.1         0.1
  0.1000914   0.10004458  0.09717776  0.09989878  0.10115307  0.10001602
  0.10019365  0.14518202  0.14770802  0.07368477  0.07557937  0.05238372
  0.10001027  0.1         6.75685314  9.52673061  1.95461409  7.60335768
  0.04796605  0.0576937   0.10005127  0.1         0.1         0.09727666
  0.03806656  0.10804049  0.09768313  0.09982884  0.1         0.1         0.1
  0.10001126  0.10002285  0.10001642  0.1         0.1         0.1         0.1
  0.1         0.1         0.10001853  0.10001492  0.1         0.1         0.1
  0.1         0.1         0.1         0.1         0.1         0.1         0.1
  0.1         0.1         0.1         0.1         0.1         0.1         0.1
  0.1         0.1         0.1         0.1         0.10005098  0.0992521
  0.10003665  0.1         0.1         0.1         0.10044195  0.09697226
  0.03208541  0.04655017  0.10007013  0.1         0.1         0.1
  0.07899856  0.08407459  0.05470944  0.07468136  0.10001537  0.1         0.1
  0.1         0.06831525  0.07594671  0.09388182  0.10002289  0.1         0.1
  0.10001114  0.10002214] Density: 54.498247031423695
Cross-validation on partition 8 with 79 instances
....5....10....15....20....25....30....35....40....45....50....55....60....65....70....75....
Partition 7: Target: [  3.34336732e-01   1.54529461e-01   6.46198129e-02   1.00000000e+00
   1.00000000e+00   1.96833975e-02   1.33961322e-02   1.00000000e+00
   1.00000000e+00   1.00000000e+00   5.56840778e-01   3.96823085e-01
   7.54338055e-05   0.00000000e+00   1.14094013e-04   1.03005439e-04
   1.08239327e-04   2.20414611e-05   1.10566262e-04   1.28680520e-04
   5.00222824e-05   2.25972636e-04   3.13723598e-05   4.24701154e-05
   5.65195539e-05   3.43491184e-05   3.44663589e-05   0.00000000e+00
   0.00000000e+00   4.08244404e-05   8.09654282e-06   1.09672756e-05
   2.48428400e-05   0.00000000e+00   0.00000000e+00   8.96110481e-05
   1.12893861e-04   1.12530230e-05   0.00000000e+00   0.00000000e+00
   0.00000000e+00   3.79443539e-05   1.06135069e-04   1.31361882e-04
   1.32573483e-04   1.80738583e-04   7.48039806e-05   0.00000000e+00
   3.19679787e-05   3.18946337e-05   6.07842467e-05   4.77271382e-05
   1.03517429e-04   5.93246185e-06   2.20414611e-05   0.00000000e+00
   0.00000000e+00   0.00000000e+00   0.00000000e+00   2.20414611e-05
   2.54433109e-05   3.62755513e-05   3.12447104e-05   0.00000000e+00
   0.00000000e+00   0.00000000e+00   0.00000000e+00   0.00000000e+00
   0.00000000e+00   5.66100875e-06   7.29748054e-05   2.20414611e-05
   1.20966355e-05   0.00000000e+00   9.90348824e-05   1.72654239e-04
   7.24789529e-05   0.00000000e+00   4.99868607e-07   0.00000000e+00
   7.54948199e-06   6.04076603e-06   0.00000000e+00   1.01016712e-04
   8.61115540e-05   0.00000000e+00   0.00000000e+00   3.90423074e-04
   1.72983599e-04   0.00000000e+00   0.00000000e+00   5.97803308e-05
   7.94806356e-05   8.18836881e-05   2.24358955e-06   1.14127402e-05
   1.96453928e-04   0.00000000e+00   0.00000000e+00   0.00000000e+00
   2.20414611e-05   2.20856034e-05   3.12352306e-05   6.20124992e-05
   4.06732443e-05   2.20414611e-05   0.00000000e+00   0.00000000e+00
   0.00000000e+00   0.00000000e+00   0.00000000e+00   3.20031836e-05
   3.14647919e-05   2.65236268e-05   0.00000000e+00   0.00000000e+00
   0.00000000e+00   0.00000000e+00   0.00000000e+00   0.00000000e+00
   2.58710695e-05   3.11141204e-05   0.00000000e+00   0.00000000e+00
   0.00000000e+00   0.00000000e+00   0.00000000e+00   0.00000000e+00
   0.00000000e+00   0.00000000e+00   0.00000000e+00   0.00000000e+00
   0.00000000e+00   2.72362941e-05   2.34949491e-05   0.00000000e+00
   0.00000000e+00   6.31545862e-05   4.40946859e-05   5.72010035e-05
   1.36950277e-04   4.28213709e-04   2.64266332e-05   9.49103447e-05
   1.41983158e-04   4.90848111e-04   1.89144825e-06   1.06244649e-05
   3.53718877e-04   6.70476908e-05   0.00000000e+00   0.00000000e+00
   0.00000000e+00   0.00000000e+00   3.46600803e-01   3.04664282e-04
   3.15705848e-04   4.72887114e-05   0.00000000e+00   0.00000000e+00
   1.36612669e-04   4.59859973e-05   8.36432056e-04   2.51421918e-04
   1.38551686e-04   0.00000000e+00   0.00000000e+00   0.00000000e+00
   2.21547586e-05   3.15616223e-05   2.67543425e-05   0.00000000e+00
   0.00000000e+00   0.00000000e+00   0.00000000e+00   0.00000000e+00
   0.00000000e+00   2.84246961e-05   2.55065226e-05   0.00000000e+00
   0.00000000e+00   0.00000000e+00   0.00000000e+00   0.00000000e+00
   0.00000000e+00   0.00000000e+00   0.00000000e+00   0.00000000e+00
   0.00000000e+00   0.00000000e+00   0.00000000e+00   0.00000000e+00
   0.00000000e+00   0.00000000e+00   0.00000000e+00   0.00000000e+00
   0.00000000e+00   0.00000000e+00   0.00000000e+00   0.00000000e+00
   4.71561623e-05   1.05814901e-04   3.99803785e-05   0.00000000e+00
   0.00000000e+00   0.00000000e+00   1.95924237e-04   4.59138255e-04
   0.00000000e+00   2.09921489e-04   5.53126438e-05   0.00000000e+00
   0.00000000e+00   0.00000000e+00   2.04562906e-04   1.00000000e+00
   1.00000000e+00   3.56905628e-04   2.58842982e-05   0.00000000e+00
   0.00000000e+00   0.00000000e+00   1.44993706e-04   4.41785831e-04
   4.39821922e-04   3.15924312e-05   0.00000000e+00   0.00000000e+00
   2.20414611e-05   3.10715673e-05] Scale: [ 0.83765229  0.42288764  1.28852791  2.67679999  1.64013572  0.40227187
  0.93392992  3.20510436  2.92593138  0.45671114  0.95434581  0.41298087
  0.09937756  0.54748423  0.08918747  0.07223294  0.0813      0.09995344
  0.09843138  0.09452108  0.06689881  0.0741702   0.09990545  0.09982606
  0.09968991  0.09988655  0.09988577  0.1         0.1         0.098438
  0.11169021  0.10029906  0.09141578  0.41200742  0.11145486  0.06745383
  0.0986194   0.10358992  1.16475657  0.06170049  0.12606877  0.09986139
  0.09886202  0.09599217  0.07198533  0.08825725  0.09298589  0.1
  0.09990181  0.09990226  0.09964049  0.09978283  0.09891995  0.13233946
  0.09995344  0.1         0.1         0.1         0.1         0.09995344
  0.09993791  0.09987339  0.09990622  0.1         0.1         0.1         0.1
  0.1         0.1         0.31500952  0.09947775  0.09995344  0.09982721
  0.48281127  0.0843724   0.09416119  0.09947297  3.38185438  0.07265371
  0.27120515  0.07147346  0.095217    0.1         0.09897605  0.07724958
  0.39665     1.33664935  0.07600974  0.08975046  0.1         0.1
  0.09965247  0.09935475  0.06167554  0.09344847  0.13115348  0.08755056
  0.1         0.1         0.1         0.09995344  0.09995325  0.07516456
  0.09962555  0.09984058  0.09995344  0.1         0.1         0.1         0.1
  0.1         0.09990159  0.09990489  0.0999325   0.1         0.1         0.1
  0.1         0.1         0.1         0.0999358   0.09990701  0.1         0.1
  0.1         0.1         0.1         0.1         0.1         0.1         0.1
  0.1         0.1         0.09992882  0.09994708  0.1         0.1
  0.09961136  0.09981237  0.0991027   0.09790291  0.07201873  0.099933
  0.09915163  0.07269957  0.03035416  0.01785741  0.09178719  0.07149989
  0.09963512  0.1         7.65778829  1.66693312  2.49704182  0.99008917
  0.05251798  0.06001838  0.09978391  0.1         0.1         0.09837512
  0.02975747  0.29360822  0.08340222  0.09758057  0.1         0.1         0.1
  0.09995295  0.0999043   0.09993132  0.1         0.1         0.1         0.1
  0.1         0.1         0.09992244  0.0999376   0.1         0.1         0.1
  0.1         0.1         0.1         0.1         0.1         0.1         0.1
  0.1         0.1         0.1         0.1         0.1         0.1         0.1
  0.1         0.1         0.1         0.1         0.09978513  0.09887632
  0.099846    0.1         0.1         0.1         0.09534225  0.08442846
  0.31702032  0.04663159  0.0997032   0.1         0.1         0.1
  0.05972686  9.04275311  7.09095167  0.08583061  0.09993573  0.1         0.1
  0.1         0.0983612   0.05665099  0.07019846  0.09990411  0.1         0.1
  0.09995344  0.09990726] Density: 45.62819996680084
Cross-validation on partition 9 with 63 instances
....5....10....15....20....25....30....35....40....45....50....55....60...
Partition 8: Target: [  3.39858912e-02   5.99726199e-02   0.00000000e+00   1.00000000e+00
   0.00000000e+00   1.20673813e-01   0.00000000e+00   1.00000000e+00
   2.51064610e-03   1.00000000e+00   3.07617111e-02   2.97327073e-03
   7.22609329e-05   0.00000000e+00   5.13793426e-05   1.05327275e-04
   5.50767225e-05   2.00493398e-05   8.29340450e-05   9.16092296e-05
   0.00000000e+00   9.55973795e-05   2.85359861e-05   3.86283603e-05
   5.14023769e-05   3.12432221e-05   3.13498453e-05   0.00000000e+00
   0.00000000e+00   1.54251365e-04   3.77050656e-05   4.76967634e-05
   1.64443165e-05   0.00000000e+00   0.00000000e+00   0.00000000e+00
   1.01677343e-04   0.00000000e+00   0.00000000e+00   0.00000000e+00
   0.00000000e+00   3.45127944e-05   8.82991905e-05   6.12581625e-05
   5.88721758e-05   5.20012979e-05   1.48424690e-04   0.00000000e+00
   2.90776843e-05   2.90109793e-05   5.52792143e-05   4.31317256e-05
   9.40200762e-05   2.66660431e-05   2.00493398e-05   0.00000000e+00
   0.00000000e+00   0.00000000e+00   0.00000000e+00   2.00493398e-05
   2.31434860e-05   3.29951754e-05   2.84198921e-05   0.00000000e+00
   0.00000000e+00   0.00000000e+00   0.00000000e+00   0.00000000e+00
   0.00000000e+00   1.49110754e-05   6.63589968e-05   2.00493398e-05
   1.48500081e-05   3.43876772e-05   1.63920973e-01   4.49601225e-01
   6.55459247e-05   0.00000000e+00   9.13805920e-05   0.00000000e+00
   1.00000000e+00   3.61857935e-05   0.00000000e+00   9.18019555e-05
   7.83364753e-05   0.00000000e+00   0.00000000e+00   3.46314402e-04
   2.17088677e-04   0.00000000e+00   0.00000000e+00   5.43666324e-05
   7.17236797e-05   5.89298150e-05   2.70564502e-05   1.32837933e-04
   1.65465497e-04   0.00000000e+00   0.00000000e+00   0.00000000e+00
   2.00493398e-05   2.00894899e-05   5.43245979e-05   5.63956953e-05
   3.69943841e-05   2.00493398e-05   0.00000000e+00   0.00000000e+00
   0.00000000e+00   0.00000000e+00   0.00000000e+00   2.91097021e-05
   2.86200507e-05   2.41260644e-05   0.00000000e+00   0.00000000e+00
   0.00000000e+00   0.00000000e+00   0.00000000e+00   0.00000000e+00
   2.35325460e-05   2.83011236e-05   0.00000000e+00   0.00000000e+00
   0.00000000e+00   0.00000000e+00   0.00000000e+00   0.00000000e+00
   0.00000000e+00   0.00000000e+00   0.00000000e+00   0.00000000e+00
   0.00000000e+00   2.47742499e-05   2.13713690e-05   0.00000000e+00
   0.00000000e+00   5.74338242e-05   4.01056150e-05   8.72528960e-05
   1.09341402e-01   9.40185480e-05   2.40378464e-05   8.45059694e-05
   6.71762356e-05   0.00000000e+00   1.00000000e+00   1.00000000e+00
   1.04881103e-04   1.08160710e-04   0.00000000e+00   7.03924853e-05
   2.11285658e-03   0.00000000e+00   2.44433296e-02   2.11924533e-04
   2.63514683e-04   4.30098890e-05   0.00000000e+00   0.00000000e+00
   9.63548634e-05   8.45175546e-05   1.12792067e-03   1.41114914e-04
   8.18025327e-05   0.00000000e+00   0.00000000e+00   0.00000000e+00
   2.01523909e-05   2.87081153e-05   2.43359055e-05   0.00000000e+00
   0.00000000e+00   0.00000000e+00   0.00000000e+00   0.00000000e+00
   0.00000000e+00   2.58551148e-05   2.32009792e-05   0.00000000e+00
   0.00000000e+00   0.00000000e+00   0.00000000e+00   0.00000000e+00
   0.00000000e+00   0.00000000e+00   0.00000000e+00   0.00000000e+00
   0.00000000e+00   0.00000000e+00   0.00000000e+00   0.00000000e+00
   0.00000000e+00   0.00000000e+00   0.00000000e+00   0.00000000e+00
   0.00000000e+00   0.00000000e+00   0.00000000e+00   0.00000000e+00
   4.28893675e-05   5.77665633e-05   3.63643176e-05   0.00000000e+00
   0.00000000e+00   0.00000000e+00   1.88869727e-04   6.68325327e-04
   0.00000000e+00   1.00435076e-04   5.73395429e-05   0.00000000e+00
   0.00000000e+00   0.00000000e+00   1.73722814e-04   1.00000000e+00
   0.00000000e+00   2.72309742e-04   2.35445780e-05   0.00000000e+00
   0.00000000e+00   0.00000000e+00   5.75107614e-04   4.38203000e-04
   1.63937703e-04   2.87361351e-05   0.00000000e+00   0.00000000e+00
   2.00493398e-05   2.82624225e-05] Scale: [ 0.22160505  0.15732378  1.07323797  3.63644034  0.06096232  0.38667171
  1.26710828  4.10208081  0.2181089   3.34117787  0.2017691   0.18585125
  0.09915465  0.48181451  0.08828096  0.05639476  0.08148206  0.09993671
  0.09231334  0.09209907  0.10656454  0.06411943  0.09987149  0.09976361
  0.09957868  0.09984581  0.09984475  0.1         0.1         0.09474499
  0.08692798  0.08604728  0.09684685  0.52794329  0.08030069  0.07557444
  0.09816342  0.01596421  1.78637746  0.05233201  0.04174279  0.09981162
  0.09688793  0.08103487  0.07323775  0.08510282  0.08218704  0.1
  0.09986654  0.09986715  0.09951157  0.09970467  0.09853352  0.12680851
  0.09993671  0.1         0.1         0.1         0.1         0.09993671
  0.0999156   0.09982792  0.09987254  0.1         0.1         0.1         0.1
  0.1         0.1         0.31103304  0.09929063  0.09993671  0.09962363
  0.10971773  0.05759517  0.          0.09928521  4.23257209  0.0473633
  0.05826413  2.56015662  0.08190702  0.1         0.09861095  0.05943154
  0.55033207  1.83059837  0.05388104  0.08598355  0.1         0.1
  0.09952783  0.09910259  0.09631039  0.08108808  0.09497858  0.09586548
  0.1         0.1         0.1         0.09993671  0.09993645  0.09952857
  0.09949127  0.09978334  0.09993671  0.1         0.1         0.1         0.1
  0.1         0.09986624  0.09987073  0.09990826  0.1         0.1         0.1
  0.1         0.1         0.1         0.09991273  0.09987361  0.1         0.1
  0.1         0.1         0.1         0.1         0.1         0.1         0.1
  0.1         0.1         0.09990325  0.09992806  0.1         0.1
  0.09947201  0.09974502  0.09789083  0.08605115  0.09854264  0.09990893
  0.09884704  0.05773478  0.02766601  5.79031996  2.1217209   0.05902729
  0.0979181   0.1         0.09919919  0.94868667  2.60392597  0.27878153
  0.04282858  0.05761525  0.09970635  0.1         0.1         0.09888898
  0.02784073  0.20128392  0.0947539   0.09937921  0.1         0.1         0.1
  0.09993605  0.09986993  0.09990665  0.1         0.1         0.1         0.1
  0.1         0.1         0.09989459  0.09991518  0.1         0.1         0.1
  0.1         0.1         0.1         0.1         0.1         0.1         0.1
  0.1         0.1         0.1         0.1         0.1         0.1         0.1
  0.1         0.1         0.1         0.1         0.09970801  0.09946576
  0.09979071  0.1         0.1         0.1         0.09601893  0.07080801
  0.26234403  0.04675432  0.09926532  0.1         0.1         0.1
  0.03177226  8.46356807  0.          0.06531685  0.09991264  0.1         0.1
  0.1         0.07493027  0.04977352  0.09555592  0.09986967  0.1         0.1
  0.09993671  0.09987395] Density: 49.04696908500384
Cross-validation on partition 10 with 53 instances
....5....10....15....20....25....30....35....40....45....50...
Partition 9: Target: [  1.62901338e-01   6.56778739e-02   8.84545734e-02   7.72966234e-01
   1.06603404e-02   1.00000000e+00   1.10134758e-01   8.64162138e-01
   2.63670659e-02   4.01370096e-01   7.40088293e-03   3.08456341e-02
   1.18510792e-04   1.13536301e-03   0.00000000e+00   0.00000000e+00
   3.72564892e-04   3.25949882e-05   1.35157700e-04   2.05709423e-04
   3.21924367e-04   1.98103464e-04   4.64257068e-05   6.29205581e-05
   8.38999170e-05   5.08446686e-05   5.10187864e-05   0.00000000e+00
   0.00000000e+00   5.74351748e-05   0.00000000e+00   1.89501936e-04
   7.74596603e-05   0.00000000e+00   0.00000000e+00   4.61486541e-04
   1.70128074e-04   0.00000000e+00   0.00000000e+00   0.00000000e+00
   0.00000000e+00   5.61868576e-05   1.30273528e-04   9.62272862e-05
   1.63582417e-04   1.83537751e-05   1.25375626e-04   0.00000000e+00
   4.73096076e-05   4.72007557e-05   9.02950016e-05   7.06609852e-05
   1.55513101e-04   0.00000000e+00   3.25949882e-05   0.00000000e+00
   0.00000000e+00   0.00000000e+00   0.00000000e+00   3.25949882e-05
   3.76340919e-05   5.37064417e-05   4.62362926e-05   0.00000000e+00
   0.00000000e+00   0.00000000e+00   0.00000000e+00   0.00000000e+00
   0.00000000e+00   1.42733057e-04   1.08659107e-04   3.25949882e-05
   9.04565055e-05   7.82805104e-04   4.79915788e-04   2.76804302e-04
   1.07854881e-04   0.00000000e+00   7.83766468e-05   5.34874524e-04
   5.97080046e-04   0.00000000e+00   0.00000000e+00   1.51540534e-04
   3.33169641e-04   0.00000000e+00   0.00000000e+00   4.24920634e-04
   1.84166514e-04   0.00000000e+00   0.00000000e+00   8.87883279e-05
   1.17442293e-04   2.14605468e-04   9.22016722e-05   1.59889587e-04
   3.67733405e-04   0.00000000e+00   0.00000000e+00   0.00000000e+00
   3.25949882e-05   3.26603543e-05   0.00000000e+00   9.21394512e-05
   6.02458179e-05   3.25949882e-05   0.00000000e+00   0.00000000e+00
   0.00000000e+00   0.00000000e+00   0.00000000e+00   4.73618563e-05
   4.65628672e-05   3.92350851e-05   0.00000000e+00   0.00000000e+00
   0.00000000e+00   0.00000000e+00   0.00000000e+00   0.00000000e+00
   3.82679714e-05   4.60425216e-05   0.00000000e+00   0.00000000e+00
   0.00000000e+00   0.00000000e+00   0.00000000e+00   0.00000000e+00
   0.00000000e+00   0.00000000e+00   0.00000000e+00   0.00000000e+00
   0.00000000e+00   4.02914441e-05   3.47476018e-05   0.00000000e+00
   0.00000000e+00   9.38556087e-05   6.53403099e-05   2.00494309e-04
   2.18861377e-04   5.46012798e-04   3.90913283e-05   1.40435043e-04
   2.89808904e-04   0.00000000e+00   1.14505408e-02   3.77570849e-04
   1.81628117e-04   7.11345637e-05   0.00000000e+00   0.00000000e+00
   3.07224276e-02   0.00000000e+00   4.57734259e-02   3.88909263e-04
   4.05447588e-04   7.01020767e-05   0.00000000e+00   0.00000000e+00
   1.36377353e-04   1.07493702e-04   9.84116710e-03   3.23877689e-04
   1.77646807e-04   0.00000000e+00   0.00000000e+00   0.00000000e+00
   3.27627606e-05   4.67065578e-05   3.95770475e-05   0.00000000e+00
   0.00000000e+00   0.00000000e+00   0.00000000e+00   0.00000000e+00
   0.00000000e+00   4.20533498e-05   3.77277593e-05   0.00000000e+00
   0.00000000e+00   0.00000000e+00   0.00000000e+00   0.00000000e+00
   0.00000000e+00   0.00000000e+00   0.00000000e+00   0.00000000e+00
   0.00000000e+00   0.00000000e+00   0.00000000e+00   0.00000000e+00
   0.00000000e+00   0.00000000e+00   0.00000000e+00   0.00000000e+00
   0.00000000e+00   0.00000000e+00   0.00000000e+00   0.00000000e+00
   6.99043486e-05   9.44059062e-05   5.92148960e-05   0.00000000e+00
   0.00000000e+00   0.00000000e+00   2.26998267e-04   8.95838183e-04
   2.13667503e-05   6.04680500e-04   8.20925745e-05   0.00000000e+00
   0.00000000e+00   0.00000000e+00   1.00000000e+00   1.00000000e+00
   2.11859988e-03   5.90273464e-04   3.82875756e-05   0.00000000e+00
   0.00000000e+00   0.00000000e+00   1.12816423e-04   6.31456878e-04
   5.27522546e-04   4.67522773e-05   0.00000000e+00   0.00000000e+00
   3.25949882e-05   4.59793822e-05] Scale: [ 0.71345472  0.51760477  1.53892204  1.77701388  0.2374306   1.62782971
  1.49708635  2.28210305  0.56072398  1.02224818  0.4334289   0.69205167
  0.09989462  0.27428212  0.18085584  0.14756796  0.08923159  0.09999222
  0.09910782  0.09795187  0.16074214  0.09986298  0.09998419  0.09997085
  0.09994788  0.09998102  0.09998089  0.1         0.1         0.09874946
  0.21419191  0.14298192  0.10043074  0.21451612  0.27287262  0.09221866
  0.09976511  0.10986412  1.33146572  0.11049966  0.15820689  0.09997679
  0.0996452   0.09770992  0.10105854  0.10390214  0.09143327  0.1
  0.09998358  0.09998365  0.0999395   0.09996373  0.09981565  0.13919138
  0.09999222  0.1         0.1         0.1         0.1         0.09999222
  0.09998962  0.09997881  0.09998432  0.1         0.1         0.1         0.1
  0.1         0.1         0.09984533  0.09991179  0.09999222  0.09987978
  0.50365712  0.07462321  0.09439492  0.09990855  3.30446921  0.11944414
  0.56744607  0.07862806  0.10842099  0.1         0.09982481  0.09632246
  0.22371586  2.79332987  0.08935289  0.09253331  0.1         0.1
  0.09994153  0.09988862  0.09990687  0.09911478  0.10025105  0.08367231
  0.1         0.1         0.1         0.09999222  0.09999219  0.10349602
  0.09993696  0.0999733   0.09999222  0.1         0.1         0.1         0.1
  0.1         0.09998354  0.09998409  0.09998872  0.1         0.1         0.1
  0.1         0.1         0.1         0.09998927  0.09998445  0.1         0.1
  0.1         0.1         0.1         0.1         0.1         0.1         0.1
  0.1         0.1         0.0999881   0.09999116  0.1         0.1
  0.09993455  0.09996855  0.09963448  0.09963319  0.06789407  0.0999888
  0.09985644  0.09139262  0.27331209  0.08404419  0.08758333  0.05961996
  0.09992021  0.1         7.08260224  0.8786989   2.32117336  0.68473513
  0.04898818  0.05669542  0.09996376  0.1         0.1         0.09790235
  0.04472931  0.35831467  0.0815878   0.09736771  0.1         0.1         0.1
  0.09999214  0.09998399  0.09998852  0.1         0.1         0.1         0.1
  0.1         0.1         0.09998703  0.09998957  0.1         0.1         0.1
  0.1         0.1         0.1         0.1         0.1         0.1         0.1
  0.1         0.1         0.1         0.1         0.1         0.1         0.1
  0.1         0.1         0.1         0.1         0.09996396  0.09993377
  0.09997421  0.1         0.1         0.1         0.09918875  0.06686521
  0.03693006  0.06425034  0.09995013  0.1         0.1         0.1
  7.3789983   9.41434518  0.05386519  0.05823187  0.09998926  0.1         0.1
  0.1         0.09744657  0.05438378  0.06651306  0.09998396  0.1         0.1
  0.09999222  0.09998449] Density: 49.90447406609004
Using result EMDDResult(target=array([  3.03194408e-01,   3.55823258e-01,   2.15488710e-01,
         6.43605677e-01,   3.25518886e-01,   1.28895163e-01,
         2.66221308e-01,   6.44652990e-01,   3.26480692e-01,
         9.40137010e-01,   5.41077252e-01,   2.57819497e-01,
         1.25670198e-04,   1.29882097e-04,   1.01004507e-04,
         6.93225516e-05,   1.25712920e-04,   3.55491604e-05,
         1.64866752e-04,   2.20722881e-04,   7.64261448e-05,
         1.06371342e-04,   5.05649577e-05,   6.83771284e-05,
         9.08256316e-05,   7.51954506e-05,   5.55367222e-05,
         0.00000000e+00,   0.00000000e+00,   1.36146796e-04,
         1.13955521e-05,   1.56503904e-01,   3.36254212e-05,
         1.11359342e-06,   0.00000000e+00,   5.95423610e-05,
         1.75435173e-04,   4.21900132e-06,   8.16728721e-03,
         6.25983454e-06,   0.00000000e+00,   6.11203960e-05,
         1.53200049e-04,   2.33680468e-04,   9.53017464e-05,
         5.28227823e-05,   2.79465551e-03,   0.00000000e+00,
         5.15223753e-05,   5.14044859e-05,   9.76119469e-05,
         7.58422274e-05,   1.64546972e-04,   8.27969759e-05,
         3.55491604e-05,   0.00000000e+00,   0.00000000e+00,
         0.00000000e+00,   0.00000000e+00,   3.55491604e-05,
         4.10270160e-05,   5.84419641e-05,   5.03597510e-05,
         0.00000000e+00,   0.00000000e+00,   0.00000000e+00,
         0.00000000e+00,   0.00000000e+00,   0.00000000e+00,
         1.42702971e-04,   1.16923176e-04,   3.55491604e-05,
         6.84633614e-05,   1.09889387e-01,   2.16477802e-01,
         4.51071032e-02,   1.07579284e-04,   8.45196840e-05,
         1.84670594e-05,   2.00053487e-01,   3.00146068e-01,
         9.01284938e-02,   0.00000000e+00,   1.60063365e-04,
         1.34963596e-04,   0.00000000e+00,   0.00000000e+00,
         3.82863493e-04,   3.45326017e-04,   0.00000000e+00,
         0.00000000e+00,   9.60157484e-05,   1.28573926e-04,
         9.66224275e-05,   1.87541204e-05,   1.06605240e-04,
         1.61878399e-04,   0.00000000e+00,   0.00000000e+00,
         0.00000000e+00,   3.55491604e-05,   3.56202630e-05,
         6.35590191e-05,   9.95636969e-05,   6.54972712e-05,
         3.55491604e-05,   0.00000000e+00,   0.00000000e+00,
         0.00000000e+00,   0.00000000e+00,   0.00000000e+00,
         5.15789603e-05,   5.07135457e-05,   4.27658360e-05,
         0.00000000e+00,   0.00000000e+00,   0.00000000e+00,
         0.00000000e+00,   0.00000000e+00,   0.00000000e+00,
         4.17155604e-05,   5.01498102e-05,   0.00000000e+00,
         0.00000000e+00,   0.00000000e+00,   0.00000000e+00,
         0.00000000e+00,   0.00000000e+00,   0.00000000e+00,
         0.00000000e+00,   0.00000000e+00,   0.00000000e+00,
         0.00000000e+00,   4.39126911e-05,   3.78900811e-05,
         0.00000000e+00,   0.00000000e+00,   1.01377379e-04,
         7.09792895e-05,   1.50747181e-04,   1.11260323e-02,
         2.79014450e-04,   4.26097362e-05,   1.47652087e-04,
         1.33602916e-04,   2.87908609e-02,   4.03088208e-01,
         4.03321129e-01,   3.17173875e-04,   1.79702484e-04,
         0.00000000e+00,   7.03924853e-06,   2.12940679e-01,
         1.00000000e-01,   3.97549985e-01,   1.60457036e-02,
         3.71377004e-04,   1.54438363e-04,   0.00000000e+00,
         0.00000000e+00,   1.00172029e-01,   1.11039879e-04,
         1.80872948e-03,   2.11074592e-04,   1.08822411e-04,
         0.00000000e+00,   0.00000000e+00,   0.00000000e+00,
         3.57316542e-05,   5.08692002e-05,   4.31371329e-05,
         0.00000000e+00,   0.00000000e+00,   0.00000000e+00,
         0.00000000e+00,   0.00000000e+00,   0.00000000e+00,
         4.58247202e-05,   4.11287689e-05,   0.00000000e+00,
         0.00000000e+00,   0.00000000e+00,   0.00000000e+00,
         0.00000000e+00,   0.00000000e+00,   0.00000000e+00,
         0.00000000e+00,   0.00000000e+00,   0.00000000e+00,
         0.00000000e+00,   0.00000000e+00,   0.00000000e+00,
         0.00000000e+00,   0.00000000e+00,   0.00000000e+00,
         0.00000000e+00,   0.00000000e+00,   0.00000000e+00,
         0.00000000e+00,   0.00000000e+00,   7.58788031e-05,
         1.58276244e-04,   6.43863464e-05,   0.00000000e+00,
         0.00000000e+00,   0.00000000e+00,   2.93940314e-04,
         1.00523170e-01,   1.69391739e-01,   3.33402953e-04,
         1.42949849e-04,   0.00000000e+00,   0.00000000e+00,
         0.00000000e+00,   4.00270433e-01,   6.31037788e-01,
         6.45322789e-01,   4.12032360e-04,   4.42586746e-05,
         0.00000000e+00,   0.00000000e+00,   0.00000000e+00,
         1.00362259e-01,   4.45812367e-04,   3.24122458e-04,
         5.09187247e-05,   0.00000000e+00,   0.00000000e+00,
         3.55491604e-05,   5.00813989e-05]), scale=array([  0.60871598,   0.82459158,   1.00902581,   1.81551774,
         0.69527985,   0.68978675,   1.068127  ,   1.80407739,
         1.43764905,   3.04059431,   1.33502951,   0.30287796,
         0.09925991,   0.53116033,   0.10117803,   0.09013676,
         0.11965121,   0.09995619,   0.09737401,   0.09386894,
         0.16629165,   0.08885715,   0.09991103,   0.09983634,
         0.09970826,   0.09940511,   0.09989252,   0.1       ,
         0.1       ,   0.0965762 ,   0.17963627,   0.55277589,
         0.09533486,   0.55897865,   0.15850397,   0.07301699,
         0.09871322,   0.08088063,   1.26521107,   0.06581653,
         0.11076647,   0.09986958,   0.09862551,   0.08795282,
         0.13074509,   0.09750288,   0.10988914,   0.1       ,
         0.09990761,   0.09990803,   0.09966177,   0.09979549,
         0.09898218,   0.11515016,   0.09995619,   0.1       ,
         0.1       ,   0.1       ,   0.1       ,   0.09995619,
         0.09994157,   0.09988087,   0.09991176,   0.1       ,
         0.1       ,   0.1       ,   0.1       ,   0.1       ,
         0.1       ,   0.46165117,   0.09950869,   0.09995619,
         0.0996967 ,   0.93600426,   0.34141927,   0.08877222,
         0.09951958,   3.45565421,   0.08513515,   1.01682065,
         0.67069203,   0.0754441 ,   0.1       ,   0.09903625,
         0.08154837,   0.4230109 ,   2.44396933,   0.07423278,
         0.08614802,   0.1       ,   0.1       ,   0.09967304,
         0.09938744,   0.08075667,   0.24016972,   0.11523092,
         0.09658783,   0.1       ,   0.1       ,   0.1       ,
         0.09995619,   0.09995601,   0.09914763,   0.09964771,
         0.09985   ,   0.09995619,   0.1       ,   0.1       ,
         0.1       ,   0.1       ,   0.1       ,   0.0999074 ,
         0.09991051,   0.09993649,   0.1       ,   0.1       ,
         0.1       ,   0.1       ,   0.1       ,   0.1       ,
         0.09993959,   0.0999125 ,   0.1       ,   0.1       ,
         0.1       ,   0.1       ,   0.1       ,   0.1       ,
         0.1       ,   0.1       ,   0.1       ,   0.1       ,
         0.1       ,   0.09993302,   0.0999502 ,   0.1       ,
         0.1       ,   0.09963437,   0.09982346,   0.09898393,
         0.09691311,   0.08958655,   0.09993696,   0.09919982,
         0.08643855,   0.1178861 ,   1.56085331,   0.94482808,
         0.05486428,   0.09572526,   0.1       ,  10.53756332,
         2.66034339,   2.53799224,   3.18484878,   0.0466708 ,
         0.0638014 ,   0.09609066,   0.1       ,   0.1       ,
         0.15353506,   0.02860351,   0.26816593,   0.09361797,
         0.09921197,   0.1       ,   0.1       ,   0.1       ,
         0.09995573,   0.09990995,   0.09993538,   0.1       ,
         0.1       ,   0.1       ,   0.1       ,   0.1       ,
         0.1       ,   0.09992703,   0.09994128,   0.1       ,
         0.1       ,   0.1       ,   0.1       ,   0.1       ,
         0.1       ,   0.1       ,   0.1       ,   0.1       ,
         0.1       ,   0.1       ,   0.1       ,   0.1       ,
         0.1       ,   0.1       ,   0.1       ,   0.1       ,
         0.1       ,   0.1       ,   0.1       ,   0.1       ,
         0.09979784,   0.09532867,   0.0998551 ,   0.1       ,
         0.1       ,   0.1       ,   0.0827272 ,   0.61526385,
         0.30180261,   0.04379273,   0.09590994,   0.1       ,
         0.1       ,   0.1       ,   1.40516615,   4.38971006,
         2.74737973,   0.0677602 ,   0.09993288,   0.1       ,
         0.1       ,   0.1       ,   0.11656633,   0.06388217,
         0.10078112,   0.09990978,   0.1       ,   0.1       ,
         0.09995619,   0.09991274]), density=51.462933327751) for prediction
Threshold 0.5
Total bags 200
Total positive bags 100
Total negative bags 100
Total predicted positive bags 192
Total predicted negative bags 8
True positives 100
False positives 92
True negatives 8
False negatives 0
Accuracy 0.54
Precision 0.5208333333333334
Recall 1.0
