Cross-validation on partition 1 with 77 instances
.........10.........20.........30.........40.........50.........60.........70.......
Partition 0: Density: 48.04849273562627 Accuracy: 1.0 Precision: 1.0 Recall: 1.0
Cross-validation on partition 2 with 73 instances
.........10.........20.........30.........40.........50.........60.........70...
Partition 1: Density: 55.892472046476804 Accuracy: 0.9 Precision: 0.8571428571428571 Recall: 1.0
Cross-validation on partition 3 with 74 instances
.........10.........20.........30.........40.........50.........60.........70....
Partition 2: Density: 52.46819338457882 Accuracy: 1.0 Precision: 1.0 Recall: 1.0
Cross-validation on partition 4 with 82 instances
.........10.........20.........30.........40.........50.........60.........70.........80..
Partition 3: Density: 50.16620590898253 Accuracy: 0.9 Precision: 1.0 Recall: 0.8
Cross-validation on partition 5 with 75 instances
.........10.........20.........30.........40.........50.........60.........70.....
Partition 4: Density: 44.7623997012148 Accuracy: 0.9 Precision: 1.0 Recall: 0.875
Cross-validation on partition 6 with 81 instances
.........10.........20.........30.........40.........50.........60.........70.........80.
Partition 5: Density: 44.20079694171329 Accuracy: 1.0 Precision: 1.0 Recall: 1.0
Cross-validation on partition 7 with 68 instances
.........10.........20.........30.........40.........50.........60........
Partition 6: Density: 41.64673212629961 Accuracy: 0.8 Precision: 0.75 Recall: 0.75
Cross-validation on partition 8 with 86 instances
.........10.........20.........30.........40.........50.........60.........70.........80......
Partition 7: Density: 48.13984720325783 Accuracy: 0.9 Precision: 1.0 Recall: 0.8
Cross-validation on partition 9 with 79 instances
.........10.........20.........30.........40.........50.........60.........70.........
Partition 8: Density: 50.48447084433471 Accuracy: 0.9 Precision: 1.0 Recall: 0.8
Cross-validation on partition 10 with 76 instances
.........10.........20.........30.........40.........50.........60.........70......
Partition 9: Density: 44.68150497107446 Accuracy: 0.9 Precision: 0.8333333333333334 Recall: 1.0
Across 10-fold cross-validation:
Average accuracy: 0.9200000000000002
Average precision: 0.9440476190476191
Average recall: 0.9025000000000001
Using result EMDDResult(target=array([  1.81165012e-01,   8.06903356e-02,   4.72624395e-01,
         5.67917720e-01,   3.12037476e-01,   3.46576386e-01,
         4.56359728e-01,   5.72714509e-01,   4.04407001e-01,
         9.14701852e-01,   4.33131167e-01,   4.47868394e-01,
         4.90232522e-05,   1.00088055e-01,   8.54730942e-03,
         1.29808493e-01,   3.88096730e-02,   1.36022624e-05,
         4.72190080e-05,   7.04874855e-05,   1.43476300e-05,
         1.41806205e-01,   1.93598151e-05,   2.62065355e-05,
         3.78769813e-05,   4.62828365e-05,   2.12687779e-05,
         0.00000000e+00,   0.00000000e+00,   6.03003694e-05,
         9.18308569e-05,   2.29341646e-05,   2.50600259e-02,
         1.17003406e-01,   1.00042251e-01,   7.73492748e-02,
         5.22699777e-05,   0.00000000e+00,   8.03201963e-02,
         3.61451548e-04,   1.20226166e-03,   2.34145462e-05,
         5.83120363e-05,   1.31335219e-04,   7.58929807e-05,
         1.49958633e-02,   6.59003844e-02,   0.00000000e+00,
         1.97273123e-05,   1.96820586e-05,   3.89808757e-05,
         2.97329945e-05,   6.41559625e-05,   7.45224069e-05,
         1.36022624e-05,   0.00000000e+00,   0.00000000e+00,
         0.00000000e+00,   0.00000000e+00,   1.36022624e-05,
         1.57014217e-05,   2.23849853e-05,   1.92810549e-05,
         0.00000000e+00,   0.00000000e+00,   0.00000000e+00,
         0.00000000e+00,   0.00000000e+00,   0.00000000e+00,
         0.00000000e+00,   3.71204563e-04,   1.36022624e-05,
         4.44041502e-05,   1.77498090e-05,   2.27328401e-04,
         2.54109660e-06,   4.25883960e-05,   0.00000000e+00,
         1.81872014e-01,   6.80651183e-02,   2.60387714e-02,
         1.40610440e-03,   0.00000000e+00,   6.16732665e-05,
         3.94248254e-05,   0.00000000e+00,   0.00000000e+00,
         6.97962886e-03,   1.30116508e-04,   0.00000000e+00,
         0.00000000e+00,   3.68827269e-05,   5.31313618e-05,
         4.38709545e-05,   2.38908968e-05,   2.56528804e-05,
         9.14144947e-05,   0.00000000e+00,   0.00000000e+00,
         0.00000000e+00,   1.36022624e-05,   1.36295015e-05,
         3.68542141e-05,   3.82590639e-05,   2.50980564e-05,
         1.36022624e-05,   0.00000000e+00,   0.00000000e+00,
         0.00000000e+00,   0.00000000e+00,   0.00000000e+00,
         1.97490337e-05,   1.94168460e-05,   1.63680287e-05,
         0.00000000e+00,   0.00000000e+00,   0.00000000e+00,
         0.00000000e+00,   0.00000000e+00,   0.00000000e+00,
         1.59653704e-05,   1.92004802e-05,   0.00000000e+00,
         0.00000000e+00,   0.00000000e+00,   0.00000000e+00,
         0.00000000e+00,   0.00000000e+00,   0.00000000e+00,
         0.00000000e+00,   0.00000000e+00,   0.00000000e+00,
         0.00000000e+00,   1.68077739e-05,   1.44991673e-05,
         0.00000000e+00,   0.00000000e+00,   3.89632282e-05,
         2.45786615e-05,   1.94286965e-05,   2.21589818e-06,
         8.74910563e-06,   1.63081793e-05,   5.71186722e-05,
         9.45781181e-03,   1.00000000e-01,   1.00000000e-01,
         1.00052265e-01,   7.28596665e-02,   2.88252511e-04,
         0.00000000e+00,   4.77523614e-05,   6.19242939e-04,
         3.43025673e-01,   4.58117139e-01,   2.00159037e-01,
         1.32968023e-02,   1.66933762e-04,   0.00000000e+00,
         0.00000000e+00,   1.04615320e-04,   7.70794713e-05,
         5.09855426e-04,   1.05184467e-04,   4.89767109e-05,
         0.00000000e+00,   0.00000000e+00,   0.00000000e+00,
         1.36721755e-05,   1.94765905e-05,   1.65103903e-05,
         0.00000000e+00,   0.00000000e+00,   0.00000000e+00,
         0.00000000e+00,   0.00000000e+00,   0.00000000e+00,
         1.75410581e-05,   1.57404267e-05,   0.00000000e+00,
         0.00000000e+00,   0.00000000e+00,   0.00000000e+00,
         0.00000000e+00,   0.00000000e+00,   0.00000000e+00,
         0.00000000e+00,   0.00000000e+00,   0.00000000e+00,
         0.00000000e+00,   0.00000000e+00,   0.00000000e+00,
         0.00000000e+00,   0.00000000e+00,   0.00000000e+00,
         0.00000000e+00,   0.00000000e+00,   0.00000000e+00,
         0.00000000e+00,   0.00000000e+00,   2.90971333e-05,
         2.89565552e-05,   1.27701549e-04,   0.00000000e+00,
         0.00000000e+00,   0.00000000e+00,   1.33366283e-04,
         2.28859864e-03,   1.06606603e-01,   1.01384529e-01,
         3.21563763e-04,   0.00000000e+00,   0.00000000e+00,
         0.00000000e+00,   2.20036085e-01,   7.55730095e-01,
         5.21824464e-01,   1.07913905e-01,   1.76496127e-05,
         0.00000000e+00,   0.00000000e+00,   0.00000000e+00,
         4.93632435e-05,   3.06342933e-02,   9.77089143e-05,
         1.94955996e-05,   0.00000000e+00,   0.00000000e+00,
         1.36022624e-05,   1.91742246e-05]), scale=array([ 0.47056458,  0.1948808 ,  0.65908368,  1.89310751,  0.55271456,
        1.04457297,  0.68198487,  1.63813552,  3.4838088 ,  4.25245542,
        1.32556544,  0.99954967,  0.09938634,  0.50992658,  0.09285426,
        0.39474307,  0.08082453,  0.09995414,  0.09814392,  0.09543911,
        0.08602899,  0.62693172,  0.09990688,  0.09982866,  0.09967198,
        0.09927038,  0.09988749,  0.1       ,  0.1       ,  0.09636265,
        0.1289163 ,  0.061078  ,  0.09636864,  1.15946764,  0.51026878,
        0.10850177,  0.0985469 ,  0.09865159,  1.78914269,  0.08513452,
        0.09267503,  0.09986347,  0.09871814,  0.08680143,  0.08007557,
        0.08191513,  0.07260863,  0.1       ,  0.09990329,  0.09990373,
        0.0995968 ,  0.09978611,  0.09892862,  0.08627673,  0.09995414,
        0.1       ,  0.1       ,  0.1       ,  0.1       ,  0.09995414,
        0.09993885,  0.09987529,  0.09990764,  0.1       ,  0.1       ,
        0.1       ,  0.1       ,  0.1       ,  0.1       ,  0.28584653,
        0.2791868 ,  0.09995414,  0.09692726,  0.10123822,  0.23563699,
        6.77686031,  0.09948107,  3.54527921,  0.22698593,  0.25100976,
        0.07143237,  0.09614316,  0.1       ,  0.0989906 ,  0.44470004,
        1.00524518,  1.67716755,  0.05427084,  0.06048844,  0.1       ,
        0.1       ,  0.09965755,  0.09935289,  0.04708196,  0.09056423,
        0.09691812,  0.09586277,  0.1       ,  0.1       ,  0.1       ,
        0.09995414,  0.09995396,  0.09965809,  0.09963101,  0.09984296,
        0.09995414,  0.1       ,  0.1       ,  0.1       ,  0.1       ,
        0.1       ,  0.09990307,  0.09990632,  0.09993353,  0.1       ,
        0.1       ,  0.1       ,  0.1       ,  0.1       ,  0.1       ,
        0.09993677,  0.09990841,  0.1       ,  0.1       ,  0.1       ,
        0.1       ,  0.1       ,  0.1       ,  0.1       ,  0.1       ,
        0.1       ,  0.1       ,  0.1       ,  0.09992989,  0.09994788,
        0.1       ,  0.1       ,  0.09961702,  0.09972364,  0.09895904,
        0.66599862,  0.36033503,  0.09993401,  0.09916144,  1.49671295,
        0.33671849,  1.94447161,  0.25602828,  0.05041874,  0.08954747,
        0.1       ,  0.09941873,  1.32085164,  0.76109736,  4.24683789,
        0.25295587,  0.0672639 ,  0.09316519,  0.1       ,  0.1       ,
        0.09493095,  0.05114075,  0.41068817,  0.09431507,  0.09937701,
        0.1       ,  0.1       ,  0.1       ,  0.09995367,  0.09990574,
        0.09993236,  0.1       ,  0.1       ,  0.1       ,  0.1       ,
        0.1       ,  0.1       ,  0.09992362,  0.09993854,  0.1       ,
        0.1       ,  0.1       ,  0.1       ,  0.1       ,  0.1       ,
        0.1       ,  0.1       ,  0.1       ,  0.1       ,  0.1       ,
        0.1       ,  0.1       ,  0.1       ,  0.1       ,  0.1       ,
        0.1       ,  0.1       ,  0.1       ,  0.1       ,  0.1       ,
        0.09978833,  0.099697  ,  0.09357867,  0.1       ,  0.1       ,
        0.1       ,  0.0849554 ,  0.0762614 ,  0.67254697,  0.21048045,
        0.08414095,  0.1       ,  0.1       ,  0.1       ,  0.60669015,
        5.08640985,  3.35006516,  0.03993982,  0.09993251,  0.1       ,
        0.1       ,  0.1       ,  0.09947247,  0.05599365,  0.09063045,
        0.09990556,  0.1       ,  0.1       ,  0.09995414,  0.09990866]), density=48.04911158635591) for prediction
Classifying against test set

Threshold 0.5
Total bags 200
Total positive bags 100
Total negative bags 100
Total predicted positive bags 181
Total predicted negative bags 19
True positives 100
False positives 81
True negatives 19
False negatives 0
Accuracy 0.595
Precision 0.5524861878453039
Recall 1.0
