Cross-validation on partition 1 with 28 instances
....5....10....15....20....25...
Partition 0: Target: [  2.42533354e-01   1.17516289e-01   2.54575097e-01   1.00000000e+00
   1.00000000e+00   0.00000000e+00   8.31936080e-02   1.00000000e+00
   1.00000000e+00   1.00000000e+00   1.03723893e-01   1.74012107e-02
   1.33529973e-05   7.73931577e-05   0.00000000e+00   6.93746358e-05
   3.15331951e-05   8.59117619e-06   2.23983353e-05   0.00000000e+00
   2.72253240e-05   4.34055183e-05   1.22279751e-05   1.65532624e-05
   2.20287135e-05   1.33881675e-05   1.34338618e-05   0.00000000e+00
   0.00000000e+00   1.54923154e-05   4.28868713e-05   9.59123158e-06
   2.32482797e-05   1.34646915e-05   6.96185635e-05   3.66055692e-06
   2.10798935e-05   0.00000000e+00   0.00000000e+00   0.00000000e+00
   9.33965224e-02   1.47893943e-05   3.66729143e-05   1.11688594e-05
   5.84131906e-05   4.42817487e-05   1.00000000e+00   0.00000000e+00
   1.24601187e-05   1.24315324e-05   2.91915878e-05   1.72262880e-05
   4.03454616e-05   4.37630687e-01   8.59117619e-06   0.00000000e+00
   0.00000000e+00   0.00000000e+00   0.00000000e+00   8.59117619e-06
   9.91708976e-06   1.41389884e-05   1.21782234e-05   0.00000000e+00
   0.00000000e+00   0.00000000e+00   0.00000000e+00   0.00000000e+00
   0.00000000e+00   0.00000000e+00   2.84416458e-05   8.59117619e-06
   2.77490635e-05   0.00000000e+00   5.39484369e-05   2.90633708e-05
   2.82027486e-05   0.00000000e+00   4.23639513e-07   0.00000000e+00
   0.00000000e+00   3.24594962e-07   0.00000000e+00   3.45861279e-05
   0.00000000e+00   0.00000000e+00   0.00000000e+00   4.26615884e-01
   1.00000000e+00   0.00000000e+00   0.00000000e+00   2.32995009e-05
   2.35773778e-05   2.35892259e-06   1.65168763e-05   7.50283193e-05
   7.93809478e-05   0.00000000e+00   0.00000000e+00   0.00000000e+00
   8.59117619e-06   8.60838130e-06   2.32814799e-05   2.41694172e-05
   1.58529543e-05   8.59117619e-06   0.00000000e+00   0.00000000e+00
   0.00000000e+00   0.00000000e+00   0.00000000e+00   1.24738399e-05
   1.22640007e-05   1.03381534e-05   0.00000000e+00   0.00000000e+00
   0.00000000e+00   0.00000000e+00   0.00000000e+00   0.00000000e+00
   1.00838130e-05   1.21273256e-05   0.00000000e+00   0.00000000e+00
   0.00000000e+00   0.00000000e+00   0.00000000e+00   0.00000000e+00
   0.00000000e+00   0.00000000e+00   0.00000000e+00   0.00000000e+00
   0.00000000e+00   1.06159216e-05   9.15769309e-06   0.00000000e+00
   0.00000000e+00   2.46145088e-05   1.71864146e-05   2.32243003e-05
   2.24457107e-05   4.05526285e-05   1.03003493e-05   3.60304094e-05
   4.99186960e-03   0.00000000e+00   0.00000000e+00   2.95539967e-05
   3.33295942e-06   2.20415165e-05   0.00000000e+00   0.00000000e+00
   0.00000000e+00   0.00000000e+00   1.00940898e-02   3.22768803e-01
   6.17530147e-05   1.84312279e-05   0.00000000e+00   0.00000000e+00
   5.27452648e-05   3.77716874e-07   2.71103603e-07   5.88648850e-05
   2.70347646e-05   0.00000000e+00   0.00000000e+00   0.00000000e+00
   8.63533557e-06   1.23017405e-05   1.04280769e-05   0.00000000e+00
   0.00000000e+00   0.00000000e+00   0.00000000e+00   0.00000000e+00
   0.00000000e+00   1.10791099e-05   9.94172718e-06   0.00000000e+00
   0.00000000e+00   0.00000000e+00   0.00000000e+00   0.00000000e+00
   0.00000000e+00   0.00000000e+00   0.00000000e+00   0.00000000e+00
   0.00000000e+00   0.00000000e+00   0.00000000e+00   0.00000000e+00
   0.00000000e+00   0.00000000e+00   0.00000000e+00   0.00000000e+00
   0.00000000e+00   0.00000000e+00   0.00000000e+00   0.00000000e+00
   1.83795696e-05   2.47571712e-05   1.55829172e-05   0.00000000e+00
   0.00000000e+00   0.00000000e+00   5.50701542e-05   5.10427275e-05
   0.00000000e+00   5.94442866e-05   2.15583557e-05   0.00000000e+00
   0.00000000e+00   0.00000000e+00   2.73716296e-07   1.00000000e+00
   1.00000000e+00   1.00000000e+00   1.00889691e-05   0.00000000e+00
   0.00000000e+00   0.00000000e+00   6.21881488e-05   8.33816238e-05
   4.19138233e-05   1.23137484e-05   0.00000000e+00   0.00000000e+00
   8.59117619e-06   1.21107404e-05] Scale: [  5.43501809e-01   3.22125713e-01   2.95915221e-01   2.78872718e+00
   1.30966030e+00   4.33860358e-01   2.22112788e-01   2.12929568e+00
   4.74809648e+00   1.40053224e+00   7.24672427e-01   1.40130823e-01
   9.92464273e-02   5.52653239e-02   1.09091854e-01   6.62223085e-02
   7.70743726e-02   9.99251706e-02   9.50472044e-02   8.14993468e-02
   7.62767791e-02   5.56731344e-02   9.98480727e-02   9.97205657e-02
   9.95020278e-02   9.98177168e-02   9.98164638e-02   1.00000000e-01
   1.00000000e-01   9.97554819e-02   6.58416174e-02   3.23393452e-02
   9.06523718e-02   7.70272173e-02   6.10302508e-02   2.84535980e-02
   9.52939983e-02   9.72783629e-02   1.09042513e+00   4.38950398e-02
   4.90766800e-02   9.97773064e-02   9.81579825e-02   9.10002756e-02
   8.97050146e-02   8.41063256e-02   2.67254525e+00   1.00000000e-01
   9.98422230e-02   9.98429494e-02   9.93965988e-02   9.96471935e-02
   9.82682486e-02   0.00000000e+00   9.99251706e-02   1.00000000e-01
   1.00000000e-01   1.00000000e-01   1.00000000e-01   9.99251706e-02
   9.99002194e-02   9.97965752e-02   9.98493119e-02   1.00000000e-01
   1.00000000e-01   1.00000000e-01   1.00000000e-01   1.00000000e-01
   1.00000000e-01   8.52403237e-02   9.91617894e-02   9.99251706e-02
   9.92030528e-02   2.74410205e-01   7.16904183e-02   9.66140870e-02
   9.91552189e-02   2.84447916e+00   5.99645219e-02   6.38328182e-01
   3.41460345e-02   1.02709822e-01   1.00000000e-01   9.82704483e-02
   1.78868277e+00   1.17899588e-01   1.90323236e+00   0.00000000e+00
   2.17911170e+00   1.00000000e-01   1.00000000e-01   9.94419599e-02
   9.85240771e-02   1.28668523e-02   7.91430104e-02   9.28116091e-02
   9.69438384e-02   1.00000000e-01   1.00000000e-01   1.00000000e-01
   9.99251706e-02   9.99248699e-02   9.94428368e-02   9.93987707e-02
   9.97438803e-02   9.99251706e-02   1.00000000e-01   1.00000000e-01
   1.00000000e-01   1.00000000e-01   1.00000000e-01   9.98418737e-02
   9.98471723e-02   9.98915395e-02   1.00000000e-01   1.00000000e-01
   1.00000000e-01   1.00000000e-01   1.00000000e-01   1.00000000e-01
   9.98968262e-02   9.98505742e-02   1.00000000e-01   1.00000000e-01
   1.00000000e-01   1.00000000e-01   1.00000000e-01   1.00000000e-01
   1.00000000e-01   1.00000000e-01   1.00000000e-01   1.00000000e-01
   1.00000000e-01   9.98856135e-02   9.99149516e-02   1.00000000e-01
   1.00000000e-01   9.93760177e-02   9.96985910e-02   9.37016512e-02
   9.10599607e-02   9.82752925e-02   9.98923337e-02   9.86344896e-02
   1.29509110e+00   1.89249125e+00   1.45453617e+00   6.90880702e-02
   6.92648285e-02   9.95806535e-02   1.00000000e-01   5.61459942e+00
   8.39426630e-01   9.58012853e-01   0.00000000e+00   0.00000000e+00
   9.49800819e-02   9.96528941e-02   1.00000000e-01   1.00000000e-01
   9.83729535e-02   4.58586946e-03   8.35389049e-03   9.60244010e-02
   9.95857354e-02   1.00000000e-01   1.00000000e-01   1.00000000e-01
   9.99243977e-02   9.98462261e-02   9.98896385e-02   1.00000000e-01
   1.00000000e-01   1.00000000e-01   1.00000000e-01   1.00000000e-01
   1.00000000e-01   9.98753775e-02   9.98997216e-02   1.00000000e-01
   1.00000000e-01   1.00000000e-01   1.00000000e-01   1.00000000e-01
   1.00000000e-01   1.00000000e-01   1.00000000e-01   1.00000000e-01
   1.00000000e-01   1.00000000e-01   1.00000000e-01   1.00000000e-01
   1.00000000e-01   1.00000000e-01   1.00000000e-01   1.00000000e-01
   1.00000000e-01   1.00000000e-01   1.00000000e-01   1.00000000e-01
   9.96548564e-02   9.93686306e-02   9.97525931e-02   1.00000000e-01
   1.00000000e-01   1.00000000e-01   9.66241342e-02   6.31328720e-02
   1.70732780e+00   9.06721944e-02   9.95233568e-02   1.00000000e-01
   1.00000000e-01   1.00000000e-01   2.47521282e-03   8.80698318e+00
   6.77840235e+00   2.27768623e+00   9.98967203e-02   1.00000000e-01
   1.00000000e-01   1.00000000e-01   9.86423210e-02   7.47435388e-02
   9.40498954e-02   9.98459244e-02   1.00000000e-01   1.00000000e-01
   9.99251706e-02   9.98509844e-02] Density: 45.57049841965701
Cross-validation on partition 2 with 42 instances
....5....10....15....20....25....30....35....40..
Partition 1: Target: [  9.48721699e-01   9.70580308e-01   1.00000000e+00   1.21916987e-05
   1.00165993e-06   1.00000000e+00   1.00000000e+00   5.89896720e-06
   5.07689744e-06   3.71466649e-02   5.15416949e-01   1.00000000e+00
   8.26450324e-05   5.06664316e-06   1.95473203e-04   1.17636058e-04
   1.21933121e-04   2.80318374e-05   1.03246555e-06   1.31560905e-04
   1.76685589e-04   2.34577028e-04   3.99157691e-05   5.40739824e-05
   7.20493713e-05   1.11979998e-04   4.38600376e-05   0.00000000e+00
   0.00000000e+00   5.05981944e-05   3.43133077e-06   1.31338962e-05
   4.78405955e-05   1.29243185e-06   2.12612288e-06   3.37199854e-05
   4.84151451e-05   0.00000000e+00   0.00000000e+00   3.80424922e-07
   0.00000000e+00   4.82964521e-05   6.10135415e-05   1.58152422e-04
   2.52276790e-04   1.38806184e-04   3.50736904e-04   0.00000000e+00
   4.06749108e-05   4.05814254e-05   7.75199237e-05   6.04030948e-05
   1.33229629e-04   1.71172648e-04   2.80318374e-05   0.00000000e+00
   0.00000000e+00   0.00000000e+00   0.00000000e+00   2.80318374e-05
   3.23627232e-05   4.61674198e-05   3.97530841e-05   0.00000000e+00
   0.00000000e+00   0.00000000e+00   0.00000000e+00   0.00000000e+00
   0.00000000e+00   1.12924564e-04   9.32014320e-05   2.80318374e-05
   9.06116608e-05   0.00000000e+00   1.26102606e-05   6.99147747e-05
   9.26875353e-05   0.00000000e+00   0.00000000e+00   0.00000000e+00
   1.21990767e-04   4.14045913e-04   0.00000000e+00   9.25953128e-05
   0.00000000e+00   0.00000000e+00   0.00000000e+00   2.09022056e-04
   4.23311779e-04   0.00000000e+00   0.00000000e+00   7.62314836e-05
   9.62885743e-05   8.01736340e-07   0.00000000e+00   2.09520283e-04
   3.76251718e-04   0.00000000e+00   0.00000000e+00   0.00000000e+00
   2.80318374e-05   2.80880235e-05   1.10487657e-06   7.90968547e-05
   5.17794587e-05   2.80318374e-05   0.00000000e+00   0.00000000e+00
   0.00000000e+00   0.00000000e+00   0.00000000e+00   4.07197833e-05
   4.00335729e-05   3.37384634e-05   0.00000000e+00   0.00000000e+00
   0.00000000e+00   0.00000000e+00   0.00000000e+00   0.00000000e+00
   3.29074332e-05   3.95866549e-05   0.00000000e+00   0.00000000e+00
   0.00000000e+00   0.00000000e+00   0.00000000e+00   0.00000000e+00
   0.00000000e+00   0.00000000e+00   0.00000000e+00   0.00000000e+00
   0.00000000e+00   3.46461285e-05   2.98820489e-05   0.00000000e+00
   0.00000000e+00   8.05637381e-05   8.14449676e-07   1.39023351e-04
   1.48385929e-04   1.33477715e-04   3.36149376e-05   1.18412799e-04
   1.82327236e-04   0.00000000e+00   0.00000000e+00   1.76868241e-04
   4.62976708e-04   1.27576283e-03   0.00000000e+00   0.00000000e+00
   1.33101242e-05   1.95340344e-04   1.00000000e+00   4.76629729e-04
   3.66333601e-04   6.02317571e-05   0.00000000e+00   0.00000000e+00
   1.64237522e-04   4.55513405e-05   5.64463924e-07   3.05065818e-04
   1.40394139e-04   0.00000000e+00   0.00000000e+00   0.00000000e+00
   2.81760478e-05   4.01569841e-05   3.40322969e-05   0.00000000e+00
   0.00000000e+00   0.00000000e+00   0.00000000e+00   0.00000000e+00
   0.00000000e+00   3.61599013e-05   3.24432153e-05   0.00000000e+00
   0.00000000e+00   0.00000000e+00   0.00000000e+00   0.00000000e+00
   0.00000000e+00   0.00000000e+00   0.00000000e+00   0.00000000e+00
   0.00000000e+00   0.00000000e+00   0.00000000e+00   0.00000000e+00
   0.00000000e+00   0.00000000e+00   0.00000000e+00   0.00000000e+00
   0.00000000e+00   0.00000000e+00   0.00000000e+00   0.00000000e+00
   6.00622748e-05   8.10340289e-05   5.08949366e-05   0.00000000e+00
   0.00000000e+00   0.00000000e+00   1.82725543e-04   4.55351560e-05
   3.15666450e-05   3.24796186e-04   1.25868056e-04   0.00000000e+00
   0.00000000e+00   0.00000000e+00   3.15202486e-04   1.00000000e+00
   7.60482162e-02   4.95314805e-04   3.29242793e-05   0.00000000e+00
   0.00000000e+00   0.00000000e+00   1.29629705e-04   3.57701695e-01
   4.52247831e-04   4.01962508e-05   0.00000000e+00   0.00000000e+00
   2.80318374e-05   3.95324242e-05] Scale: [  0.54743047   0.6002721    0.31063471   0.13222083   0.09090103
   3.03876734   0.39184492   0.08939359   0.15058644   0.16112566
   1.6569157    3.11323083   0.09960285   0.09907232   0.08941057
   0.0924673    0.09178695   0.09997865   0.11820837   0.08749759
   0.09795967   0.09432829   0.09995662   0.09992011   0.0998573
   0.09826909   0.09994758   0.1          0.1          0.09993012
   0.10508694   0.11057294   0.09841271   0.08975899   0.08737812
   0.07477148   0.10023439   0.10779832   0.57375843   0.08380415
   0.09018056   0.09993637   0.10018472   0.08185202   0.08927235
   0.09353918   0.08679859   0.1          0.09995495   0.09995516
   0.09983444   0.09990012   0.09949488   0.0969723    0.09997865   0.1
   0.1          0.1          0.1          0.09997865   0.09997153
   0.09994189   0.09995698   0.1          0.1          0.1          0.1
   0.1          0.1          0.09957852   0.09975893   0.09997865
   0.09976814   0.70992786   0.09894465   0.09915447   0.09975581
   3.03760732   0.05802461   0.56287751   0.07938002   0.07751535   0.1
   0.09986455   1.38420772   0.1574198    3.29889073   0.0545848
   0.05302417   0.1          0.1          0.09983998   0.09971719
   0.07949456   0.11363863   0.0978784    0.08344296   0.1          0.1
   0.1          0.09997865   0.09997857   0.10490071   0.09982752
   0.09992679   0.09997865   0.1          0.1          0.1          0.1
   0.1          0.09995485   0.09995636   0.09996905   0.1          0.1
   0.1          0.1          0.1          0.1          0.09997056
   0.09995734   0.1          0.1          0.1          0.1          0.1
   0.1          0.1          0.1          0.1          0.1          0.1
   0.09996735   0.09997573   0.1          0.1          0.09982095
   0.10101958   0.09921539   0.09918509   0.09950336   0.09996927
   0.09960511   0.09765356   1.94980496   1.40626822   0.04532255
   0.0507634    0.06849522   0.1          7.34440567   0.09179097
   0.18737668  10.19061982   0.04668897   0.09228391   0.09990069   0.1
   0.1          0.09866573   0.03267325   0.04917052   0.08164983
   0.09757268   0.1          0.1          0.1          0.09997843
   0.09995609   0.0999685    0.1          0.1          0.1          0.1
   0.1          0.1          0.09996443   0.09997138   0.1          0.1
   0.1          0.1          0.1          0.1          0.1          0.1
   0.1          0.1          0.1          0.1          0.1          0.1
   0.1          0.1          0.1          0.1          0.1          0.1
   0.1          0.09990125   0.09981881   0.09992929   0.1          0.1
   0.1          0.09900278   0.0741374    0.09923797   0.0885963
   0.09877672   0.1          0.1          0.1          0.07670731
   8.3751273    0.04434088   0.05687881   0.09997053   0.1          0.1
   0.1          0.09924585   0.02054493   0.06768199   0.09995601   0.1
   0.1          0.09997865   0.09995745] Density: 41.860214532683365
Cross-validation on partition 3 with 39 instances
....5....10....15....20....25....30....35....
Partition 2: Target: [  8.68076031e-04   7.11154224e-04   0.00000000e+00   2.61353503e-02
   1.80053435e-01   0.00000000e+00   0.00000000e+00   1.78237399e-02
   1.06267016e-01   1.00000000e+00   5.57427072e-01   8.55694257e-01
   8.49482274e-05   8.44135438e-06   7.90779931e-05   8.89672636e-05
   7.81614400e-06   2.33769896e-05   2.32794189e-06   2.05946085e-04
   1.12635264e-04   5.82831984e-06   3.32949080e-05   4.51212021e-05
   6.01581132e-05   9.72946871e-05   3.65882605e-05   0.00000000e+00
   0.00000000e+00   4.22166553e-05   1.18569709e-04   4.31444301e-06
   5.42216314e-05   6.09430489e-06   1.45845389e-04   9.40322678e-05
   4.40155047e-05   0.00000000e+00   7.54142521e-04   0.00000000e+00
   0.00000000e+00   4.02936701e-05   3.41750209e-05   1.46426473e-04
   4.95216204e-06   1.21544062e-06   2.40851076e-02   0.00000000e+00
   3.39287007e-05   3.38506498e-05   6.47404440e-05   5.04124975e-05
   1.11316150e-04   1.39425703e-04   2.33769896e-05   0.00000000e+00
   0.00000000e+00   0.00000000e+00   0.00000000e+00   2.33769896e-05
   2.69906445e-05   3.85152901e-05   3.31590895e-05   0.00000000e+00
   0.00000000e+00   0.00000000e+00   0.00000000e+00   0.00000000e+00
   0.00000000e+00   0.00000000e+00   7.24905254e-05   2.33769896e-05
   7.57498885e-05   5.39988889e-06   1.85995941e-06   1.58978474e-04
   5.77293045e-05   0.00000000e+00   5.66829250e-06   1.37084494e-06
   2.79896199e-05   2.36438112e-04   0.00000000e+00   9.97535976e-05
   0.00000000e+00   0.00000000e+00   0.00000000e+00   2.85813045e-04
   2.06080738e-04   0.00000000e+00   0.00000000e+00   6.36609171e-05
   7.32379438e-05   2.02247864e-06   1.90046503e-06   1.76790384e-04
   1.22163966e-04   0.00000000e+00   0.00000000e+00   0.00000000e+00
   2.33769896e-05   2.34238659e-05   1.99507173e-06   6.60619301e-05
   4.32036826e-05   2.33769896e-05   0.00000000e+00   0.00000000e+00
   0.00000000e+00   0.00000000e+00   0.00000000e+00   3.39661648e-05
   3.33932580e-05   2.81387201e-05   0.00000000e+00   0.00000000e+00
   0.00000000e+00   0.00000000e+00   0.00000000e+00   0.00000000e+00
   2.74452028e-05   3.30201468e-05   0.00000000e+00   0.00000000e+00
   0.00000000e+00   0.00000000e+00   0.00000000e+00   0.00000000e+00
   0.00000000e+00   0.00000000e+00   0.00000000e+00   0.00000000e+00
   0.00000000e+00   2.88962280e-05   2.49206956e-05   0.00000000e+00
   0.00000000e+00   6.72914421e-05   1.46957917e-06   1.24326676e-06
   1.58550596e-04   1.30102568e-04   2.80356324e-05   9.78831259e-05
   0.00000000e+00   0.00000000e+00   0.00000000e+00   2.45602425e-04
   2.45419049e-04   5.14662688e-05   0.00000000e+00   0.00000000e+00
   1.00000000e+00   1.00000000e+00   1.00000000e+00   4.53597342e-04
   2.51415312e-04   5.02692123e-05   0.00000000e+00   0.00000000e+00
   9.28836362e-05   9.33402386e-05   3.28367759e-05   1.17973218e-04
   5.00137824e-05   0.00000000e+00   0.00000000e+00   0.00000000e+00
   2.34973053e-05   3.34962902e-05   2.83839398e-05   0.00000000e+00
   0.00000000e+00   0.00000000e+00   0.00000000e+00   0.00000000e+00
   0.00000000e+00   3.01596615e-05   2.70578141e-05   0.00000000e+00
   0.00000000e+00   0.00000000e+00   0.00000000e+00   0.00000000e+00
   0.00000000e+00   0.00000000e+00   0.00000000e+00   0.00000000e+00
   0.00000000e+00   0.00000000e+00   0.00000000e+00   0.00000000e+00
   0.00000000e+00   0.00000000e+00   0.00000000e+00   0.00000000e+00
   0.00000000e+00   0.00000000e+00   0.00000000e+00   0.00000000e+00
   5.01274812e-05   6.76856816e-05   4.24645945e-05   0.00000000e+00
   0.00000000e+00   0.00000000e+00   3.60736006e-04   6.30385268e-05
   2.81077861e-04   2.74493863e-04   5.88629561e-05   0.00000000e+00
   0.00000000e+00   0.00000000e+00   9.12926992e-04   2.39714990e-02
   3.14624575e-04   4.15218822e-04   2.74592610e-05   0.00000000e+00
   0.00000000e+00   0.00000000e+00   8.38623371e-04   1.86769872e-04
   1.78226454e-04   3.35290730e-05   0.00000000e+00   0.00000000e+00
   2.33769896e-05   3.29748728e-05] Scale: [ 0.09253078  0.09254441  0.3340636   0.31556123  0.04447876  0.28815711
  0.38538178  0.24660627  0.1474404   2.36877264  0.63841756  0.91841564
  0.09984463  0.09700347  0.10314039  0.09527719  0.10795819  0.09998867
  0.11855024  0.09397732  0.10146409  0.10787985  0.09997694  0.09995743
  0.09992365  0.09847677  0.09997212  0.1         0.1         0.09996279
  0.09514686  0.08857787  0.09661674  0.10850355  0.09080635  0.08649507
  0.10127575  0.11328104  0.35985906  0.08364284  0.12760606  0.09996613
  0.1003944   0.0848975   0.0972356   0.11259908  0.08302257  0.1
  0.09997605  0.09997616  0.09991129  0.09994671  0.09972471  0.09724309
  0.09998867  0.1         0.1         0.1         0.1         0.09998867
  0.09998488  0.09996908  0.09997713  0.1         0.1         0.1         0.1
  0.1         0.1         0.14846709  0.09987271  0.09998867  0.09987696
  0.10116342  0.09382133  0.09936236  0.09989715  3.50714755  0.09025344
  0.14740662  0.08929123  0.07551897  0.1         0.10034874  1.97554402
  0.17022968  3.15746058  0.06823261  0.07253311  0.1         0.1
  0.09991429  0.09985822  0.07819725  0.10134405  0.09850196  0.09969737
  0.1         0.1         0.1         0.09998867  0.09998862  0.10422198
  0.09990754  0.09996101  0.09998867  0.1         0.1         0.1         0.1
  0.1         0.099976    0.09997681  0.09998356  0.1         0.1         0.1
  0.1         0.1         0.1         0.09998436  0.09997732  0.1         0.1
  0.1         0.1         0.1         0.1         0.1         0.1         0.1
  0.1         0.1         0.09998266  0.09998712  0.1         0.1
  0.09990398  0.10088728  0.10593558  0.10193752  0.09964523  0.09998368
  0.09978397  2.56451167  0.10338692  2.22895847  0.05857564  0.0534374
  0.0998978   0.1         7.34110893  9.19800897  1.37760977  7.87768041
  0.0627734   0.09294938  0.09994702  0.1         0.1         0.0998
  0.02701935  0.08526061  0.09737009  0.09994756  0.1         0.1         0.1
  0.09998855  0.09997666  0.09998327  0.1         0.1         0.1         0.1
  0.1         0.1         0.0999811   0.0999848   0.1         0.1         0.1
  0.1         0.1         0.1         0.1         0.1         0.1         0.1
  0.1         0.1         0.1         0.1         0.1         0.1         0.1
  0.1         0.1         0.1         0.1         0.09994732  0.09990282
  0.09996235  0.1         0.1         0.1         0.08166051  0.09863025
  0.09348421  0.08891229  0.09992696  0.1         0.1         0.1
  0.06675555  0.10772352  0.04251629  0.05904754  0.09998435  0.1         0.1
  0.1         0.07192575  0.07189101  0.09845166  0.09997661  0.1         0.1
  0.09998867  0.09997739] Density: 51.745736777782454
Cross-validation on partition 4 with 35 instances
....5....10....15....20....25....30....35
Partition 3: Target: [  6.96663971e-02   3.46662068e-02   1.82404007e-02   6.75096875e-02
   0.00000000e+00   1.97148260e-02   2.86989754e-01   6.91932379e-02
   1.00000000e+00   1.00000000e+00   3.71860267e-01   3.83833134e-01
   2.10952441e-05   5.17271739e-05   7.05437790e-07   3.50138803e-05
   1.65050397e-05   1.70277268e-05   6.04424212e-05   4.42374143e-05
   2.85248076e-05   2.86312545e-05   2.42334283e-05   3.27997910e-05
   4.36365384e-05   2.65316444e-05   2.66221540e-05   0.00000000e+00
   0.00000000e+00   3.06989707e-05   2.88042663e-05   2.29399194e-05
   1.26146609e-05   0.00000000e+00   0.00000000e+00   6.50102581e-06
   3.82355887e-05   0.00000000e+00   0.00000000e+00   0.00000000e+00
   1.04073823e-03   2.93069318e-05   7.24561146e-05   5.13588655e-05
   8.52619416e-03   1.06496887e-04   2.69118974e-04   0.00000000e+00
   2.46933019e-05   2.46366733e-05   5.93003201e-05   3.42566450e-05
   7.97175775e-05   1.55629441e-04   1.70277268e-05   0.00000000e+00
   0.00000000e+00   0.00000000e+00   0.00000000e+00   1.70277268e-05
   1.96550505e-05   2.80187858e-05   2.41348695e-05   0.00000000e+00
   0.00000000e+00   0.00000000e+00   0.00000000e+00   0.00000000e+00
   0.00000000e+00   0.00000000e+00   5.63138833e-05   1.70277268e-05
   5.46289794e-05   0.00000000e+00   4.80180287e-05   1.39287210e-04
   5.58200195e-05   0.00000000e+00   0.00000000e+00   1.26919368e-02
   3.02966680e-05   1.67388365e-04   0.00000000e+00   6.67488156e-05
   0.00000000e+00   0.00000000e+00   0.00000000e+00   1.24105805e-04
   1.12483982e-04   0.00000000e+00   0.00000000e+00   4.61501084e-05
   4.93415428e-05   9.48692545e-02   9.86250709e-05   3.59755793e-05
   9.08468586e-05   0.00000000e+00   0.00000000e+00   0.00000000e+00
   1.70277268e-05   1.70618207e-05   4.61144681e-05   4.78703936e-05
   3.14131183e-05   1.70277268e-05   0.00000000e+00   0.00000000e+00
   0.00000000e+00   0.00000000e+00   0.00000000e+00   2.47204830e-05
   2.43047954e-05   2.04893401e-05   0.00000000e+00   0.00000000e+00
   0.00000000e+00   0.00000000e+00   0.00000000e+00   0.00000000e+00
   1.99853970e-05   2.40340397e-05   0.00000000e+00   0.00000000e+00
   0.00000000e+00   0.00000000e+00   0.00000000e+00   0.00000000e+00
   0.00000000e+00   0.00000000e+00   0.00000000e+00   0.00000000e+00
   0.00000000e+00   2.10396902e-05   1.81503226e-05   0.00000000e+00
   0.00000000e+00   4.87504514e-05   3.40533736e-05   3.50058537e-05
   6.38813759e-05   4.03191309e-04   2.04144367e-05   7.12869937e-05
   6.76695368e-03   0.00000000e+00   2.13861256e-02   5.05554700e-05
   3.94470137e-04   2.41376240e-04   0.00000000e+00   0.00000000e+00
   0.00000000e+00   1.00000000e+00   1.88861666e-01   3.53476732e-04
   2.01888521e-04   3.65176507e-05   0.00000000e+00   0.00000000e+00
   1.09965434e-04   2.80773508e-01   0.00000000e+00   6.11531549e-05
   3.63333601e-05   0.00000000e+00   0.00000000e+00   0.00000000e+00
   1.71152335e-05   2.43795579e-05   2.06675095e-05   0.00000000e+00
   0.00000000e+00   0.00000000e+00   0.00000000e+00   0.00000000e+00
   0.00000000e+00   2.19573893e-05   1.97038675e-05   0.00000000e+00
   0.00000000e+00   0.00000000e+00   0.00000000e+00   0.00000000e+00
   0.00000000e+00   0.00000000e+00   0.00000000e+00   0.00000000e+00
   0.00000000e+00   0.00000000e+00   0.00000000e+00   0.00000000e+00
   0.00000000e+00   0.00000000e+00   0.00000000e+00   0.00000000e+00
   0.00000000e+00   0.00000000e+00   0.00000000e+00   0.00000000e+00
   3.64153953e-05   4.90325125e-05   3.08783862e-05   0.00000000e+00
   0.00000000e+00   0.00000000e+00   8.57171123e-05   1.24568649e-04
   1.52304896e-05   1.87654243e-04   4.27060300e-05   0.00000000e+00
   0.00000000e+00   0.00000000e+00   1.17975740e-04   1.00000000e+00
   1.00000000e+00   7.14132199e-04   1.99956132e-05   0.00000000e+00
   0.00000000e+00   0.00000000e+00   8.59092975e-05   1.00000000e+00
   5.44390145e-05   2.44033454e-05   0.00000000e+00   0.00000000e+00
   1.70277268e-05   2.40011839e-05] Scale: [  0.2901976    0.17416729   0.13349225   0.2468989    2.50049156
   0.78083492   0.23381011   0.25209926   3.29202383   3.36881439
   0.3510801    0.35739358   0.09970679   0.05941252   0.06141158
   0.07497051   0.08156477   0.09993209   0.09639746   0.06171105
   0.08339488   0.07421528   0.09986212   0.09974639   0.09954803
   0.09983457   0.09983343   0.1          0.1          0.09977808
   0.11490898   0.08318487   0.08811553   0.06858714   0.05989956
   0.04585558   0.09620243   0.06434101   1.1620131    0.19910903
   0.17208627   0.09979789   0.09834815   0.06422533   0.08418839
   0.08771692   0.08193269   0.1          0.09985681   0.09985747
   0.09941726   0.09968395   0.09842551   0.0913716    0.09993209   0.1
   0.1          0.1          0.1          0.09993209   0.09990945
   0.09981538   0.09986324   0.1          0.1          0.1          0.1
   0.1          0.1          0.10135772   0.09923915   0.09993209
   0.09926547   0.42169164   0.08957683   0.09344044   0.0992325
   3.71876556   0.0780693    0.56837953   0.05884838   0.07281713   0.1
   0.09754696   2.8968087    0.44566964   2.08434305   0.04936494
   0.07260833   0.1          0.1          0.0994935    0.09915408
   0.08621149   0.08933943   0.0961943    0.09829291   0.1          0.1
   0.1          0.09993209   0.09993182   0.09949429   0.09945429
   0.09976755   0.09993209   0.1          0.1          0.1          0.1
   0.1          0.09985649   0.0998613    0.09990157   0.1          0.1
   0.1          0.1          0.1          0.1          0.09990637
   0.09986439   0.1          0.1          0.1          0.1          0.1
   0.1          0.1          0.1          0.1          0.1          0.1
   0.09989619   0.09992282   0.1          0.1          0.09943364
   0.09972645   0.09710438   0.09672573   0.07290573   0.09990229
   0.09876036   2.10151059   2.14839775   1.5939634    0.04207928
   0.05236881   0.0810086    0.1          7.94574318   1.44322906
   4.25697467   1.90565653   0.06473361   0.09280322   0.09968497   0.1
   0.1          0.09805374   0.           0.07347884   0.0990955
   0.09968817   0.1          0.1          0.1          0.09993139
   0.09986044   0.09989984   0.1          0.1          0.1          0.1
   0.1          0.1          0.0998869    0.09990899   0.1          0.1
   0.1          0.1          0.1          0.1          0.1          0.1
   0.1          0.1          0.1          0.1          0.1          0.1
   0.1          0.1          0.1          0.1          0.1          0.1
   0.1          0.09968675   0.09942693   0.09977546   0.1          0.1
   0.1          0.09708079   0.07647674   0.10636794   0.08339448
   0.09956739   0.1          0.1          0.1          0.06141453
   4.37923735  10.46897748   0.05834364   0.09990627   0.1          0.1
   0.1          0.09880217   1.70983304   0.09614075   0.09986017   0.1
   0.1          0.09993209   0.09986476] Density: 44.716783357400715
Cross-validation on partition 5 with 35 instances
....5....10....15....20....25....30....35
Partition 4: Target: [  1.00000000e+00   1.00000000e+00   0.00000000e+00   9.78512198e-02
   8.26709481e-01   1.00000000e+00   0.00000000e+00   1.00627783e-01
   4.56685843e-01   1.02761721e-01   5.18911585e-02   1.00000000e+00
   8.67717802e-05   3.68372387e-04   2.31409733e-04   1.06108383e-04
   2.72550001e-04   2.74372042e-05   8.65337245e-05   1.96023424e-04
   2.59919742e-04   2.81570388e-04   3.90472124e-05   5.28485232e-05
   7.03053941e-05   4.27500053e-05   4.28958290e-05   0.00000000e+00
   0.00000000e+00   4.94640055e-05   3.52166606e-05   2.60157149e-05
   9.01398013e-05   2.14932899e-04   1.28856409e-04   4.31241433e-05
   7.85508563e-05   0.00000000e+00   0.00000000e+00   5.38528826e-06
   3.49507169e-06   4.72213196e-05   1.10477194e-04   4.68817176e-05
   3.14455889e-04   2.04561966e-04   3.65224955e-04   0.00000000e+00
   3.97881486e-05   3.96969103e-05   8.78268444e-05   5.92906390e-05
   1.28851951e-04   1.72589862e-04   2.74372042e-05   0.00000000e+00
   0.00000000e+00   0.00000000e+00   0.00000000e+00   2.74372042e-05
   3.16704885e-05   4.51459816e-05   3.88884166e-05   0.00000000e+00
   0.00000000e+00   0.00000000e+00   0.00000000e+00   0.00000000e+00
   0.00000000e+00   0.00000000e+00   8.71362186e-05   2.74372042e-05
   8.76699963e-05   0.00000000e+00   5.08562934e-05   1.62975863e-04
   9.02540485e-05   0.00000000e+00   1.90871995e-05   0.00000000e+00
   2.64118363e-06   1.60395889e-05   0.00000000e+00   9.74050816e-05
   0.00000000e+00   0.00000000e+00   0.00000000e+00   2.28694818e-04
   3.78945573e-04   0.00000000e+00   0.00000000e+00   7.43540346e-05
   1.00902466e-04   2.48897888e-04   6.63495983e-05   2.11412727e-04
   2.74944793e-04   0.00000000e+00   0.00000000e+00   0.00000000e+00
   2.74372042e-05   2.74921385e-05   7.42966297e-05   7.71248052e-05
   5.06145399e-05   2.74372042e-05   0.00000000e+00   0.00000000e+00
   0.00000000e+00   0.00000000e+00   0.00000000e+00   3.98319421e-05
   3.91621973e-05   3.30147239e-05   0.00000000e+00   0.00000000e+00
   0.00000000e+00   0.00000000e+00   0.00000000e+00   0.00000000e+00
   3.22027549e-05   3.87259616e-05   0.00000000e+00   0.00000000e+00
   0.00000000e+00   0.00000000e+00   0.00000000e+00   0.00000000e+00
   0.00000000e+00   0.00000000e+00   0.00000000e+00   0.00000000e+00
   0.00000000e+00   3.39014617e-05   2.92459999e-05   0.00000000e+00
   0.00000000e+00   7.85422287e-05   5.48680585e-05   3.49327009e-05
   1.31557081e-04   4.34775324e-04   3.28940373e-05   1.14828492e-04
   2.48629595e-03   0.00000000e+00   0.00000000e+00   1.38092159e-05
   1.33122348e-04   5.97482121e-05   0.00000000e+00   0.00000000e+00
   3.73494882e-03   1.54865550e-02   2.08380914e-02   1.00000000e+00
   1.00000000e+00   5.88379346e-05   0.00000000e+00   0.00000000e+00
   1.55585195e-04   5.80671742e-05   1.84368833e-04   1.63986820e-04
   7.78513962e-05   0.00000000e+00   0.00000000e+00   0.00000000e+00
   2.75782009e-05   3.92826529e-05   3.33017953e-05   0.00000000e+00
   0.00000000e+00   0.00000000e+00   0.00000000e+00   0.00000000e+00
   0.00000000e+00   3.53800727e-05   3.17491444e-05   0.00000000e+00
   0.00000000e+00   0.00000000e+00   0.00000000e+00   0.00000000e+00
   0.00000000e+00   0.00000000e+00   0.00000000e+00   0.00000000e+00
   0.00000000e+00   0.00000000e+00   0.00000000e+00   0.00000000e+00
   0.00000000e+00   0.00000000e+00   0.00000000e+00   0.00000000e+00
   0.00000000e+00   0.00000000e+00   0.00000000e+00   0.00000000e+00
   5.86732070e-05   7.89965116e-05   4.97530556e-05   0.00000000e+00
   0.00000000e+00   0.00000000e+00   1.65561998e-04   1.64492668e-05
   1.48315660e-05   1.79207495e-04   6.88065637e-05   0.00000000e+00
   0.00000000e+00   0.00000000e+00   2.87219031e-04   1.00000000e+00
   1.00000000e+00   1.00000000e+00   3.22192156e-05   0.00000000e+00
   0.00000000e+00   0.00000000e+00   1.21243186e-04   3.04189313e-04
   1.54497465e-04   3.93209787e-05   0.00000000e+00   0.00000000e+00
   2.74372042e-05   3.86730250e-05] Scale: [ 0.73355725  1.30576996  0.40565284  0.40204507  1.18627352  3.65619397
  0.43804964  0.41217288  0.62719463  0.34531884  2.22958143  3.59788409
  0.09883684  0.07042157  0.09023457  0.10396539  0.07910834  0.09994338
  0.09267939  0.08815838  0.09087991  0.08014183  0.09988505  0.09978859
  0.09962326  0.09986209  0.09986114  0.1         0.1         0.099815
  0.1172555   0.05921322  0.09353599  0.07773414  0.05630094  0.04774906
  0.0978401   0.33982056  1.75625361  0.07647381  0.264234    0.09983151
  0.09744791  0.08746371  0.089319    0.08858163  0.08185581  0.1
  0.09988063  0.09988118  0.09950524  0.09973603  0.09868378  0.09768048
  0.09994338  0.1         0.1         0.1         0.1         0.09994338
  0.09992451  0.09984609  0.09988599  0.1         0.1         0.1         0.1
  0.1         0.1         0.10074732  0.09936754  0.09994338  0.09938466
  0.30563853  0.06210616  0.09250865  0.09936022  3.24243428  0.05758486
  0.7520302   0.06885524  0.130354    0.1         0.09899417  2.28099412
  0.43266985  1.2036098   0.05009357  0.07430218  0.1         0.1
  0.09957781  0.09918113  0.06853463  0.08083706  0.09043894  0.09434654
  0.1         0.1         0.1         0.09994338  0.09994316  0.09957848
  0.09954514  0.09980623  0.09994338  0.1         0.1         0.1         0.1
  0.1         0.09988036  0.09988437  0.09991794  0.1         0.1         0.1
  0.1         0.1         0.1         0.09992194  0.09988695  0.1         0.1
  0.1         0.1         0.1         0.1         0.1         0.1         0.1
  0.1         0.1         0.09991346  0.09993565  0.1         0.1
  0.09952793  0.09977196  0.09734142  0.0905639   0.07342816  0.09991854
  0.09896701  2.08833954  2.24332098  2.99457402  0.07491398  0.08217076
  0.09972911  0.1         7.72036     0.12459345  1.87453441  0.04654178
  1.86629951  1.60973912  0.09973739  0.1         0.1         0.09825955
  0.02437712  0.06277956  0.09526887  0.09958322  0.1         0.1         0.1
  0.0999428   0.09988366  0.0999165   0.1         0.1         0.1         0.1
  0.1         0.1         0.09990571  0.09992413  0.1         0.1         0.1
  0.1         0.1         0.1         0.1         0.1         0.1         0.1
  0.1         0.1         0.1         0.1         0.1         0.1         0.1
  0.1         0.1         0.1         0.1         0.09973888  0.09952234
  0.09981282  0.1         0.1         0.1         0.09615867  0.02658638
  0.10178854  0.09697057  0.09963939  0.1         0.1         0.1
  0.05822693  9.57985792  6.98007162  1.59968902  0.09992186  0.1         0.1
  0.1         0.09893751  0.05281181  0.09536488  0.09988343  0.1         0.1
  0.09994338  0.09988726] Density: 49.03611666759506
Cross-validation on partition 6 with 41 instances
....5....10....15....20....25....30....35....40.
Partition 5: Target: [  2.88536154e-02   1.89801114e-02   4.52161344e-01   1.49461477e-01
   1.35405909e-01   7.61231274e-02   3.51829787e-01   1.22978816e-01
   2.12117492e-01   1.00000000e+00   1.34050021e-01   1.00000000e+00
   6.02218751e-05   1.96076181e-04   1.99096538e-04   1.71049052e-04
   1.41501845e-04   2.98330794e-05   6.90624998e-05   1.23614509e-04
   5.92602949e-05   1.08000078e-04   4.24754062e-05   5.75298791e-05
   7.66277503e-05   1.11429102e-04   4.66702558e-05   0.00000000e+00
   0.00000000e+00   5.38349286e-05   0.00000000e+00   0.00000000e+00
   7.16421181e-05   8.07995298e-02   9.72303996e-05   2.85272387e-01
   1.05039683e-04   0.00000000e+00   0.00000000e+00   0.00000000e+00
   2.35328015e-02   5.13877243e-05   9.66368708e-05   1.86506354e-04
   1.50876917e-04   8.19643048e-05   2.35573726e-04   0.00000000e+00
   4.32828252e-05   4.31833958e-05   9.67883023e-05   6.42564199e-05
   1.41438637e-04   2.49513014e-04   2.98330794e-05   0.00000000e+00
   0.00000000e+00   0.00000000e+00   0.00000000e+00   2.98330794e-05
   3.44408803e-05   4.91239240e-05   4.23023724e-05   0.00000000e+00
   0.00000000e+00   0.00000000e+00   0.00000000e+00   0.00000000e+00
   0.00000000e+00   0.00000000e+00   9.42768808e-05   2.98330794e-05
   9.66431805e-05   0.00000000e+00   0.00000000e+00   3.64160777e-05
   9.86527325e-05   0.00000000e+00   2.70729829e-01   1.00000000e+00
   5.68709961e-01   0.00000000e+00   0.00000000e+00   1.04607684e-04
   3.17111776e-02   0.00000000e+00   0.00000000e+00   6.71884882e-01
   1.59809318e-04   0.00000000e+00   0.00000000e+00   8.10680195e-05
   1.08640831e-04   0.00000000e+00   0.00000000e+00   4.70961192e-05
   1.55826752e-04   0.00000000e+00   0.00000000e+00   0.00000000e+00
   2.98330794e-05   2.98928615e-05   0.00000000e+00   8.41095361e-05
   5.50907447e-05   2.98330794e-05   0.00000000e+00   0.00000000e+00
   0.00000000e+00   0.00000000e+00   0.00000000e+00   4.33305506e-05
   4.26007032e-05   3.59044651e-05   0.00000000e+00   0.00000000e+00
   0.00000000e+00   0.00000000e+00   0.00000000e+00   0.00000000e+00
   3.50203788e-05   4.21253552e-05   0.00000000e+00   0.00000000e+00
   0.00000000e+00   0.00000000e+00   0.00000000e+00   0.00000000e+00
   0.00000000e+00   0.00000000e+00   0.00000000e+00   0.00000000e+00
   0.00000000e+00   3.68700531e-05   3.18016599e-05   0.00000000e+00
   0.00000000e+00   8.56663564e-05   5.97357288e-05   4.11971717e-05
   1.16811696e-04   1.43048198e-04   3.57730543e-05   1.25771026e-04
   1.36050238e-02   0.00000000e+00   6.27073817e-01   2.82693174e-03
   7.18169928e-04   1.22057060e-03   0.00000000e+00   0.00000000e+00
   3.32157639e-03   6.29684472e-03   1.00000000e+00   1.00000000e+00
   3.85194133e-01   6.40743529e-05   0.00000000e+00   0.00000000e+00
   1.70310838e-04   1.72493403e-05   0.00000000e+00   1.35225142e-04
   6.37497759e-05   0.00000000e+00   0.00000000e+00   0.00000000e+00
   2.99865193e-05   4.27319636e-05   3.62170527e-05   0.00000000e+00
   0.00000000e+00   0.00000000e+00   0.00000000e+00   0.00000000e+00
   0.00000000e+00   3.84803656e-05   3.45265138e-05   0.00000000e+00
   0.00000000e+00   0.00000000e+00   0.00000000e+00   0.00000000e+00
   0.00000000e+00   0.00000000e+00   0.00000000e+00   0.00000000e+00
   0.00000000e+00   0.00000000e+00   0.00000000e+00   0.00000000e+00
   0.00000000e+00   0.00000000e+00   0.00000000e+00   0.00000000e+00
   0.00000000e+00   0.00000000e+00   0.00000000e+00   0.00000000e+00
   6.38942559e-05   8.61654467e-05   5.41504052e-05   0.00000000e+00
   0.00000000e+00   0.00000000e+00   1.93558320e-04   6.48672085e-05
   0.00000000e+00   5.13741997e-04   1.27608062e-04   0.00000000e+00
   0.00000000e+00   0.00000000e+00   3.47329866e-04   5.93590123e-02
   1.00000000e+00   1.00000000e+00   3.50383006e-05   0.00000000e+00
   0.00000000e+00   0.00000000e+00   1.33477105e-04   6.38772355e-05
   1.93645827e-05   4.27737276e-05   0.00000000e+00   0.00000000e+00
   2.98330794e-05   4.20676742e-05] Scale: [ 0.20375045  0.17005554  0.824493    0.72847984  0.1587077   0.85135306
  0.71320706  0.63252002  0.49604142  1.45789888  1.55016896  2.44748839
  0.10039547  0.09162371  0.07484545  0.09074955  0.09198804  0.09997301
  0.09985558  0.07499454  0.09944277  0.09423822  0.09994519  0.09989917
  0.09982025  0.09833757  0.09993378  0.1         0.1         0.09991177
  0.13995088  0.13255127  0.09597018  0.09054026  0.07302624  0.06878876
  0.09939141  0.07599473  0.13880555  0.09447575  0.22347461  0.09991965
  0.09956915  0.06287207  0.08779047  0.09862367  0.09041746  0.1
  0.09994308  0.09994334  0.09972363  0.09987402  0.09937352  0.09222104
  0.09997301  0.1         0.1         0.1         0.1         0.09997301
  0.09996401  0.09992661  0.09994564  0.1         0.1         0.1         0.1
  0.1         0.1         0.1243832   0.09969952  0.09997301  0.09971221
  0.50862373  0.09135795  0.11787352  0.09969368  3.22698102  0.33797713
  2.46955887  0.28313147  0.13719229  0.1         0.09950508  1.90807272
  0.19271975  1.59213649  0.28441365  0.09775815  0.1         0.1
  0.09979855  0.09961011  0.0681816   0.10121694  0.09972581  0.099311    0.1
  0.1         0.1         0.09997301  0.0999729   0.10506729  0.09978295
  0.09990759  0.09997301  0.1         0.1         0.1         0.1         0.1
  0.09994295  0.09994487  0.09996087  0.1         0.1         0.1         0.1
  0.1         0.1         0.09996278  0.09994609  0.1         0.1         0.1
  0.1         0.1         0.1         0.1         0.1         0.1         0.1
  0.1         0.09995874  0.09996932  0.1         0.1         0.09977473
  0.09989124  0.10207455  0.09679245  0.09915156  0.09996116  0.09950647
  2.03636188  1.91756119  3.96118493  0.21419939  0.07103133  0.07003766
  0.1         7.33940846  0.09298671  0.95409446  9.63354237  3.0347126
  0.05806332  0.09987474  0.1         0.1         0.09862788  0.02149953
  0.06982424  0.09716433  0.09987602  0.1         0.1         0.1
  0.09997273  0.09994452  0.09996019  0.1         0.1         0.1         0.1
  0.1         0.1         0.09995504  0.09996383  0.1         0.1         0.1
  0.1         0.1         0.1         0.1         0.1         0.1         0.1
  0.1         0.1         0.1         0.1         0.1         0.1         0.1
  0.1         0.1         0.1         0.1         0.09987545  0.09977206
  0.09991073  0.1         0.1         0.1         0.09877542  0.09011887
  0.65616145  0.08963544  0.09879468  0.1         0.1         0.1
  0.07153289  0.31302993  7.95779632  0.          0.09996274  0.1         0.1
  0.1         0.09926637  0.07334934  0.09976042  0.09994442  0.1         0.1
  0.09997301  0.09994624] Density: 46.61761244836463
Cross-validation on partition 7 with 36 instances
....5....10....15....20....25....30....35.
Partition 6: Target: [  2.43651136e-02   1.13073288e-02   5.19901259e-01   3.37666296e-01
   0.00000000e+00   1.63908522e-01   3.07524557e-01   3.88327861e-01
   1.00000000e+00   1.00000000e+00   1.00000000e+00   1.00000000e+00
   3.32546071e-06   3.67545537e-05   1.95552478e-06   4.57448845e-05
   1.31643455e-05   1.88991198e-05   7.39856322e-05   4.73804345e-05
   7.30751161e-05   1.61178151e-01   2.68917395e-05   3.63865469e-05
   4.83825094e-05   2.94398979e-05   2.95402391e-05   0.00000000e+00
   0.00000000e+00   3.40588842e-05   1.89251627e-05   1.14996587e-07
   7.85087164e-05   1.00548592e-04   2.46911901e-06   3.50749179e-07
   4.52861477e-05   1.16964359e-09   0.00000000e+00   0.00000000e+00
   0.00000000e+00   3.25162125e-05   8.51699335e-05   2.31491298e-05
   6.97525706e-05   9.64013477e-05   3.54851058e-01   0.00000000e+00
   2.74016716e-05   2.73388800e-05   5.20172228e-05   4.06187526e-05
   8.81402690e-05   1.42112279e-04   1.88991198e-05   0.00000000e+00
   0.00000000e+00   0.00000000e+00   0.00000000e+00   1.88991198e-05
   2.18138802e-05   3.10884592e-05   2.67824495e-05   0.00000000e+00
   0.00000000e+00   0.00000000e+00   0.00000000e+00   0.00000000e+00
   0.00000000e+00   0.00000000e+00   6.23862734e-05   1.88991198e-05
   6.05243515e-05   0.00000000e+00   1.86918535e-05   3.36493417e-05
   6.19270774e-05   0.00000000e+00   7.34960805e-07   0.00000000e+00
   2.34053990e-05   3.00541280e-04   0.00000000e+00   5.92050248e-05
   3.98023535e-03   0.00000000e+00   0.00000000e+00   1.63185689e-04
   2.24343874e-04   0.00000000e+00   0.00000000e+00   5.11619169e-05
   6.82785853e-05   0.00000000e+00   0.00000000e+00   3.51987408e-05
   1.65523112e-04   0.00000000e+00   0.00000000e+00   0.00000000e+00
   1.88991198e-05   1.89369469e-05   0.00000000e+00   5.30633863e-05
   3.48502114e-05   1.88991198e-05   0.00000000e+00   0.00000000e+00
   0.00000000e+00   0.00000000e+00   0.00000000e+00   2.74318108e-05
   2.69708765e-05   2.27393282e-05   0.00000000e+00   0.00000000e+00
   0.00000000e+00   0.00000000e+00   0.00000000e+00   0.00000000e+00
   2.21803289e-05   2.66706401e-05   0.00000000e+00   0.00000000e+00
   0.00000000e+00   0.00000000e+00   0.00000000e+00   0.00000000e+00
   0.00000000e+00   0.00000000e+00   0.00000000e+00   0.00000000e+00
   0.00000000e+00   2.33497795e-05   2.01445954e-05   0.00000000e+00
   0.00000000e+00   5.40358862e-05   2.12405754e-06   6.34181934e-05
   4.30005724e-05   1.97294152e-04   2.26562429e-05   7.88696136e-05
   1.10711822e-02   0.00000000e+00   0.00000000e+00   8.41200377e-05
   2.63373388e-04   4.16849204e-05   0.00000000e+00   0.00000000e+00
   1.30031755e-02   9.11395797e-01   1.00000000e+00   2.57062675e-04
   1.78822710e-04   4.05042940e-05   0.00000000e+00   0.00000000e+00
   8.80830233e-05   9.88138677e-04   0.00000000e+00   1.24613900e-04
   5.77857312e-05   0.00000000e+00   0.00000000e+00   0.00000000e+00
   1.89962083e-05   2.70537781e-05   2.29369576e-05   0.00000000e+00
   0.00000000e+00   0.00000000e+00   0.00000000e+00   0.00000000e+00
   0.00000000e+00   2.43676364e-05   2.18680328e-05   0.00000000e+00
   0.00000000e+00   0.00000000e+00   0.00000000e+00   0.00000000e+00
   0.00000000e+00   0.00000000e+00   0.00000000e+00   0.00000000e+00
   0.00000000e+00   0.00000000e+00   0.00000000e+00   0.00000000e+00
   0.00000000e+00   0.00000000e+00   0.00000000e+00   0.00000000e+00
   0.00000000e+00   0.00000000e+00   0.00000000e+00   0.00000000e+00
   4.03910685e-05   5.43475390e-05   4.14684254e-04   0.00000000e+00
   0.00000000e+00   0.00000000e+00   1.19419401e-04   4.73410008e-05
   5.36228056e-07   1.70762181e-04   4.02420681e-04   0.00000000e+00
   0.00000000e+00   0.00000000e+00   2.32770341e-04   1.00000000e+00
   2.51625484e-01   2.53995057e-04   2.21916614e-05   0.00000000e+00
   0.00000000e+00   0.00000000e+00   3.83204172e-04   3.02152508e-01
   7.65314622e-06   2.70801551e-05   0.00000000e+00   0.00000000e+00
   1.88991198e-05   2.66342064e-05] Scale: [  0.05797892   0.01866777   0.35246605   0.8643551    0.11673287
   0.43598092   0.12756609   0.90855212   4.88398618   5.0964645
   4.9667215    1.92335707   0.10133783   0.06519995   0.05126265
   0.07343794   0.08461011   0.09992434   0.09553273   0.08307288
   0.08982361   0.0379653    0.09984634   0.09971726   0.0994958
   0.09981562   0.09981435   0.1          0.1          0.09975262
   0.11506872   0.06200117   0.09779659   0.06106808   0.04820691
   0.02936565   0.09546448   0.03450503   0.55643031   0.01149993
   0.06795038   0.09977472   0.098147     0.09089555   0.06964945
   0.07741313   0.           0.1          0.09984042   0.09984116
   0.09941538   0.0996467    0.09823821   0.08588185   0.09992434   0.1
   0.1          0.1          0.1          0.09992434   0.0998991
   0.09979422   0.09984759   0.1          0.1          0.1          0.1
   0.1          0.1          0.08640339   0.0991504    0.09992434
   0.09917827   0.12566281   0.06964905   0.09819455   0.09914352
   3.13818676   0.05280563   0.73818101   0.03636871   0.06151377   0.1
   0.09749034   2.52282981   0.           4.00278406   0.06220897
   0.08368259   0.1          0.1          0.09943487   0.09894634
   0.19726627   0.10194122   0.09393591   0.09572327   0.1          0.1
   0.1          0.09992434   0.09992403   0.1224873    0.09939105
   0.09974087   0.09992434   0.1          0.1          0.1          0.1
   0.1          0.09984007   0.09984543   0.09989032   0.1          0.1
   0.1          0.1          0.1          0.1          0.09989567
   0.09984887   0.1          0.1          0.1          0.1          0.1
   0.1          0.1          0.1          0.1          0.1          0.1
   0.09988432   0.099914     0.1          0.1          0.09936796
   0.10082861   0.09364255   0.09160631   0.09198389   0.09989112
   0.09861367   1.32504636   1.81911674   3.48309607   0.03740641
   0.05285253   0.09957839   0.1          8.42174016   0.2561636
   1.10075996  10.49335394   0.0587357    0.0919037    0.09964872   0.1
   0.1          0.09866196   0.           0.           0.09483756
   0.09951015   0.1          0.1          0.1          0.09992355
   0.09984447   0.09988839   0.1          0.1          0.1          0.1
   0.1          0.1          0.09987397   0.09989859   0.1          0.1
   0.1          0.1          0.1          0.1          0.1          0.1
   0.1          0.1          0.1          0.1          0.1          0.1
   0.1          0.1          0.1          0.1          0.1          0.1
   0.1          0.09965071   0.09936047   0.07662938   0.1          0.1
   0.1          0.09654953   0.07478542   0.07913842   0.0821789
   0.07644482   0.1          0.1          0.1          0.05692027
   2.72010721   0.11385379   0.05903257   0.09989556   0.1          0.1
   0.1          0.07609824   0.           0.09868609   0.09984417   0.1
   0.1          0.09992434   0.09984929] Density: 42.27785750307113
Cross-validation on partition 8 with 37 instances
....5....10....15....20....25....30....35..
Partition 7: Target: [  2.23569750e-01   8.33674270e-02   1.00000000e+00   1.00000000e+00
   1.42362333e-03   8.39280130e-01   1.00000000e+00   1.00000000e+00
   1.18036851e-02   1.00000000e+00   4.36206377e-01   2.32751141e-01
   8.90480801e-05   3.04134316e-04   4.30598377e-04   0.00000000e+00
   2.27295421e-04   2.72334842e-05   7.61979992e-05   5.52292176e-05
   1.63907963e-05   2.89608801e-05   3.87558254e-05   5.24508733e-05
   6.97689467e-05   4.24303561e-05   4.25750633e-05   0.00000000e+00
   0.00000000e+00   4.90926600e-05   2.22300065e-04   1.19360135e-04
   1.04934501e-04   7.00665550e-05   1.38100263e-04   1.35275981e-04
   7.60360042e-05   0.00000000e+00   4.12496591e-03   1.25210353e-03
   0.00000000e+00   4.68673110e-05   1.18661863e-04   4.17262832e-05
   1.30623558e-04   1.44619479e-04   2.37651632e-04   0.00000000e+00
   3.94911194e-05   3.94005761e-05   7.50205127e-05   5.57046304e-05
   1.27791707e-04   0.00000000e+00   2.72334842e-05   0.00000000e+00
   0.00000000e+00   0.00000000e+00   0.00000000e+00   2.72334842e-05
   3.14349524e-05   4.48079537e-05   3.85982380e-05   0.00000000e+00
   0.00000000e+00   0.00000000e+00   0.00000000e+00   0.00000000e+00
   0.00000000e+00   0.00000000e+00   8.48855756e-05   2.72334842e-05
   8.78704697e-05   0.00000000e+00   8.38331727e-05   2.34909319e-04
   8.94680593e-05   0.00000000e+00   0.00000000e+00   0.00000000e+00
   0.00000000e+00   1.24756946e-05   0.00000000e+00   1.09208002e-04
   0.00000000e+00   8.47689305e-03   0.00000000e+00   2.57159821e-04
   2.03007011e-04   0.00000000e+00   0.00000000e+00   7.37845336e-05
   7.44236561e-05   1.09817046e-05   4.11988039e-05   6.62657467e-01
   1.00000000e+00   0.00000000e+00   0.00000000e+00   0.00000000e+00
   2.72334842e-05   2.72880066e-05   0.00000000e+00   7.65324707e-05
   5.02342719e-05   2.72334842e-05   0.00000000e+00   0.00000000e+00
   0.00000000e+00   0.00000000e+00   0.00000000e+00   3.95345791e-05
   3.88699351e-05   3.27690513e-05   0.00000000e+00   0.00000000e+00
   0.00000000e+00   0.00000000e+00   0.00000000e+00   0.00000000e+00
   3.19632072e-05   3.84370190e-05   0.00000000e+00   0.00000000e+00
   0.00000000e+00   0.00000000e+00   0.00000000e+00   0.00000000e+00
   0.00000000e+00   0.00000000e+00   0.00000000e+00   0.00000000e+00
   0.00000000e+00   3.36490929e-05   2.90287043e-05   0.00000000e+00
   0.00000000e+00   7.79381439e-05   5.44546281e-05   1.61912055e-05
   1.47093497e-04   4.94268419e-04   3.26492755e-05   1.13904280e-04
   0.00000000e+00   0.00000000e+00   0.00000000e+00   3.17236670e-05
   4.78846473e-04   3.07143577e-04   0.00000000e+00   0.00000000e+00
   0.00000000e+00   0.00000000e+00   9.07103854e-01   1.00000000e+00
   1.00000000e+00   5.83932873e-05   0.00000000e+00   0.00000000e+00
   1.15245609e-04   2.02750428e-05   1.00000000e+00   1.00000000e+00
   1.00000000e+00   0.00000000e+00   0.00000000e+00   0.00000000e+00
   2.73734236e-05   3.89894737e-05   3.30539557e-05   0.00000000e+00
   0.00000000e+00   0.00000000e+00   0.00000000e+00   0.00000000e+00
   0.00000000e+00   3.51165208e-05   3.15130156e-05   0.00000000e+00
   0.00000000e+00   0.00000000e+00   0.00000000e+00   0.00000000e+00
   0.00000000e+00   0.00000000e+00   0.00000000e+00   0.00000000e+00
   0.00000000e+00   0.00000000e+00   0.00000000e+00   0.00000000e+00
   0.00000000e+00   0.00000000e+00   0.00000000e+00   0.00000000e+00
   0.00000000e+00   0.00000000e+00   0.00000000e+00   0.00000000e+00
   5.82298603e-05   7.83886507e-05   4.93794702e-05   0.00000000e+00
   0.00000000e+00   0.00000000e+00   1.68190493e-04   1.01727073e-04
   0.00000000e+00   3.61685399e-04   6.82822633e-05   0.00000000e+00
   0.00000000e+00   0.00000000e+00   6.32700440e-05   1.00000000e+00
   4.49100060e-01   4.05617655e-01   3.19795437e-05   0.00000000e+00
   0.00000000e+00   0.00000000e+00   3.06378388e-04   3.58068114e-04
   1.00000000e+00   3.90275077e-05   0.00000000e+00   0.00000000e+00
   2.72334842e-05   3.83844851e-05] Scale: [  0.69193246   0.31871142   0.96698921   2.66172596   0.03394182
   3.9786135    1.15328309   2.85258537   0.33571722   2.37548501
   1.40272092   1.02085033   0.09933148   0.06184517   0.11478311
   0.11112522   0.06390638   0.0999493    0.09622618   0.08290159
   0.08669648   0.08135788   0.09989707   0.09981072   0.09966279
   0.09987651   0.09987566   0.1          0.1          0.09983436
   0.09331967   0.07881918   0.09824471   0.07926883   0.07207969
   0.07249039   0.09590234   0.38727074   1.15076577   0.11405987
   0.12399307   0.09984914   0.09877141   0.09562418   0.09234156
   0.08544505   0.0710703    0.1          0.09989311   0.0998936
   0.09960915   0.09976483   0.0988238    0.10773665   0.0999493    0.1
   0.1          0.1          0.1          0.0999493    0.09993239
   0.09986219   0.09989791   0.1          0.1          0.1          0.1
   0.1          0.1          0.11429726   0.09943506   0.0999493
   0.0994445    0.54756338   0.08037181   0.09313195   0.09942766
   3.85995672   0.057161     1.04150213   0.20940048   0.10259331   0.1
   0.09761478   2.36759723   0.39607355   3.36652577   0.03399781
   0.04162574   0.1          0.1          0.09962215   0.0994221
   0.08791388   0.06639236   0.14295159   1.10018003   0.1          0.1
   0.1          0.0999493    0.09994909   0.06944701   0.09959293
   0.09982651   0.0999493    0.1          0.1          0.1          0.1
   0.1          0.09989287   0.09989646   0.09992651   0.1          0.1
   0.1          0.1          0.1          0.1          0.0999301
   0.09989876   0.1          0.1          0.1          0.1          0.1
   0.1          0.1          0.1          0.1          0.1          0.1
   0.0999225    0.09994237   0.1          0.1          0.09957754
   0.09979584   0.09941108   0.09144762   0.06708218   0.09992705
   0.09907645   2.58984899   2.8138333    2.15486359   0.02348011
   0.04818092   0.07636026   0.1          9.16926992   1.06696419
   1.6332781    1.98216715   1.88412296   1.56351411   0.0997649    0.1
   0.1          0.09913483   0.01832452   3.43900748   0.87278492
   1.08657464   0.1          0.1          0.1          0.09994877
   0.09989582   0.09992523   0.1          0.1          0.1          0.1
   0.1          0.1          0.09991557   0.09993206   0.1          0.1
   0.1          0.1          0.1          0.1          0.1          0.1
   0.1          0.1          0.1          0.1          0.1          0.1
   0.1          0.1          0.1          0.1          0.1          0.1
   0.1          0.09976623   0.09957254   0.09983241   0.1          0.1
   0.1          0.09589065   0.05893609   0.22039087   0.08527879
   0.09967723   0.1          0.1          0.1          0.01682454
  11.55809609   0.1134986    0.           0.09993002   0.1          0.1
   0.1          0.08336344   0.04896513   0.53900462   0.09989562   0.1
   0.1          0.0999493    0.09989904] Density: 46.5884124006098
Cross-validation on partition 9 with 41 instances
....5....10....15....20....25....30....35....40.
Partition 8: Target: [ 0.03584094  0.01215117  1.          1.          0.37960305  0.05870393
  1.          1.          1.          1.          0.01354697  1.          0.
  0.          0.          0.          0.          0.          0.          0.
  0.21640712  1.          0.          0.          0.          0.          0.
  0.          0.          0.          0.          0.          0.          0.
  0.          0.          0.          0.          0.0020304   0.02559876
  0.          0.          0.          0.          0.          0.          0.
  0.          0.          0.          0.          0.          0.          0.
  0.          0.          0.          0.          0.          0.          0.
  0.          0.          0.          0.          0.          0.          0.
  0.          0.          0.          0.          0.          0.          0.
  0.          0.          0.          0.          0.          0.          0.
  0.          0.          0.00555097  0.          0.          0.          0.
  0.          0.          0.          0.          0.          0.          0.
  0.          0.          0.          0.          0.          0.          0.
  0.          0.          0.          0.          0.          0.          0.
  0.          0.          0.          0.          0.          0.          0.
  0.          0.          0.          0.          0.          0.          0.
  0.          0.          0.          0.          0.          0.          0.
  0.          0.          0.          0.          0.          0.          0.
  0.          0.          0.          0.          0.          0.
  0.00209799  0.          0.          0.          0.          0.          0.
  0.          0.          1.          0.05910518  0.          0.          0.
  0.          0.          0.          0.          0.          0.          0.
  0.          0.          0.          0.          0.          0.          0.
  0.          0.          0.          0.          0.          0.          0.
  0.          0.          0.          0.          0.          0.          0.
  0.          0.          0.          0.          0.          0.          0.
  0.          0.          0.          0.          0.          0.          0.
  0.          0.          0.          0.          0.          0.          0.
  0.          0.          0.          0.          0.          0.          0.
  0.          0.83257773  0.1500404   0.          0.          0.          0.
  0.          0.          0.22289798  0.          0.          0.          0.
  0.          0.        ] Scale: [  9.14629809e-02   4.11274965e-02   2.50360816e+00   2.02991128e+00
   1.05283643e-01   9.03305231e-01   6.01417246e-01   1.69943061e+00
   6.43803186e+00   4.31392583e+00   1.52391241e+00   2.93046665e+00
   9.80605466e-02   2.22680173e-02   5.22211255e-02   2.96639680e-02
   5.42104550e-02   9.98585089e-02   9.12092018e-02   6.88536762e-02
   0.00000000e+00   6.36129248e+00   9.97126982e-02   9.94714842e-02
   9.90578654e-02   9.96552794e-02   9.96529092e-02   1.00000000e-01
   1.00000000e-01   9.95375459e-02   6.03016508e-02   7.40854321e-03
   8.19669970e-02   2.75917867e-02   1.76181321e-02   1.66009077e-02
   9.47378181e-02   3.08287805e-02   1.15755832e-01   5.35002497e-03
   1.24435562e-03   9.95788349e-02   9.65340678e-02   8.63610405e-02
   6.52728209e-02   6.38028112e-02   5.10720344e-02   1.00000000e-01
   9.97016336e-02   9.97030075e-02   9.89077483e-02   9.93396657e-02
   9.67107186e-02   8.87938200e-02   9.98585089e-02   1.00000000e-01
   1.00000000e-01   1.00000000e-01   1.00000000e-01   9.98585089e-02
   9.98113235e-02   9.96152867e-02   9.97150419e-02   1.00000000e-01
   1.00000000e-01   1.00000000e-01   1.00000000e-01   1.00000000e-01
   1.00000000e-01   5.70212293e-02   9.84134181e-02   9.98585089e-02
   9.84916072e-02   6.88763759e-02   3.22856441e-02   9.43223758e-02
   9.84008324e-02   8.19921325e-02   1.88090559e-02   1.30257943e+00
   3.43120663e-02   7.99436108e-02   1.00000000e-01   9.68981739e-02
   5.50867059e-01   1.27659992e+00   2.73086002e+00   1.46540076e-02
   5.42183613e-02   1.00000000e-01   1.00000000e-01   9.89441340e-02
   9.80307183e-02   6.49671251e-02   3.22389974e-02   8.42743486e-02
   9.64633561e-02   1.00000000e-01   1.00000000e-01   1.00000000e-01
   9.98585089e-02   9.98579403e-02   3.73383166e-02   9.88623487e-02
   9.95155962e-02   9.98585089e-02   1.00000000e-01   1.00000000e-01
   1.00000000e-01   1.00000000e-01   1.00000000e-01   9.97009730e-02
   9.97109950e-02   9.97949081e-02   1.00000000e-01   1.00000000e-01
   1.00000000e-01   1.00000000e-01   1.00000000e-01   1.00000000e-01
   9.98049063e-02   9.97174295e-02   1.00000000e-01   1.00000000e-01
   1.00000000e-01   1.00000000e-01   1.00000000e-01   1.00000000e-01
   1.00000000e-01   1.00000000e-01   1.00000000e-01   1.00000000e-01
   1.00000000e-01   9.97837006e-02   9.98391839e-02   1.00000000e-01
   1.00000000e-01   9.88192588e-02   9.94299046e-02   8.68306483e-02
   7.98081854e-02   9.67369273e-02   9.97964101e-02   9.74134771e-02
   1.40898904e+00   2.43988574e+00   2.65727904e+00   2.00160739e-02
   5.18931848e-02   9.92329756e-02   1.00000000e-01   9.82087814e-02
   7.69401193e-02   6.29101618e+00   1.70738770e-01   4.63256071e-02
   9.21828628e-02   9.93434309e-02   1.00000000e-01   1.00000000e-01
   9.75511117e-02   1.21580717e-02   7.16365439e-03   9.47620946e-02
   9.93501160e-02   1.00000000e-01   1.00000000e-01   1.00000000e-01
   9.98570473e-02   9.97092053e-02   9.97913128e-02   1.00000000e-01
   1.00000000e-01   1.00000000e-01   1.00000000e-01   1.00000000e-01
   1.00000000e-01   9.97643415e-02   9.98103820e-02   1.00000000e-01
   1.00000000e-01   1.00000000e-01   1.00000000e-01   1.00000000e-01
   1.00000000e-01   1.00000000e-01   1.00000000e-01   1.00000000e-01
   1.00000000e-01   1.00000000e-01   1.00000000e-01   1.00000000e-01
   1.00000000e-01   1.00000000e-01   1.00000000e-01   1.00000000e-01
   1.00000000e-01   1.00000000e-01   1.00000000e-01   1.00000000e-01
   9.93471446e-02   9.88052683e-02   9.95320805e-02   1.00000000e-01
   1.00000000e-01   1.00000000e-01   9.10024847e-02   7.97614432e-02
   3.64714913e-02   7.68430150e-02   9.90982449e-02   1.00000000e-01
   1.00000000e-01   1.00000000e-01   2.71354588e-02   6.05408062e-01
   0.00000000e+00   6.29332259e-02   9.98047061e-02   1.00000000e-01
   1.00000000e-01   1.00000000e-01   9.83064337e-02   5.28461080e-03
   9.08012914e-02   9.97086347e-02   1.00000000e-01   1.00000000e-01
   9.98585089e-02   9.97182053e-02] Density: 56.85595920659618
Cross-validation on partition 10 with 29 instances
....5....10....15....20....25....
Partition 9: Target: [  7.99617281e-01   2.69224568e-01   9.99971034e-01   1.00000000e+00
   6.87955482e-02   9.68007192e-01   9.99807775e-01   1.00000000e+00
   2.56533263e-02   1.00000000e+00   6.83877855e-01   3.13657946e-01
   8.84236126e-05   2.19683952e-05   2.39969745e-04   2.05851706e-04
   1.98545695e-04   3.30434655e-05   1.11412838e-04   1.42070417e-04
   1.18942875e-04   8.58383619e-05   4.70049014e-05   6.35721065e-05
   8.44642048e-05   5.14533129e-05   5.16284515e-05   0.00000000e+00
   0.00000000e+00   5.95128272e-05   7.46332171e-05   1.12025667e-05
   9.25246390e-05   2.82968442e-05   3.91618539e-05   6.71204118e-05
   7.97287757e-05   0.00000000e+00   3.32549192e-02   0.00000000e+00
   0.00000000e+00   5.68216848e-05   1.41700522e-04   1.05143506e-04
   2.22144768e-04   1.67854052e-04   4.20158397e-04   0.00000000e+00
   4.78952245e-05   4.77855957e-05   9.07835578e-05   6.73964596e-05
   1.53335927e-04   1.59991639e-04   3.30434655e-05   0.00000000e+00
   0.00000000e+00   0.00000000e+00   0.00000000e+00   3.30434655e-05
   3.81362686e-05   5.43304556e-05   4.68140776e-05   0.00000000e+00
   0.00000000e+00   0.00000000e+00   0.00000000e+00   0.00000000e+00
   0.00000000e+00   0.00000000e+00   1.02514593e-04   3.30434655e-05
   1.05294657e-04   0.00000000e+00   8.86041890e-05   1.22395392e-04
   1.08061110e-04   0.00000000e+00   1.09953148e-06   0.00000000e+00
   3.26857939e-07   6.60557274e-06   0.00000000e+00   1.26318490e-04
   1.92456160e-02   4.00899316e-02   0.00000000e+00   2.77369958e-04
   3.08366461e-04   0.00000000e+00   0.00000000e+00   8.92970236e-05
   9.69846699e-05   7.13462921e-05   1.52996987e-05   2.68859155e-04
   4.78616542e-04   0.00000000e+00   0.00000000e+00   0.00000000e+00
   3.30434655e-05   3.31095674e-05   1.79615689e-05   9.26013633e-05
   6.08930196e-05   3.30434655e-05   0.00000000e+00   0.00000000e+00
   0.00000000e+00   0.00000000e+00   0.00000000e+00   4.79478446e-05
   4.71430754e-05   3.97529556e-05   0.00000000e+00   0.00000000e+00
   0.00000000e+00   0.00000000e+00   0.00000000e+00   0.00000000e+00
   3.87764447e-05   4.66188523e-05   0.00000000e+00   0.00000000e+00
   0.00000000e+00   0.00000000e+00   0.00000000e+00   0.00000000e+00
   0.00000000e+00   0.00000000e+00   0.00000000e+00   0.00000000e+00
   0.00000000e+00   4.08192831e-05   3.52197847e-05   0.00000000e+00
   0.00000000e+00   9.42907251e-05   6.59930498e-05   4.52071889e-06
   1.51793340e-04   1.55718143e-04   3.96078181e-05   1.37253179e-04
   0.00000000e+00   0.00000000e+00   0.00000000e+00   2.49737488e-05
   4.17122243e-04   3.51940462e-04   0.00000000e+00   0.00000000e+00
   0.00000000e+00   0.00000000e+00   2.67625587e-02   3.78588035e-04
   3.08325573e-04   7.07491560e-05   0.00000000e+00   0.00000000e+00
   1.34779506e-04   1.19031836e-01   2.36051472e-07   3.48441349e-04
   1.65711837e-04   0.00000000e+00   0.00000000e+00   0.00000000e+00
   3.32131246e-05   4.72878211e-05   4.00981791e-05   0.00000000e+00
   0.00000000e+00   0.00000000e+00   0.00000000e+00   0.00000000e+00
   0.00000000e+00   4.25971057e-05   3.82308732e-05   0.00000000e+00
   0.00000000e+00   0.00000000e+00   0.00000000e+00   0.00000000e+00
   0.00000000e+00   0.00000000e+00   0.00000000e+00   0.00000000e+00
   0.00000000e+00   0.00000000e+00   0.00000000e+00   0.00000000e+00
   0.00000000e+00   0.00000000e+00   0.00000000e+00   0.00000000e+00
   0.00000000e+00   0.00000000e+00   0.00000000e+00   0.00000000e+00
   7.05518818e-05   9.48320150e-05   5.98596009e-05   0.00000000e+00
   0.00000000e+00   0.00000000e+00   2.07987250e-04   2.76071483e-05
   0.00000000e+00   3.99298759e-04   8.26737617e-05   0.00000000e+00
   0.00000000e+00   0.00000000e+00   3.29386590e-01   1.00000000e+00
   0.00000000e+00   3.95888502e-04   3.87962418e-05   0.00000000e+00
   0.00000000e+00   0.00000000e+00   1.86675951e-04   1.39276402e-04
   5.01028844e-04   4.73338748e-05   0.00000000e+00   0.00000000e+00
   3.30434655e-05   4.65552364e-05] Scale: [  1.67579649   0.6627556    0.8270034    3.71570681   0.           4.60233568
   0.99010748   4.13902526   0.35744395   3.27605222   1.69885098
   1.31843392   0.09904873   0.01825014   0.07867763   0.05884696
   0.05031934   0.09992412   0.09557773   0.08892171   0.07740175
   0.05268471   0.09984592   0.09971654   0.09949467   0.09981512
   0.09981385   0.1          0.1          0.09975198   0.09232164
   0.0495557    0.0977152    0.05620295   0.05749455   0.03567921
   0.09534265   0.09772939   1.15722397   0.           0.           0.09977412
   0.09815046   0.09131545   0.07653968   0.07650451   0.07195708   0.1
   0.09983998   0.09984072   0.09941414   0.09964739   0.09823844
   0.09267811   0.09992412   0.1          0.1          0.1          0.1
   0.09992412   0.09989881   0.09979367   0.09984717   0.1          0.1
   0.1          0.1          0.1          0.1          0.11632676
   0.09915186   0.09992412   0.09917151   0.54281141   0.06719771
   0.09665805   0.09914182   4.56481599   0.03205745   0.44226882
   0.01299614   0.10088143   0.1          0.09718686   2.01597636
   0.27051726   3.6344971    0.03814842   0.05227944   0.1          0.1
   0.09943366   0.09909459   0.04373066   0.05342332   0.09452728
   0.0775098    0.1          0.1          0.1          0.09992412
   0.09992381   0.04687764   0.09938979   0.0997402    0.09992412   0.1
   0.1          0.1          0.1          0.1          0.09983963
   0.099845     0.09989001   0.1          0.1          0.1          0.1
   0.1          0.1          0.09989537   0.09984846   0.1          0.1
   0.1          0.1          0.1          0.1          0.1          0.1
   0.1          0.1          0.1          0.099884     0.09991375   0.1
   0.1          0.09936667   0.09969424   0.09876772   0.08917639
   0.0982537    0.09989081   0.09861233   2.87776156   3.50773336
   1.803726     0.01375286   0.04361864   0.07333297   0.1         12.33968853
   0.29676554   2.79795884   0.13056478   0.05866952   0.09045202
   0.09964786   0.1          0.1          0.09869972   0.           0.01905181
   0.0779524    0.09687074   0.1          0.1          0.1          0.09992334
   0.09984404   0.09988808   0.1          0.1          0.1          0.1
   0.1          0.1          0.09987362   0.09989831   0.1          0.1
   0.1          0.1          0.1          0.1          0.1          0.1
   0.1          0.1          0.1          0.1          0.1          0.1
   0.1          0.1          0.1          0.1          0.1          0.1
   0.1          0.09964985   0.09935916   0.09974904   0.1          0.1
   0.1          0.09656548   0.04393432   0.18031827   0.08280115
   0.09951633   0.1          0.1          0.1          0.          10.85501952
   0.           0.06135235   0.09989526   0.1          0.1          0.1
   0.09814127   0.03725501   0.06198753   0.09984374   0.1          0.1
   0.09992412   0.09984887] Density: 46.20458197553884
Using result EMDDResult(target=array([  3.37403623e-01,   2.51850456e-01,   5.24484913e-01,
         4.67863622e-01,   2.59199205e-01,   4.12573773e-01,
         5.02934548e-01,   4.69895734e-01,   4.81253244e-01,
         8.13990839e-01,   3.86800057e-01,   6.80333769e-01,
         5.29832310e-05,   1.06993416e-04,   1.37828655e-04,
         8.39745864e-05,   1.03084481e-04,   2.13474083e-05,
         5.03393857e-05,   9.46062407e-05,   2.17279777e-02,
         1.16199496e-01,   3.03847165e-05,   4.11336167e-05,
         5.47421542e-05,   5.26697171e-05,   3.33814153e-05,
         0.00000000e+00,   0.00000000e+00,   3.84969441e-05,
         5.44767283e-05,   2.06672904e-05,   5.75674943e-05,
         8.12342261e-03,   6.23408121e-05,   2.85656173e-02,
         5.36387599e-05,   1.16964359e-10,   4.01644228e-03,
         2.68566271e-03,   1.17973557e-02,   3.67500701e-05,
         7.56963974e-05,   7.70513611e-05,   9.72969001e-04,
         9.86201410e-05,   1.38081463e-01,   0.00000000e+00,
         3.09616021e-05,   3.08905639e-05,   6.33188716e-05,
         4.49565427e-05,   1.00416731e-04,   4.38821122e-02,
         2.13474083e-05,   0.00000000e+00,   0.00000000e+00,
         0.00000000e+00,   0.00000000e+00,   2.13474083e-05,
         2.46421978e-05,   3.51337258e-05,   3.02610820e-05,
         0.00000000e+00,   0.00000000e+00,   0.00000000e+00,
         0.00000000e+00,   0.00000000e+00,   0.00000000e+00,
         1.12924564e-05,   6.81647028e-05,   2.13474083e-05,
         6.86742247e-05,   5.39988889e-07,   3.58422194e-05,
         9.87589822e-05,   6.82802635e-05,   0.00000000e+00,
         2.70756843e-02,   1.01269331e-01,   5.68916612e-02,
         1.15385912e-04,   0.00000000e+00,   7.90428136e-05,
         6.04879978e-03,   4.85668246e-03,   0.00000000e+00,
         1.10004612e-01,   1.00201635e-01,   0.00000000e+00,
         0.00000000e+00,   5.79007538e-05,   6.91675647e-05,
         9.52056636e-03,   2.39890513e-05,   6.63717348e-02,
         1.00174355e-01,   0.00000000e+00,   0.00000000e+00,
         0.00000000e+00,   2.13474083e-05,   2.13901612e-05,
         1.64754095e-05,   6.00630157e-05,   3.93932001e-05,
         2.13474083e-05,   0.00000000e+00,   0.00000000e+00,
         0.00000000e+00,   0.00000000e+00,   0.00000000e+00,
         3.09956998e-05,   3.04742414e-05,   2.56885201e-05,
         0.00000000e+00,   0.00000000e+00,   0.00000000e+00,
         0.00000000e+00,   0.00000000e+00,   0.00000000e+00,
         2.50564961e-05,   3.01345995e-05,   0.00000000e+00,
         0.00000000e+00,   0.00000000e+00,   0.00000000e+00,
         0.00000000e+00,   0.00000000e+00,   0.00000000e+00,
         0.00000000e+00,   0.00000000e+00,   0.00000000e+00,
         0.00000000e+00,   2.63787639e-05,   2.27551504e-05,
         0.00000000e+00,   0.00000000e+00,   6.11693480e-05,
         2.90699340e-05,   3.58756762e-05,   9.83519797e-05,
         2.13242845e-04,   2.55945784e-05,   8.94239917e-05,
         4.12016385e-03,   0.00000000e+00,   6.48459943e-02,
         3.48413854e-04,   3.11683323e-04,   3.57173463e-04,
         0.00000000e+00,   0.00000000e+00,   1.02007301e-01,
         3.93337454e-01,   5.21276544e-01,   3.32468816e-01,
         2.38656267e-01,   4.58008873e-05,   0.00000000e+00,
         0.00000000e+00,   1.08383603e-04,   4.01028344e-02,
         1.00021828e-01,   1.00131532e-01,   1.00061887e-01,
         0.00000000e+00,   0.00000000e+00,   0.00000000e+00,
         2.14571399e-05,   3.05680262e-05,   2.59119763e-05,
         0.00000000e+00,   0.00000000e+00,   0.00000000e+00,
         0.00000000e+00,   0.00000000e+00,   0.00000000e+00,
         2.75297763e-05,   2.47034204e-05,   0.00000000e+00,
         0.00000000e+00,   0.00000000e+00,   0.00000000e+00,
         0.00000000e+00,   0.00000000e+00,   0.00000000e+00,
         0.00000000e+00,   0.00000000e+00,   0.00000000e+00,
         0.00000000e+00,   0.00000000e+00,   0.00000000e+00,
         0.00000000e+00,   0.00000000e+00,   0.00000000e+00,
         0.00000000e+00,   0.00000000e+00,   0.00000000e+00,
         0.00000000e+00,   0.00000000e+00,   4.56724994e-05,
         6.15239557e-05,   7.67647620e-05,   0.00000000e+00,
         0.00000000e+00,   0.00000000e+00,   1.53896628e-04,
         5.42176757e-05,   3.43242789e-05,   2.47108441e-04,
         9.98786729e-05,   0.00000000e+00,   0.00000000e+00,
         0.00000000e+00,   3.31663558e-02,   7.91590824e-01,
         4.92712879e-01,   3.40789220e-01,   2.50693086e-05,
         0.00000000e+00,   0.00000000e+00,   0.00000000e+00,
         2.24732932e-04,   1.88388775e-01,   1.00140937e-01,
         3.05978661e-05,   0.00000000e+00,   0.00000000e+00,
         2.13474083e-05,   3.00933848e-05]), scale=array([ 0.49281392,  0.37061973,  0.69543184,  1.38856322,  0.55464712,
        1.89694021,  0.52567802,  1.3361681 ,  2.14765624,  2.41643902,
        1.6743042 ,  1.77676513,  0.09954116,  0.06403622,  0.08250789,
        0.07967263,  0.07825269,  0.09993972,  0.09992841,  0.08115881,
        0.08033399,  0.7039777 ,  0.0998776 ,  0.09977483,  0.09959856,
        0.09937603,  0.09985213,  0.1       ,  0.1       ,  0.09980298,
        0.09992025,  0.07042241,  0.0939027 ,  0.0736283 ,  0.06238407,
        0.05062497,  0.09716854,  0.1348848 ,  0.80612908,  0.07123105,
        0.1119846 ,  0.09982057,  0.09857053,  0.08365071,  0.08413143,
        0.08683323,  0.32906718,  0.1       ,  0.09987289,  0.09987347,
        0.09951349,  0.09971866,  0.09859818,  0.08505789,  0.09993972,
        0.1       ,  0.1       ,  0.1       ,  0.1       ,  0.09993972,
        0.09991962,  0.0998361 ,  0.0998786 ,  0.1       ,  0.1       ,
        0.1       ,  0.1       ,  0.1       ,  0.1       ,  0.10338228,
        0.09932504,  0.09993972,  0.09934964,  0.36063694,  0.07570016,
        0.09812604,  0.09932084,  3.12223665,  0.0842707 ,  0.86631123,
        0.09067298,  0.09410397,  0.1       ,  0.09837201,  1.96915805,
        0.3459799 ,  2.697434  ,  0.06556988,  0.27811438,  0.1       ,
        0.1       ,  0.09955009,  0.09915386,  0.07873643,  0.0819515 ,
        0.09912401,  0.19419111,  0.1       ,  0.1       ,  0.1       ,
        0.09993972,  0.09993948,  0.08888559,  0.09951523,  0.09979362,
        0.09993972,  0.1       ,  0.1       ,  0.1       ,  0.1       ,
        0.1       ,  0.09987261,  0.09987688,  0.09991263,  0.1       ,
        0.1       ,  0.1       ,  0.1       ,  0.1       ,  0.1       ,
        0.09991689,  0.09987962,  0.1       ,  0.1       ,  0.1       ,
        0.1       ,  0.1       ,  0.1       ,  0.1       ,  0.1       ,
        0.1       ,  0.1       ,  0.1       ,  0.09990785,  0.09993149,
        0.1       ,  0.1       ,  0.09949687,  0.10007437,  0.0974025 ,
        0.09283032,  0.0896966 ,  0.09991327,  0.09889733,  1.83851143,
        2.08355322,  2.37384499,  0.05988344,  0.05755818,  0.08672536,
        0.1       ,  7.3334533 ,  1.34868692,  2.14316159,  4.24308656,
        0.71230619,  0.38788717,  0.09972026,  0.1       ,  0.1       ,
        0.09858275,  0.01406377,  0.38140906,  0.170691  ,  0.1978559 ,
        0.1       ,  0.1       ,  0.1       ,  0.0999391 ,  0.09987611,
        0.0999111 ,  0.1       ,  0.1       ,  0.1       ,  0.1       ,
        0.1       ,  0.1       ,  0.09989961,  0.09991922,  0.1       ,
        0.1       ,  0.1       ,  0.1       ,  0.1       ,  0.1       ,
        0.1       ,  0.1       ,  0.1       ,  0.1       ,  0.1       ,
        0.1       ,  0.1       ,  0.1       ,  0.1       ,  0.1       ,
        0.1       ,  0.1       ,  0.1       ,  0.1       ,  0.1       ,
        0.09972184,  0.0994909 ,  0.09748862,  0.1       ,  0.1       ,
        0.1       ,  0.09493104,  0.06864998,  0.3280687 ,  0.08652831,
        0.09709651,  0.1       ,  0.1       ,  0.1       ,  0.04379927,
        5.73005901,  3.24994573,  0.42349634,  0.0999168 ,  0.1       ,
        0.1       ,  0.1       ,  0.09227293,  0.20946784,  0.13419291,
        0.09987587,  0.1       ,  0.1       ,  0.09993972,  0.09987995]), density=47.14737732892992) for prediction
Threshold 0.5
Total bags 200
Total positive bags 100
Total negative bags 100
Total predicted positive bags 174
Total predicted negative bags 26
True positives 98
False positives 76
True negatives 24
False negatives 2
Accuracy 0.61
Precision 0.5632183908045977
Recall 0.98
