Cross-validation on partition 1 with 34 instances
....5....10....15....20....25....30....
Partition 0: Target: [  1.09578488e-02   8.72003410e-03   1.00000000e+00   1.84123055e-01
   6.87295423e-01   5.75687004e-01   1.00000000e+00   0.00000000e+00
   1.00000000e+00   1.32191132e-03   2.93621714e-02   1.00000000e+00
   1.38573648e-04   1.19539486e-01   1.00000000e+00   1.93827028e-01
   0.00000000e+00   6.07072766e-06   4.71252047e-05   3.36223881e-01
   1.78357634e-01   3.09890716e-03   8.64127515e-06   1.16994198e-05
   6.67492194e-07   1.11460149e-05   9.49376520e-06   0.00000000e+00
   0.00000000e+00   1.09491755e-05   1.00000000e+00   4.71475067e-06
   0.00000000e+00   1.00000000e+00   1.00000000e+00   1.00000000e+00
   6.74697551e-05   5.15324689e-05   3.20440184e-01   5.26632093e-01
   3.10714491e-01   1.04521507e-05   3.65619753e-05   0.00000000e+00
   6.82131071e-05   9.33812260e-05   0.00000000e+00   0.00000000e+00
   8.80538042e-06   8.78517220e-06   1.67490461e-05   0.00000000e+00
   0.00000000e+00   0.00000000e+00   6.07072766e-06   0.00000000e+00
   0.00000000e+00   0.00000000e+00   0.00000000e+00   6.07072766e-06
   0.00000000e+00   9.99228777e-06   8.60610544e-06   0.00000000e+00
   0.00000000e+00   0.00000000e+00   0.00000000e+00   0.00000000e+00
   0.00000000e+00   0.00000000e+00   3.30976248e-05   6.07072766e-06
   0.00000000e+00   7.13364527e-02   2.10228770e-03   0.00000000e+00
   0.00000000e+00   1.10119109e-04   0.00000000e+00   1.00000000e+00
   3.55652431e-02   1.65848687e-05   0.00000000e+00   4.38684063e-05
   5.23340825e-05   1.37142212e-03   1.00000000e+00   0.00000000e+00
   1.79896425e-05   0.00000000e+00   0.00000000e+00   1.64721275e-05
   1.07226143e-05   2.13911869e-05   1.57148900e-05   0.00000000e+00
   0.00000000e+00   0.00000000e+00   0.00000000e+00   0.00000000e+00
   6.07072766e-06   7.46534430e-06   0.00000000e+00   0.00000000e+00
   0.00000000e+00   6.07072766e-06   0.00000000e+00   0.00000000e+00
   0.00000000e+00   0.00000000e+00   0.00000000e+00   8.81508018e-06
   8.66674193e-06   7.30544166e-06   0.00000000e+00   0.00000000e+00
   0.00000000e+00   0.00000000e+00   0.00000000e+00   0.00000000e+00
   7.12567277e-06   8.57012568e-06   0.00000000e+00   0.00000000e+00
   0.00000000e+00   0.00000000e+00   0.00000000e+00   0.00000000e+00
   0.00000000e+00   0.00000000e+00   0.00000000e+00   0.00000000e+00
   0.00000000e+00   7.50177286e-06   6.47111159e-06   0.00000000e+00
   0.00000000e+00   1.74029380e-05   1.21471898e-05   0.00000000e+00
   1.90248859e-05   3.07933390e-05   7.27872134e-06   0.00000000e+00
   3.15194874e-03   0.00000000e+00   0.00000000e+00   9.22392582e-05
   7.01356786e-04   1.32514410e-05   0.00000000e+00   2.08892285e-05
   7.47401816e-02   0.00000000e+00   0.00000000e+00   0.00000000e+00
   9.64763342e-06   1.30276209e-05   0.00000000e+00   0.00000000e+00
   0.00000000e+00   0.00000000e+00   0.00000000e+00   0.00000000e+00
   1.29617680e-05   0.00000000e+00   0.00000000e+00   0.00000000e+00
   9.71110092e-06   0.00000000e+00   7.36900068e-06   0.00000000e+00
   0.00000000e+00   0.00000000e+00   0.00000000e+00   0.00000000e+00
   0.00000000e+00   7.82917039e-06   7.02524718e-06   0.00000000e+00
   0.00000000e+00   0.00000000e+00   0.00000000e+00   0.00000000e+00
   0.00000000e+00   0.00000000e+00   0.00000000e+00   0.00000000e+00
   0.00000000e+00   0.00000000e+00   0.00000000e+00   0.00000000e+00
   0.00000000e+00   0.00000000e+00   0.00000000e+00   0.00000000e+00
   0.00000000e+00   0.00000000e+00   0.00000000e+00   0.00000000e+00
   1.29910815e-05   1.75039304e-05   1.10132411e-05   0.00000000e+00
   0.00000000e+00   0.00000000e+00   0.00000000e+00   0.00000000e+00
   0.00000000e+00   0.00000000e+00   1.52399454e-05   0.00000000e+00
   0.00000000e+00   0.00000000e+00   0.00000000e+00   1.28371910e-03
   0.00000000e+00   0.00000000e+00   7.12931706e-06   0.00000000e+00
   0.00000000e+00   0.00000000e+00   4.33850691e-08   0.00000000e+00
   0.00000000e+00   8.70190903e-06   0.00000000e+00   0.00000000e+00
   6.07072766e-06   8.55840159e-06] Scale: [ 0.14947733  0.09335573  0.44362284  0.22318153  0.3365467   0.90596956
  0.46042209  0.22607363  1.68059842  0.35702368  0.42050348  1.44084589
  0.05214445  0.1500232   3.85013858  0.04987158  0.12307902  0.09995796
  0.09786887  1.77024168  0.09118419  0.80909321  0.09991465  0.09984302
  0.09720348  0.09988193  0.09989689  0.1         0.1         0.09986263
  1.04233508  0.02176798  0.09891316  5.31433749  3.45499302  2.99683552
  0.09787961  0.06965837  0.52424867  0.23663008  0.          0.09987489
  0.09890673  0.09257801  0.08026179  0.11216555  0.11044273  0.1
  0.09991136  0.09991177  0.09967571  0.10038514  0.10318599  0.11345788
  0.09995796  0.1         0.1         0.1         0.1         0.09995796
  0.11131855  0.09988572  0.09991535  0.1         0.1         0.1         0.1
  0.1         0.1         0.1097546   0.09814533  0.09995796  0.10370065
  0.03684081  0.52923052  0.10098924  0.42054608  0.08590186  0.17397062
  6.80649956  1.84231857  0.08223968  0.1         0.09893063  0.04189364
  0.15792851  2.76489982  0.0818681   0.09758906  0.1         0.1
  0.09968651  0.09942837  0.08910651  0.09173098  0.09607953  0.08310089
  0.1         0.1         0.1         0.09995796  0.09994636  0.12140764
  0.31071765  0.60458731  0.09995796  0.1         0.1         0.1         0.1
  0.1         0.09991117  0.09991414  0.09993907  0.1         0.1         0.1
  0.1         0.1         0.1         0.09994204  0.09991606  0.1         0.1
  0.1         0.1         0.1         0.1         0.1         0.1         0.1
  0.1         0.1         0.09993574  0.09995222  0.1         0.1
  0.09964947  0.09983067  0.35699087  0.09815343  0.09901607  0.09993951
  5.73237361  0.34471084  0.15817685  0.37009572  0.09526167  0.51777964
  0.0998814   0.1         0.0994681   0.99243695  0.4548074   0.61826528
  0.15951382  0.10398846  0.099805    0.1         0.1         0.1013103
  0.07218441  0.09443641  0.37392579  0.09980699  0.1         0.1         0.1
  0.09986486  0.10050472  0.099938    0.1         0.1         0.1         0.1
  0.1         0.1         0.09992999  0.09994367  0.1         0.1         0.1
  0.1         0.1         0.1         0.1         0.1         0.1         0.1
  0.1         0.1         0.1         0.1         0.1         0.1         0.1
  0.1         0.1         0.1         0.1         0.09980611  0.09964532
  0.09986101  0.1         0.1         0.1         0.09844044  0.46584027
  0.11620735  0.29668515  0.09973223  0.1         0.1         0.1
  0.05951768  0.02986983  0.04629079  0.3468812   0.09994198  0.1         0.1
  0.1         0.10009677  0.10762202  0.10330272  0.09991344  0.1         0.1
  0.09995796  0.09991629] Density: 65.51840105562049
Cross-validation on partition 2 with 35 instances
....5....10....15....20....25....30....35
Partition 1: Target: [  6.79635549e-01   9.29293010e-01   8.89019073e-01   6.22046939e-02
   0.00000000e+00   1.00000000e+00   8.94327655e-01   4.88663100e-02
   5.66163421e-04   0.00000000e+00   1.36290085e-01   1.00000000e+00
   6.22058151e-05   5.84901339e-05   7.74459886e-05   1.58633782e-04
   0.00000000e+00   1.71424289e-05   0.00000000e+00   0.00000000e+00
   1.65248596e-04   0.00000000e+00   2.44009274e-05   3.30359933e-05
   4.39722794e-05   2.93400000e-05   2.68080775e-05   0.00000000e+00
   0.00000000e+00   3.09176156e-05   1.68179054e-05   0.00000000e+00
   1.08610486e-05   1.04576781e-05   8.47753188e-05   5.27582732e-05
   1.09439096e-04   4.25635641e-05   0.00000000e+00   0.00000000e+00
   5.23978485e-05   2.95142114e-05   7.60787127e-05   0.00000000e+00
   0.00000000e+00   0.00000000e+00   0.00000000e+00   0.00000000e+00
   2.48643082e-05   2.48072468e-05   4.72932160e-05   3.80613128e-05
   8.38100730e-05   0.00000000e+00   1.71424289e-05   0.00000000e+00
   0.00000000e+00   0.00000000e+00   0.00000000e+00   1.71424289e-05
   1.97885696e-05   2.82157291e-05   2.43016193e-05   0.00000000e+00
   0.00000000e+00   0.00000000e+00   0.00000000e+00   0.00000000e+00
   0.00000000e+00   0.00000000e+00   0.00000000e+00   1.71424289e-05
   1.07804356e-05   4.22470494e-05   3.92068890e-03   2.92419260e-05
   0.00000000e+00   1.30347943e-04   7.29986768e-03   2.76513396e-03
   8.42842336e-02   0.00000000e+00   0.00000000e+00   7.64947577e-05
   7.10633818e-05   1.00000000e+00   1.00000000e+00   0.00000000e+00
   0.00000000e+00   0.00000000e+00   0.00000000e+00   4.65114042e-05
   6.24254404e-05   0.00000000e+00   0.00000000e+00   8.79563008e-06
   2.56776354e-06   0.00000000e+00   0.00000000e+00   0.00000000e+00
   1.71424289e-05   1.93246141e-05   4.80621437e-05   4.82497827e-05
   3.16376756e-05   1.71424289e-05   0.00000000e+00   0.00000000e+00
   0.00000000e+00   0.00000000e+00   0.00000000e+00   2.48916973e-05
   2.44728375e-05   2.06289321e-05   0.00000000e+00   0.00000000e+00
   0.00000000e+00   0.00000000e+00   0.00000000e+00   0.00000000e+00
   2.01213148e-05   2.42000238e-05   0.00000000e+00   0.00000000e+00
   0.00000000e+00   0.00000000e+00   0.00000000e+00   0.00000000e+00
   0.00000000e+00   0.00000000e+00   0.00000000e+00   0.00000000e+00
   0.00000000e+00   2.11833158e-05   1.82730100e-05   0.00000000e+00
   0.00000000e+00   4.91392937e-05   3.43002970e-05   0.00000000e+00
   1.01986448e-04   8.06387728e-05   2.05534814e-05   0.00000000e+00
   7.91657191e-03   0.00000000e+00   2.41000516e-01   6.57100910e-05
   0.00000000e+00   3.73632791e-05   0.00000000e+00   6.02493376e-05
   1.23555942e-01   0.00000000e+00   1.00000000e+00   0.00000000e+00
   0.00000000e+00   3.67862146e-05   0.00000000e+00   0.00000000e+00
   1.15740779e-04   0.00000000e+00   3.55784924e-07   0.00000000e+00
   3.66002788e-05   0.00000000e+00   0.00000000e+00   0.00000000e+00
   2.28318364e-05   2.45481695e-05   2.08084049e-05   0.00000000e+00
   0.00000000e+00   0.00000000e+00   0.00000000e+00   0.00000000e+00
   0.00000000e+00   2.21077916e-05   1.98377406e-05   0.00000000e+00
   0.00000000e+00   0.00000000e+00   0.00000000e+00   0.00000000e+00
   0.00000000e+00   0.00000000e+00   0.00000000e+00   0.00000000e+00
   0.00000000e+00   0.00000000e+00   0.00000000e+00   0.00000000e+00
   0.00000000e+00   0.00000000e+00   0.00000000e+00   0.00000000e+00
   0.00000000e+00   0.00000000e+00   0.00000000e+00   0.00000000e+00
   3.66830458e-05   4.94244135e-05   3.10985112e-05   0.00000000e+00
   0.00000000e+00   0.00000000e+00   9.84892178e-05   0.00000000e+00
   7.93376077e-06   0.00000000e+00   4.30325661e-05   0.00000000e+00
   0.00000000e+00   0.00000000e+00   3.57863964e-06   1.05733332e-02
   0.00000000e+00   4.39365742e-05   2.01316053e-05   0.00000000e+00
   0.00000000e+00   0.00000000e+00   5.90413122e-05   0.00000000e+00
   0.00000000e+00   2.45721382e-05   0.00000000e+00   0.00000000e+00
   1.71424289e-05   2.41669187e-05] Scale: [  3.69410157e-01   8.96687185e-01   1.97738214e+00   4.34098007e-01
   7.72705401e-02   3.08018852e+00   2.02037043e+00   4.09202979e-01
   9.02327150e-02   2.74990698e-01   8.67640625e-01   1.72595915e-01
   6.64584076e-02   5.46990910e-02   5.44509198e-02   6.83418653e-02
   8.70337695e-02   9.99588951e-02   1.05803589e-01   1.07459450e+00
   7.90316569e-02   1.49673876e+00   9.99165264e-02   9.98464167e-02
   9.97261410e-02   9.98968154e-02   9.98991508e-02   1.00000000e-01
   1.00000000e-01   9.98656202e-02   2.64566922e-02   4.03369627e-02
   8.85603312e-02   5.88037253e-02   5.10936290e-02   4.73253729e-02
   9.84509045e-02   7.23275041e-02   1.26270671e-01   9.00242352e-02
   6.39599697e-02   9.98776216e-02   9.90077140e-02   1.12308831e-01
   1.43311353e-01   1.41875159e-01   1.93570130e-01   1.00000000e-01
   9.99133110e-02   9.99137103e-02   9.96824714e-02   9.98080016e-02
   9.90429405e-02   1.11067252e-01   9.99588951e-02   1.00000000e-01
   1.00000000e-01   1.00000000e-01   1.00000000e-01   9.99588951e-02
   9.99451852e-02   9.98882163e-02   9.99172075e-02   1.00000000e-01
   1.00000000e-01   1.00000000e-01   1.00000000e-01   1.00000000e-01
   1.00000000e-01   9.94534422e-02   1.00899191e-01   9.99588951e-02
   9.95504077e-02   3.99362836e-02   4.07422887e-01   1.04616204e-01
   7.45058361e-01   6.96644441e-02   1.17573058e+00   0.00000000e+00
   1.05471429e+00   1.05019901e-01   1.00000000e-01   9.90970122e-02
   5.26503206e-02   8.43970889e+00   3.32900948e+00   8.79453785e-02
   1.01687344e-01   1.00000000e-01   1.00000000e-01   9.96930569e-02
   9.94283288e-02   1.01569034e-01   9.60158282e-02   9.83782041e-02
   1.01066345e-01   1.00000000e-01   1.00000000e-01   1.00000000e-01
   9.99588951e-02   9.99477398e-02   9.96922248e-02   9.96692627e-02
   9.98592398e-02   9.99588951e-02   1.00000000e-01   1.00000000e-01
   1.00000000e-01   1.00000000e-01   1.00000000e-01   9.99131190e-02
   9.99160315e-02   9.99404155e-02   1.00000000e-01   1.00000000e-01
   1.00000000e-01   1.00000000e-01   1.00000000e-01   1.00000000e-01
   9.99433206e-02   9.99179014e-02   1.00000000e-01   1.00000000e-01
   1.00000000e-01   1.00000000e-01   1.00000000e-01   1.00000000e-01
   1.00000000e-01   1.00000000e-01   1.00000000e-01   1.00000000e-01
   1.00000000e-01   9.99371589e-02   9.99532803e-02   1.00000000e-01
   1.00000000e-01   9.96567252e-02   9.98343290e-02   1.15672642e-01
   9.66612779e-02   9.86342983e-02   9.99408519e-02   5.06810945e+00
   2.30162770e-01   1.09625488e-01   4.64205145e-01   8.36971260e-02
   2.98457200e-01   9.98124193e-02   1.00000000e-01   9.94790203e-02
   7.36834601e-01   8.27374176e-01   6.14760840e+00   1.35212473e-01
   1.03784494e-01   9.98091877e-02   1.00000000e-01   1.00000000e-01
   9.81795646e-02   6.48687312e-02   9.23846114e-02   6.48455253e-01
   9.98111315e-02   1.00000000e-01   1.00000000e-01   1.00000000e-01
   9.98694289e-02   9.99155114e-02   9.99393708e-02   1.00000000e-01
   1.00000000e-01   1.00000000e-01   1.00000000e-01   1.00000000e-01
   1.00000000e-01   9.99315336e-02   9.99449117e-02   1.00000000e-01
   1.00000000e-01   1.00000000e-01   1.00000000e-01   1.00000000e-01
   1.00000000e-01   1.00000000e-01   1.00000000e-01   1.00000000e-01
   1.00000000e-01   1.00000000e-01   1.00000000e-01   1.00000000e-01
   1.00000000e-01   1.00000000e-01   1.00000000e-01   1.00000000e-01
   1.00000000e-01   1.00000000e-01   1.00000000e-01   1.00000000e-01
   9.98102675e-02   9.96526543e-02   9.98640315e-02   1.00000000e-01
   1.00000000e-01   1.00000000e-01   1.25919253e-01   6.50000719e-01
   8.00201602e-02   9.32497544e-02   9.97378860e-02   1.00000000e-01
   1.00000000e-01   1.00000000e-01   5.76485114e-02   6.81962209e-03
   5.44135649e-02   1.29797427e-01   9.99432625e-02   1.00000000e-01
   1.00000000e-01   1.00000000e-01   9.95349871e-02   9.44808214e-02
   1.14057598e-01   9.99153455e-02   1.00000000e-01   1.00000000e-01
   9.99588951e-02   9.99181268e-02] Density: 65.33142840817821
Cross-validation on partition 3 with 36 instances
....5....10....15....20....25....30....35.
Partition 2: Target: [  7.16293181e-02   6.50170032e-02   5.15720277e-01   7.05968196e-01
   0.00000000e+00   1.76077331e-01   2.55308772e-01   5.08808465e-01
   0.00000000e+00   0.00000000e+00   7.35017605e-04   2.50591283e-05
   5.17175801e-04   1.02968439e-03   7.12321398e-04   5.47151156e-04
   3.14974249e-04   8.46742125e-05   4.65132215e-04   0.00000000e+00
   8.69406824e-04   0.00000000e+00   1.20450326e-04   1.62903761e-04
   2.16440875e-04   1.31849351e-04   1.32298143e-04   0.00000000e+00
   0.00000000e+00   1.52501835e-04   4.10875497e-04   5.61136666e-04
   0.00000000e+00   0.00000000e+00   1.35632966e-03   1.62321670e-03
   5.40946491e-04   0.00000000e+00   0.00000000e+00   1.95203586e-03
   1.21404356e-03   1.45605782e-04   4.86730186e-04   0.00000000e+00
   5.67372269e-04   0.00000000e+00   0.00000000e+00   0.00000000e+00
   1.22731773e-04   1.22450850e-04   2.32635163e-04   1.81806113e-04
   3.93856003e-04   1.74751490e-04   8.46742125e-05   0.00000000e+00
   0.00000000e+00   0.00000000e+00   0.00000000e+00   8.46742125e-05
   9.77245073e-05   1.39222015e-04   1.19961342e-04   0.00000000e+00
   0.00000000e+00   0.00000000e+00   0.00000000e+00   0.00000000e+00
   0.00000000e+00   1.26133948e-04   2.78750095e-04   8.46742125e-05
   3.75666718e-05   5.13647364e-04   3.45495181e-03   2.72352981e-04
   0.00000000e+00   1.00000000e+00   5.20882146e-04   1.32947847e-03
   0.00000000e+00   0.00000000e+00   0.00000000e+00   3.93747711e-04
   1.00000000e+00   0.00000000e+00   2.01820194e-02   2.87708913e-04
   3.14261333e-04   0.00000000e+00   0.00000000e+00   2.28825659e-04
   3.28806688e-04   5.37214724e-04   4.66251451e-04   2.40719845e-04
   4.07050331e-04   0.00000000e+00   0.00000000e+00   0.00000000e+00
   8.46742125e-05   8.48435985e-05   2.28650151e-04   2.37293644e-04
   1.56038582e-04   8.46742125e-05   0.00000000e+00   0.00000000e+00
   0.00000000e+00   0.00000000e+00   0.00000000e+00   1.22866612e-04
   1.20804396e-04   1.01867261e-04   0.00000000e+00   0.00000000e+00
   0.00000000e+00   0.00000000e+00   0.00000000e+00   0.00000000e+00
   9.93649558e-05   1.19461078e-04   0.00000000e+00   0.00000000e+00
   0.00000000e+00   0.00000000e+00   0.00000000e+00   0.00000000e+00
   0.00000000e+00   0.00000000e+00   0.00000000e+00   0.00000000e+00
   0.00000000e+00   1.04599719e-04   9.02510269e-05   0.00000000e+00
   0.00000000e+00   2.41623000e-04   1.69107460e-04   0.00000000e+00
   3.34233477e-04   2.25359261e-04   1.01495346e-04   0.00000000e+00
   5.45422362e-03   0.00000000e+00   0.00000000e+00   0.00000000e+00
   0.00000000e+00   1.14349164e-04   0.00000000e+00   2.95468566e-04
   1.00000000e+00   8.61231495e-01   1.00000000e+00   0.00000000e+00
   0.00000000e+00   1.81295097e-04   0.00000000e+00   0.00000000e+00
   3.41927144e-04   0.00000000e+00   4.76425736e-04   1.93404206e-04
   1.80384004e-04   0.00000000e+00   0.00000000e+00   0.00000000e+00
   8.51089638e-05   1.21175306e-04   1.02751894e-04   0.00000000e+00
   0.00000000e+00   0.00000000e+00   0.00000000e+00   0.00000000e+00
   0.00000000e+00   1.09155379e-04   9.79669313e-05   0.00000000e+00
   0.00000000e+00   0.00000000e+00   0.00000000e+00   0.00000000e+00
   0.00000000e+00   0.00000000e+00   0.00000000e+00   0.00000000e+00
   0.00000000e+00   0.00000000e+00   0.00000000e+00   0.00000000e+00
   0.00000000e+00   0.00000000e+00   0.00000000e+00   0.00000000e+00
   0.00000000e+00   0.00000000e+00   0.00000000e+00   0.00000000e+00
   1.80789575e-04   2.43010182e-04   1.53390443e-04   0.00000000e+00
   0.00000000e+00   0.00000000e+00   3.44164273e-04   0.00000000e+00
   0.00000000e+00   0.00000000e+00   2.11852665e-04   0.00000000e+00
   0.00000000e+00   0.00000000e+00   0.00000000e+00   0.00000000e+00
   0.00000000e+00   0.00000000e+00   9.94156860e-05   0.00000000e+00
   0.00000000e+00   0.00000000e+00   2.78108414e-04   2.01528044e-04
   0.00000000e+00   1.21293318e-04   0.00000000e+00   0.00000000e+00
   8.46742125e-05   1.19298063e-04] Scale: [  0.5031071    0.59325046   0.34913255   1.58348186   0.30499697
   0.68757682   0.28627519   1.3164184    0.99351845   1.12025761
   0.15862789   0.16295358   0.07741886   0.1565597    0.08452102
   0.0980077    0.10430298   0.10001223   0.09968411   0.4966495
   0.0986097    0.74422461   0.1000248    0.10004553   0.1000809
   0.10002974   0.10002994   0.1          0.1          0.10003986
   0.03327923   0.04144408   0.11110006   0.17731933   0.09719652
   0.06870171   0.09882965   0.13460401   0.54011103   0.12453732
   0.08456736   0.10003631   0.09913138   0.15424347   0.11704183
   0.15190736   0.16590386   0.1          0.10002575   0.10002563
   0.10009368   0.10005683   0.10027816   0.09955174   0.10001223   0.1
   0.1          0.1          0.1          0.10001223   0.1000163
   0.10003318   0.10002459   0.1          0.1          0.1          0.1
   0.1          0.1          0.10387378   0.10013557   0.10001223
   0.10211593   0.0539389    0.3554243    0.10881102   0.17705587
   1.66034941   0.10135484   0.06991609   1.45782527   0.12900023   0.1
   0.10026296   2.48384151   0.61680114   0.14587058   0.10470745
   0.1013373    0.1          0.1          0.10009059   0.1001536
   0.10180372   0.10592409   0.10334216   0.10029828   0.1          0.1
   0.1          0.10001223   0.10001227   0.10009045   0.10009754
   0.10004174   0.10001223   0.1          0.1          0.1          0.1
   0.1          0.1000258    0.10002494   0.10001771   0.1          0.1
   0.1          0.1          0.1          0.1          0.10001685
   0.10002439   0.1          0.1          0.1          0.1          0.1
   0.1          0.1          0.1          0.1          0.1          0.1
   0.10001868   0.10001389   0.1          0.1          0.10010121
   0.10004909   0.17567017   0.10177686   0.10126014   0.10001758
   4.93699442   0.32427249   0.13153292   0.7348499    0.15094376
   0.56484195   0.10022958   0.1          0.10015282  10.34021179
   1.18748578   3.31434157   0.16432281   0.1092747    0.1000565    0.1
   0.1          0.10020677   0.13269349   0.1019645    0.10053739
   0.10005593   0.1          0.1          0.1          0.10001235
   0.1000251    0.10001802   0.1          0.1          0.1          0.1
   0.1          0.1          0.10002035   0.10001638   0.1          0.1
   0.1          0.1          0.1          0.1          0.1          0.1
   0.1          0.1          0.1          0.1          0.1          0.1
   0.1          0.1          0.1          0.1          0.1          0.1
   0.1          0.10005619   0.10010239   0.10004033   0.1          0.1
   0.1          0.10175764   0.53371505   0.14434944   0.1220109
   0.10007746   0.1          0.1          0.1          0.10815775
   0.28722202   0.13378475   0.23575014   0.10001687   0.1          0.1
   0.1          0.10013493   0.10307665   0.11552055   0.10002515   0.1
   0.1          0.10001223   0.10002432] Density: 65.13005620683798
Cross-validation on partition 4 with 36 instances
....5....10....15....20....25....30....35.
Partition 3: Target: [  1.10624638e-01   6.92102889e-02   9.23788224e-02   8.16889532e-01
   0.00000000e+00   1.45307112e-02   6.22245474e-02   8.09185187e-01
   0.00000000e+00   0.00000000e+00   3.52787047e-02   9.38498801e-03
   0.00000000e+00   1.22403467e-04   1.52430069e-02   9.03771591e-05
   0.00000000e+00   2.06004283e-05   1.69207494e-04   0.00000000e+00
   2.38350352e-04   0.00000000e+00   2.93360870e-05   3.97467113e-05
   5.29711367e-05   3.56629045e-05   3.22359363e-05   0.00000000e+00
   0.00000000e+00   3.71905573e-05   2.68177481e-05   4.18312790e-05
   0.00000000e+00   0.00000000e+00   1.81934234e-05   1.49304462e-04
   1.07794143e-04   1.00000000e+00   8.74883133e-03   3.10063167e-03
   1.56803870e-03   3.54979633e-05   1.51712426e-04   8.78265971e-05
   1.39871377e-04   0.00000000e+00   0.00000000e+00   0.00000000e+00
   2.98941912e-05   2.98254622e-05   5.69977730e-05   0.00000000e+00
   0.00000000e+00   0.00000000e+00   2.06004283e-05   0.00000000e+00
   0.00000000e+00   0.00000000e+00   0.00000000e+00   2.06004283e-05
   0.00000000e+00   3.39324702e-05   2.92164858e-05   0.00000000e+00
   0.00000000e+00   0.00000000e+00   0.00000000e+00   0.00000000e+00
   0.00000000e+00   9.23772279e-05   6.71608824e-05   2.06004283e-05
   5.42902662e-05   1.07743256e-04   5.30686392e-03   1.89261575e-05
   0.00000000e+00   4.57638318e-04   0.00000000e+00   1.83470000e-02
   1.08675130e-01   0.00000000e+00   0.00000000e+00   1.15202014e-04
   1.00000000e+00   4.12531108e-03   9.46700555e-03   1.31864507e-04
   9.98930427e-05   0.00000000e+00   0.00000000e+00   5.60493143e-05
   7.91417191e-05   1.76631770e-05   3.76174263e-05   0.00000000e+00
   0.00000000e+00   0.00000000e+00   0.00000000e+00   0.00000000e+00
   2.06004283e-05   2.06417253e-05   0.00000000e+00   0.00000000e+00
   3.80592486e-05   2.06004283e-05   0.00000000e+00   0.00000000e+00
   0.00000000e+00   0.00000000e+00   0.00000000e+00   2.99271807e-05
   2.94226931e-05   2.47950133e-05   0.00000000e+00   0.00000000e+00
   0.00000000e+00   0.00000000e+00   0.00000000e+00   0.00000000e+00
   2.41841481e-05   2.90941326e-05   0.00000000e+00   0.00000000e+00
   0.00000000e+00   0.00000000e+00   0.00000000e+00   0.00000000e+00
   0.00000000e+00   0.00000000e+00   0.00000000e+00   0.00000000e+00
   0.00000000e+00   2.54622217e-05   2.19603580e-05   0.00000000e+00
   0.00000000e+00   5.92386548e-05   4.12730513e-05   0.00000000e+00
   8.06030808e-05   9.82741871e-05   2.47042126e-05   0.00000000e+00
   7.46719722e-02   0.00000000e+00   1.81302264e-02   5.77840278e-04
   9.78887548e-04   4.50904592e-05   0.00000000e+00   7.27678145e-05
   1.00000000e+00   0.00000000e+00   1.11426386e-02   0.00000000e+00
   9.37454909e-06   4.42759565e-05   0.00000000e+00   0.00000000e+00
   0.00000000e+00   0.00000000e+00   0.00000000e+00   0.00000000e+00
   4.40512684e-05   0.00000000e+00   0.00000000e+00   0.00000000e+00
   2.07064234e-05   0.00000000e+00   2.50110038e-05   0.00000000e+00
   0.00000000e+00   0.00000000e+00   0.00000000e+00   0.00000000e+00
   0.00000000e+00   2.65749957e-05   2.38429197e-05   0.00000000e+00
   0.00000000e+00   0.00000000e+00   0.00000000e+00   0.00000000e+00
   0.00000000e+00   0.00000000e+00   0.00000000e+00   0.00000000e+00
   0.00000000e+00   0.00000000e+00   0.00000000e+00   0.00000000e+00
   0.00000000e+00   0.00000000e+00   0.00000000e+00   0.00000000e+00
   0.00000000e+00   0.00000000e+00   0.00000000e+00   0.00000000e+00
   4.41512838e-05   5.95849178e-05   3.74087760e-05   0.00000000e+00
   0.00000000e+00   0.00000000e+00   0.00000000e+00   0.00000000e+00
   1.10651917e-04   1.60065201e-04   5.18327367e-05   0.00000000e+00
   0.00000000e+00   0.00000000e+00   0.00000000e+00   0.00000000e+00
   4.01009512e-05   0.00000000e+00   2.41965311e-05   0.00000000e+00
   0.00000000e+00   0.00000000e+00   0.00000000e+00   0.00000000e+00
   0.00000000e+00   2.95422898e-05   0.00000000e+00   0.00000000e+00
   2.06004283e-05   2.90542640e-05] Scale: [ 0.51322871  0.4795384   0.74829392  1.91484265  0.28406767  1.01515463
  0.66410481  1.91018541  0.24964262  2.08989071  1.29069751  0.26026267
  0.0988186   0.17278068  0.06690009  0.09516418  0.10151271  0.09998128
  0.09798515  1.03640659  0.09622573  1.02389176  0.09996199  0.09993008
  0.09987534  0.09995032  0.09995408  0.1         0.1         0.09993882
  0.03022093  0.03625681  0.10070394  0.22288425  0.08533547  0.09150577
  0.09811103  4.85414306  0.97963325  0.10938169  0.05590497  0.09994428
  0.09721982  0.16621232  0.11231042  0.14020691  0.240806    0.1
  0.09996053  0.09996071  0.09985547  0.10065136  0.10449863  0.10005861
  0.09998128  0.1         0.1         0.1         0.1         0.09998128
  0.11197206  0.09994911  0.0999623   0.1         0.1         0.1         0.1
  0.1         0.1         0.0977561   0.09877623  0.09998128  0.10106806
  0.04016816  0.79105571  0.10941621  0.70709946  0.07233842  1.45249406
  0.17296735  1.54363893  0.11495547  0.1         0.0993263   3.80381614
  1.37596361  0.05208879  0.09244304  0.09951929  0.1         0.1
  0.09986029  0.09907537  0.09815725  0.09971411  0.11631445  0.1198525
  0.1         0.1         0.1         0.09998128  0.09998121  0.41974389
  0.26070585  0.09993592  0.09998128  0.1         0.1         0.1         0.1
  0.1         0.09996044  0.09996177  0.09997287  0.1         0.1         0.1
  0.1         0.1         0.1         0.09997419  0.09996262  0.1         0.1
  0.1         0.1         0.1         0.1         0.1         0.1         0.1
  0.1         0.1         0.09997139  0.09997873  0.1         0.1
  0.09984376  0.09992458  0.20385824  0.09992784  0.09987352  0.09997307
  5.33548135  1.32028522  0.20294929  0.5511697   0.10708329  0.64992471
  0.10004967  0.1         0.09976294  8.00555403  0.34389135  1.20362076
  0.19808588  0.10847226  0.09991313  0.1         0.1         0.20222727
  0.19993718  0.09908815  0.30968324  0.09991402  0.1         0.1         0.1
  0.09998109  0.10583323  0.09997239  0.1         0.1         0.1         0.1
  0.1         0.1         0.09996883  0.09997492  0.1         0.1         0.1
  0.1         0.1         0.1         0.1         0.1         0.1         0.1
  0.1         0.1         0.1         0.1         0.1         0.1         0.1
  0.1         0.1         0.1         0.1         0.09991363  0.09984191
  0.0999381   0.1         0.1         0.1         0.11042926  0.44967181
  0.10805236  0.1135822   0.09988069  0.1         0.1         0.1
  0.64484273  0.37632099  0.15050111  0.43704091  0.09997417  0.1         0.1
  0.1         0.27983382  0.16822071  0.11058365  0.09996146  0.1         0.1
  0.09998128  0.09996272] Density: 60.490233924185205
Cross-validation on partition 5 with 38 instances
....5....10....15....20....25....30....35...
Partition 4: Target: [  3.26868010e-01   1.00000000e+00   1.00000000e+00   5.16624575e-01
   1.00000000e+00   8.52257213e-01   9.19325976e-01   4.97021738e-01
   1.00000000e+00   3.70228294e-03   0.00000000e+00   0.00000000e+00
   1.88358601e-05   1.60450597e-05   0.00000000e+00   7.33473104e-06
   0.00000000e+00   6.56246832e-06   0.00000000e+00   4.53939136e-02
   9.15311142e-01   0.00000000e+00   9.32752727e-06   1.25978451e-05
   1.66986425e-05   1.02042030e-05   1.02415441e-05   0.00000000e+00
   0.00000000e+00   1.17978529e-05   0.00000000e+00   0.00000000e+00
   0.00000000e+00   0.00000000e+00   8.03161493e-06   3.73332088e-05
   4.07296497e-05   1.00000000e+00   1.00000000e+00   1.65668611e-01
   2.09768007e-07   1.12669966e-05   2.87000943e-05   2.66385350e-01
   1.28919851e-01   4.63063880e-07   0.00000000e+00   0.00000000e+00
   9.50360526e-06   9.48192593e-06   1.79326332e-05   0.00000000e+00
   0.00000000e+00   5.31188524e-07   6.56246832e-06   0.00000000e+00
   0.00000000e+00   0.00000000e+00   0.00000000e+00   6.56246832e-06
   0.00000000e+00   1.07752442e-05   9.28978395e-06   0.00000000e+00
   0.00000000e+00   0.00000000e+00   0.00000000e+00   0.00000000e+00
   0.00000000e+00   0.00000000e+00   3.19131453e-05   6.56246832e-06
   7.20430771e-06   0.00000000e+00   3.13992051e-03   4.38180215e-06
   0.00000000e+00   2.02821883e-05   0.00000000e+00   0.00000000e+00
   1.25905183e-01   0.00000000e+00   0.00000000e+00   3.00146637e-05
   2.49149443e-01   1.00000000e+00   6.69056337e-03   3.03244083e-05
   2.75438784e-05   0.00000000e+00   0.00000000e+00   1.76426561e-05
   1.00743151e-01   0.00000000e+00   5.20860622e-06   2.13920051e-05
   0.00000000e+00   0.00000000e+00   0.00000000e+00   0.00000000e+00
   6.56246832e-06   7.72149690e-06   0.00000000e+00   0.00000000e+00
   0.00000000e+00   6.56246832e-06   0.00000000e+00   0.00000000e+00
   0.00000000e+00   0.00000000e+00   0.00000000e+00   9.51401082e-06
   9.35485594e-06   7.89214128e-06   0.00000000e+00   0.00000000e+00
   0.00000000e+00   0.00000000e+00   0.00000000e+00   0.00000000e+00
   7.69871027e-06   9.25116850e-06   0.00000000e+00   0.00000000e+00
   0.00000000e+00   0.00000000e+00   0.00000000e+00   0.00000000e+00
   0.00000000e+00   0.00000000e+00   0.00000000e+00   0.00000000e+00
   0.00000000e+00   0.00000000e+00   6.99392347e-06   0.00000000e+00
   0.00000000e+00   1.86160076e-05   1.30745088e-05   0.00000000e+00
   3.97068712e-05   3.05467676e-05   7.86339399e-06   0.00000000e+00
   1.58282811e-02   0.00000000e+00   5.68565254e-02   0.00000000e+00
   0.00000000e+00   1.42205580e-05   0.00000000e+00   2.26939742e-05
   2.78044422e-01   1.00000000e+00   2.79113115e-02   2.58953468e-05
   3.99799074e-06   1.40099051e-05   0.00000000e+00   0.00000000e+00
   0.00000000e+00   0.00000000e+00   3.59625347e-05   1.81115191e-05
   1.39400288e-05   0.00000000e+00   0.00000000e+00   0.00000000e+00
   9.59755101e-06   0.00000000e+00   7.96051648e-06   0.00000000e+00
   0.00000000e+00   0.00000000e+00   0.00000000e+00   0.00000000e+00
   0.00000000e+00   8.45532712e-06   7.59062711e-06   0.00000000e+00
   0.00000000e+00   0.00000000e+00   0.00000000e+00   0.00000000e+00
   0.00000000e+00   0.00000000e+00   0.00000000e+00   0.00000000e+00
   0.00000000e+00   0.00000000e+00   0.00000000e+00   0.00000000e+00
   0.00000000e+00   0.00000000e+00   0.00000000e+00   0.00000000e+00
   0.00000000e+00   0.00000000e+00   0.00000000e+00   0.00000000e+00
   0.00000000e+00   1.87213802e-05   1.18662298e-05   0.00000000e+00
   0.00000000e+00   0.00000000e+00   0.00000000e+00   0.00000000e+00
   0.00000000e+00   0.00000000e+00   1.63484294e-05   0.00000000e+00
   0.00000000e+00   0.00000000e+00   2.88810126e-06   6.57198054e-01
   0.00000000e+00   0.00000000e+00   7.70263210e-06   0.00000000e+00
   0.00000000e+00   0.00000000e+00   4.91114045e-07   0.00000000e+00
   0.00000000e+00   9.39259179e-06   0.00000000e+00   0.00000000e+00
   6.56246832e-06   9.23858497e-06] Scale: [  3.32786148e-01   3.33106755e+00   4.77751981e+00   2.45165232e-01
   3.55177371e+00   1.85044410e+00   6.39979078e-01   1.81084758e-01
   2.43459941e+00   1.35563929e+00   2.93009197e-01   0.00000000e+00
   7.38772863e-02   6.19679937e-02   0.00000000e+00   3.10001566e-02
   3.49247771e-02   9.98869074e-02   1.00086619e-01   4.30534794e-01
   6.62615029e-01   1.15623381e+00   9.97704001e-02   9.95777470e-02
   9.92476428e-02   9.97111655e-02   9.97226380e-02   1.00000000e-01
   1.00000000e-01   9.96304988e-02   8.33837935e-02   1.03596387e-01
   7.74625547e-02   7.18258774e-03   2.58883703e-02   3.94859388e-02
   9.65448360e-02   1.42224952e+00   6.66734406e+00   0.00000000e+00
   3.04382078e-03   9.96634730e-02   9.72058474e-02   4.40490909e-02
   5.63595874e-02   1.01312403e-01   9.37682469e-02   1.00000000e-01
   9.97615607e-02   9.97626583e-02   9.91279128e-02   1.00010694e-01
   1.01063054e-01   8.71098384e-02   9.98869074e-02   1.00000000e-01
   1.00000000e-01   1.00000000e-01   1.00000000e-01   9.98869074e-02
   1.10096522e-01   9.96925867e-02   9.97722725e-02   1.00000000e-01
   1.00000000e-01   1.00000000e-01   1.00000000e-01   1.00000000e-01
   1.00000000e-01   9.59757383e-02   9.74117914e-02   9.98869074e-02
   9.74713856e-02   8.33820088e-02   3.71160331e-01   9.80412619e-02
   3.46529904e-01   6.40488838e-02   1.36696595e+00   0.00000000e+00
   1.53818426e+00   4.56917032e-02   1.00000000e-01   9.75407601e-02
   0.00000000e+00   3.63842534e+00   9.37253580e-02   5.52443414e-02
   9.40159388e-02   1.00000000e-01   1.00000000e-01   9.91569295e-02
   8.58822163e-02   7.86806901e-02   7.78998878e-02   8.18392800e-02
   8.04606048e-02   1.00000000e-01   1.00000000e-01   1.00000000e-01
   9.98869074e-02   9.98852759e-02   1.18646278e-01   2.88853096e-01
   5.55423410e-01   9.98869074e-02   1.00000000e-01   1.00000000e-01
   1.00000000e-01   1.00000000e-01   1.00000000e-01   9.97610329e-02
   9.97690394e-02   9.98360837e-02   1.00000000e-01   1.00000000e-01
   1.00000000e-01   1.00000000e-01   1.00000000e-01   1.00000000e-01
   9.98440728e-02   9.97741800e-02   1.00000000e-01   1.00000000e-01
   1.00000000e-01   1.00000000e-01   1.00000000e-01   1.00000000e-01
   1.00000000e-01   1.00000000e-01   1.00000000e-01   1.00000000e-01
   1.00000000e-01   7.83348128e-01   9.98714640e-02   1.00000000e-01
   1.00000000e-01   9.90573547e-02   9.95445489e-02   1.17388967e-01
   9.10332803e-02   9.56204306e-02   9.98372839e-02   5.40334139e+00
   3.88917482e-01   7.06947792e-02   5.42967096e-01   3.07493412e-02
   4.95326586e-01   9.94466798e-02   1.00000000e-01   9.85915013e-02
   1.40790599e+00   4.75937126e+00   9.27019104e-01   1.11420535e-01
   9.78421420e-02   9.94755161e-02   1.00000000e-01   1.00000000e-01
   1.00166914e-01   0.00000000e+00   7.58579156e-02   9.82375086e-02
   9.94808524e-02   1.00000000e-01   1.00000000e-01   1.00000000e-01
   9.98762077e-02   1.00299745e-01   9.98332109e-02   1.00000000e-01
   1.00000000e-01   1.00000000e-01   1.00000000e-01   1.00000000e-01
   1.00000000e-01   9.98116603e-02   9.98484483e-02   1.00000000e-01
   1.00000000e-01   1.00000000e-01   1.00000000e-01   1.00000000e-01
   1.00000000e-01   1.00000000e-01   1.00000000e-01   1.00000000e-01
   1.00000000e-01   1.00000000e-01   1.00000000e-01   1.00000000e-01
   1.00000000e-01   1.00000000e-01   1.00000000e-01   1.00000000e-01
   1.00000000e-01   1.00000000e-01   1.00000000e-01   1.00000000e-01
   1.03537396e-01   9.90462006e-02   9.96261343e-02   1.00000000e-01
   1.00000000e-01   1.00000000e-01   9.77332346e-02   1.53375147e+00
   5.00395103e-02   1.01470229e-01   9.92798555e-02   1.00000000e-01
   1.00000000e-01   1.00000000e-01   2.06788135e-02   5.78778571e-01
   0.00000000e+00   2.13605806e-01   9.98439129e-02   1.00000000e-01
   1.00000000e-01   1.00000000e-01   9.92504649e-02   8.86853521e-02
   8.49684666e-02   9.97671538e-02   1.00000000e-01   1.00000000e-01
   9.98869074e-02   9.97747998e-02] Density: 59.82435041756689
Cross-validation on partition 6 with 30 instances
....5....10....15....20....25....30
Partition 5: Target: [  3.69904523e-02   4.79152032e-02   1.00000000e+00   7.00834543e-01
   5.09573779e-04   5.42107903e-01   1.00000000e+00   6.96867416e-01
   8.41308365e-03   1.00000000e+00   3.31418414e-01   0.00000000e+00
   2.60599543e-05   1.18855012e-03   7.90420657e-02   7.47720996e-02
   5.03368485e-05   4.87781445e-06   2.45683575e-07   0.00000000e+00
   4.70408710e-05   0.00000000e+00   6.94298806e-06   9.39955764e-06
   1.25103113e-05   8.86556069e-06   7.62782376e-06   0.00000000e+00
   0.00000000e+00   8.79693494e-06   2.43111470e-06   1.62845989e-06
   7.05106304e-05   1.68419443e-03   3.12951408e-05   4.34540013e-05
   3.88203296e-05   1.08962620e-04   1.57455383e-02   1.86441962e-03
   3.43691297e-05   8.39769245e-06   4.92612907e-05   0.00000000e+00
   4.33145743e-05   0.00000000e+00   0.00000000e+00   0.00000000e+00
   7.07482196e-06   7.05858775e-06   1.34548185e-05   0.00000000e+00
   0.00000000e+00   0.00000000e+00   4.87781445e-06   0.00000000e+00
   0.00000000e+00   0.00000000e+00   0.00000000e+00   4.87781445e-06
   0.00000000e+00   8.02829071e-06   6.91473436e-06   0.00000000e+00
   0.00000000e+00   0.00000000e+00   0.00000000e+00   0.00000000e+00
   0.00000000e+00   1.70480457e-04   1.58324873e-05   4.87781445e-06
   1.26216460e-05   5.20287402e-05   7.06670282e-05   0.00000000e+00
   0.00000000e+00   1.86704346e-04   2.10856474e-02   4.56899853e-02
   1.24317574e-03   0.00000000e+00   0.00000000e+00   2.97694409e-05
   7.63419209e-05   1.20312215e-01   1.44176024e-02   4.10971941e-05
   2.32405335e-05   0.00000000e+00   0.00000000e+00   1.32324680e-05
   2.47730296e-05   9.49987938e-06   0.00000000e+00   0.00000000e+00
   0.00000000e+00   0.00000000e+00   0.00000000e+00   0.00000000e+00
   4.87781445e-06   4.88677936e-06   0.00000000e+00   0.00000000e+00
   0.00000000e+00   4.87781445e-06   0.00000000e+00   0.00000000e+00
   0.00000000e+00   0.00000000e+00   0.00000000e+00   7.08261422e-06
   6.96344686e-06   5.86980941e-06   0.00000000e+00   0.00000000e+00
   0.00000000e+00   0.00000000e+00   0.00000000e+00   0.00000000e+00
   5.72538233e-06   6.88582984e-06   0.00000000e+00   0.00000000e+00
   0.00000000e+00   0.00000000e+00   0.00000000e+00   0.00000000e+00
   0.00000000e+00   0.00000000e+00   0.00000000e+00   0.00000000e+00
   0.00000000e+00   6.02754148e-06   5.19949636e-06   0.00000000e+00
   0.00000000e+00   1.39798400e-05   9.75920907e-06   2.25424420e-04
   1.00822402e-04   3.61657550e-05   5.84834226e-06   0.00000000e+00
   7.56952588e-03   0.00000000e+00   2.09026805e-02   7.49909486e-05
   2.80061023e-05   1.06285213e-05   0.00000000e+00   1.66464885e-05
   1.00000000e+00   0.00000000e+00   0.00000000e+00   0.00000000e+00
   2.64165408e-05   1.04663466e-05   0.00000000e+00   0.00000000e+00
   0.00000000e+00   1.22019213e-03   0.00000000e+00   0.00000000e+00
   1.04134568e-05   0.00000000e+00   0.00000000e+00   0.00000000e+00
   4.89634264e-06   0.00000000e+00   5.92087273e-06   0.00000000e+00
   0.00000000e+00   0.00000000e+00   0.00000000e+00   0.00000000e+00
   0.00000000e+00   6.29056899e-06   5.64469953e-06   0.00000000e+00
   0.00000000e+00   0.00000000e+00   0.00000000e+00   0.00000000e+00
   0.00000000e+00   0.00000000e+00   0.00000000e+00   0.00000000e+00
   0.00000000e+00   0.00000000e+00   0.00000000e+00   0.00000000e+00
   0.00000000e+00   0.00000000e+00   0.00000000e+00   0.00000000e+00
   0.00000000e+00   0.00000000e+00   0.00000000e+00   0.00000000e+00
   0.00000000e+00   1.40609262e-05   8.84839575e-06   0.00000000e+00
   0.00000000e+00   0.00000000e+00   0.00000000e+00   0.00000000e+00
   0.00000000e+00   3.41056475e-05   1.22430383e-05   0.00000000e+00
   0.00000000e+00   0.00000000e+00   7.09877458e-04   1.00000000e+00
   0.00000000e+00   3.10563870e-05   5.72831018e-06   0.00000000e+00
   0.00000000e+00   0.00000000e+00   0.00000000e+00   0.00000000e+00
   2.06813628e-06   6.99169839e-06   0.00000000e+00   0.00000000e+00
   4.87781445e-06   6.87641123e-06] Scale: [ 0.63572809  0.57843992  0.98011433  1.77399826  0.26769237  1.50200222
  1.36478154  1.77279449  0.8478436   1.97417553  0.31082543  0.16304923
  0.07695648  0.12255099  0.0873215   0.09042909  0.0820493   0.09995602
  0.1001597   0.75298204  0.08986491  0.7915278   0.09991076  0.099836
  0.09970818  0.09989149  0.09989221  0.1         0.1         0.09985646
  0.03227016  0.03621601  0.08959062  0.15054173  0.08043948  0.06187536
  0.09841282  0.14186993  0.18879158  0.09253209  0.06757418  0.09986925
  0.09829223  0.20704716  0.11105134  0.14808164  0.23401098  0.1
  0.09990733  0.09990775  0.09966191  0.10037737  0.10302293  0.11704624
  0.09995602  0.1         0.1         0.1         0.1         0.09995602
  0.11094156  0.09988055  0.09991149  0.1         0.1         0.1         0.1
  0.1         0.1         0.09282032  0.09851009  0.09995602  0.10092645
  0.0475769   0.0793287   0.10274234  0.37308082  0.08311821  0.94551705
  0.29415531  0.07469057  0.21756008  0.1         0.09895279  0.05851625
  0.96989171  0.07977814  0.08800242  0.09723205  0.1         0.1
  0.09967312  0.09908609  0.09499046  0.09868169  0.10114892  0.10899307
  0.1         0.1         0.1         0.09995602  0.09994762  0.12058649
  0.2888303   0.5135416   0.09995602  0.1         0.1         0.1         0.1
  0.1         0.09990712  0.09991023  0.09993627  0.1         0.1         0.1
  0.1         0.1         0.1         0.09993938  0.09991223  0.1         0.1
  0.1         0.1         0.1         0.1         0.1         0.1         0.1
  0.1         0.1         0.09993279  0.09995002  0.1         0.1
  0.09963465  0.09982313  0.16209971  0.09405451  0.09832487  0.09993674
  4.58628098  0.38554479  0.14857135  0.86403365  0.11193541  0.09891681
  0.09978998  0.1         0.09944682  9.63508258  2.55459144  1.44616673
  0.10067941  0.09888636  0.09979638  0.1         0.1         0.10133047
  0.08044474  0.08957279  0.1688047   0.09979845  0.1         0.1         0.1
  0.09988882  0.10048393  0.09993516  0.1         0.1         0.1         0.1
  0.1         0.1         0.09992678  0.09994108  0.1         0.1         0.1
  0.1         0.1         0.1         0.1         0.1         0.1         0.1
  0.1         0.1         0.1         0.1         0.1         0.1         0.1
  0.1         0.1         0.1         0.1         0.27085121  0.09963035
  0.09985477  0.1         0.1         0.1         0.10466647  1.71874916
  0.18762975  0.09988885  0.09972064  0.1         0.1         0.1
  0.07448063  4.6572586   0.1325973   0.09794098  0.09993931  0.1         0.1
  0.1         0.10006304  0.10591488  0.11355089  0.0999095   0.1         0.1
  0.09995602  0.09991247] Density: 62.192878000659604
Cross-validation on partition 7 with 30 instances
....5....10....15....20....25....30
Partition 6: Target: [ 0.26992507  0.1030017   0.03869644  0.00919479  0.          0.00841244
  0.02222111  0.00772128  0.          0.02997341  0.          1.          0.
  1.          1.          0.51781291  0.          0.          0.          1.
  0.35515438  1.          0.          0.          0.          0.          0.
  0.          0.          0.          1.          0.7158144   0.          1.
  1.          0.29011044  0.          0.          1.          1.          0.4400193
  0.          0.          0.          0.          0.          0.          0.
  0.          0.          0.          0.          0.          0.          0.
  0.          0.          0.          0.          0.          0.          0.
  0.          0.          0.          0.          0.          0.          0.
  0.          0.          0.          0.          0.25365945  0.          0.
  0.          0.          0.          1.          1.          0.          0.
  0.          0.          0.39163339  1.          0.          0.          0.
  0.          0.          0.          0.          0.          0.          0.
  0.          0.          0.          0.          0.          0.          0.
  0.          0.          0.          0.          0.          0.          0.
  0.          0.          0.          0.          0.          0.          0.
  0.          0.          0.          0.          0.          0.          0.
  0.          0.          0.          0.          0.          0.          0.
  0.          0.          0.          0.          0.          0.          0.
  0.          0.          0.          0.          0.          0.          0.
  0.          0.25219847  0.          0.          0.          0.
  0.06902508  0.          0.          0.          0.          0.          0.
  0.          0.          0.          0.          0.          0.          0.
  0.          0.          0.          0.          0.          0.          0.
  0.          0.          0.          0.          0.          0.          0.
  0.          0.          0.          0.          0.          0.          0.
  0.          0.          0.          0.          0.          0.          0.
  0.          0.          0.          0.          0.          0.          0.
  0.          0.          0.          0.          0.          0.          0.
  0.          0.          0.          0.          0.          0.          0.
  0.00243997  0.          0.          0.          0.          0.          0.
  0.          0.          0.          0.          0.          0.          0.
  0.        ] Scale: [  2.89436722e-02   1.30232445e-02   8.40620577e-02   1.24892171e-01
   0.00000000e+00   8.05456252e-02   4.20160064e-02   1.27885829e-01
   1.40090341e-02   5.23387245e-01   0.00000000e+00   9.51977434e-01
   5.39758054e-02   6.00617265e+00   1.85700644e+00   0.00000000e+00
   3.77755042e-02   9.99507864e-02   9.77765588e-02   4.38553498e+00
   1.14399521e-03   3.75625806e+00   9.99000824e-02   9.98162296e-02
   9.96725213e-02   9.98653219e-02   9.98792950e-02   1.00000000e-01
   1.00000000e-01   9.98391912e-02   5.76841736e-01   0.00000000e+00
   9.39530315e-02   4.95528739e+00   2.11012138e+00   1.88297949e-01
   9.82748569e-02   6.51425968e-02   2.94421246e+00   1.01674836e+00
   0.00000000e+00   9.98535437e-02   9.88119072e-02   3.75464310e-02
   7.22323464e-02   6.07756113e-02   2.37119166e-02   1.00000000e-01
   9.98962353e-02   9.98967130e-02   9.96203884e-02   9.97699865e-02
   9.88601035e-02   9.01532141e-02   9.99507864e-02   1.00000000e-01
   1.00000000e-01   1.00000000e-01   1.00000000e-01   9.99507864e-02
   9.99343769e-02   9.98662154e-02   9.99008973e-02   1.00000000e-01
   1.00000000e-01   1.00000000e-01   1.00000000e-01   1.00000000e-01
   1.00000000e-01   9.57513918e-02   9.81409932e-02   9.99507864e-02
   9.89720817e-02   0.00000000e+00   2.20366242e-02   9.41066265e-02
   1.34448676e-01   9.38690423e-02   5.23046937e-02   3.29809820e+00
   4.88232424e+00   8.30989856e-02   1.00000000e-01   9.89324454e-02
   5.81120787e-02   3.73294124e-01   1.59264920e+00   7.43445449e-02
   9.69510658e-02   1.00000000e-01   1.00000000e-01   9.96330233e-02
   9.93067902e-02   8.43536518e-02   8.47196432e-02   9.43476298e-02
   9.87712552e-02   1.00000000e-01   1.00000000e-01   1.00000000e-01
   9.99507864e-02   9.99505887e-02   9.96335999e-02   9.96046245e-02
   9.98315617e-02   9.99507864e-02   1.00000000e-01   1.00000000e-01
   1.00000000e-01   1.00000000e-01   1.00000000e-01   9.98960056e-02
   9.98994902e-02   9.99286685e-02   1.00000000e-01   1.00000000e-01
   1.00000000e-01   1.00000000e-01   1.00000000e-01   1.00000000e-01
   9.99321453e-02   9.99017275e-02   1.00000000e-01   1.00000000e-01
   1.00000000e-01   1.00000000e-01   1.00000000e-01   1.00000000e-01
   1.00000000e-01   1.00000000e-01   1.00000000e-01   1.00000000e-01
   1.00000000e-01   9.99247712e-02   9.99440657e-02   1.00000000e-01
   1.00000000e-01   9.95896636e-02   9.98017788e-02   9.72139516e-02
   9.74686631e-02   9.88658341e-02   9.99291908e-02   5.41975797e+00
   3.08721660e-01   6.97383575e-02   5.52826050e-02   6.03305182e-02
   4.49375951e-01   9.98117643e-02   1.00000000e-01   9.93778178e-02
   9.31256907e-01   1.46973603e-01   7.24368282e-01   1.26266340e-01
   1.01714251e-01   9.97717282e-02   1.00000000e-01   1.00000000e-01
   9.91544856e-02   5.27203207e-02   9.07841588e-02   9.93435675e-02
   9.97740512e-02   1.00000000e-01   1.00000000e-01   1.00000000e-01
   9.99502781e-02   9.98988679e-02   9.99274182e-02   1.00000000e-01
   1.00000000e-01   1.00000000e-01   1.00000000e-01   1.00000000e-01
   1.00000000e-01   9.99180394e-02   9.99340495e-02   1.00000000e-01
   1.00000000e-01   1.00000000e-01   1.00000000e-01   1.00000000e-01
   1.00000000e-01   1.00000000e-01   1.00000000e-01   1.00000000e-01
   1.00000000e-01   1.00000000e-01   1.00000000e-01   1.00000000e-01
   1.00000000e-01   1.00000000e-01   1.00000000e-01   1.00000000e-01
   1.00000000e-01   1.00000000e-01   1.00000000e-01   1.00000000e-01
   9.97730187e-02   9.95848063e-02   9.98372915e-02   1.00000000e-01
   1.00000000e-01   1.00000000e-01   1.25422407e-01   4.90028659e-01
   7.67627005e-02   9.75425804e-02   9.96865465e-02   1.00000000e-01
   1.00000000e-01   1.00000000e-01   4.51585779e-02   1.29241169e-02
   0.00000000e+00   1.90551964e-01   9.99320757e-02   1.00000000e-01
   1.00000000e-01   1.00000000e-01   9.94514361e-02   8.31739276e-02
   1.00016866e-01   9.98986695e-02   1.00000000e-01   1.00000000e-01
   9.99507864e-02   9.99019972e-02] Density: 62.06294433542264
Cross-validation on partition 8 with 34 instances
....5....10....15....20....25....30....
Partition 7: Target: [  1.54667860e-01   1.10319367e-01   1.00000000e+00   0.00000000e+00
   1.30041014e-05   1.00000000e+00   1.00000000e+00   0.00000000e+00
   0.00000000e+00   1.00000000e+00   1.00000000e+00   3.25060117e-01
   4.86327729e-06   1.52398872e-04   0.00000000e+00   8.23038562e-06
   0.00000000e+00   3.06209391e-05   1.50366953e-01   0.00000000e+00
   2.48577230e-04   2.44266666e-06   4.35893809e-05   5.90212378e-05
   3.08914221e-05   4.77277417e-05   4.78907452e-05   0.00000000e+00
   0.00000000e+00   5.52349792e-05   1.40220354e-06   0.00000000e+00
   7.87585054e-05   0.00000000e+00   6.58880936e-05   2.23287795e-04
   8.89778885e-02   1.00000000e+00   0.00000000e+00   1.18140295e-06
   1.11854715e-04   5.27268002e-05   6.66818806e-02   3.47980907e-01
   1.65083788e-04   2.81866626e-05   0.00000000e+00   0.00000000e+00
   4.44173750e-05   4.43154137e-05   8.45138967e-05   9.03335929e-06
   2.63074448e-05   8.08781568e-06   3.06209391e-05   0.00000000e+00
   0.00000000e+00   0.00000000e+00   0.00000000e+00   3.06209391e-05
   8.74716004e-06   5.04062593e-05   4.34119334e-05   0.00000000e+00
   0.00000000e+00   0.00000000e+00   0.00000000e+00   0.00000000e+00
   0.00000000e+00   5.04456140e-05   9.89098627e-05   3.06209391e-05
   1.76211265e-05   7.08699050e-05   4.08244318e-03   1.12804008e-06
   1.24894880e-04   5.76101401e-04   9.48134954e-03   4.99068207e-02
   1.35045683e-01   1.28730595e-04   0.00000000e+00   1.48833184e-04
   1.00000000e+00   1.00000000e+00   4.65965034e-03   2.00657893e-04
   1.59749572e-04   0.00000000e+00   0.00000000e+00   8.31154497e-05
   1.39961041e-04   2.88871268e-01   1.25096291e-04   0.00000000e+00
   0.00000000e+00   0.00000000e+00   0.00000000e+00   0.00000000e+00
   3.06209391e-05   3.06822787e-05   2.98943697e-05   4.70323845e-04
   1.22375628e-03   3.06209391e-05   0.00000000e+00   0.00000000e+00
   0.00000000e+00   0.00000000e+00   0.00000000e+00   4.44663155e-05
   4.37178730e-05   3.68498063e-05   0.00000000e+00   0.00000000e+00
   0.00000000e+00   0.00000000e+00   0.00000000e+00   0.00000000e+00
   3.59428809e-05   4.32303992e-05   0.00000000e+00   0.00000000e+00
   0.00000000e+00   0.00000000e+00   0.00000000e+00   0.00000000e+00
   0.00000000e+00   0.00000000e+00   0.00000000e+00   0.00000000e+00
   0.00000000e+00   1.47686193e-03   3.26407391e-05   0.00000000e+00
   0.00000000e+00   8.78162987e-05   6.12811405e-05   0.00000000e+00
   1.43016645e-04   1.37520431e-04   3.67150029e-05   1.28931606e-04
   5.06861110e-03   1.71241008e-06   1.90118803e-02   8.99337231e-05
   2.91840773e-03   6.68056917e-05   0.00000000e+00   1.07699797e-04
   4.07852055e-01   5.82995203e-01   3.95227460e-03   3.30502586e-05
   7.54037566e-05   6.57250183e-05   0.00000000e+00   0.00000000e+00
   2.29532216e-05   6.31887763e-01   1.04103739e-04   0.00000000e+00
   6.53926177e-05   0.00000000e+00   0.00000000e+00   0.00000000e+00
   3.07783763e-05   6.68208613e-06   3.71704611e-05   0.00000000e+00
   0.00000000e+00   0.00000000e+00   0.00000000e+00   0.00000000e+00
   0.00000000e+00   3.94920556e-05   3.54362433e-05   0.00000000e+00
   0.00000000e+00   0.00000000e+00   0.00000000e+00   0.00000000e+00
   0.00000000e+00   0.00000000e+00   0.00000000e+00   0.00000000e+00
   0.00000000e+00   0.00000000e+00   0.00000000e+00   0.00000000e+00
   0.00000000e+00   0.00000000e+00   0.00000000e+00   0.00000000e+00
   0.00000000e+00   0.00000000e+00   0.00000000e+00   0.00000000e+00
   0.00000000e+00   8.83263776e-05   5.55582879e-05   0.00000000e+00
   0.00000000e+00   0.00000000e+00   0.00000000e+00   0.00000000e+00
   1.94615556e-05   0.00000000e+00   7.68935648e-05   0.00000000e+00
   0.00000000e+00   0.00000000e+00   4.31497097e-05   1.39816108e-04
   2.55317722e-04   0.00000000e+00   3.59612661e-05   0.00000000e+00
   0.00000000e+00   0.00000000e+00   1.54267412e-05   9.49541521e-06
   0.00000000e+00   4.38953083e-05   0.00000000e+00   0.00000000e+00
   3.06209391e-05   4.31712461e-05] Scale: [ 0.58644609  0.4488138   1.72264866  1.77847795  0.07011439  2.7262232
  1.45435779  1.83500053  0.06756461  2.89115979  5.16405793  0.11216832
  0.10172226  0.11281408  0.12637553  0.07702865  0.09630325  0.09996394
  0.11002902  0.17124124  0.08151381  0.06686024  0.09992676  0.09986521
  0.09764518  0.09991212  0.09991151  0.1         0.1         0.09988207
  0.03140121  0.06059829  0.08728573  0.07519278  0.06520208  0.05505803
  0.09471813  4.1280913   0.5826094   0.03141032  0.03522222  0.09989261
  0.09509303  0.0527383   0.08143969  0.09368375  0.07447846  0.1
  0.09992394  0.09992429  0.09972115  0.10137284  0.10993183  0.1313122
  0.09996394  0.1         0.1         0.1         0.1         0.09996394
  0.12933036  0.09990191  0.09992736  0.1         0.1         0.1         0.1
  0.1         0.1         0.09061392  0.09831271  0.09996394  0.09860026
  0.02771514  0.51943103  0.11049347  0.0992841   0.06304467  0.51273988
  0.31611256  1.20945295  0.0886802   0.1         0.09919681  4.70356176
  7.17489433  0.07567304  0.08587824  0.09787662  0.1         0.1
  0.09973046  0.09854827  0.07835005  0.08793591  0.29315323  0.33984094
  0.1         0.1         0.1         0.09996394  0.0999638   0.15560175
  0.60511485  1.20483968  0.09996394  0.1         0.1         0.1         0.1
  0.1         0.09992377  0.09992633  0.09994773  0.1         0.1         0.1
  0.1         0.1         0.1         0.09995028  0.09992797  0.1         0.1
  0.1         0.1         0.1         0.1         0.1         0.1         0.1
  0.1         0.1         1.61466526  0.09995902  0.1         0.1
  0.09969851  0.0998546   0.15551339  0.09741795  0.09889749  0.09994811
  0.09830622  0.10989051  0.07956168  0.27347573  0.07402411  0.43972193
  0.09987313  0.1         0.09954212  1.6148808   0.7083365   0.93448024
  0.13028195  0.10281317  0.09983252  0.1         0.1         0.10575792
  0.55284166  0.09431438  0.21299485  0.09983422  0.1         0.1         0.1
  0.09996357  0.1014596   0.09994681  0.1         0.1         0.1         0.1
  0.1         0.1         0.09993993  0.09995167  0.1         0.1         0.1
  0.1         0.1         0.1         0.1         0.1         0.1         0.1
  0.1         0.1         0.1         0.1         0.1         0.1         0.1
  0.1         0.1         0.1         0.1         0.19099289  0.09969493
  0.09988068  0.1         0.1         0.1         0.1143757   1.02175562
  0.07518097  0.15071334  0.09976987  0.1         0.1         0.1
  0.04967115  0.08804658  0.0292315   0.35089439  0.09995023  0.1         0.1
  0.1         0.10107968  0.10967888  0.10682762  0.09992573  0.1         0.1
  0.09996394  0.09992817] Density: 64.06276904998516
Cross-validation on partition 9 with 29 instances
....5....10....15....20....25....
Partition 8: Target: [  1.03528593e-01   4.56030467e-02   0.00000000e+00   0.00000000e+00
   3.46165001e-06   1.00000000e+00   0.00000000e+00   0.00000000e+00
   9.41426013e-06   0.00000000e+00   1.00000000e+00   0.00000000e+00
   0.00000000e+00   0.00000000e+00   0.00000000e+00   0.00000000e+00
   0.00000000e+00   1.04702491e-05   7.98158795e-05   0.00000000e+00
   1.91043020e-04   1.00000000e+00   1.49103936e-05   2.02021698e-05
   7.92997530e-06   1.63284976e-05   1.63843683e-05   0.00000000e+00
   0.00000000e+00   1.89028301e-05   0.00000000e+00   0.00000000e+00
   1.05449016e-04   0.00000000e+00   0.00000000e+00   5.40465785e-05
   6.13647142e-05   4.02557537e-01   1.00000000e+00   5.27635511e-04
   1.69641022e-03   1.80424660e-05   5.16045904e-05   3.78526879e-01
   1.00000000e+00   6.97178504e-01   6.32253880e-01   0.00000000e+00
   1.51940725e-05   1.51591382e-05   2.89718596e-05   2.01133669e-05
   4.98634141e-05   2.52591204e-04   1.04702491e-05   0.00000000e+00
   0.00000000e+00   0.00000000e+00   0.00000000e+00   1.04702491e-05
   1.20882425e-05   1.72467172e-05   1.48496017e-05   0.00000000e+00
   0.00000000e+00   0.00000000e+00   0.00000000e+00   0.00000000e+00
   0.00000000e+00   1.49604580e-05   0.00000000e+00   1.04702491e-05
   3.84152374e-06   3.99635379e-05   5.30355534e-03   3.97383147e-06
   0.00000000e+00   2.94692596e-04   0.00000000e+00   8.89131153e-03
   7.03145162e-02   0.00000000e+00   0.00000000e+00   5.74479937e-05
   1.30432434e-04   7.25743220e-01   1.00000000e+00   5.98018216e-05
   3.11933800e-05   0.00000000e+00   0.00000000e+00   2.84896721e-05
   4.11614502e-05   5.20098048e-01   1.00000000e+00   0.00000000e+00
   0.00000000e+00   0.00000000e+00   0.00000000e+00   0.00000000e+00
   1.04702491e-05   1.04912390e-05   2.84674669e-05   2.95620592e-05
   1.93443992e-05   1.04702491e-05   0.00000000e+00   0.00000000e+00
   0.00000000e+00   0.00000000e+00   0.00000000e+00   1.52108408e-05
   1.49544146e-05   1.26022419e-05   0.00000000e+00   0.00000000e+00
   0.00000000e+00   0.00000000e+00   0.00000000e+00   0.00000000e+00
   1.22917534e-05   1.47874109e-05   0.00000000e+00   0.00000000e+00
   0.00000000e+00   0.00000000e+00   0.00000000e+00   0.00000000e+00
   0.00000000e+00   0.00000000e+00   0.00000000e+00   0.00000000e+00
   0.00000000e+00   1.29413694e-05   1.11614599e-05   0.00000000e+00
   0.00000000e+00   3.01111186e-05   2.09780474e-05   0.00000000e+00
   6.15506695e-05   4.98096086e-05   1.25560900e-05   0.00000000e+00
   1.14795513e-02   0.00000000e+00   1.57658394e-02   4.01262720e-05
   4.52301233e-05   2.28794572e-05   0.00000000e+00   3.69897894e-05
   1.96553118e-01   7.03545110e-03   5.52722183e-04   0.00000000e+00
   9.14510918e-06   2.25045260e-05   0.00000000e+00   0.00000000e+00
   4.30121895e-05   7.76537819e-02   5.14653336e-01   0.00000000e+00
   2.23903082e-05   0.00000000e+00   0.00000000e+00   0.00000000e+00
   1.05241230e-05   1.50005311e-05   1.27120251e-05   0.00000000e+00
   0.00000000e+00   0.00000000e+00   0.00000000e+00   0.00000000e+00
   0.00000000e+00   1.35069708e-05   1.21183153e-05   0.00000000e+00
   0.00000000e+00   0.00000000e+00   0.00000000e+00   0.00000000e+00
   0.00000000e+00   0.00000000e+00   0.00000000e+00   0.00000000e+00
   0.00000000e+00   0.00000000e+00   0.00000000e+00   0.00000000e+00
   0.00000000e+00   0.00000000e+00   0.00000000e+00   0.00000000e+00
   0.00000000e+00   0.00000000e+00   0.00000000e+00   0.00000000e+00
   2.24411499e-05   3.02871599e-05   1.90137538e-05   0.00000000e+00
   0.00000000e+00   0.00000000e+00   0.00000000e+00   0.00000000e+00
   0.00000000e+00   0.00000000e+00   2.63460511e-05   0.00000000e+00
   0.00000000e+00   0.00000000e+00   0.00000000e+00   5.17093742e-03
   0.00000000e+00   0.00000000e+00   1.22980473e-05   0.00000000e+00
   0.00000000e+00   0.00000000e+00   3.47613124e-05   0.00000000e+00
   0.00000000e+00   1.50152044e-05   0.00000000e+00   0.00000000e+00
   1.04702491e-05   1.47671461e-05] Scale: [ 0.44511737  0.23566229  0.76986215  0.13833092  0.26945081  3.23406705
  0.60019055  0.1380101   0.3582653   1.13084123  1.28295798  0.15876879
  0.08202498  0.28395421  0.16150998  0.08529123  0.11316116  0.09998036
  0.09869178  1.33700745  0.11558651  5.53511375  0.0999601   0.09992655
  0.0993691   0.09995212  0.09995179  0.1         0.1         0.09993575
  0.03014927  0.04407769  0.11150108  0.19263739  0.08480855  0.06442317
  0.09924011  0.29479817  9.2656839   0.06834985  0.05129077  0.09994149
  0.09951333  0.23594441  2.73989112  0.29697769  0.45390267  0.1
  0.09995856  0.09995875  0.09984799  0.09990536  0.0995385   0.08948996
  0.09998036  0.1         0.1         0.1         0.1         0.09998036
  0.0999738   0.09994656  0.09996043  0.1         0.1         0.1         0.1
  0.1         0.1         0.09863565  0.10030462  0.09998036  0.1005515
  0.03968961  0.41663146  0.10772034  0.50055512  0.08375087  1.16941139
  0.04392602  1.13983646  0.10456258  0.1         0.09948051  0.08205946
  1.44362857  1.07033016  0.09263159  0.09923738  0.1         0.1
  0.09985307  0.09970366  0.32904653  3.20815459  0.09730579  0.10762357
  0.1         0.1         0.1         0.09998036  0.09998028  0.0998533
  0.09984165  0.09993269  0.09998036  0.1         0.1         0.1         0.1
  0.1         0.09995847  0.09995986  0.09997152  0.1         0.1         0.1
  0.1         0.1         0.1         0.09997291  0.09996076  0.1         0.1
  0.1         0.1         0.1         0.1         0.1         0.1         0.1
  0.1         0.1         0.09996997  0.09997767  0.1         0.1
  0.09983563  0.09992077  0.14309898  0.09911535  0.0996983   0.09997173
  5.64737358  0.31946221  0.12308852  0.38171608  0.09149199  0.34097486
  0.09995972  0.1         0.09975026  1.45282774  0.91558552  0.73217971
  0.14557048  0.10268606  0.09990873  0.1         0.1         0.09965988
  0.09648366  0.17143016  0.18027144  0.09990966  0.1         0.1         0.1
  0.09998015  0.09995961  0.09997102  0.1         0.1         0.1         0.1
  0.1         0.1         0.09996728  0.09997367  0.1         0.1         0.1
  0.1         0.1         0.1         0.1         0.1         0.1         0.1
  0.1         0.1         0.1         0.1         0.1         0.1         0.1
  0.1         0.1         0.1         0.1         0.09990925  0.09983368
  0.09993499  0.1         0.1         0.1         0.10473401  1.2046469
  0.10799506  0.12053797  0.09987456  0.1         0.1         0.1
  0.08169033  0.10109243  0.08360132  0.21665385  0.09997288  0.1         0.1
  0.1         0.09977997  0.11057012  0.21542152  0.09995954  0.1         0.1
  0.09998036  0.09996087] Density: 63.84943682670558
Cross-validation on partition 10 with 27 instances
....5....10....15....20....25..
Partition 9: Target: [  0.00000000e+00   2.14858595e-01   1.04406052e-01   1.00000000e+00
   6.19940817e-03   1.00000000e+00   1.64980320e-01   1.00000000e+00
   4.02654225e-01   1.00000000e+00   9.83663081e-01   0.00000000e+00
   6.00785200e-05   8.22270962e-05   0.00000000e+00   2.38973508e-01
   0.00000000e+00   2.88344686e-05   0.00000000e+00   7.81413607e-03
   2.37738114e-04   0.00000000e+00   4.10096034e-05   5.54460417e-05
   7.36275470e-05   4.48872251e-05   4.50398726e-05   0.00000000e+00
   0.00000000e+00   5.19101644e-05   6.79635773e-06   5.71351771e-06
   9.66242708e-05   2.97806740e-03   9.80109815e-05   9.56840506e-05
   1.59526659e-04   0.00000000e+00   9.02388355e-02   4.10322329e-03
   4.22917693e-05   4.95655148e-05   1.79711061e-04   0.00000000e+00
   0.00000000e+00   0.00000000e+00   0.00000000e+00   0.00000000e+00
   4.17857569e-05   4.16901881e-05   7.91205745e-05   5.83842414e-05
   1.24838769e-04   1.68628929e-05   2.88344686e-05   0.00000000e+00
   0.00000000e+00   0.00000000e+00   0.00000000e+00   2.88344686e-05
   3.09214581e-05   4.73947011e-05   4.08432452e-05   0.00000000e+00
   0.00000000e+00   0.00000000e+00   0.00000000e+00   0.00000000e+00
   0.00000000e+00   9.90410722e-05   9.25636773e-05   2.88344686e-05
   1.22792081e-04   6.98797969e-05   1.16207099e-02   3.07345787e-05
   0.00000000e+00   7.41453549e-04   1.26253426e-01   3.40645208e-02
   4.15452329e-01   1.22082430e-04   0.00000000e+00   1.51888062e-04
   2.55369233e-05   1.00000000e+00   0.00000000e+00   2.00287569e-04
   1.71831859e-04   0.00000000e+00   0.00000000e+00   7.78287219e-05
   1.44996730e-04   0.00000000e+00   1.41006813e-04   1.48312560e-04
   1.24701254e-04   0.00000000e+00   0.00000000e+00   0.00000000e+00
   2.88344686e-05   2.88921288e-05   7.22640426e-05   7.49872938e-05
   5.31124999e-05   2.88344686e-05   0.00000000e+00   0.00000000e+00
   0.00000000e+00   0.00000000e+00   0.00000000e+00   4.18316283e-05
   4.11300610e-05   3.46863939e-05   0.00000000e+00   0.00000000e+00
   0.00000000e+00   0.00000000e+00   0.00000000e+00   0.00000000e+00
   3.38347890e-05   4.06730482e-05   0.00000000e+00   0.00000000e+00
   0.00000000e+00   0.00000000e+00   0.00000000e+00   0.00000000e+00
   0.00000000e+00   0.00000000e+00   0.00000000e+00   0.00000000e+00
   0.00000000e+00   1.55109225e-03   3.07327855e-05   0.00000000e+00
   0.00000000e+00   8.21676677e-05   5.75543725e-05   6.12452033e-05
   1.99959896e-04   1.33898311e-04   3.45598232e-05   0.00000000e+00
   1.23448381e-04   2.96194478e-04   1.10478538e-01   1.37133491e-04
   3.12014738e-03   6.26381970e-05   0.00000000e+00   1.00396181e-04
   8.21265584e-01   1.00000000e+00   0.00000000e+00   3.18161021e-04
   7.20128333e-05   6.16952734e-05   0.00000000e+00   0.00000000e+00
   1.15829810e-04   0.00000000e+00   1.18328884e-04   1.05465617e-04
   6.13857693e-05   0.00000000e+00   0.00000000e+00   0.00000000e+00
   2.89824607e-05   3.83364031e-05   3.49874516e-05   0.00000000e+00
   0.00000000e+00   0.00000000e+00   0.00000000e+00   0.00000000e+00
   0.00000000e+00   3.71665479e-05   3.33589871e-05   0.00000000e+00
   0.00000000e+00   0.00000000e+00   0.00000000e+00   0.00000000e+00
   0.00000000e+00   0.00000000e+00   0.00000000e+00   0.00000000e+00
   0.00000000e+00   0.00000000e+00   0.00000000e+00   0.00000000e+00
   0.00000000e+00   0.00000000e+00   0.00000000e+00   0.00000000e+00
   0.00000000e+00   0.00000000e+00   0.00000000e+00   0.00000000e+00
   4.23811091e-05   8.26378529e-05   5.22122615e-05   0.00000000e+00
   0.00000000e+00   0.00000000e+00   2.21658262e-06   0.00000000e+00
   1.98954066e-05   7.80778638e-05   7.20706333e-05   0.00000000e+00
   0.00000000e+00   0.00000000e+00   1.28807172e-04   4.33938443e-02
   1.65230147e-04   1.62290999e-04   3.38520542e-05   0.00000000e+00
   0.00000000e+00   0.00000000e+00   8.78323123e-05   2.73839955e-03
   7.34681919e-04   4.12963952e-05   0.00000000e+00   0.00000000e+00
   2.88344686e-05   4.06175877e-05] Scale: [ 0.56237161  0.61845244  0.66120996  2.65229318  1.30528064  6.35704272
  0.67982404  2.04365684  2.14062942  3.30049145  1.48114315  0.06898464
  0.05903529  0.04493425  0.09131694  0.09350741  0.24512024  0.09991981
  0.11211085  0.4457317   0.05980145  1.98935289  0.09983722  0.09970069
  0.09946687  0.09980471  0.09980337  0.1         0.1         0.09973807
  0.01635664  0.02242607  0.0754874   0.05319412  0.03436598  0.03052236
  0.09745701  0.05034467  0.82069438  0.08494958  0.03241645  0.09976144
  0.0964157   0.17674994  0.15938079  0.21732929  0.39593404  0.1
  0.09983096  0.09983174  0.09938209  0.0996565   0.09834309  0.10275866
  0.09991981  0.1         0.1         0.1         0.1         0.09991981
  0.10038721  0.09978207  0.09983855  0.1         0.1         0.1         0.1
  0.1         0.1         0.09142046  0.09795808  0.09991981  0.09775111
  0.02428206  0.50137629  0.1070915   2.46054271  0.07736406  1.43875404
  0.11076033  1.63820033  0.08204096  0.1         0.09803476  0.02097298
  6.41588061  0.14810096  0.06850976  0.09657644  0.1         0.1
  0.09940264  0.09780321  0.08758765  0.09232162  0.09255287  0.09832897
  0.1         0.1         0.1         0.09991981  0.09991949  0.11253182
  0.10595581  0.09972565  0.09991981  0.1         0.1         0.1         0.1
  0.1         0.09983058  0.09983626  0.09988378  0.1         0.1         0.1
  0.1         0.1         0.1         0.09988945  0.0998399   0.1         0.1
  0.1         0.1         0.1         0.1         0.1         0.1         0.1
  0.1         0.1         1.110559    0.09990887  0.1         0.1
  0.09933214  0.09967717  0.16653068  0.09522999  0.09815903  0.09988463
  6.66977066  0.03972188  0.09914424  0.56060023  0.05100146  0.48618098
  0.09961187  0.1         0.09898802  2.32432662  5.24425182  0.28511984
  0.1263281   0.10010729  0.09962826  0.1         0.1         0.10274816
  0.29698262  0.07140458  0.09892917  0.09963204  0.1         0.1         0.1
  0.09991899  0.10007698  0.09988175  0.1         0.1         0.1         0.1
  0.1         0.1         0.09986647  0.09989255  0.1         0.1         0.1
  0.1         0.1         0.1         0.1         0.1         0.1         0.1
  0.1         0.1         0.1         0.1         0.1         0.1         0.1
  0.1         0.1         0.1         0.1         0.37292859  0.09932425
  0.09973498  0.1         0.1         0.1         0.10515487  1.97483594
  0.08550698  0.0971518   0.09948968  0.1         0.1         0.1
  0.05083872  0.61416043  0.23360453  0.31522204  0.09988933  0.1         0.1
  0.1         0.10648051  0.09525383  0.09713334  0.09983492  0.1         0.1
  0.09991981  0.09984034] Density: 65.80191883149907
Using result EMDDResult(target=array([  1.76482734e-01,   2.59393825e-01,   5.64022066e-01,
         3.99583938e-01,   1.69402087e-01,   6.16907260e-01,
         5.31838838e-01,   3.56847039e-01,   2.41164289e-01,
         3.03499760e-01,   3.51674747e-01,   3.33447016e-01,
         8.27792876e-05,   1.12218928e-01,   2.09507484e-01,
         1.02619728e-01,   3.65311097e-05,   2.09853737e-05,
         1.51128479e-02,   1.38943193e-01,   1.45082056e-01,
         2.00310135e-01,   2.98608509e-05,   4.04052738e-05,
         4.55709681e-05,   3.36011499e-05,   3.28020276e-05,
         0.00000000e+00,   0.00000000e+00,   3.78201945e-05,
         2.00046514e-01,   7.16429421e-02,   3.62203472e-05,
         2.00467272e-01,   2.00166252e-01,   1.29238953e-01,
         9.01039794e-03,   3.40276060e-01,   3.43517339e-01,
         1.70384983e-01,   7.55453411e-02,   3.61069578e-05,
         6.77422409e-03,   9.92980963e-02,   1.12990371e-01,
         6.97300535e-02,   6.32253880e-02,   0.00000000e+00,
         3.04271285e-05,   3.03573985e-05,   5.77668981e-05,
         3.07398393e-05,   6.78675703e-05,   4.52824591e-05,
         2.09853737e-05,   0.00000000e+00,   0.00000000e+00,
         0.00000000e+00,   0.00000000e+00,   2.09853737e-05,
         1.69269938e-05,   3.45213714e-05,   2.97394851e-05,
         0.00000000e+00,   0.00000000e+00,   0.00000000e+00,
         0.00000000e+00,   0.00000000e+00,   0.00000000e+00,
         5.53438778e-05,   6.18227775e-05,   2.09853737e-05,
         2.66718058e-05,   3.25892285e-02,   3.90020883e-03,
         3.60739317e-05,   1.24894880e-05,   1.00251734e-01,
         1.64641173e-02,   2.16099425e-01,   1.97648549e-01,
         2.67397894e-05,   0.00000000e+00,   1.04726623e-04,
         3.24950515e-01,   5.24318556e-01,   4.05541684e-01,
         9.51742305e-05,   8.45703241e-05,   0.00000000e+00,
         0.00000000e+00,   5.68167473e-05,   1.01575140e-02,
         8.09555085e-02,   1.00079090e-01,   4.19220040e-05,
         5.34319349e-05,   0.00000000e+00,   0.00000000e+00,
         0.00000000e+00,   2.09853737e-05,   2.14949205e-05,
         4.07338173e-05,   8.60416625e-05,   1.52194869e-04,
         2.09853737e-05,   0.00000000e+00,   0.00000000e+00,
         0.00000000e+00,   0.00000000e+00,   0.00000000e+00,
         3.04605980e-05,   2.99487320e-05,   2.52497040e-05,
         0.00000000e+00,   0.00000000e+00,   0.00000000e+00,
         0.00000000e+00,   0.00000000e+00,   0.00000000e+00,
         2.46289607e-05,   2.96153217e-05,   0.00000000e+00,
         0.00000000e+00,   0.00000000e+00,   0.00000000e+00,
         0.00000000e+00,   0.00000000e+00,   0.00000000e+00,
         0.00000000e+00,   0.00000000e+00,   0.00000000e+00,
         0.00000000e+00,   3.20567012e-04,   2.23683911e-05,
         0.00000000e+00,   0.00000000e+00,   6.00094820e-05,
         4.19475276e-05,   2.86669623e-05,   1.08090438e-04,
         8.23006433e-05,   2.51574414e-05,   1.28931606e-05,
         1.31264134e-02,   2.97906888e-05,   4.82146206e-02,
         2.53276443e-02,   7.79203567e-04,   3.87226768e-05,
         0.00000000e+00,   7.33801177e-05,   4.97103639e-01,
         3.45126215e-01,   2.04355895e-01,   3.77106627e-05,
         2.05998413e-05,   4.49785958e-05,   0.00000000e+00,
         0.00000000e+00,   6.39463144e-05,   7.10761737e-02,
         5.15388512e-02,   3.16981343e-05,   4.47519500e-05,
         0.00000000e+00,   0.00000000e+00,   0.00000000e+00,
         2.23137178e-05,   2.05742496e-05,   2.54691630e-05,
         0.00000000e+00,   0.00000000e+00,   0.00000000e+00,
         0.00000000e+00,   0.00000000e+00,   0.00000000e+00,
         2.70578807e-05,   2.42821711e-05,   0.00000000e+00,
         0.00000000e+00,   0.00000000e+00,   0.00000000e+00,
         0.00000000e+00,   0.00000000e+00,   0.00000000e+00,
         0.00000000e+00,   0.00000000e+00,   0.00000000e+00,
         0.00000000e+00,   0.00000000e+00,   0.00000000e+00,
         0.00000000e+00,   0.00000000e+00,   0.00000000e+00,
         0.00000000e+00,   0.00000000e+00,   0.00000000e+00,
         0.00000000e+00,   0.00000000e+00,   3.39437245e-05,
         6.03557140e-05,   3.80409900e-05,   0.00000000e+00,
         0.00000000e+00,   0.00000000e+00,   4.44870073e-05,
         0.00000000e+00,   1.57942640e-05,   2.72248712e-05,
         5.25859631e-05,   0.00000000e+00,   0.00000000e+00,
         0.00000000e+00,   8.88301080e-05,   1.72019967e-01,
         4.60648820e-05,   2.37283960e-05,   2.46415449e-05,
         0.00000000e+00,   0.00000000e+00,   0.00000000e+00,
         4.75704591e-05,   2.94942301e-04,   7.36750056e-05,
         3.00700853e-05,   0.00000000e+00,   0.00000000e+00,
         2.09853737e-05,   2.95748623e-05]), scale=array([ 0.41266163,  0.7288291 ,  1.25138484,  1.08687618,  0.64671938,
        2.14392144,  0.82123215,  0.9960313 ,  0.88769036,  1.50178572,
        1.12694632,  0.34916065,  0.07424324,  0.71664568,  0.6379541 ,
        0.06886419,  0.10252627,  0.09995682,  0.10201962,  1.19009245,
        0.1375577 ,  1.73692949,  0.09991233,  0.09983875,  0.09919954,
        0.09988957,  0.09989409,  0.1       ,  0.1       ,  0.0998589 ,
        0.19026947,  0.04067203,  0.09345579,  1.12073808,  0.60894445,
        0.36440312,  0.0977919 ,  1.12332291,  2.26395994,  0.18545635,
        0.03939798,  0.09987149,  0.09795977,  0.1279418 ,  0.36732803,
        0.14643154,  0.1986529 ,  0.1       ,  0.09990895,  0.09990937,
        0.09966688,  0.10019941,  0.10177652,  0.10420056,  0.09995682,
        0.1       ,  0.1       ,  0.1       ,  0.1       ,  0.09995682,
        0.10739159,  0.09988261,  0.09991304,  0.1       ,  0.1       ,
        0.1       ,  0.1       ,  0.1       ,  0.1       ,  0.09760554,
        0.09885946,  0.09995682,  0.10007078,  0.03935299,  0.39930979,
        0.10440282,  0.59642011,  0.23534499,  0.83892431,  1.11124354,
        1.63811859,  0.10528498,  0.1       ,  0.0989755 ,  1.13054241,
        3.06064168,  0.93521255,  0.08315749,  0.09820225,  0.1       ,
        0.1       ,  0.09967797,  0.09784159,  0.11436455,  0.40430983,
        0.11744621,  0.12383364,  0.1       ,  0.1       ,  0.1       ,
        0.09995682,  0.09995346,  0.14477874,  0.22593906,  0.34777188,
        0.09995682,  0.1       ,  0.1       ,  0.1       ,  0.1       ,
        0.1       ,  0.09990875,  0.09991181,  0.09993741,  0.1       ,
        0.1       ,  0.1       ,  0.1       ,  0.1       ,  0.1       ,
        0.09994046,  0.09991377,  0.1       ,  0.1       ,  0.1       ,
        0.1       ,  0.1       ,  0.1       ,  0.1       ,  0.1       ,
        0.1       ,  0.1       ,  0.1       ,  0.42082629,  0.09995092,
        0.1       ,  0.1       ,  0.09963991,  0.09982607,  0.16940376,
        0.09708392,  0.098835  ,  0.09993787,  4.88977896,  0.37716899,
        0.11930835,  0.47983959,  0.08565187,  0.43415006,  0.09984662,
        0.1       ,  0.09945594,  3.7441318 ,  1.71426688,  1.63331699,
        0.13976818,  0.10295692,  0.0997997 ,  0.1       ,  0.1       ,
        0.11107418,  0.15491568,  0.09812377,  0.22911829,  0.09980173,
        0.1       ,  0.1       ,  0.1       ,  0.09993057,  0.10084573,
        0.09993632,  0.1       ,  0.1       ,  0.1       ,  0.1       ,
        0.1       ,  0.1       ,  0.09992809,  0.09994213,  0.1       ,
        0.1       ,  0.1       ,  0.1       ,  0.1       ,  0.1       ,
        0.1       ,  0.1       ,  0.1       ,  0.1       ,  0.1       ,
        0.1       ,  0.1       ,  0.1       ,  0.1       ,  0.1       ,
        0.1       ,  0.1       ,  0.1       ,  0.1       ,  0.1       ,
        0.15375785,  0.09963565,  0.09985723,  0.1       ,  0.1       ,
        0.1       ,  0.10886333,  1.00429956,  0.10317443,  0.12928328,
        0.09972494,  0.1       ,  0.1       ,  0.1       ,  0.11926849,
        0.67524932,  0.08640249,  0.25343387,  0.0999404 ,  0.1       ,
        0.1       ,  0.1       ,  0.11857056,  0.10666772,  0.11613832,
        0.09991109,  0.1       ,  0.1       ,  0.09995682,  0.09991401]), density=63.42644170566608) for prediction
Threshold 0.5
Total bags 200
Total positive bags 100
Total negative bags 100
Total predicted positive bags 196
Total predicted negative bags 4
True positives 100
False positives 96
True negatives 4
False negatives 0
Accuracy 0.52
Precision 0.5102040816326531
Recall 1.0
