Cross-validation on partition 1 with 71 instances
.........10.........20.........30.........40.........50.........60.........70.
Partition 0: Density: 59.523147338137726 Accuracy: 0.8 Precision: 0.6666666666666666 Recall: 1.0
Cross-validation on partition 2 with 77 instances
.........10.........20.........30.........40.........50.........60.........70.......
Partition 1: Density: 60.475139484285535 Accuracy: 0.8 Precision: 0.5 Recall: 0.5
Cross-validation on partition 3 with 73 instances
.........10.........20.........30.........40.........50.........60.........70...
Partition 2: Density: 59.97501240513891 Accuracy: 0.9 Precision: 1.0 Recall: 0.75
Cross-validation on partition 4 with 76 instances
.........10.........20.........30.........40.........50.........60.........70......
Partition 3: Density: 66.72751107320131 Accuracy: 0.8 Precision: 1.0 Recall: 0.7142857142857143
Cross-validation on partition 5 with 77 instances
.........10.........20.........30.........40.........50.........60.........70.......
Partition 4: Density: 57.40423776032014 Accuracy: 0.8 Precision: 0.8333333333333334 Recall: 0.8333333333333334
Cross-validation on partition 6 with 64 instances
.........10.........20.........30.........40.........50.........60....
Partition 5: Density: 62.435045626731295 Accuracy: 0.7 Precision: 0.75 Recall: 0.6
Cross-validation on partition 7 with 60 instances
.........10.........20.........30.........40.........50.........60
Partition 6: Density: 63.237407666054466 Accuracy: 0.7 Precision: 1.0 Recall: 0.625
Cross-validation on partition 8 with 66 instances
.........10.........20.........30.........40.........50.........60......
Partition 7: Density: 60.864167129261006 Accuracy: 0.8 Precision: 0.8571428571428571 Recall: 0.8571428571428571
Cross-validation on partition 9 with 80 instances
.........10.........20.........30.........40.........50.........60.........70.........80
Partition 8: Density: 58.62352788822923 Accuracy: 0.7 Precision: 0.6666666666666666 Recall: 0.5
Cross-validation on partition 10 with 63 instances
.........10.........20.........30.........40.........50.........60...
Partition 9: Density: 62.88005314451267 Accuracy: 0.8 Precision: 0.6666666666666666 Recall: 1.0
Across 10-fold cross-validation:
Average accuracy: 0.78
Average precision: 0.7940476190476191
Average recall: 0.7379761904761905
Using result EMDDResult(target=array([  5.48905069e-01,   5.11256229e-01,   3.83102890e-01,
         6.50087268e-01,   3.81281430e-01,   6.62218282e-01,
         2.47726878e-01,   6.03185876e-01,   3.75374943e-01,
         5.49102707e-01,   3.80283263e-01,   1.77115274e-01,
         3.14795680e-05,   2.68154685e-02,   1.92563256e-01,
         1.31002234e-01,   6.98355338e-02,   3.93076675e-05,
         3.26317712e-04,   1.09524870e-01,   1.43840500e-01,
         1.62717126e-01,   5.59409813e-05,   7.57141211e-05,
         3.46599869e-04,   2.90261741e-02,   5.63247067e-05,
         0.00000000e+00,   0.00000000e+00,   7.08650774e-05,
         0.00000000e+00,   1.08425945e-02,   1.33821937e-03,
         1.00000346e-01,   3.70112134e-02,   1.00937980e-01,
         4.22115183e-04,   1.87177289e-01,   5.99879002e-01,
         2.87832060e-01,   2.10829710e-01,   6.76519675e-05,
         2.69240015e-04,   1.18350820e-01,   5.42503288e-02,
         9.61298141e-02,   4.55116659e-06,   0.00000000e+00,
         5.70025087e-05,   5.68717929e-05,   2.55250634e-04,
         7.37833253e-03,   8.20582590e-05,   1.21635220e-04,
         3.93076675e-05,   0.00000000e+00,   0.00000000e+00,
         0.00000000e+00,   0.00000000e+00,   3.93076675e-05,
         1.96923464e-05,   6.46786295e-05,   5.57134772e-05,
         0.00000000e+00,   0.00000000e+00,   0.00000000e+00,
         0.00000000e+00,   0.00000000e+00,   0.00000000e+00,
         1.15778775e-04,   8.95634882e-05,   3.93076675e-05,
         7.50651034e-05,   2.75132689e-04,   3.90190931e-04,
         1.18070176e-04,   8.56049574e-05,   4.49851751e-04,
         1.00005134e-01,   1.27544715e-01,   2.29898536e-01,
         1.93578300e-04,   0.00000000e+00,   3.46528794e-05,
         1.44028572e-02,   5.03390009e-01,   2.90285653e-01,
         8.29486879e-02,   2.05071633e-04,   0.00000000e+00,
         0.00000000e+00,   1.06526023e-04,   9.08409861e-05,
         4.57836764e-02,   1.42493202e-02,   6.87818962e-05,
         1.06515770e-04,   0.00000000e+00,   0.00000000e+00,
         0.00000000e+00,   3.93076675e-05,   4.07679260e-05,
         5.55401719e-05,   5.11257009e-05,   6.97891659e-05,
         3.93076675e-05,   0.00000000e+00,   0.00000000e+00,
         0.00000000e+00,   0.00000000e+00,   0.00000000e+00,
         5.70652509e-05,   5.61057182e-05,   4.72983787e-05,
         0.00000000e+00,   0.00000000e+00,   0.00000000e+00,
         0.00000000e+00,   0.00000000e+00,   0.00000000e+00,
         4.61350962e-05,   5.54807309e-05,   0.00000000e+00,
         0.00000000e+00,   0.00000000e+00,   0.00000000e+00,
         0.00000000e+00,   0.00000000e+00,   0.00000000e+00,
         0.00000000e+00,   0.00000000e+00,   0.00000000e+00,
         0.00000000e+00,   4.85687818e-05,   4.18990571e-05,
         0.00000000e+00,   0.00000000e+00,   1.12526749e-04,
         7.86075507e-05,   2.00956455e-04,   2.05656860e-04,
         1.71897752e-04,   4.71254748e-05,   1.62861306e-04,
         3.50312198e-01,   5.55152704e-06,   8.53442269e-03,
         2.29764140e-04,   2.59562799e-03,   5.62217857e-05,
         0.00000000e+00,   1.36664726e-04,   4.03274609e-01,
         2.23470373e-01,   2.87893724e-02,   9.20748170e-05,
         7.09992833e-05,   8.42953041e-05,   0.00000000e+00,
         0.00000000e+00,   8.56025370e-05,   1.00614038e-01,
         8.60947893e-05,   6.45439661e-05,   2.42461127e-04,
         0.00000000e+00,   0.00000000e+00,   0.00000000e+00,
         4.31237310e-05,   2.43835074e-05,   4.77096573e-05,
         0.00000000e+00,   0.00000000e+00,   0.00000000e+00,
         0.00000000e+00,   0.00000000e+00,   0.00000000e+00,
         5.06871479e-05,   4.54852231e-05,   0.00000000e+00,
         0.00000000e+00,   0.00000000e+00,   0.00000000e+00,
         0.00000000e+00,   0.00000000e+00,   0.00000000e+00,
         0.00000000e+00,   0.00000000e+00,   0.00000000e+00,
         0.00000000e+00,   0.00000000e+00,   0.00000000e+00,
         0.00000000e+00,   0.00000000e+00,   0.00000000e+00,
         0.00000000e+00,   0.00000000e+00,   0.00000000e+00,
         0.00000000e+00,   0.00000000e+00,   8.40592934e-05,
         1.13177635e-04,   7.12792020e-05,   0.00000000e+00,
         0.00000000e+00,   0.00000000e+00,   1.98948252e-04,
         2.73669844e-04,   3.86976956e-04,   1.80004506e-04,
         9.85778128e-05,   0.00000000e+00,   0.00000000e+00,
         0.00000000e+00,   1.00344405e-01,   3.78947037e-01,
         2.92596812e-05,   2.52936489e-05,   4.61586788e-05,
         0.00000000e+00,   0.00000000e+00,   0.00000000e+00,
         6.12742521e-05,   2.58654352e-02,   1.05273005e-04,
         2.17493982e-04,   0.00000000e+00,   0.00000000e+00,
         3.93076675e-05,   5.54048895e-05]), scale=array([ 0.90692947,  1.61791201,  1.6047011 ,  1.25829055,  1.37190279,
        3.55017289,  0.56422108,  1.12437393,  0.88710989,  1.36464626,
        0.57524389,  0.19273303,  0.10575339,  0.39828525,  0.54441434,
        0.40402797,  0.17171563,  0.09995367,  0.09465036,  1.13699037,
        0.45726797,  1.59912195,  0.09990593,  0.09982693,  0.08681953,
        0.09655419,  0.09989212,  0.1       ,  0.1       ,  0.09984857,
        0.68265373,  1.28648509,  0.08698416,  1.81442361,  0.78527168,
        0.5279604 ,  0.08418148,  0.2957089 ,  4.03189921,  0.80519765,
        0.77553651,  0.09986209,  0.09560405,  0.36589379,  0.1398129 ,
        0.19070333,  0.22774443,  0.1       ,  0.0999023 ,  0.09990275,
        0.09007507,  0.10034698,  0.10439122,  0.10797527,  0.09995367,
        0.1       ,  0.1       ,  0.1       ,  0.1       ,  0.09995367,
        0.11357308,  0.09987403,  0.09990669,  0.1       ,  0.1       ,
        0.1       ,  0.1       ,  0.1       ,  0.1       ,  0.10400752,
        0.10162756,  0.09995367,  0.09988327,  0.42906659,  0.86909008,
        0.10639539,  0.18801123,  0.06459147,  0.64703256,  1.00369643,
        2.11496175,  0.10501038,  0.1       ,  1.51425697,  0.4698282 ,
        1.60443997,  0.78249087,  0.09006691,  0.09798989,  0.1       ,
        0.1       ,  0.09965421,  0.09933206,  0.09938901,  0.09499513,
        0.22672221,  0.21945183,  0.1       ,  0.1       ,  0.1       ,
        0.09995367,  0.09995118,  0.43893976,  0.32258604,  0.16057233,
        0.09995367,  0.1       ,  0.1       ,  0.1       ,  0.1       ,
        0.1       ,  0.09990209,  0.09990537,  0.09993285,  0.1       ,
        0.1       ,  0.1       ,  0.1       ,  0.1       ,  0.1       ,
        0.09993612,  0.09990748,  0.1       ,  0.1       ,  0.1       ,
        0.1       ,  0.1       ,  0.1       ,  0.1       ,  0.1       ,
        0.1       ,  0.1       ,  0.1       ,  0.09992918,  0.09994734,
        0.1       ,  0.1       ,  0.09961331,  0.09981332,  0.09828296,
        0.09729953,  0.09850877,  0.09993334,  0.09913989,  3.2091831 ,
        0.09388703,  0.1800169 ,  0.06800852,  0.56846065,  0.11862275,
        0.1       ,  0.09941232,  3.37540525,  1.39812444,  0.03675836,
        0.13534497,  0.10399148,  0.099785  ,  0.1       ,  0.1       ,
        0.20251982,  0.44522601,  0.09278203,  0.40076282,  0.08772578,
        0.1       ,  0.1       ,  0.1       ,  0.09993451,  0.10585841,
        0.09993167,  0.1       ,  0.1       ,  0.1       ,  0.1       ,
        0.1       ,  0.1       ,  0.09992284,  0.09993791,  0.1       ,
        0.1       ,  0.1       ,  0.1       ,  0.1       ,  0.1       ,
        0.1       ,  0.1       ,  0.1       ,  0.1       ,  0.1       ,
        0.1       ,  0.1       ,  0.1       ,  0.1       ,  0.1       ,
        0.1       ,  0.1       ,  0.1       ,  0.1       ,  0.1       ,
        0.09978621,  0.09960872,  0.09984678,  0.1       ,  0.1       ,
        0.1       ,  0.09830705,  0.08666807,  0.09293261,  0.1051348 ,
        0.09970469,  0.1       ,  0.1       ,  0.1       ,  0.70728917,
        0.87147394,  1.37389199,  0.2774908 ,  0.09993605,  0.1       ,
        0.1       ,  0.1       ,  0.28219585,  0.12847631,  0.0974867 ,
        0.08748786,  0.1       ,  0.1       ,  0.09995367,  0.09990773]), density=61.21452495158722) for prediction
Classifying against test set

Threshold 0.5
Total bags 200
Total positive bags 100
Total negative bags 100
Total predicted positive bags 191
Total predicted negative bags 9
True positives 98
False positives 93
True negatives 7
False negatives 2
Accuracy 0.525
Precision 0.5130890052356021
Recall 0.98
