Cross-validation on partition 1 with 60 instances
....5....10....15....20....25....30....35....40....45....50....55....60
Partition 0: Target: [  1.00000000e+00   1.00000000e+00   1.33676230e-02   6.84901559e-02
   0.00000000e+00   1.77168836e-01   8.96620023e-03   5.81575571e-02
   0.00000000e+00   2.67702970e-02   1.35715917e-02   6.95193880e-01
   0.00000000e+00   1.00000000e+00   0.00000000e+00   3.92245349e-02
   0.00000000e+00   1.80043807e-05   0.00000000e+00   0.00000000e+00
   0.00000000e+00   6.03988200e-06   2.56393362e-05   3.47384125e-05
   1.66318019e-05   3.39398413e-05   2.28139903e-05   0.00000000e+00
   0.00000000e+00   3.25042640e-05   2.32805336e-01   0.00000000e+00
   3.81313000e-05   1.00000000e+00   6.32670621e-01   1.96087344e-01
   7.60985747e-05   0.00000000e+00   1.00000000e+00   1.55554811e-05
   9.64075046e-05   3.10248991e-05   0.00000000e+00   0.00000000e+00
   0.00000000e+00   4.70968585e-05   2.79372686e-04   0.00000000e+00
   2.61271234e-05   2.60670537e-05   4.98167469e-05   3.48482771e-05
   5.67375728e-05   1.50433425e-04   1.80043807e-05   0.00000000e+00
   0.00000000e+00   0.00000000e+00   0.00000000e+00   1.80043807e-05
   2.07865876e-05   2.96566292e-05   2.55348039e-05   0.00000000e+00
   0.00000000e+00   0.00000000e+00   0.00000000e+00   0.00000000e+00
   0.00000000e+00   2.99906177e-05   5.99114381e-05   1.80043807e-05
   2.52321798e-06   0.00000000e+00   1.02619950e-04   1.05365200e-04
   0.00000000e+00   7.22731273e-05   1.00000000e+00   1.56369113e-01
   6.19076537e-05   1.62673680e-04   0.00000000e+00   0.00000000e+00
   2.47078516e-03   2.71453985e-01   5.51203166e-05   4.46520026e-05
   1.04326482e-04   0.00000000e+00   0.00000000e+00   4.89877241e-05
   6.15755656e-05   1.73256030e-04   2.29951019e-05   5.77884227e-05
   8.87629964e-05   0.00000000e+00   0.00000000e+00   0.00000000e+00
   1.80043807e-05   1.80376731e-05   4.89486559e-05   5.08314685e-05
   3.32635222e-05   1.80043807e-05   0.00000000e+00   0.00000000e+00
   0.00000000e+00   0.00000000e+00   0.00000000e+00   2.61559565e-05
   2.57150305e-05   2.16704262e-05   0.00000000e+00   0.00000000e+00
   0.00000000e+00   0.00000000e+00   0.00000000e+00   0.00000000e+00
   2.11365314e-05   2.54278663e-05   0.00000000e+00   0.00000000e+00
   0.00000000e+00   0.00000000e+00   0.00000000e+00   0.00000000e+00
   0.00000000e+00   0.00000000e+00   0.00000000e+00   0.00000000e+00
   0.00000000e+00   2.22535656e-05   1.91929490e-05   0.00000000e+00
   0.00000000e+00   5.17754520e-05   3.60724829e-05   0.00000000e+00
   1.15397835e-04   8.52303868e-05   2.15910665e-05   7.68694389e-05
   2.24420362e-04   7.85223520e-01   0.00000000e+00   2.46554281e-04
   9.23449593e-05   3.92993928e-05   0.00000000e+00   0.00000000e+00
   4.39302268e-03   0.00000000e+00   2.33742460e-03   8.54397198e-05
   8.52240057e-05   3.86971362e-05   0.00000000e+00   0.00000000e+00
   7.28266573e-05   7.04396839e-05   0.00000000e+00   6.53741860e-05
   3.85007496e-05   0.00000000e+00   0.00000000e+00   0.00000000e+00
   1.80742379e-05   2.57943281e-05   2.18592015e-05   0.00000000e+00
   0.00000000e+00   0.00000000e+00   0.00000000e+00   0.00000000e+00
   0.00000000e+00   2.32261307e-05   2.08382988e-05   0.00000000e+00
   0.00000000e+00   0.00000000e+00   0.00000000e+00   0.00000000e+00
   0.00000000e+00   0.00000000e+00   0.00000000e+00   0.00000000e+00
   0.00000000e+00   0.00000000e+00   0.00000000e+00   0.00000000e+00
   0.00000000e+00   0.00000000e+00   0.00000000e+00   0.00000000e+00
   0.00000000e+00   0.00000000e+00   0.00000000e+00   0.00000000e+00
   3.85881671e-05   5.20781139e-05   3.26949925e-05   0.00000000e+00
   0.00000000e+00   0.00000000e+00   2.85031446e-04   2.20794499e-04
   0.00000000e+00   1.12786588e-04   4.53021526e-05   0.00000000e+00
   0.00000000e+00   0.00000000e+00   6.95125576e-05   1.00000000e+00
   2.45260606e-03   1.11594124e-04   2.11473540e-05   0.00000000e+00
   0.00000000e+00   0.00000000e+00   5.97652677e-05   0.00000000e+00
   0.00000000e+00   2.58195589e-05   0.00000000e+00   0.00000000e+00
   1.80043807e-05   2.53930210e-05] Scale: [ 1.30272547  1.10511838  0.17754415  0.30942858  0.16702649  0.51841519
  0.15464012  0.28032335  0.17808378  0.20316298  0.20333399  0.42063797
  0.10094222  3.22459027  0.07325731  0.21600767  0.10993117  0.0999812
  0.1729999   0.74099564  0.11039307  0.08596445  0.09996182  0.09992972
  0.10009617  0.099936    0.0999599   0.1         0.1         0.09993852
  0.16069063  0.13529114  0.09771814  3.45802514  0.58590185  0.07356662
  0.09940354  0.09505268  8.03433781  0.04616345  0.07074114  0.09994401
  0.10602941  0.20147291  0.11300572  0.09999845  0.07628463  0.1
  0.09996035  0.09996053  0.09985458  0.09991286  0.09961699  0.07707692
  0.0999812   0.1         0.1         0.1         0.1         0.0999812
  0.09997493  0.09994886  0.09996213  0.1         0.1         0.1         0.1
  0.1         0.1         0.10380734  0.09978854  0.0999812   0.10129537
  0.13647535  0.09751327  0.09772238  0.22046863  0.09626691  2.78012124
  1.14192624  0.09057769  0.09747417  0.1         1.30082104  0.37326359
  1.344125    0.04276771  0.08918802  0.0988817   0.1         0.1
  0.09985944  0.09973599  0.09142108  0.09719673  0.09987617  0.09952588
  0.1         0.1         0.1         0.0999812   0.09997337  0.09985875
  0.09984852  0.0999356   0.0999812   0.1         0.1         0.1         0.1
  0.1         0.09996026  0.09996159  0.09997275  0.1         0.1         0.1
  0.1         0.1         0.1         0.09997408  0.09996245  0.1         0.1
  0.1         0.1         0.1         0.1         0.1         0.1         0.1
  0.1         0.1         0.09997126  0.09997863  0.1         0.1
  0.09984277  0.09992419  0.15797286  0.0989224   0.09948087  0.09997295
  0.09965723  0.06715761  0.40515192  0.61693975  0.08324641  0.09941044
  0.09990991  0.1         4.13557877  0.16331544  0.9335007   0.81207996
  0.09496981  0.09954513  0.09991267  0.1         0.1         0.09939985
  0.09857912  0.10258703  0.09974737  0.09991356  0.1         0.1         0.1
  0.09991806  0.09996135  0.09997227  0.1         0.1         0.1         0.1
  0.1         0.1         0.09996869  0.09997481  0.1         0.1         0.1
  0.1         0.1         0.1         0.1         0.1         0.1         0.1
  0.1         0.1         0.1         0.1         0.1         0.1         0.1
  0.1         0.1         0.1         0.1         0.09991317  0.0998409
  0.09993779  0.1         0.1         0.1         0.11488879  0.09205491
  0.12024882  0.09438672  0.09987999  0.1         0.1         0.1
  0.09678658  5.64848067  0.29719747  0.09731088  0.09997405  0.1         0.1
  0.1         0.09978547  0.10541862  0.10524229  0.09996128  0.1         0.1
  0.0999812   0.09996255] Density: 62.54488790154158
Cross-validation on partition 2 with 66 instances
....5....10....15....20....25....30....35....40....45....50....55....60....65.
Partition 1: Target: [  5.43202024e-01   5.15882030e-01   1.22959701e-03   2.02202428e-02
   1.00000000e+00   3.27635841e-02   1.84292385e-01   1.72314466e-02
   1.00000000e+00   1.91244210e-02   1.65301586e-02   1.00000000e+00
   3.35600831e-05   1.00000000e+00   0.00000000e+00   2.95069968e-01
   1.00000000e+00   0.00000000e+00   0.00000000e+00   0.00000000e+00
   0.00000000e+00   4.59819630e-01   0.00000000e+00   0.00000000e+00
   0.00000000e+00   0.00000000e+00   0.00000000e+00   0.00000000e+00
   0.00000000e+00   0.00000000e+00   0.00000000e+00   0.00000000e+00
   0.00000000e+00   0.00000000e+00   1.00000000e+00   1.00000000e+00
   0.00000000e+00   0.00000000e+00   0.00000000e+00   1.00000000e+00
   1.00000000e+00   0.00000000e+00   0.00000000e+00   0.00000000e+00
   0.00000000e+00   5.50190808e-05   0.00000000e+00   0.00000000e+00
   0.00000000e+00   0.00000000e+00   0.00000000e+00   0.00000000e+00
   0.00000000e+00   0.00000000e+00   0.00000000e+00   0.00000000e+00
   0.00000000e+00   0.00000000e+00   0.00000000e+00   0.00000000e+00
   0.00000000e+00   0.00000000e+00   0.00000000e+00   0.00000000e+00
   0.00000000e+00   0.00000000e+00   0.00000000e+00   0.00000000e+00
   0.00000000e+00   0.00000000e+00   0.00000000e+00   0.00000000e+00
   0.00000000e+00   0.00000000e+00   0.00000000e+00   0.00000000e+00
   0.00000000e+00   1.00000000e+00   0.00000000e+00   0.00000000e+00
   1.00000000e+00   0.00000000e+00   0.00000000e+00   0.00000000e+00
   0.00000000e+00   0.00000000e+00   1.00000000e+00   1.00000000e+00
   0.00000000e+00   0.00000000e+00   0.00000000e+00   0.00000000e+00
   0.00000000e+00   0.00000000e+00   0.00000000e+00   0.00000000e+00
   0.00000000e+00   0.00000000e+00   0.00000000e+00   0.00000000e+00
   0.00000000e+00   0.00000000e+00   0.00000000e+00   0.00000000e+00
   0.00000000e+00   0.00000000e+00   0.00000000e+00   0.00000000e+00
   0.00000000e+00   0.00000000e+00   0.00000000e+00   0.00000000e+00
   0.00000000e+00   0.00000000e+00   0.00000000e+00   0.00000000e+00
   0.00000000e+00   0.00000000e+00   0.00000000e+00   0.00000000e+00
   0.00000000e+00   0.00000000e+00   0.00000000e+00   0.00000000e+00
   0.00000000e+00   0.00000000e+00   0.00000000e+00   0.00000000e+00
   0.00000000e+00   0.00000000e+00   0.00000000e+00   0.00000000e+00
   0.00000000e+00   0.00000000e+00   0.00000000e+00   0.00000000e+00
   0.00000000e+00   0.00000000e+00   0.00000000e+00   0.00000000e+00
   0.00000000e+00   0.00000000e+00   0.00000000e+00   0.00000000e+00
   1.00000000e+00   0.00000000e+00   0.00000000e+00   0.00000000e+00
   0.00000000e+00   0.00000000e+00   0.00000000e+00   0.00000000e+00
   1.00000000e+00   0.00000000e+00   0.00000000e+00   0.00000000e+00
   0.00000000e+00   0.00000000e+00   0.00000000e+00   0.00000000e+00
   0.00000000e+00   0.00000000e+00   0.00000000e+00   0.00000000e+00
   0.00000000e+00   0.00000000e+00   0.00000000e+00   0.00000000e+00
   0.00000000e+00   0.00000000e+00   0.00000000e+00   0.00000000e+00
   0.00000000e+00   0.00000000e+00   0.00000000e+00   0.00000000e+00
   0.00000000e+00   0.00000000e+00   0.00000000e+00   0.00000000e+00
   0.00000000e+00   0.00000000e+00   0.00000000e+00   0.00000000e+00
   0.00000000e+00   0.00000000e+00   0.00000000e+00   0.00000000e+00
   0.00000000e+00   0.00000000e+00   0.00000000e+00   0.00000000e+00
   0.00000000e+00   0.00000000e+00   0.00000000e+00   0.00000000e+00
   0.00000000e+00   0.00000000e+00   0.00000000e+00   0.00000000e+00
   0.00000000e+00   0.00000000e+00   0.00000000e+00   0.00000000e+00
   0.00000000e+00   0.00000000e+00   0.00000000e+00   2.19816997e-04
   0.00000000e+00   0.00000000e+00   0.00000000e+00   0.00000000e+00
   0.00000000e+00   0.00000000e+00   0.00000000e+00   1.31882169e-02
   0.00000000e+00   0.00000000e+00   0.00000000e+00   0.00000000e+00
   0.00000000e+00   0.00000000e+00   0.00000000e+00   0.00000000e+00
   0.00000000e+00   0.00000000e+00   0.00000000e+00   0.00000000e+00
   0.00000000e+00   0.00000000e+00] Scale: [ 0.          0.01439754  0.01998576  0.02312584  0.97453502  0.07896462
  0.          0.02138902  1.29821549  0.06804881  0.08758578  1.96006117
  0.06378719  2.04873712  0.03200365  0.39851567  2.46468815  0.09992619
  0.0961631   0.05485485  0.05212729  0.          0.09985015  0.09972445
  0.09950913  0.09982022  0.09981899  0.1         0.1         0.09975887
  0.02788849  0.02365698  0.07682076  0.01136823  3.07882155  2.27300028
  0.15688806  0.07306011  1.20035079  2.29309098  2.59389093  0.09978038
  0.09807533  0.08794376  0.          0.05568821  0.01938098  0.1
  0.09984438  0.0998451   0.09943106  0.0996558   0.09798269  0.09025481
  0.09992619  0.1         0.1         0.1         0.1         0.09992619
  0.09990158  0.09979938  0.09985137  0.1         0.1         0.1         0.1
  0.1         0.1         0.09688391  0.09917422  0.09992619  0.09826848
  0.08185085  0.21541223  0.09310495  0.09916769  1.02039227  0.
  1.20129025  2.14876321  0.08841245  0.1         1.6191395   0.03612613
  0.82377707  1.52577837  2.18549682  0.09591753  0.1         0.1
  0.09944998  0.09894827  0.09149983  0.07658946  0.07874201  0.09742365
  0.1         0.1         0.1         0.09992619  0.09991605  0.09944967
  0.09940745  0.09974743  0.09992619  0.1         0.1         0.1         0.1
  0.1         0.09984404  0.09984926  0.09989302  0.1         0.1         0.1
  0.1         0.1         0.1         0.09989823  0.09985262  0.1         0.1
  0.1         0.1         0.1         0.1         0.1         0.1         0.1
  0.1         0.1         0.09988717  0.09991611  0.1         0.1
  0.09938505  0.09970279  0.1259219   0.09661588  0.09829022  0.0998938
  0.09865858  6.88140054  1.33053245  0.37438401  0.05710261  0.0976139
  0.09964697  0.1         3.10030545  5.22448953  0.35459056  0.
  0.05240491  0.0982499   0.09965776  0.1         0.1         0.09842442
  0.09029471  0.08801416  0.09901064  0.09966124  0.1         0.1         0.1
  0.09984573  0.09984833  0.09989114  0.1         0.1         0.1         0.1
  0.1         0.1         0.09987708  0.09990109  0.1         0.1         0.1
  0.1         0.1         0.1         0.1         0.1         0.1         0.1
  0.1         0.1         0.1         0.1         0.1         0.1         0.1
  0.1         0.1         0.1         0.1         0.09965969  0.09937778
  0.09975602  0.1         0.1         0.1         0.09202118  0.06996413
  0.06371156  0.07405686  0.09953014  0.1         0.1         0.1
  0.06976036  0.          0.75403529  0.08783188  0.09989813  0.1         0.1
  0.1         0.09917295  0.08321761  0.09794277  0.09984803  0.1         0.1
  0.09992619  0.09985302] Density: 62.43528106885143
Cross-validation on partition 3 with 62 instances
....5....10....15....20....25....30....35....40....45....50....55....60..
Partition 2: Target: [  1.00000000e+00   1.00000000e+00   1.29751579e-03   1.14458644e-01
   0.00000000e+00   7.89080248e-01   5.59872588e-04   1.13875027e-01
   0.00000000e+00   3.40768673e-01   1.41850767e-01   7.93417962e-06
   0.00000000e+00   5.82260152e-02   1.00000000e+00   1.00000000e+00
   4.32019314e-05   5.61777532e-06   3.31056962e-05   9.63525009e-01
   3.08699262e-05   5.76681401e-05   7.98943003e-06   1.08010034e-05
   1.43407235e-05   8.74468671e-06   8.77441738e-06   0.00000000e+00
   0.00000000e+00   1.01124410e-05   0.00000000e+00   0.00000000e+00
   2.14373186e-01   1.18553780e-01   3.12795709e-03   4.15157660e-05
   0.00000000e+00   3.59910486e-01   5.39791136e-01   1.17668560e-05
   3.54249235e-05   9.65582741e-06   2.87226247e-05   1.00000000e+00
   6.24193444e-05   4.94264890e-05   4.45373563e-05   0.00000000e+00
   8.14060757e-06   8.12199297e-06   1.54098130e-05   1.16101893e-05
   2.50384499e-05   5.26090638e-05   5.61777532e-06   0.00000000e+00
   0.00000000e+00   0.00000000e+00   0.00000000e+00   5.61777532e-06
   6.24564070e-06   9.23305035e-06   7.95702690e-06   0.00000000e+00
   0.00000000e+00   0.00000000e+00   0.00000000e+00   0.00000000e+00
   0.00000000e+00   1.00693031e-07   1.77732135e-05   5.61777532e-06
   3.19817657e-07   0.00000000e+00   2.79989997e-04   1.36288290e-05
   8.07256030e-08   2.50612227e-05   0.00000000e+00   0.00000000e+00
   3.43895128e-02   1.01751879e-05   0.00000000e+00   0.00000000e+00
   5.64727898e-01   5.17414790e-04   3.91946579e-09   1.52839560e-05
   2.89517774e-05   0.00000000e+00   0.00000000e+00   1.51583999e-05
   2.22728996e-05   3.34768088e-05   6.87596299e-05   4.39551843e-05
   2.68499151e-05   0.00000000e+00   0.00000000e+00   0.00000000e+00
   5.61777532e-06   5.62900805e-06   1.45919836e-05   1.51414589e-05
   1.03465844e-05   5.61777532e-06   0.00000000e+00   0.00000000e+00
   0.00000000e+00   0.00000000e+00   0.00000000e+00   8.14954224e-06
   8.01289263e-06   6.75774636e-06   0.00000000e+00   0.00000000e+00
   0.00000000e+00   0.00000000e+00   0.00000000e+00   0.00000000e+00
   6.59185626e-06   7.92387599e-06   0.00000000e+00   0.00000000e+00
   0.00000000e+00   0.00000000e+00   0.00000000e+00   0.00000000e+00
   0.00000000e+00   0.00000000e+00   0.00000000e+00   0.00000000e+00
   0.00000000e+00   6.93888483e-06   5.98758095e-06   0.00000000e+00
   0.00000000e+00   1.60027809e-05   1.12115475e-05   0.00000000e+00
   1.66731365e-05   1.37349072e-05   6.73309088e-06   2.32405452e-05
   5.30868615e-02   0.00000000e+00   2.80212024e-04   1.06060686e-05
   2.34107768e-05   1.22025608e-05   0.00000000e+00   0.00000000e+00
   1.00000000e+00   1.66920219e-01   0.00000000e+00   3.71114625e-06
   2.63097023e-05   1.20178283e-05   0.00000000e+00   0.00000000e+00
   1.74972536e-05   4.63438824e-05   4.82386663e-05   2.00760334e-05
   1.19575669e-05   0.00000000e+00   0.00000000e+00   0.00000000e+00
   5.64660552e-06   7.74307800e-06   6.81639106e-06   0.00000000e+00
   0.00000000e+00   0.00000000e+00   0.00000000e+00   0.00000000e+00
   0.00000000e+00   7.24086265e-06   6.49917073e-06   0.00000000e+00
   0.00000000e+00   0.00000000e+00   0.00000000e+00   0.00000000e+00
   0.00000000e+00   0.00000000e+00   0.00000000e+00   0.00000000e+00
   0.00000000e+00   0.00000000e+00   0.00000000e+00   0.00000000e+00
   0.00000000e+00   0.00000000e+00   0.00000000e+00   0.00000000e+00
   0.00000000e+00   0.00000000e+00   0.00000000e+00   0.00000000e+00
   1.19843924e-05   1.60942744e-05   1.01712720e-05   0.00000000e+00
   0.00000000e+00   0.00000000e+00   0.00000000e+00   4.58202489e-06
   0.00000000e+00   1.27963415e-06   1.40376756e-05   0.00000000e+00
   0.00000000e+00   0.00000000e+00   1.30395897e-05   6.65420439e-01
   0.00000000e+00   1.13189416e-05   6.59521950e-06   0.00000000e+00
   0.00000000e+00   0.00000000e+00   1.77325283e-05   2.72086586e-05
   2.72821888e-05   8.04529094e-06   0.00000000e+00   0.00000000e+00
   5.61777532e-06   7.91307338e-06] Scale: [  8.57878557e-01   1.42144026e+00   1.63961245e-01   2.64542120e-01
   2.77529591e-01   1.25091656e+00   1.53465662e-01   2.61218739e-01
   7.18745781e-02   7.91376910e-01   8.07760055e-01   1.18521817e-01
   1.01696766e-01   4.79310195e-02   3.45866744e+00   2.24664970e+00
   6.12141307e-02   9.99148843e-02   9.57669366e-02   1.69893422e+00
   6.47811302e-02   7.52820916e-02   9.98272263e-02   9.96823393e-02
   9.94342581e-02   9.97927231e-02   9.97912991e-02   1.00000000e-01
   1.00000000e-01   9.97220043e-02   1.37413240e-01   9.16054048e-02
   6.57568346e-02   4.72461409e-02   2.37585190e-01   6.23999065e-02
   8.01453147e-02   5.98033792e-04   2.12463731e+00   2.50588413e-02
   5.48032001e-02   9.97468011e-02   9.78692840e-02   3.63136261e+00
   8.74037705e-02   9.09506249e-02   7.91174182e-02   1.00000000e-01
   9.98205769e-02   9.98214026e-02   9.93443334e-02   9.96110804e-02
   9.80630623e-02   9.14876170e-02   9.99148843e-02   1.00000000e-01
   1.00000000e-01   1.00000000e-01   1.00000000e-01   9.99148843e-02
   1.00014388e-01   9.97686966e-02   9.98286349e-02   1.00000000e-01
   1.00000000e-01   1.00000000e-01   1.00000000e-01   1.00000000e-01
   1.00000000e-01   9.93618504e-02   9.90960968e-02   9.99148843e-02
   9.93263823e-02   9.39798536e-02   4.48372834e-01   1.00947270e-01
   9.90399044e-02   1.53805159e-01   1.02702682e-01   1.64317127e+00
   1.56799128e+00   9.59524108e-02   1.00000000e-01   3.77302884e+00
   5.10185866e-01   2.11056620e+00   4.40060397e-04   5.51983317e-02
   9.61783221e-02   1.00000000e-01   1.00000000e-01   9.93661241e-02
   9.87913002e-02   8.01036948e-02   8.46645369e-02   9.51194331e-02
   9.78849848e-02   1.00000000e-01   1.00000000e-01   1.00000000e-01
   9.99148843e-02   9.99145424e-02   1.02763564e-01   1.01024448e-01
   9.97088239e-02   9.99148843e-02   1.00000000e-01   1.00000000e-01
   1.00000000e-01   1.00000000e-01   1.00000000e-01   9.98201799e-02
   9.98262027e-02   9.98766420e-02   1.00000000e-01   1.00000000e-01
   1.00000000e-01   1.00000000e-01   1.00000000e-01   1.00000000e-01
   9.98826531e-02   9.98300698e-02   1.00000000e-01   1.00000000e-01
   1.00000000e-01   1.00000000e-01   1.00000000e-01   1.00000000e-01
   1.00000000e-01   1.00000000e-01   1.00000000e-01   1.00000000e-01
   1.00000000e-01   9.98699042e-02   9.99032633e-02   1.00000000e-01
   1.00000000e-01   9.92913536e-02   9.96573800e-02   1.38944044e-01
   9.54290804e-02   9.72832123e-02   9.98775450e-02   9.84524744e-02
   2.02677136e+00   8.98675281e-01   1.32927006e+00   5.68524384e-02
   9.74949815e-02   9.95930562e-02   1.00000000e-01   3.97194387e+00
   8.23464456e+00   8.06789442e-01   1.47835701e+00   8.05842233e-02
   9.79770360e-02   9.96054864e-02   1.00000000e-01   1.00000000e-01
   9.97137429e-02   8.77206105e-02   8.66653688e-02   9.88649729e-02
   9.96094975e-02   1.00000000e-01   1.00000000e-01   1.00000000e-01
   9.99140053e-02   9.98876852e-02   9.98744805e-02   1.00000000e-01
   1.00000000e-01   1.00000000e-01   1.00000000e-01   1.00000000e-01
   1.00000000e-01   9.98582666e-02   9.98859452e-02   1.00000000e-01
   1.00000000e-01   1.00000000e-01   1.00000000e-01   1.00000000e-01
   1.00000000e-01   1.00000000e-01   1.00000000e-01   1.00000000e-01
   1.00000000e-01   1.00000000e-01   1.00000000e-01   1.00000000e-01
   1.00000000e-01   1.00000000e-01   1.00000000e-01   1.00000000e-01
   1.00000000e-01   1.00000000e-01   1.00000000e-01   1.00000000e-01
   9.96077146e-02   9.92829792e-02   9.97187223e-02   1.00000000e-01
   1.00000000e-01   1.00000000e-01   1.61402831e-01   1.20030928e-01
   1.01422199e-01   8.88251306e-02   9.94584569e-02   1.00000000e-01
   1.00000000e-01   1.00000000e-01   6.98930615e-02   8.38992537e-01
   1.41569893e+00   9.22374063e-02   9.98825327e-02   1.00000000e-01
   1.00000000e-01   1.00000000e-01   1.00960322e-01   9.43460363e-02
   9.76432169e-02   9.98247843e-02   1.00000000e-01   1.00000000e-01
   9.99148843e-02   9.98305361e-02] Density: 58.461940506353365
Cross-validation on partition 4 with 57 instances
....5....10....15....20....25....30....35....40....45....50....55..
Partition 3: Target: [  1.00000000e+00   1.00000000e+00   1.00000000e+00   0.00000000e+00
   8.86865563e-01   1.00000000e+00   1.96211245e-01   0.00000000e+00
   1.00000000e+00   1.99987698e-01   3.00261210e-01   3.44451323e-03
   0.00000000e+00   0.00000000e+00   1.70935012e-05   1.68457405e-04
   0.00000000e+00   3.74141278e-05   0.00000000e+00   0.00000000e+00
   1.02468340e-01   1.77068823e-04   5.32245874e-05   7.19891761e-05
   9.02565135e-04   7.43406000e-05   5.84609774e-05   0.00000000e+00
   0.00000000e+00   6.73911077e-05   0.00000000e+00   0.00000000e+00
   8.40614278e-02   0.00000000e+00   0.00000000e+00   0.00000000e+00
   0.00000000e+00   5.45320475e-01   1.00000000e+00   1.00137982e-05
   4.39417342e-06   6.43429165e-05   0.00000000e+00   0.00000000e+00
   0.00000000e+00   2.54117261e-04   2.43165870e-04   0.00000000e+00
   5.42328987e-05   5.41087410e-05   6.26925433e-04   0.00000000e+00
   0.00000000e+00   0.00000000e+00   3.74141278e-05   0.00000000e+00
   0.00000000e+00   0.00000000e+00   0.00000000e+00   3.74141278e-05
   0.00000000e+00   6.15212612e-05   5.30084763e-05   0.00000000e+00
   0.00000000e+00   0.00000000e+00   0.00000000e+00   0.00000000e+00
   0.00000000e+00   4.65442207e-05   0.00000000e+00   3.74141278e-05
   0.00000000e+00   0.00000000e+00   9.58758222e-05   1.01014837e-05
   0.00000000e+00   0.00000000e+00   0.00000000e+00   0.00000000e+00
   2.15862410e-02   2.13599503e-04   0.00000000e+00   0.00000000e+00
   1.57288592e-01   1.00000000e+00   0.00000000e+00   1.65825175e-04
   2.16615627e-04   0.00000000e+00   0.00000000e+00   1.01135940e-04
   2.88185312e-05   0.00000000e+00   1.98179317e-05   4.77481855e-05
   0.00000000e+00   0.00000000e+00   0.00000000e+00   0.00000000e+00
   3.74141278e-05   3.74889794e-05   0.00000000e+00   0.00000000e+00
   0.00000000e+00   3.74141278e-05   0.00000000e+00   0.00000000e+00
   0.00000000e+00   0.00000000e+00   0.00000000e+00   5.42924925e-05
   5.33810719e-05   4.50119482e-05   0.00000000e+00   0.00000000e+00
   0.00000000e+00   0.00000000e+00   0.00000000e+00   0.00000000e+00
   4.39061202e-05   5.27873810e-05   0.00000000e+00   0.00000000e+00
   0.00000000e+00   0.00000000e+00   0.00000000e+00   0.00000000e+00
   0.00000000e+00   0.00000000e+00   0.00000000e+00   0.00000000e+00
   0.00000000e+00   4.62194986e-05   3.98785420e-05   0.00000000e+00
   0.00000000e+00   1.06795616e-04   7.47315856e-05   0.00000000e+00
   0.00000000e+00   1.69687435e-04   4.48475899e-05   1.56832526e-04
   1.07990669e-01   0.00000000e+00   0.00000000e+00   4.04270425e-06
   1.74385831e-04   8.13544145e-05   0.00000000e+00   0.00000000e+00
   6.27161687e-02   0.00000000e+00   2.24264953e-02   0.00000000e+00
   1.51397200e-04   8.01195428e-05   0.00000000e+00   0.00000000e+00
   0.00000000e+00   0.00000000e+00   0.00000000e+00   1.28658683e-04
   7.97167498e-05   0.00000000e+00   0.00000000e+00   0.00000000e+00
   3.76062443e-05   0.00000000e+00   4.54028913e-05   0.00000000e+00
   0.00000000e+00   0.00000000e+00   0.00000000e+00   0.00000000e+00
   0.00000000e+00   4.82328014e-05   4.32883043e-05   0.00000000e+00
   0.00000000e+00   0.00000000e+00   0.00000000e+00   0.00000000e+00
   0.00000000e+00   0.00000000e+00   0.00000000e+00   0.00000000e+00
   0.00000000e+00   0.00000000e+00   0.00000000e+00   0.00000000e+00
   0.00000000e+00   0.00000000e+00   0.00000000e+00   0.00000000e+00
   0.00000000e+00   0.00000000e+00   0.00000000e+00   0.00000000e+00
   7.98960521e-05   1.07409133e-04   6.77838981e-05   0.00000000e+00
   0.00000000e+00   0.00000000e+00   0.00000000e+00   1.38121734e-03
   0.00000000e+00   0.00000000e+00   9.36303170e-05   0.00000000e+00
   0.00000000e+00   0.00000000e+00   1.81491075e-04   3.09794846e-02
   0.00000000e+00   0.00000000e+00   4.39285390e-05   0.00000000e+00
   0.00000000e+00   0.00000000e+00   0.00000000e+00   0.00000000e+00
   0.00000000e+00   5.35971561e-05   0.00000000e+00   0.00000000e+00
   3.74141278e-05   5.27153353e-05] Scale: [  1.64576472e+00   5.11529931e+00   1.76065266e+00   0.00000000e+00
   1.66310168e+00   4.62055238e+00   1.51578384e-01   0.00000000e+00
   3.41842033e+00   1.51481776e-01   3.21619278e-01   7.27360047e-02
   1.38944857e-01   4.28168856e-01   7.24269942e-02   6.69559625e-02
   5.81584936e-02   9.99336796e-02   2.87144608e-01   1.83116414e+00
   1.14023318e-01   8.33141984e-02   9.98653259e-02   9.97522296e-02
   6.62615307e-02   9.97565005e-02   9.98372953e-02   1.00000000e-01
   1.00000000e-01   9.97832058e-02   1.48168582e-01   2.58676242e-01
   9.05393312e-02   8.16328670e-01   1.87610798e-01   6.79685027e-02
   4.01181527e-01   1.70780894e-02   8.66985669e+00   1.03204145e-02
   4.91515812e-03   9.98025653e-02   1.15002747e-01   1.49611066e-01
   1.42038953e-01   9.11421143e-02   8.64630184e-02   1.00000000e-01
   9.98601387e-02   9.98607828e-02   6.62107470e-02   1.02197898e-01
   1.13692427e-01   1.27900679e-01   9.99336796e-02   1.00000000e-01
   1.00000000e-01   1.00000000e-01   1.00000000e-01   9.99336796e-02
   1.47618174e-01   9.98196561e-02   9.98664247e-02   1.00000000e-01
   1.00000000e-01   1.00000000e-01   1.00000000e-01   1.00000000e-01
   1.00000000e-01   9.26467649e-02   1.04853288e-01   9.99336796e-02
   1.01301961e-01   9.33601393e-02   4.72887337e-01   1.06610062e-01
   1.12078975e-01   3.74727993e-01   2.08234167e-01   2.20929506e-02
   2.11208426e+00   9.14969736e-02   1.00000000e-01   3.91695026e+00
   1.58877198e-01   2.59513091e+00   0.00000000e+00   6.73615739e-02
   9.62135045e-02   1.00000000e-01   1.00000000e-01   9.95048924e-02
   9.93896099e-02   8.57553461e-02   9.55254513e-02   9.84323483e-02
   1.10648374e-01   1.00000000e-01   1.00000000e-01   1.00000000e-01
   9.99336796e-02   9.99334131e-02   1.90054719e-01   9.18413588e-01
   1.89288258e+00   9.99336796e-02   1.00000000e-01   1.00000000e-01
   1.00000000e-01   1.00000000e-01   1.00000000e-01   9.98598289e-02
   9.98645274e-02   9.99038657e-02   1.00000000e-01   1.00000000e-01
   1.00000000e-01   1.00000000e-01   1.00000000e-01   1.00000000e-01
   9.99085526e-02   9.98675440e-02   1.00000000e-01   1.00000000e-01
   1.00000000e-01   1.00000000e-01   1.00000000e-01   1.00000000e-01
   1.00000000e-01   1.00000000e-01   1.00000000e-01   1.00000000e-01
   1.00000000e-01   9.98986118e-02   9.99246209e-02   1.00000000e-01
   1.00000000e-01   9.94463073e-02   9.97327320e-02   1.29274281e-01
   1.85379739e-01   9.73887172e-02   9.99045698e-02   9.88174420e-02
   1.51023623e+00   2.61225696e-02   1.92907596e+00   3.04401439e-02
   9.79056916e-02   9.96824643e-02   1.00000000e-01   6.47196942e+00
   2.49303735e+00   6.52848576e-01   8.02490751e-01   7.59938147e-02
   9.84735618e-02   9.96921804e-02   1.00000000e-01   1.00000000e-01
   1.09220321e-01   1.12957991e-01   1.00559612e-01   9.91089238e-02
   9.96953155e-02   1.00000000e-01   1.00000000e-01   1.00000000e-01
   9.99329945e-02   1.02353692e-01   9.99021803e-02   1.00000000e-01
   1.00000000e-01   1.00000000e-01   1.00000000e-01   1.00000000e-01
   1.00000000e-01   9.98895365e-02   9.99111195e-02   1.00000000e-01
   1.00000000e-01   1.00000000e-01   1.00000000e-01   1.00000000e-01
   1.00000000e-01   1.00000000e-01   1.00000000e-01   1.00000000e-01
   1.00000000e-01   1.00000000e-01   1.00000000e-01   1.00000000e-01
   1.00000000e-01   1.00000000e-01   1.00000000e-01   1.00000000e-01
   1.00000000e-01   1.00000000e-01   1.00000000e-01   1.00000000e-01
   9.96939220e-02   9.94397433e-02   9.97806432e-02   1.00000000e-01
   1.00000000e-01   1.00000000e-01   1.13009584e-01   8.68530424e-02
   6.98247127e-02   1.27388941e-01   9.95771849e-02   1.00000000e-01
   1.00000000e-01   1.00000000e-01   7.15841945e-02   0.00000000e+00
   0.00000000e+00   1.00665284e-01   9.99084588e-02   1.00000000e-01
   1.00000000e-01   1.00000000e-01   1.01660317e-01   1.17716945e-01
   4.67802241e-01   9.98634209e-02   1.00000000e-01   1.00000000e-01
   9.99336796e-02   9.98679077e-02] Density: 58.74393033308977
Cross-validation on partition 5 with 50 instances
....5....10....15....20....25....30....35....40....45....50
Partition 4: Target: [  2.48526889e-01   1.25388831e-01   1.14011903e-02   8.10448002e-02
   8.24850689e-01   9.25163331e-02   0.00000000e+00   6.03842659e-02
   1.00000000e+00   3.35045167e-04   1.00000000e+00   9.19216977e-03
   1.23645261e-05   0.00000000e+00   0.00000000e+00   0.00000000e+00
   0.00000000e+00   3.03628044e-06   1.00000000e+00   6.83636517e-05
   0.00000000e+00   1.04119290e-05   4.31885034e-06   5.84036753e-06
   0.00000000e+00   4.72744050e-06   4.74352640e-06   0.00000000e+00
   0.00000000e+00   5.46761850e-06   0.00000000e+00   0.00000000e+00
   1.43988337e-05   0.00000000e+00   0.00000000e+00   0.00000000e+00
   1.00000000e+00   1.00000000e+00   1.00000000e+00   4.73799433e-06
   2.94917412e-06   5.22048104e-06   2.16102807e-01   1.00000000e+00
   1.08524865e-02   2.57593758e-05   2.03661889e-05   0.00000000e+00
   4.40062999e-06   4.39056022e-06   4.35384021e-06   3.11070840e-06
   1.34359015e-05   2.21970770e-05   3.03628044e-06   0.00000000e+00
   0.00000000e+00   0.00000000e+00   0.00000000e+00   0.00000000e+00
   3.50416341e-06   4.99168919e-06   4.30132225e-06   0.00000000e+00
   0.00000000e+00   0.00000000e+00   0.00000000e+00   0.00000000e+00
   0.00000000e+00   0.00000000e+00   9.98829113e-06   3.03628044e-06
   4.11191814e-06   0.00000000e+00   0.00000000e+00   0.00000000e+00
   0.00000000e+00   2.40609616e-05   0.00000000e+00   0.00000000e+00
   9.52309167e-03   2.32189873e-06   0.00000000e+00   0.00000000e+00
   1.00000000e+00   1.00000000e+00   0.00000000e+00   1.97624401e-05
   1.04307216e-05   0.00000000e+00   0.00000000e+00   8.20161728e-06
   4.41784964e-02   1.39065522e-01   1.37692332e-05   1.69828654e-05
   1.45698464e-05   0.00000000e+00   0.00000000e+00   0.00000000e+00
   3.03628044e-06   3.04235351e-06   6.54686992e-06   8.50477526e-06
   5.59436067e-06   3.03628044e-06   0.00000000e+00   0.00000000e+00
   0.00000000e+00   0.00000000e+00   0.00000000e+00   4.40546331e-06
   4.33154224e-06   3.65268358e-06   0.00000000e+00   0.00000000e+00
   0.00000000e+00   0.00000000e+00   0.00000000e+00   0.00000000e+00
   3.56297489e-06   4.28338981e-06   0.00000000e+00   0.00000000e+00
   0.00000000e+00   0.00000000e+00   0.00000000e+00   0.00000000e+00
   0.00000000e+00   0.00000000e+00   0.00000000e+00   0.00000000e+00
   0.00000000e+00   0.00000000e+00   3.23622594e-06   0.00000000e+00
   0.00000000e+00   8.65975229e-06   6.06265631e-06   0.00000000e+00
   1.13296487e-05   1.29092339e-05   3.63935039e-06   1.28198032e-05
   5.13752699e-02   0.00000000e+00   0.00000000e+00   1.38056533e-06
   1.36511304e-05   6.59938246e-06   0.00000000e+00   0.00000000e+00
   3.25000129e-01   4.31943810e-01   0.00000000e+00   1.76025798e-07
   1.22706686e-05   6.49931665e-06   0.00000000e+00   0.00000000e+00
   1.34777099e-05   2.16773783e-05   0.00000000e+00   1.08724166e-05
   6.46667593e-06   0.00000000e+00   0.00000000e+00   0.00000000e+00
   3.05186777e-06   4.34483776e-06   3.68439776e-06   0.00000000e+00
   0.00000000e+00   0.00000000e+00   0.00000000e+00   0.00000000e+00
   0.00000000e+00   3.91395803e-06   3.51285455e-06   0.00000000e+00
   0.00000000e+00   0.00000000e+00   0.00000000e+00   0.00000000e+00
   0.00000000e+00   0.00000000e+00   0.00000000e+00   0.00000000e+00
   0.00000000e+00   0.00000000e+00   0.00000000e+00   0.00000000e+00
   0.00000000e+00   0.00000000e+00   0.00000000e+00   0.00000000e+00
   0.00000000e+00   0.00000000e+00   0.00000000e+00   0.00000000e+00
   0.00000000e+00   8.70940655e-06   5.49946289e-06   0.00000000e+00
   0.00000000e+00   0.00000000e+00   0.00000000e+00   3.96744153e-04
   0.00000000e+00   0.00000000e+00   7.59385805e-06   0.00000000e+00
   0.00000000e+00   0.00000000e+00   5.56571224e-06   8.18146893e-03
   0.00000000e+00   0.00000000e+00   3.56479361e-06   0.00000000e+00
   0.00000000e+00   0.00000000e+00   9.96533759e-06   2.37737543e-05
   0.00000000e+00   4.34906798e-06   0.00000000e+00   0.00000000e+00
   3.03628044e-06   4.27754635e-06] Scale: [ 0.14350899  0.15713961  0.23515653  0.24362555  0.14041452  0.81755039
  0.12306967  0.21072229  1.01687847  0.14302555  5.04793274  0.12689463
  0.09896967  0.14497628  0.02816592  0.07193982  0.0660456   0.09992288
  0.97192921  0.23787535  0.1132843   0.07616146  0.09984345  0.09971213
  0.09954658  0.09981218  0.09981089  0.1         0.1         0.09974808
  0.06785193  0.09127809  0.09198161  0.08173687  0.05538867  0.05144606
  2.37961772  2.34680246  3.74893156  0.01963787  0.01775966  0.09977056
  0.06588822  2.16229636  0.08541556  0.0915419   0.07837187  0.1
  0.09983742  0.09983817  0.09943059  0.09964929  0.09821197  0.09111865
  0.09992288  0.1         0.1         0.1         0.1         0.35518003
  0.09989717  0.09979041  0.09984473  0.1         0.1         0.1         0.1
  0.1         0.1         0.09381871  0.09913735  0.09992288  0.09720511
  0.14667149  0.42890887  0.10059516  0.07474866  0.09052451  0.01968918
  0.56885418  1.37488791  0.09323887  0.1         2.75205178  7.6839749
  4.4657932   0.          0.06643161  0.09648114  0.1         0.1
  0.0994254   0.09607947  0.06375828  0.08821926  0.09193823  0.09808009
  0.1         0.1         0.1         0.09992288  0.09992257  0.09942979
  0.09938098  0.09973614  0.09992288  0.1         0.1         0.1         0.1
  0.1         0.09983706  0.09984252  0.09988823  0.1         0.1         0.1
  0.1         0.1         0.1         0.09989368  0.09984603  0.1         0.1
  0.1         0.1         0.1         0.1         0.1         0.1         0.1
  0.1         0.1         0.43503841  0.09991235  0.1         0.1
  0.09935758  0.0996895   0.07109042  0.09564584  0.09766718  0.09988905
  0.09859895  1.40996085  0.02943925  0.45458172  0.04544807  0.09754883
  0.09963119  0.1         4.25766071  2.42487242  1.18137693  0.99221189
  0.07126351  0.09816321  0.09964246  0.1         0.1         0.0986846
  0.09038307  0.08893978  0.09897063  0.0996461   0.1         0.1         0.1
  0.09992209  0.09984155  0.09988627  0.1         0.1         0.1         0.1
  0.1         0.1         0.09987158  0.09989666  0.1         0.1         0.1
  0.1         0.1         0.1         0.1         0.1         0.1         0.1
  0.1         0.1         0.1         0.1         0.1         0.1         0.1
  0.1         0.1         0.1         0.1         0.10235432  0.09934998
  0.09974511  0.1         0.1         0.1         0.09851613  0.24146624
  0.0549258   0.0822462   0.09950914  0.1         0.1         0.1
  0.06885046  0.          1.24400687  0.08990956  0.09989357  0.1         0.1
  0.1         0.09914145  0.09421925  0.13772537  0.09984124  0.1         0.1
  0.09992288  0.09984645] Density: 57.2387985632275
Cross-validation on partition 6 with 68 instances
....5....10....15....20....25....30....35....40....45....50....55....60....65...
Partition 5: Target: [  4.66436679e-01   8.45733345e-01   2.56828329e-01   1.00000000e+00
   0.00000000e+00   4.39917602e-01   9.09965628e-02   1.00000000e+00
   0.00000000e+00   1.00000000e+00   2.69801693e-01   2.06024720e-04
   0.00000000e+00   0.00000000e+00   0.00000000e+00   0.00000000e+00
   0.00000000e+00   6.55467768e-05   1.23391495e-01   9.00127334e-02
   0.00000000e+00   0.00000000e+00   9.32084711e-05   1.25986660e-04
   1.47126543e-03   1.28041322e-04   8.40885811e-05   0.00000000e+00
   0.00000000e+00   1.17960939e-04   0.00000000e+00   0.00000000e+00
   2.26739600e-04   6.40568129e-01   0.00000000e+00   0.00000000e+00
   0.00000000e+00   8.27159269e-02   9.76300427e-02   1.00000000e+00
   0.00000000e+00   1.12638091e-04   4.32718688e-04   4.43721624e-05
   0.00000000e+00   0.00000000e+00   2.55114702e-04   0.00000000e+00
   9.49713904e-05   9.47543232e-05   1.02632758e-03   1.46433442e-04
   3.18995662e-04   0.00000000e+00   6.55467768e-05   0.00000000e+00
   0.00000000e+00   0.00000000e+00   0.00000000e+00   6.55467768e-05
   7.56404819e-05   1.07709236e-04   9.28306042e-05   0.00000000e+00
   0.00000000e+00   0.00000000e+00   0.00000000e+00   0.00000000e+00
   0.00000000e+00   0.00000000e+00   2.15018743e-04   6.55467768e-05
   0.00000000e+00   0.00000000e+00   0.00000000e+00   0.00000000e+00
   7.62348614e-05   5.09550509e-04   0.00000000e+00   7.12319064e-03
   1.39053257e-02   2.96692266e-04   0.00000000e+00   0.00000000e+00
   3.84134426e-04   1.00000000e+00   0.00000000e+00   1.40488936e-04
   2.50554019e-05   0.00000000e+00   0.00000000e+00   1.76741127e-04
   3.15446903e-04   0.00000000e+00   1.49687695e-04   4.84407810e-04
   3.03579652e-04   0.00000000e+00   0.00000000e+00   0.00000000e+00
   6.55467768e-05   6.56778095e-05   1.76606290e-04   1.83244694e-04
   1.20690198e-04   6.55467768e-05   0.00000000e+00   0.00000000e+00
   0.00000000e+00   0.00000000e+00   0.00000000e+00   9.50755785e-05
   9.34820773e-05   7.88439244e-05   0.00000000e+00   0.00000000e+00
   0.00000000e+00   0.00000000e+00   0.00000000e+00   0.00000000e+00
   7.69090278e-05   9.24440150e-05   0.00000000e+00   0.00000000e+00
   0.00000000e+00   0.00000000e+00   0.00000000e+00   0.00000000e+00
   0.00000000e+00   0.00000000e+00   0.00000000e+00   0.00000000e+00
   0.00000000e+00   8.09566228e-05   6.98605678e-05   0.00000000e+00
   0.00000000e+00   1.86568085e-04   1.30771253e-04   0.00000000e+00
   1.99631256e-04   2.91928882e-04   7.85563524e-05   2.63966244e-04
   2.23828802e-01   0.00000000e+00   0.00000000e+00   9.69228302e-05
   3.19065466e-04   1.42318768e-04   0.00000000e+00   2.24462200e-04
   6.50449788e-01   1.00000000e+00   6.67093440e-02   1.90657504e-04
   2.98500111e-04   1.40166449e-04   0.00000000e+00   0.00000000e+00
   2.74017239e-04   5.96226239e-04   4.62025771e-04   2.33908969e-04
   1.39464320e-04   0.00000000e+00   0.00000000e+00   0.00000000e+00
   6.58830883e-05   9.37686928e-05   7.95279295e-05   0.00000000e+00
   0.00000000e+00   0.00000000e+00   0.00000000e+00   0.00000000e+00
   0.00000000e+00   8.44786020e-05   7.58279501e-05   0.00000000e+00
   0.00000000e+00   0.00000000e+00   0.00000000e+00   0.00000000e+00
   0.00000000e+00   0.00000000e+00   0.00000000e+00   0.00000000e+00
   0.00000000e+00   0.00000000e+00   0.00000000e+00   0.00000000e+00
   0.00000000e+00   0.00000000e+00   0.00000000e+00   0.00000000e+00
   0.00000000e+00   0.00000000e+00   0.00000000e+00   0.00000000e+00
   1.39776876e-04   1.87632701e-04   1.18646708e-04   0.00000000e+00
   0.00000000e+00   0.00000000e+00   4.63689138e-04   5.28111191e-03
   0.00000000e+00   3.45203986e-04   1.63693489e-04   0.00000000e+00
   0.00000000e+00   0.00000000e+00   2.25739901e-04   1.00000000e+00
   3.06543057e-02   4.03262915e-04   7.69482561e-05   0.00000000e+00
   0.00000000e+00   0.00000000e+00   2.14527829e-04   3.11273666e-04
   0.00000000e+00   9.38598845e-05   0.00000000e+00   0.00000000e+00
   6.55467768e-05   9.23180400e-05] Scale: [ 1.01747037  1.4745252   1.25047439  4.36725224  0.34729979  1.1329006
  0.7367861   3.96175194  0.30440136  3.19373636  0.8243779   0.08962899
  0.09280748  0.1836348   0.1218105   0.07264663  0.12518569  0.09991863
  0.07719921  0.79023895  0.53590272  0.066277    0.09983477  0.09969606
  0.04557322  0.09966911  0.09982099  0.1         0.1         0.09973405
  0.09717036  0.16700968  0.09741568  0.42002345  0.06215134  0.07116864
  0.31090065  0.          2.32271585  5.2551285   0.          0.09975779
  0.0948183   0.04760223  0.18079389  0.10129917  0.06558337  0.1
  0.09982841  0.0998292   0.04552896  0.09959525  0.09507708  0.11852232
  0.09991863  0.1         0.1         0.1         0.1         0.09991863
  0.09989149  0.09977876  0.09983612  0.1         0.1         0.1         0.1
  0.1         0.1         0.21222648  0.09908775  0.09991863  0.10300554
  0.72671431  0.79603068  0.11901854  0.08205285  0.03295373  0.04901062
  1.20316074  1.44732502  0.06973552  0.1         5.0513445   0.10015847
  7.54077131  0.          0.08194393  0.10341285  0.1         0.1
  0.09939285  0.09708366  0.09006311  0.07327929  0.09150762  0.09795626
  0.1         0.1         0.1         0.09991863  0.0999183   0.0993938
  0.09934583  0.09972143  0.09991863  0.1         0.1         0.1         0.1
  0.1         0.09982803  0.09983379  0.09988205  0.1         0.1         0.1
  0.1         0.1         0.1         0.0998878   0.09983749  0.1         0.1
  0.1         0.1         0.1         0.1         0.1         0.1         0.1
  0.1         0.1         0.09987561  0.09990751  0.1         0.1
  0.09932106  0.09967215  0.16261233  0.0981231   0.09658277  0.09988291
  0.0983523   1.75970772  0.05391394  1.72837155  0.04624705  0.09696382
  0.09961052  0.1         0.09896735  4.04769636  5.26546435  1.26010991
  0.06732289  0.09811428  0.09962243  0.1         0.1         0.09858161
  0.08733886  0.08665634  0.09891095  0.09962627  0.1         0.1         0.1
  0.09991779  0.09983276  0.09987998  0.1         0.1         0.1         0.1
  0.1         0.1         0.09986447  0.09989095  0.1         0.1         0.1
  0.1         0.1         0.1         0.1         0.1         0.1         0.1
  0.1         0.1         0.1         0.1         0.1         0.1         0.1
  0.1         0.1         0.1         0.1         0.09962457  0.09931301
  0.09973091  0.1         0.1         0.1         0.09516891  0.31678856
  0.104512    0.08689155  0.09948145  0.1         0.1         0.1
  0.07807248  1.40574367  0.35234719  0.09625453  0.09988769  0.1         0.1
  0.1         0.09909211  0.0874379   0.12077816  0.09983244  0.1         0.1
  0.09991863  0.09983794] Density: 63.07714565722187
Cross-validation on partition 7 with 63 instances
....5....10....15....20....25....30....35....40....45....50....55....60...
Partition 6: Target: [  3.66378075e-02   1.67140627e-02   1.55566486e-02   1.00000000e+00
   1.00000000e+00   1.00000000e+00   5.86127513e-03   1.00000000e+00
   9.74349894e-01   1.00000000e+00   1.00000000e+00   5.74857543e-07
   3.23842226e-05   0.00000000e+00   5.74847702e-05   7.36862141e-05
   2.32248591e-05   1.24939454e-05   1.60669193e-06   0.00000000e+00
   6.89418702e-05   1.53605417e-04   1.77789839e-05   2.40590599e-05
   3.87553139e-04   2.66826202e-05   1.95305453e-05   0.00000000e+00
   0.00000000e+00   2.25192841e-05   0.00000000e+00   0.00000000e+00
   5.19752739e-05   0.00000000e+00   0.00000000e+00   0.00000000e+00
   0.00000000e+00   1.35951327e-01   4.55940646e-01   1.00000000e+00
   1.00000000e+00   2.14988681e-05   4.67906273e-07   0.00000000e+00
   1.43863658e-04   6.21558076e-05   2.79838517e-01   0.00000000e+00
   1.81162113e-05   1.80746858e-05   2.65219095e-04   3.00236646e-07
   3.98134044e-07   4.69353413e-07   1.24939454e-05   0.00000000e+00
   0.00000000e+00   0.00000000e+00   0.00000000e+00   1.24939454e-05
   1.06428136e-07   2.05545191e-05   1.77067090e-05   0.00000000e+00
   0.00000000e+00   0.00000000e+00   0.00000000e+00   0.00000000e+00
   0.00000000e+00   0.00000000e+00   4.12711644e-05   1.24939454e-05
   0.00000000e+00   0.00000000e+00   0.00000000e+00   0.00000000e+00
   0.00000000e+00   4.43119679e-05   0.00000000e+00   0.00000000e+00
   7.17761162e-04   5.41456141e-05   0.00000000e+00   0.00000000e+00
   0.00000000e+00   3.14357653e-03   2.53556069e-01   8.85571766e-03
   7.28020017e-05   0.00000000e+00   0.00000000e+00   3.38371597e-05
   4.01628659e-05   6.84267689e-05   8.02498357e-05   7.17751301e-05
   3.85591916e-07   0.00000000e+00   0.00000000e+00   0.00000000e+00
   1.24939454e-05   1.25189557e-05   2.95804389e-07   1.87793875e-06
   4.46502396e-06   1.24939454e-05   0.00000000e+00   0.00000000e+00
   0.00000000e+00   0.00000000e+00   0.00000000e+00   1.81361431e-05
   1.78313182e-05   1.50331067e-05   0.00000000e+00   0.00000000e+00
   0.00000000e+00   0.00000000e+00   0.00000000e+00   0.00000000e+00
   1.46634795e-05   1.76327684e-05   0.00000000e+00   0.00000000e+00
   0.00000000e+00   0.00000000e+00   0.00000000e+00   0.00000000e+00
   0.00000000e+00   0.00000000e+00   0.00000000e+00   0.00000000e+00
   0.00000000e+00   1.63452551e-05   1.33174338e-05   0.00000000e+00
   0.00000000e+00   3.57400651e-05   2.49777380e-05   0.00000000e+00
   0.00000000e+00   5.51765127e-05   1.49781679e-05   5.27829572e-05
   4.56029662e-02   0.00000000e+00   0.00000000e+00   6.05226214e-06
   6.54710683e-05   2.71973579e-05   0.00000000e+00   0.00000000e+00
   4.56706018e-03   0.00000000e+00   0.00000000e+00   4.87591172e-05
   5.80216661e-05   2.67833783e-05   0.00000000e+00   0.00000000e+00
   3.52335097e-07   4.45788107e-02   1.11502201e-04   4.39942428e-05
   2.66483574e-05   0.00000000e+00   0.00000000e+00   0.00000000e+00
   1.25581379e-05   1.08827539e-07   1.51637865e-05   0.00000000e+00
   0.00000000e+00   0.00000000e+00   0.00000000e+00   0.00000000e+00
   0.00000000e+00   1.61098245e-05   1.44569821e-05   0.00000000e+00
   0.00000000e+00   0.00000000e+00   0.00000000e+00   0.00000000e+00
   0.00000000e+00   0.00000000e+00   0.00000000e+00   0.00000000e+00
   0.00000000e+00   0.00000000e+00   0.00000000e+00   0.00000000e+00
   0.00000000e+00   0.00000000e+00   0.00000000e+00   0.00000000e+00
   0.00000000e+00   0.00000000e+00   0.00000000e+00   0.00000000e+00
   0.00000000e+00   3.59464375e-05   2.26507947e-05   0.00000000e+00
   0.00000000e+00   0.00000000e+00   0.00000000e+00   1.79172162e-03
   0.00000000e+00   5.71387034e-05   3.13159137e-05   0.00000000e+00
   0.00000000e+00   0.00000000e+00   2.60532288e-05   1.00000000e+00
   0.00000000e+00   7.00137422e-05   1.46709728e-05   0.00000000e+00
   0.00000000e+00   0.00000000e+00   6.96485870e-06   1.00000000e+00
   6.38725162e-05   1.79035859e-05   0.00000000e+00   0.00000000e+00
   1.24939454e-05   1.76086745e-05] Scale: [ 0.12820279  0.04375149  0.10135901  1.7394261   2.11489331  2.92279107
  0.06761707  1.41945886  3.07921829  1.13037976  5.56186781  0.07678287
  0.08098737  0.0358991   0.05644336  0.0623124   0.0756873   0.09994441
  0.14161404  1.64295963  0.06664376  0.06954385  0.09988713  0.09979242
  0.08482922  0.09982782  0.09986365  0.1         0.1         0.09981836
  0.07407304  0.14620208  0.08796126  0.07508076  0.05766606  0.03510117
  0.26670716  0.0539201   0.69851865  4.21202156  2.94015507  0.09983457
  0.10232285  0.17512738  0.08897618  0.09346903  0.03196728  0.1
  0.09988279  0.09988333  0.08477741  0.1002999   0.10256007  0.09087911
  0.09994441  0.1         0.1         0.1         0.1         0.09994441
  0.11066792  0.09984888  0.09988805  0.1         0.1         0.1         0.1
  0.1         0.1         0.09593078  0.09937748  0.09994441  0.09771833
  0.12168484  0.41536787  0.10414817  0.10477346  0.05027946  0.00846622
  0.06164834  1.3231799   0.09581124  0.1         2.9510762   0.11904772
  0.          0.          0.07329528  0.09681864  0.1         0.1
  0.09958551  0.0992283   0.09243396  0.08936689  0.09530037  0.10141556
  0.1         0.1         0.1         0.09994441  0.09994418  0.1200718
  0.29684666  0.56639276  0.09994441  0.1         0.1         0.1         0.1
  0.1         0.09988253  0.09988646  0.09991942  0.1         0.1         0.1
  0.1         0.1         0.1         0.09992335  0.09988899  0.1         0.1
  0.1         0.1         0.1         0.1         0.1         0.1         0.1
  0.1         0.1         1.32544879  0.09993682  0.1         0.1
  0.09953654  0.0997761   0.07970456  0.13375893  0.09809276  0.09992001
  0.0990168   0.95028758  0.04118165  0.44503434  0.05107814  0.09821246
  0.09973403  0.1         4.1616382   1.57756543  0.48698174  0.76578904
  0.07502109  0.0987124   0.09974216  0.1         0.1         0.10133278
  0.09200943  0.0868888   0.09925677  0.09974478  0.1         0.1         0.1
  0.09994383  0.10044424  0.09991801  0.1         0.1         0.1         0.1
  0.1         0.1         0.09990742  0.0999255   0.1         0.1         0.1
  0.1         0.1         0.1         0.1         0.1         0.1         0.1
  0.1         0.1         0.1         0.1         0.1         0.1         0.1
  0.1         0.1         0.1         0.1         0.10843754  0.09953106
  0.09981621  0.1         0.1         0.1         0.10625671  0.28767803
  0.06907227  0.08082156  0.09964595  0.1         0.1         0.1
  0.07159361  5.91849827  0.64591999  0.09131551  0.09992327  0.1         0.1
  0.1         0.09991967  1.2273893   0.09844371  0.09988554  0.1         0.1
  0.09994441  0.0998893 ] Density: 61.811418052836544
Cross-validation on partition 8 with 60 instances
....5....10....15....20....25....30....35....40....45....50....55....60
Partition 7: Target: [  7.01884125e-01   4.74053200e-02   4.18144618e-02   1.00000000e+00
   0.00000000e+00   2.34791922e-01   3.16237874e-02   1.00000000e+00
   0.00000000e+00   0.00000000e+00   7.61134690e-01   1.00000000e+00
   0.00000000e+00   0.00000000e+00   0.00000000e+00   1.85155082e-05
   3.08306183e-05   1.31894226e-05   1.36357118e-04   2.74035454e-03
   1.26503045e-04   8.17979013e-05   1.87682279e-05   2.53967784e-05
   3.57362914e-04   2.77353280e-05   2.06170562e-05   0.00000000e+00
   0.00000000e+00   2.37716345e-05   0.00000000e+00   0.00000000e+00
   1.08339181e-04   0.00000000e+00   2.92878552e-02   8.64404341e-02
   0.00000000e+00   7.50262347e-05   1.17429403e-01   1.00000000e+00
   3.81604952e-01   2.26946172e-05   6.90268018e-05   0.00000000e+00
   0.00000000e+00   7.57377037e-05   0.00000000e+00   0.00000000e+00
   1.91241861e-05   1.90803542e-05   2.61223002e-04   2.86179624e-05
   9.84461588e-05   3.74365105e-05   1.31894226e-05   0.00000000e+00
   0.00000000e+00   0.00000000e+00   0.00000000e+00   1.31894226e-05
   1.52238204e-05   2.16978677e-05   1.86919384e-05   0.00000000e+00
   0.00000000e+00   0.00000000e+00   0.00000000e+00   0.00000000e+00
   0.00000000e+00   0.00000000e+00   0.00000000e+00   1.31894226e-05
   0.00000000e+00   3.55266306e-03   0.00000000e+00   0.00000000e+00
   0.00000000e+00   7.45951968e-05   6.97669873e-02   1.00000000e+00
   0.00000000e+00   2.98699206e-05   0.00000000e+00   0.00000000e+00
   3.19701673e-04   1.00000000e+00   1.00000000e+00   0.00000000e+00
   4.52258350e-05   0.00000000e+00   0.00000000e+00   3.57155920e-05
   5.42178130e-05   7.58028722e-05   2.95293602e-05   5.08096781e-05
   6.38771117e-05   0.00000000e+00   0.00000000e+00   0.00000000e+00
   1.31894226e-05   1.49356718e-05   3.69549037e-05   3.70439587e-05
   2.43241173e-05   1.31894226e-05   0.00000000e+00   0.00000000e+00
   0.00000000e+00   0.00000000e+00   0.00000000e+00   1.91452249e-05
   1.88234692e-05   1.58697699e-05   0.00000000e+00   0.00000000e+00
   0.00000000e+00   0.00000000e+00   0.00000000e+00   0.00000000e+00
   1.54795952e-05   1.86138906e-05   0.00000000e+00   0.00000000e+00
   0.00000000e+00   0.00000000e+00   0.00000000e+00   0.00000000e+00
   0.00000000e+00   0.00000000e+00   0.00000000e+00   0.00000000e+00
   0.00000000e+00   1.62958618e-05   1.40587085e-05   0.00000000e+00
   0.00000000e+00   3.77233895e-05   2.63663647e-05   0.00000000e+00
   0.00000000e+00   6.33575048e-05   1.58117771e-05   5.54499979e-05
   9.48332877e-02   3.14503842e-02   1.00000000e+00   0.00000000e+00
   6.00838727e-05   2.87089010e-05   0.00000000e+00   0.00000000e+00
   6.51206979e-02   9.23106382e-01   0.00000000e+00   5.29775502e-05
   5.69977394e-05   2.82720056e-05   0.00000000e+00   0.00000000e+00
   6.33309861e-05   5.28471648e-05   1.82417005e-05   4.74538221e-05
   2.81295097e-05   0.00000000e+00   0.00000000e+00   0.00000000e+00
   1.77616589e-05   1.88813385e-05   1.60077137e-05   0.00000000e+00
   0.00000000e+00   0.00000000e+00   0.00000000e+00   0.00000000e+00
   0.00000000e+00   1.70063312e-05   1.52616179e-05   0.00000000e+00
   0.00000000e+00   0.00000000e+00   0.00000000e+00   0.00000000e+00
   0.00000000e+00   0.00000000e+00   0.00000000e+00   0.00000000e+00
   0.00000000e+00   0.00000000e+00   0.00000000e+00   0.00000000e+00
   0.00000000e+00   0.00000000e+00   0.00000000e+00   0.00000000e+00
   0.00000000e+00   0.00000000e+00   0.00000000e+00   0.00000000e+00
   2.81929407e-05   3.79411299e-05   2.39104383e-05   0.00000000e+00
   0.00000000e+00   0.00000000e+00   0.00000000e+00   8.64432022e-05
   0.00000000e+00   0.00000000e+00   3.30551860e-05   0.00000000e+00
   0.00000000e+00   0.00000000e+00   6.62276702e-05   3.30933945e-02
   0.00000000e+00   1.86988894e-05   1.54875051e-05   0.00000000e+00
   0.00000000e+00   0.00000000e+00   4.53620971e-05   0.00000000e+00
   0.00000000e+00   1.88997510e-05   0.00000000e+00   0.00000000e+00
   1.31894226e-05   1.85884582e-05] Scale: [ 1.14304106  0.24564711  0.20824231  1.36804264  0.36952962  1.12508878
  0.16734103  1.27001502  0.95046687  0.08856578  1.80621138  1.91214228
  0.09220841  0.07537184  0.09039748  0.05810571  0.06286316  0.09994329
  0.09655784  0.52842817  0.07984639  0.08565102  0.09988487  0.09978825
  0.08502667  0.09982525  0.09986092  0.1         0.1         0.09981471
  0.08837498  0.2336765   0.09645979  0.06261436  0.13600314  0.28754376
  0.18693014  0.0728374   1.24800452  5.87252683  0.052502    0.09983125
  0.09846898  0.115066    0.09855267  0.09220437  0.0870142   0.1
  0.09988044  0.09988099  0.08497363  0.09973003  0.09766053  0.0922928
  0.09994329  0.1         0.1         0.1         0.1         0.09994329
  0.09992439  0.09984585  0.09988581  0.1         0.1         0.1         0.1
  0.1         0.1         0.12217373  0.10239217  0.09994329  0.09948568
  0.25439557  0.42865472  0.10472335  0.10341817  0.08303725  0.038455
  4.07127191  1.74300011  0.08000091  0.1         3.60738933  0.10413256
  2.11361754  5.38292765  0.08810939  0.09750133  0.1         0.1
  0.09957715  0.09921708  0.08303994  0.08947913  0.09652569  0.09858421
  0.1         0.1         0.1         0.09994329  0.0999413   0.0995776
  0.09954443  0.09980592  0.09994329  0.1         0.1         0.1         0.1
  0.1         0.09988017  0.09988419  0.09991781  0.1         0.1         0.1
  0.1         0.1         0.1         0.09992181  0.09988677  0.1         0.1
  0.1         0.1         0.1         0.1         0.1         0.1         0.1
  0.1         0.1         0.09991332  0.09993555  0.1         0.1
  0.09952719  0.0997716   0.12251295  0.17879468  0.09793023  0.09991841
  0.09880329  1.62272852  0.62174419  3.61398091  0.03799168  0.09786149
  0.09972868  0.1         4.79940171  0.66973824  1.14301822  1.68432194
  0.08788465  0.09864559  0.09973697  0.1         0.1         0.09891877
  0.09244806  0.09095464  0.09924195  0.09973965  0.1         0.1         0.1
  0.09992841  0.09988347  0.09991637  0.1         0.1         0.1         0.1
  0.1         0.1         0.09990556  0.09992401  0.1         0.1         0.1
  0.1         0.1         0.1         0.1         0.1         0.1         0.1
  0.1         0.1         0.1         0.1         0.1         0.1         0.1
  0.1         0.1         0.1         0.1         0.09973846  0.09952159
  0.09981252  0.1         0.1         0.1         0.08046597  0.0554695
  0.06706784  0.09606865  0.09963882  0.1         0.1         0.1
  0.07697742  0.          0.68289808  0.09871135  0.09992173  0.1         0.1
  0.1         0.09936698  0.08424554  0.09978758  0.09988324  0.1         0.1
  0.09994329  0.09988708] Density: 64.13184739876216
Cross-validation on partition 9 with 55 instances
....5....10....15....20....25....30....35....40....45....50....55
Partition 8: Target: [  9.26526366e-03   2.61740158e-02   4.20256356e-02   3.23219927e-02
   0.00000000e+00   1.09175726e-01   3.96259646e-02   3.64800515e-02
   3.39897446e-03   0.00000000e+00   1.00000000e+00   1.00000000e+00
   0.00000000e+00   1.00000000e+00   1.00000000e+00   1.00000000e+00
   0.00000000e+00   8.80095056e-06   0.00000000e+00   3.36051963e-01
   1.00000000e+00   1.00000000e+00   1.25194179e-05   1.69317939e-05
   2.69270239e-04   1.97182498e-05   1.37508297e-05   0.00000000e+00
   0.00000000e+00   1.58506901e-05   0.00000000e+00   0.00000000e+00
   1.27343433e-05   0.00000000e+00   3.99713927e-01   2.41969141e-01
   0.00000000e+00   6.43687859e-06   6.77640321e-01   1.00000000e+00
   1.00000000e+00   1.51339565e-05   4.07093052e-05   0.00000000e+00
   4.30819041e-02   1.00000000e+00   1.00000000e+00   0.00000000e+00
   1.27565425e-05   1.27273445e-05   2.15848608e-04   0.00000000e+00
   1.47889611e-07   0.00000000e+00   8.80095056e-06   0.00000000e+00
   0.00000000e+00   0.00000000e+00   0.00000000e+00   8.80095056e-06
   0.00000000e+00   1.44704627e-05   1.24685947e-05   0.00000000e+00
   0.00000000e+00   0.00000000e+00   0.00000000e+00   0.00000000e+00
   0.00000000e+00   3.34180977e-04   2.89707521e-05   8.80095056e-06
   1.65538601e-05   0.00000000e+00   7.22103344e-04   1.39315020e-05
   2.82859039e-06   1.21026892e-04   0.00000000e+00   0.00000000e+00
   3.43888670e-02   2.75946974e-05   0.00000000e+00   0.00000000e+00
   0.00000000e+00   9.91290009e-03   1.00000000e+00   1.00000000e+00
   3.21128888e-05   0.00000000e+00   0.00000000e+00   2.37828980e-05
   2.10269857e-05   3.99447018e-05   1.00000000e+00   1.00000000e+00
   3.84934784e-07   0.00000000e+00   0.00000000e+00   0.00000000e+00
   8.80095056e-06   1.02557942e-05   0.00000000e+00   0.00000000e+00
   0.00000000e+00   8.80095056e-06   0.00000000e+00   0.00000000e+00
   0.00000000e+00   0.00000000e+00   0.00000000e+00   1.27705571e-05
   1.25562185e-05   1.05879550e-05   0.00000000e+00   0.00000000e+00
   0.00000000e+00   0.00000000e+00   0.00000000e+00   0.00000000e+00
   1.03278722e-05   1.24165992e-05   0.00000000e+00   0.00000000e+00
   0.00000000e+00   0.00000000e+00   0.00000000e+00   0.00000000e+00
   0.00000000e+00   0.00000000e+00   0.00000000e+00   0.00000000e+00
   0.00000000e+00   1.08719590e-05   9.38059276e-06   0.00000000e+00
   0.00000000e+00   2.51127941e-05   1.75765575e-05   0.00000000e+00
   0.00000000e+00   4.69990925e-05   1.05492993e-05   3.56742553e-05
   8.44103282e-02   0.00000000e+00   0.00000000e+00   3.81387065e-05
   4.38784841e-05   1.91335250e-05   0.00000000e+00   0.00000000e+00
   1.19672433e-01   0.00000000e+00   7.74115800e-01   3.66816027e-05
   4.14432527e-05   1.88432305e-05   0.00000000e+00   0.00000000e+00
   0.00000000e+00   7.85842404e-07   3.63626827e-02   3.18978452e-05
   1.87485404e-05   0.00000000e+00   0.00000000e+00   0.00000000e+00
   1.25952063e-05   0.00000000e+00   1.06799013e-05   0.00000000e+00
   0.00000000e+00   0.00000000e+00   0.00000000e+00   0.00000000e+00
   0.00000000e+00   1.13454605e-05   1.01825652e-05   0.00000000e+00
   0.00000000e+00   0.00000000e+00   0.00000000e+00   0.00000000e+00
   0.00000000e+00   0.00000000e+00   0.00000000e+00   0.00000000e+00
   0.00000000e+00   0.00000000e+00   0.00000000e+00   0.00000000e+00
   0.00000000e+00   0.00000000e+00   0.00000000e+00   0.00000000e+00
   0.00000000e+00   0.00000000e+00   0.00000000e+00   0.00000000e+00
   1.87906916e-05   2.52569469e-05   1.59430463e-05   0.00000000e+00
   0.00000000e+00   0.00000000e+00   6.15902675e-05   5.60792157e-04
   8.09077457e-05   5.58458346e-05   2.20190097e-05   0.00000000e+00
   0.00000000e+00   0.00000000e+00   1.50464815e-05   7.73451585e-03
   7.36557983e-03   5.42745998e-05   1.03331450e-05   0.00000000e+00
   0.00000000e+00   0.00000000e+00   6.61312719e-07   0.00000000e+00
   0.00000000e+00   1.26070352e-05   0.00000000e+00   0.00000000e+00
   8.80095056e-06   1.23996560e-05] Scale: [  1.22062999e-01   4.10293333e-01   5.60231774e-01   4.33503048e-02
   0.00000000e+00   5.03559112e-01   5.34457782e-01   4.71234256e-02
   0.00000000e+00   1.04280085e+00   1.06033355e+00   2.00758156e+00
   8.76035828e-02   5.14455732e+00   4.07197292e+00   4.60220128e+00
   1.50960920e-01   9.99268089e-02   1.01218022e-01   1.13998176e-01
   1.61030654e+00   2.65206996e-01   9.98514162e-02   9.97267676e-02
   8.28743462e-02   9.97910949e-02   9.98205114e-02   1.00000000e-01
   1.00000000e-01   9.97608963e-02   6.93453190e-02   9.98334490e-02
   9.73391165e-02   6.72752324e-02   3.20548423e-01   0.00000000e+00
   6.27411496e-02   2.84651284e-02   2.09321222e+00   4.06014503e+00
   1.55721510e+00   9.97822304e-02   9.80363761e-02   6.98631568e-02
   3.51207127e-02   1.32189154e+00   1.25181603e+00   1.00000000e-01
   9.98456965e-02   9.98464068e-02   8.71263132e-02   1.00173167e-01
   9.52091151e-02   9.19416221e-02   9.99268089e-02   1.00000000e-01
   1.00000000e-01   1.00000000e-01   1.00000000e-01   9.99268089e-02
   1.10448595e-01   9.98010673e-02   9.98526278e-02   1.00000000e-01
   1.00000000e-01   1.00000000e-01   1.00000000e-01   1.00000000e-01
   1.00000000e-01   8.63623944e-02   9.91810756e-02   9.99268089e-02
   9.92748840e-02   9.43853200e-02   4.60095275e-01   9.79111977e-02
   6.83519204e-02   8.36550671e-02   9.51886170e-03   2.22342690e+00
   1.48869554e+00   9.46148772e-02   1.00000000e-01   3.84642578e+00
   8.83929719e-02   8.21313633e-02   2.89673645e+00   2.70008611e+00
   9.46459007e-02   1.00000000e-01   1.00000000e-01   9.94545727e-02
   9.90030747e-02   9.10681951e-02   1.96513902e+00   1.28330020e+00
   1.00766523e-01   1.00000000e-01   1.00000000e-01   1.00000000e-01
   9.99268089e-02   9.99148207e-02   1.19563242e-01   2.95899774e-01
   5.72541889e-01   9.99268089e-02   1.00000000e-01   1.00000000e-01
   1.00000000e-01   1.00000000e-01   1.00000000e-01   9.98453550e-02
   9.98505357e-02   9.98939194e-02   1.00000000e-01   1.00000000e-01
   1.00000000e-01   1.00000000e-01   1.00000000e-01   1.00000000e-01
   9.98990893e-02   9.98538621e-02   1.00000000e-01   1.00000000e-01
   1.00000000e-01   1.00000000e-01   1.00000000e-01   1.00000000e-01
   1.00000000e-01   1.00000000e-01   1.00000000e-01   1.00000000e-01
   1.00000000e-01   9.98881245e-02   9.99168148e-02   1.00000000e-01
   1.00000000e-01   9.93901808e-02   9.97052903e-02   1.10011789e-01
   1.41392407e-01   9.82715344e-02   9.98946961e-02   9.86691302e-02
   1.83259223e+00   3.13145739e-03   3.50379598e-01   7.60060956e-02
   9.80163683e-02   9.96499345e-02   1.00000000e-01   4.82099343e+00
   2.23858107e+00   9.66838814e-01   1.23542969e+00   8.06958221e-02
   9.82659269e-02   9.96606323e-02   1.00000000e-01   1.00000000e-01
   1.00588145e-01   9.75307451e-02   1.04051993e-01   9.90215670e-02
   9.96640843e-02   1.00000000e-01   1.00000000e-01   1.00000000e-01
   9.98313124e-02   1.00397305e-01   9.98920604e-02   1.00000000e-01
   1.00000000e-01   1.00000000e-01   1.00000000e-01   1.00000000e-01
   1.00000000e-01   9.98781150e-02   9.99019208e-02   1.00000000e-01
   1.00000000e-01   1.00000000e-01   1.00000000e-01   1.00000000e-01
   1.00000000e-01   1.00000000e-01   1.00000000e-01   1.00000000e-01
   1.00000000e-01   1.00000000e-01   1.00000000e-01   1.00000000e-01
   1.00000000e-01   1.00000000e-01   1.00000000e-01   1.00000000e-01
   1.00000000e-01   1.00000000e-01   1.00000000e-01   1.00000000e-01
   9.96625499e-02   9.93829681e-02   9.97580725e-02   1.00000000e-01
   1.00000000e-01   1.00000000e-01   9.46778163e-02   2.66167308e-01
   8.91709684e-02   9.62663882e-02   9.95340732e-02   1.00000000e-01
   1.00000000e-01   1.00000000e-01   7.65127250e-02   0.00000000e+00
   3.68858612e-01   9.65954134e-02   9.98989858e-02   1.00000000e-01
   1.00000000e-01   1.00000000e-01   9.97067355e-02   2.70221584e-01
   9.98245257e-02   9.98493156e-02   1.00000000e-01   1.00000000e-01
   9.99268089e-02   9.98542631e-02] Density: 60.19458007325882
Cross-validation on partition 10 with 52 instances
....5....10....15....20....25....30....35....40....45....50..
Partition 9: Target: [  1.50637821e-01   4.34103045e-02   1.00000000e+00   3.79021621e-02
   1.00000000e+00   1.00000000e+00   1.00000000e+00   3.30427931e-02
   1.00000000e+00   6.35314810e-01   1.00000000e+00   2.04227557e-02
   3.53264579e-05   6.01747717e-07   1.34476255e-05   5.72682899e-05
   3.69233250e-05   1.75878144e-05   3.50220340e-05   0.00000000e+00
   2.50487315e-05   1.23519151e-04   2.50057633e-05   3.37896048e-05
   3.08774879e-04   3.32016547e-05   2.74594538e-05   0.00000000e+00
   0.00000000e+00   3.16396322e-05   1.64311650e-06   1.28975633e-05
   1.94762558e-05   0.00000000e+00   2.12741522e-05   3.37447373e-05
   0.00000000e+00   2.43037771e-06   2.60819893e-01   0.00000000e+00
   0.00000000e+00   3.02134353e-05   7.68741481e-05   0.00000000e+00
   1.28925142e-04   1.17058064e-04   7.42999954e-05   0.00000000e+00
   2.54783771e-05   2.54201855e-05   2.35522203e-04   1.41164927e-05
   3.01742353e-05   5.29995491e-05   1.75878144e-05   0.00000000e+00
   0.00000000e+00   0.00000000e+00   0.00000000e+00   1.75878144e-05
   7.57715156e-06   2.88926141e-05   2.49044600e-05   0.00000000e+00
   0.00000000e+00   0.00000000e+00   0.00000000e+00   0.00000000e+00
   0.00000000e+00   2.42132805e-05   5.75930117e-05   1.75878144e-05
   5.43479987e-06   0.00000000e+00   5.03622221e-04   2.05693391e-05
   4.71343242e-06   7.90972830e-05   0.00000000e+00   0.00000000e+00
   1.01165477e-01   1.08098973e-04   0.00000000e+00   0.00000000e+00
   1.33051126e-06   1.57318102e-02   0.00000000e+00   7.87269895e-05
   7.93992008e-05   0.00000000e+00   0.00000000e+00   4.73714740e-05
   5.79809582e-05   7.48047260e-05   1.16167519e-04   1.64261344e-04
   3.19262683e-05   0.00000000e+00   0.00000000e+00   0.00000000e+00
   1.75878144e-05   1.76229617e-05   1.76712655e-05   1.83334827e-05
   1.20853046e-05   1.75878144e-05   0.00000000e+00   0.00000000e+00
   0.00000000e+00   0.00000000e+00   0.00000000e+00   2.55063078e-05
   2.50791145e-05   2.11541581e-05   0.00000000e+00   0.00000000e+00
   0.00000000e+00   0.00000000e+00   0.00000000e+00   0.00000000e+00
   2.06352640e-05   2.48008175e-05   0.00000000e+00   0.00000000e+00
   0.00000000e+00   0.00000000e+00   0.00000000e+00   0.00000000e+00
   0.00000000e+00   0.00000000e+00   0.00000000e+00   0.00000000e+00
   0.00000000e+00   8.10939804e-06   1.87448780e-05   0.00000000e+00
   0.00000000e+00   4.99976754e-05   3.50710677e-05   0.00000000e+00
   3.88183429e-05   8.05297188e-05   2.10770392e-05   7.32184849e-05
   1.26190552e-01   0.00000000e+00   0.00000000e+00   9.13725702e-05
   8.05768278e-05   3.81629918e-05   0.00000000e+00   0.00000000e+00
   2.95191306e-01   0.00000000e+00   0.00000000e+00   2.95594822e-05
   7.86033183e-05   3.75867900e-05   0.00000000e+00   0.00000000e+00
   2.79854630e-05   6.25441580e-05   1.67671274e-04   6.29850590e-05
   3.73988120e-05   0.00000000e+00   0.00000000e+00   0.00000000e+00
   1.76780242e-05   9.39187623e-06   2.13375878e-05   0.00000000e+00
   0.00000000e+00   0.00000000e+00   0.00000000e+00   0.00000000e+00
   0.00000000e+00   2.26651365e-05   2.03453361e-05   0.00000000e+00
   0.00000000e+00   0.00000000e+00   0.00000000e+00   0.00000000e+00
   0.00000000e+00   0.00000000e+00   0.00000000e+00   0.00000000e+00
   0.00000000e+00   0.00000000e+00   0.00000000e+00   0.00000000e+00
   0.00000000e+00   0.00000000e+00   0.00000000e+00   0.00000000e+00
   0.00000000e+00   0.00000000e+00   0.00000000e+00   0.00000000e+00
   1.39934781e-05   5.02821094e-05   3.18233601e-05   0.00000000e+00
   0.00000000e+00   0.00000000e+00   1.81039579e-04   2.70935949e-04
   1.62442854e-05   0.00000000e+00   4.38826437e-05   0.00000000e+00
   0.00000000e+00   0.00000000e+00   8.41820204e-05   1.00000000e+00
   0.00000000e+00   5.64107579e-06   2.06457843e-05   0.00000000e+00
   0.00000000e+00   0.00000000e+00   2.24334160e-05   4.70981183e-06
   9.21700017e-05   2.51804003e-05   0.00000000e+00   0.00000000e+00
   1.75878144e-05   2.47670440e-05] Scale: [ 0.34711585  0.09765187  2.6901652   0.28748427  4.01950859  6.01833938
  2.57291845  0.27615265  3.5636952   0.49374492  3.61152128  0.10410803
  0.09742294  0.00935554  0.0116134   0.04689369  0.03967976  0.09990238
  0.09959298  1.74571299  0.06212     0.07332059  0.09980178  0.09963537
  0.08734393  0.09973243  0.09976054  0.1         0.1         0.09968095
  0.07496462  0.11678013  0.07895057  0.          0.04462886  0.04801425
  0.182487    0.03162783  2.11626526  0.          0.          0.09970943
  0.09750952  0.11610791  0.08174643  0.08761655  0.07021601  0.1
  0.09979415  0.0997951   0.08725149  0.10012408  0.10172929  0.10930773
  0.09990238  0.1         0.1         0.1         0.1         0.09990238
  0.11094887  0.09973458  0.0998034   0.1         0.1         0.1         0.1
  0.1         0.1         0.09188271  0.09890544  0.09990238  0.09792339
  0.30915399  0.59777371  0.09987964  0.10258207  0.06798308  0.
  0.63786504  1.81088591  0.09188949  0.1         3.59839192  0.10819862
  0.06570862  0.          0.05927457  0.09531961  0.1         0.1
  0.09927156  0.09866585  0.08878116  0.08156555  0.08795196  0.10027571
  0.1         0.1         0.1         0.09990238  0.09990199  0.12031861
  0.29757914  0.5579969   0.09990238  0.1         0.1         0.1         0.1
  0.1         0.0997937   0.09980061  0.0998585   0.1         0.1         0.1
  0.1         0.1         0.1         0.0998654   0.09980505  0.1         0.1
  0.1         0.1         0.1         0.1         0.1         0.1         0.1
  0.1         0.1         1.11759346  0.09988905  0.1         0.1
  0.09918541  0.09960668  0.10480971  0.12150737  0.09774488  0.09985954
  0.09821888  1.53195627  0.          0.07560668  0.05644539  0.09731356
  0.09953273  0.1         5.64324989  2.09549871  1.93501675  0.9735404
  0.07327028  0.09770802  0.09954703  0.1         0.1         0.10066611
  0.08713236  0.08313888  0.09869231  0.09955164  0.1         0.1         0.1
  0.09990137  0.100376    0.09985602  0.1         0.1         0.1         0.1
  0.1         0.1         0.09983741  0.09986918  0.1         0.1         0.1
  0.1         0.1         0.1         0.1         0.1         0.1         0.1
  0.1         0.1         0.1         0.1         0.1         0.1         0.1
  0.1         0.1         0.1         0.1         0.1063445   0.09917576
  0.09967718  0.1         0.1         0.1         0.08975377  0.07012382
  0.08021406  0.22601195  0.09937788  0.1         0.1         0.1
  0.06214712  5.93405581  1.67776694  0.08708289  0.09986526  0.1         0.1
  0.1         0.09946526  0.09213435  0.09724862  0.09979898  0.1         0.1
  0.09990238  0.09980558] Density: 62.212695447882346
Using result EMDDResult(target=array([  5.15659061e-01,   4.62070791e-01,   2.38352100e-01,
         3.35443800e-01,   4.71171625e-01,   4.87541425e-01,
         1.55813729e-01,   3.31917114e-01,   4.97774887e-01,
         3.22230094e-01,   5.50315011e-01,   3.72846785e-01,
         1.13635290e-05,   3.05822662e-01,   2.00008803e-01,
         2.33461243e-01,   1.00013418e-01,   1.81691474e-05,
         1.12359759e-01,   1.39239842e-01,   1.10271970e-01,
         1.46042974e-01,   2.58453068e-05,   3.49532856e-05,
         3.72776426e-04,   3.57131743e-05,   2.60239378e-05,
         0.00000000e+00,   0.00000000e+00,   3.27217611e-05,
         2.32806979e-02,   1.28975633e-06,   2.98906408e-02,
         1.75912191e-01,   2.06482163e-01,   1.52457218e-01,
         1.00007610e-01,   2.12398211e-01,   5.14925144e-01,
         5.00004207e-01,   3.38174413e-01,   3.12423092e-05,
         2.16751327e-02,   2.00004437e-01,   5.42695987e-03,
         1.00068637e-01,   1.28075537e-01,   0.00000000e+00,
         2.63347967e-05,   2.62745241e-05,   2.70064632e-04,
         2.39037309e-05,   5.43374004e-05,   3.16144979e-05,
         1.81691474e-05,   0.00000000e+00,   0.00000000e+00,
         0.00000000e+00,   0.00000000e+00,   1.78655193e-05,
         1.29084274e-05,   2.98727330e-05,   2.57403936e-05,
         0.00000000e+00,   0.00000000e+00,   0.00000000e+00,
         0.00000000e+00,   0.00000000e+00,   0.00000000e+00,
         4.35029789e-05,   4.30526613e-05,   1.81691474e-05,
         2.89436138e-06,   3.55266306e-04,   1.70421133e-04,
         1.63596354e-05,   8.38576098e-06,   1.00094998e-01,
         1.06976699e-01,   1.16349230e-01,   1.21573818e-01,
         9.05171742e-05,   0.00000000e+00,   0.00000000e+00,
         1.72519244e-01,   4.30075969e-01,   3.25361119e-01,
         2.00932046e-01,   6.14919937e-05,   0.00000000e+00,
         0.00000000e+00,   4.90931932e-05,   4.47799989e-03,
         1.39531234e-02,   1.00050098e-01,   1.00093773e-01,
         5.30336316e-05,   0.00000000e+00,   0.00000000e+00,
         0.00000000e+00,   1.81691474e-05,   1.85209207e-05,
         3.01615773e-05,   3.14977777e-05,   2.10769111e-05,
         1.81691474e-05,   0.00000000e+00,   0.00000000e+00,
         0.00000000e+00,   0.00000000e+00,   0.00000000e+00,
         2.63637266e-05,   2.59212735e-05,   2.18581718e-05,
         0.00000000e+00,   0.00000000e+00,   0.00000000e+00,
         0.00000000e+00,   0.00000000e+00,   0.00000000e+00,
         2.13212721e-05,   2.56330604e-05,   0.00000000e+00,
         0.00000000e+00,   0.00000000e+00,   0.00000000e+00,
         0.00000000e+00,   0.00000000e+00,   0.00000000e+00,
         0.00000000e+00,   0.00000000e+00,   0.00000000e+00,
         0.00000000e+00,   2.07991046e-05,   1.93657479e-05,
         0.00000000e+00,   0.00000000e+00,   5.18375610e-05,
         3.62841253e-05,   0.00000000e+00,   3.81850219e-05,
         8.19553674e-05,   2.17783734e-05,   7.50854252e-05,
         1.78754316e-01,   8.16673905e-02,   1.00028021e-01,
         4.95069989e-05,   8.72868416e-05,   3.94977294e-05,
         0.00000000e+00,   2.24462200e-05,   3.52711060e-01,
         2.52197041e-01,   8.65589064e-02,   4.47962148e-05,
         8.08767664e-05,   3.88985677e-05,   0.00000000e+00,
         0.00000000e+00,   4.69487644e-05,   4.54296751e-03,
         3.71703623e-03,   6.45221257e-05,   3.87031282e-05,
         0.00000000e+00,   0.00000000e+00,   0.00000000e+00,
         1.90855071e-05,   1.60032979e-05,   2.20479800e-05,
         0.00000000e+00,   0.00000000e+00,   0.00000000e+00,
         0.00000000e+00,   0.00000000e+00,   0.00000000e+00,
         2.34219107e-05,   2.10213080e-05,   0.00000000e+00,
         0.00000000e+00,   0.00000000e+00,   0.00000000e+00,
         0.00000000e+00,   0.00000000e+00,   0.00000000e+00,
         0.00000000e+00,   0.00000000e+00,   0.00000000e+00,
         0.00000000e+00,   0.00000000e+00,   0.00000000e+00,
         0.00000000e+00,   0.00000000e+00,   0.00000000e+00,
         0.00000000e+00,   0.00000000e+00,   0.00000000e+00,
         0.00000000e+00,   0.00000000e+00,   3.31222598e-05,
         5.21350253e-05,   3.29123973e-05,   0.00000000e+00,
         0.00000000e+00,   0.00000000e+00,   9.91350430e-05,
         1.02141598e-03,   9.71520311e-06,   5.72254746e-05,
         4.54530246e-05,   0.00000000e+00,   0.00000000e+00,
         0.00000000e+00,   6.86858236e-05,   4.75859752e-01,
         4.04724916e-03,   6.74804287e-05,   2.13321569e-05,
         0.00000000e+00,   0.00000000e+00,   0.00000000e+00,
         3.77412647e-05,   1.00036697e-01,   1.83324707e-05,
         2.60261731e-05,   0.00000000e+00,   0.00000000e+00,
         1.81691474e-05,   2.55980849e-05]), scale=array([ 0.67077708,  1.00852641,  0.7167773 ,  0.86462776,  1.00738386,
        1.89890781,  0.46618743,  0.77481553,  1.38812544,  0.73063237,
        1.93325438,  0.68890953,  0.09553705,  1.13432222,  0.8016759 ,
        0.78422285,  0.32144144,  0.09993144,  0.21401859,  0.93851621,
        0.28094285,  0.08807217,  0.0998608 ,  0.09974397,  0.08504951,
        0.09979633,  0.0998345 ,  0.1       ,  0.1       ,  0.09977596,
        0.09459412,  0.13640097,  0.08809431,  0.50396989,  0.47663059,
        0.29702092,  0.41270023,  0.27194418,  3.22568306,  2.17940935,
        0.72919823,  0.09979596,  0.0974021 ,  0.67564534,  0.09130539,
        0.21258019,  0.18462148,  0.1       ,  0.09985544,  0.0998561 ,
        0.08539291,  0.10009494,  0.09998032,  0.09807822,  0.09993144,
        0.1       ,  0.1       ,  0.1       ,  0.1       ,  0.12545715,
        0.10792875,  0.09981361,  0.09986193,  0.1       ,  0.1       ,
        0.1       ,  0.1       ,  0.1       ,  0.1       ,  0.10950947,
        0.10009934,  0.09993144,  0.09948051,  0.20586717,  0.43610168,
        0.10246607,  0.10666823,  0.20536254,  0.3216198 ,  1.27747078,
        1.51073908,  0.08986269,  0.1       ,  3.24166191,  0.9282358 ,
        2.11416212,  0.98486502,  0.54663856,  0.09713705,  0.1       ,
        0.1       ,  0.09948875,  0.09861426,  0.08579246,  0.27410253,
        0.2118694 ,  0.10025612,  0.1       ,  0.1       ,  0.1       ,
        0.09993144,  0.09992805,  0.11504816,  0.24072908,  0.41884695,
        0.09993144,  0.1       ,  0.1       ,  0.1       ,  0.1       ,
        0.1       ,  0.09985512,  0.09985997,  0.09990062,  0.1       ,
        0.1       ,  0.1       ,  0.1       ,  0.1       ,  0.1       ,
        0.09990546,  0.09986309,  0.1       ,  0.1       ,  0.1       ,
        0.1       ,  0.1       ,  0.1       ,  0.1       ,  0.1       ,
        0.1       ,  0.1       ,  0.1       ,  0.35773847,  0.09992207,
        0.1       ,  0.1       ,  0.09942834,  0.09972384,  0.12028548,
        0.12455694,  0.09787324,  0.09990135,  0.09872451,  1.95927989,
        0.34098927,  1.09176246,  0.0540858 ,  0.09783415,  0.09967195,
        0.1       ,  4.14617088,  2.91694391,  1.37264261,  1.00043306,
        0.0759411 ,  0.09838551,  0.09968198,  0.1       ,  0.1       ,
        0.10055303,  0.0936395 ,  0.09184566,  0.09908261,  0.09968521,
        0.1       ,  0.1       ,  0.1       ,  0.09990556,  0.10028264,
        0.09989888,  0.1       ,  0.1       ,  0.1       ,  0.1       ,
        0.1       ,  0.1       ,  0.09988581,  0.09990812,  0.1       ,
        0.1       ,  0.1       ,  0.1       ,  0.1       ,  0.1       ,
        0.1       ,  0.1       ,  0.1       ,  0.1       ,  0.1       ,
        0.1       ,  0.1       ,  0.1       ,  0.1       ,  0.1       ,
        0.1       ,  0.1       ,  0.1       ,  0.1       ,  0.1       ,
        0.10150364,  0.09942158,  0.09977332,  0.1       ,  0.1       ,
        0.1       ,  0.10461617,  0.16065965,  0.08201702,  0.1052964 ,
        0.09956331,  0.1       ,  0.1       ,  0.1       ,  0.0742178 ,
        1.97457709,  0.74387294,  0.09379147,  0.09990537,  0.1       ,
        0.1       ,  0.1       ,  0.09982713,  0.22563471,  0.14224385,
        0.09985883,  0.1       ,  0.1       ,  0.09993144,  0.09986346]), density=61.08525250030253) for prediction
Threshold 0.5
Total bags 200
Total positive bags 100
Total negative bags 100
Total predicted positive bags 193
Total predicted negative bags 7
True positives 100
False positives 93
True negatives 7
False negatives 0
Accuracy 0.535
Precision 0.5181347150259067
Recall 1.0
