Cross-validation on partition 1 with 138 instances
....5....10....15....20....25....30....35....40....45....50....55....60....65....70....75....80....85....90....95....100....105....110....115....120....125....130....135...
Partition 0: Target: [  6.40019630e-03   2.07361291e-03   0.00000000e+00   2.58767722e-02
   7.74996352e-04   8.48350318e-02   4.92778619e-01   1.35620118e-02
   8.13191006e-01   4.78451623e-01   2.17388374e-02   4.41291002e-02
   1.29430489e-01   1.06667472e-02   1.10837451e-02   3.30494172e-03
   7.28464168e-02   8.22061216e-03   3.98601335e-02   1.94194567e-02
   6.30058890e-01   4.41933955e-01   1.58091851e-01   9.39002209e-01
   8.30467191e-01   1.00000000e+00   1.45405194e-02   7.06599824e-03
   1.54305134e-01   9.66294366e-01   1.23641816e-03   3.14599263e-01
   2.81873156e-01   1.00000000e+00   2.25016671e-02   4.32833864e-02
   4.23863274e-03   1.00000000e+00   0.00000000e+00   5.04294895e-01
   2.78667771e-04   9.18767052e-01   1.47137151e-01   1.19969994e-02
   1.79348886e-02   2.40815342e-02   1.01515077e-02   1.00000000e+00
   2.60620212e-02   9.19153261e-01   2.30142051e-02   5.83234853e-01
   6.24870402e-01   2.57828723e-02   4.76479571e-01   7.79946300e-01
   2.70482707e-01   1.09211747e-02   4.41408384e-01   8.80754341e-01
   1.66110603e-02   4.63779272e-04   5.23425140e-01   9.64571506e-01
   1.53594089e-02   1.78769596e-03   7.33232886e-04   7.35037443e-01
   0.00000000e+00   1.30377680e-01   0.00000000e+00   0.00000000e+00
   3.74646653e-02   2.33092455e-02   7.63519567e-03   1.76589576e-03
   4.77658698e-01   9.52308236e-03   5.00996571e-02   1.91526947e-02
   9.15472668e-01   4.71374313e-01   2.15173677e-02   9.40311571e-03
   1.76711738e-01   8.28169049e-01   1.41346594e-02   7.77752150e-01
   6.16600464e-02   6.93401493e-01   6.73244954e-03   1.22522702e-03
   2.72614124e-02   1.14798047e-01   9.16686221e-01   1.14282824e-02
   5.15714632e-03   7.93332342e-01   0.00000000e+00   3.65239807e-01
   8.09359253e-04   3.47591067e-01   1.15514282e-02   1.45681528e-02
   1.15230275e-02   7.89099656e-03   1.03241413e-02   9.93539867e-01
   1.01094291e-02   1.91246631e-02   1.56111292e-02   3.52279286e-01
   6.73229621e-01   4.50984265e-01   2.77626462e-02   7.27078001e-01
   1.00000000e+00   9.86409833e-01   6.44244873e-01   2.32795632e-02
   6.07354725e-01   6.02779720e-02   3.26807988e-02   2.95276775e-02
   6.76895991e-03   3.48335674e-02   9.48808026e-01   1.00000000e+00
   8.76002571e-01   1.02665173e-02   2.42771031e-01   1.38219209e-02
   6.09298468e-01   2.63970139e-02   1.18202846e-02   4.49436138e-01
   8.80062180e-01   0.00000000e+00   5.88417284e-01   1.73482184e-02
   1.86230101e-02   9.03497816e-01   6.37341420e-01   8.52590692e-01
   2.92593803e-04   2.01673127e-03   2.34981208e-03   3.55691836e-03
   5.92430146e-03   1.33169303e-02   1.41607766e-01   1.34000945e-02
   3.22199096e-02   0.00000000e+00   6.95741247e-01   0.00000000e+00
   8.74502986e-04   1.00000000e+00   9.59559015e-01   1.00000000e+00
   6.60899278e-01   4.73406073e-01   1.02003388e-03   0.00000000e+00
   4.33980537e-01   1.43481095e-01] Scale: [ 0.35378334  0.29822391  0.53607392  0.44673126  0.12090035  0.92201433
  0.45261434  0.35661823  1.0800294   1.02875349  0.36088642  0.51120459
  0.86573692  0.30854048  0.27925391  0.12466198  0.30047774  0.38763726
  0.47634015  0.34549145  0.77463443  0.4567043   0.32577632  1.61761246
  1.02271703  1.87761697  0.3028785   0.14819496  0.82269242  1.61540167
  0.19569327  0.26826867  1.09043962  5.25767567  0.44285217  0.92726085
  0.21287013  0.98413866  1.33715695  0.58134572  0.38283516  0.47491455
  0.95045014  0.30275258  0.33963949  0.3182261   0.20090734  2.01679954
  0.45257277  2.78833861  0.42230406  0.66863137  0.61503696  0.33028555
  1.07611432  1.64784212  0.30303641  0.25032303  1.54189188  1.29404811
  0.40418675  0.27810928  0.47632209  1.67201695  0.31123468  0.40620587
  0.13194179  1.32055169  0.61655812  1.25110858  0.39689645  0.63920881
  0.47824177  0.40035634  0.24557686  0.12734145  0.61110436  0.2859245
  0.52223497  0.33933098  1.37673291  0.44508915  0.36291224  0.37804871
  0.39677971  0.90543096  0.37332361  0.87932058  0.55350578  0.96407756
  0.21975784  0.27148329  0.49506986  0.95448037  1.2609651   0.58949566
  0.26103023  0.81009846  0.64385523  0.3355471   0.39094797  0.34002156
  0.26949858  0.2944319   0.30168557  0.25123942  0.18860855  2.14938861
  0.27725954  0.33477746  0.32034896  0.43134999  0.72653386  0.46423633
  0.50926691  2.92928357  2.59580096  1.77260055  0.61955456  0.30114404
  0.71293828  0.55561544  0.46105682  0.68893585  0.30207359  0.44133551
  2.36886425  2.9762628   2.60650561  0.25311904  0.3693854   0.62330975
  0.91477649  0.4756454   0.33705569  0.69473644  0.61421985  0.60267422
  0.66923876  0.36231056  0.33134144  0.95151459  0.53499653  0.86804491
  0.17332958  0.10511455  0.11161023  0.64323882  0.39747213  0.33767978
  1.56201875  0.33201801  0.5849477   0.29246248  0.33726452  0.25822653
  0.16460916  5.09250195  1.5260151   0.81183285  0.54993763  0.50198873
  0.29524527  0.50125495  0.53534274  0.26195032] Density: 62.96538773470494
Cross-validation on partition 2 with 271 instances
....5....10....15....20....25....30....35....40....45....50....55....60....65....70....75....80....85....90....95....100....105....110....115....120....125....130....135....140....145....150....155....160....165....170....175....180....185....190....195....200....205....210....215....220....225....230....235....240....245....250....255....260....265....270.
Partition 1: Target: [  7.11349090e-03   1.86975690e-02   4.60517407e-02   1.00000000e+00
   6.58493451e-03   2.97838130e-01   7.36957393e-01   2.77205705e-02
   6.53605349e-01   7.70449146e-01   7.76546977e-01   1.02222986e-02
   2.97678608e-01   4.68952285e-01   3.00809805e-01   4.21729475e-03
   8.25958246e-01   4.22944129e-02   1.62765448e-02   1.42052562e-01
   3.61769677e-01   4.76622418e-01   1.07073488e-02   5.60783482e-02
   6.80450222e-02   5.51018236e-01   4.08421097e-01   9.29414314e-03
   1.00000000e+00   1.01040867e-01   4.11681157e-03   2.66715810e-02
   9.99558807e-01   1.96627790e-01   1.00000000e+00   5.80939795e-02
   0.00000000e+00   1.36529058e-02   7.55953265e-03   1.01824520e-01
   2.62998199e-02   1.40929558e-02   6.83717447e-01   7.31941564e-01
   2.51301488e-02   7.80392358e-01   6.47885469e-03   3.15836000e-01
   2.35460243e-02   4.66667827e-01   3.87325807e-01   4.49417197e-01
   3.69840817e-01   3.46910580e-01   1.00000000e+00   8.59219089e-02
   7.43760107e-01   1.19937311e-02   2.33887411e-01   3.25288085e-01
   1.00000000e+00   4.55672365e-02   1.75925999e-02   1.12673076e-01
   6.01664771e-01   6.28865832e-03   2.17501606e-03   2.12331385e-01
   2.96169757e-03   2.19845990e-01   2.85461913e-02   1.53354211e-02
   3.92179467e-01   8.84278447e-03   4.35979548e-02   4.60981239e-03
   8.44841971e-01   7.77603953e-01   1.10028646e-02   7.78969904e-01
   1.53440414e-01   6.45903625e-01   2.27736361e-01   1.00000000e+00
   2.25137223e-01   7.34389642e-01   1.09968922e-02   3.70040848e-02
   1.00000000e+00   1.67871589e-01   1.80388371e-02   1.61177174e-02
   1.00000000e+00   2.74208774e-02   1.00000000e+00   1.56159506e-02
   1.34745927e-01   4.11609481e-01   1.98542887e-02   6.10155896e-01
   3.24856972e-02   9.53949245e-03   2.62151301e-01   6.02443574e-01
   4.92688009e-01   5.79823961e-01   1.09904261e-01   7.62815201e-01
   6.44840333e-02   8.25831941e-02   5.63718666e-01   6.04594572e-02
   8.65391541e-03   6.50224547e-02   1.64375055e-01   4.65194605e-01
   6.31096492e-02   7.62013369e-01   8.45856688e-01   4.62775363e-01
   7.75725466e-02   2.23000732e-01   2.98296778e-01   1.00000000e+00
   2.11856723e-01   3.37910163e-02   6.25467752e-01   1.50704812e-01
   6.98157103e-01   4.95616634e-01   9.80477673e-01   0.00000000e+00
   1.24237499e-01   1.91947310e-02   2.87121269e-01   2.08535909e-01
   1.52509819e-01   3.78434312e-02   8.50542652e-03   9.11749769e-02
   1.81251814e-02   1.43163211e-02   5.06685970e-01   3.10378874e-01
   8.44956058e-04   2.28332303e-03   3.23724305e-03   1.18723082e-01
   3.43992583e-02   2.66421688e-01   9.96783156e-01   8.76596940e-01
   1.00000000e+00   3.77138986e-02   1.49447340e-02   7.57459124e-02
   3.76348723e-03   1.44054450e-02   5.23471257e-02   7.10294328e-04
   9.23332952e-03   1.68474241e-03   0.00000000e+00   0.00000000e+00
   7.89742986e-01   4.75869098e-01] Scale: [ 0.35021839  0.38641464  0.69738828  0.91283718  0.25389397  1.26302818
  0.50003589  0.45627347  0.46651718  4.03074596  0.84787786  0.34679539
  1.42945827  0.46686719  0.3480702   0.11424256  0.64039622  0.65638055
  0.377827    0.8210323   0.38754501  0.38306403  0.29671151  0.4677172
  0.49331893  0.44661221  0.47196955  0.20366893  2.48041099  0.58445809
  0.4162146   0.45562722  0.78449481  1.00719349  0.69394935  0.58889432
  1.11870315  0.36710892  0.70774357  0.44844661  0.52554624  0.58307313
  3.35075358  0.72654672  0.27407811  0.914674    0.17202495  0.34168039
  0.4119152   1.50427153  0.52624216  0.37408769  0.33046016  0.47616044
  5.9041363   0.64459826  0.51286607  0.25855943  1.47984036  1.1619642
  0.84504782  0.47898859  0.30013174  0.59628137  0.61846427  0.29597807
  0.10442863  1.42538883  0.55356089  1.42662483  0.56759813  0.57310976
  0.49958359  0.28684555  0.48349382  0.11474494  0.67939381  0.89415828
  0.36627086  0.97548436  0.25603716  0.45532355  0.41809655  2.53312756
  0.89391446  0.51510324  0.28591362  0.44315381  0.80776091  0.75765844
  0.29958921  0.36442076  0.59730446  0.50684111  1.06302538  0.53583795
  0.57670344  0.42246235  0.62726635  0.45935582  0.53918023  0.44189294
  0.4028182   0.55222471  0.45145599  0.75194246  0.19923546  0.83557971
  0.31917313  0.29343252  0.63067398  0.31620556  0.27112618  0.28206163
  0.78279449  2.30788428  0.48937914  0.63726129  0.58127406  0.3819659
  0.48892831  1.28510474  1.05271564  1.43196772  0.54260993  0.44332516
  2.10772105  0.79224677  3.70682115  0.55853712  1.30710583  0.76736154
  0.46201908  0.41174943  0.4730031   1.42825175  0.47680564  0.65178754
  0.26624319  0.51958775  0.40876604  0.36204328  0.39731864  0.37851765
  0.22202861  0.15253203  0.14497245  0.96625825  0.49853989  0.52404768
  1.05392906  0.5515799   0.62056277  0.56982585  0.42713212  0.7037927
  0.11049228  0.25372986  0.36350709  0.70287723  0.53244906  0.49723077
  0.45970098  0.5541809   1.86111425  0.35772139] Density: 56.10590341243086
Cross-validation on partition 3 with 119 instances
....5....10....15....20....25....30....35....40....45....50....55....60....65....70....75....80....85....90....95....100....105....110....115....
Partition 2: Target: [  8.08826637e-03   1.62853784e-02   4.52793275e-02   3.80693014e-01
   3.06273159e-04   1.00000000e+00   7.44443354e-01   1.93704536e-02
   6.61509974e-01   8.26732449e-01   7.54636233e-01   7.01243485e-03
   3.75316539e-01   4.54179606e-01   3.12394871e-01   1.56290432e-03
   8.20935589e-01   3.34282347e-02   4.26352381e-03   4.99247254e-02
   3.51906945e-01   4.76311611e-01   3.87948305e-03   6.01958701e-02
   6.61880628e-02   5.47504779e-01   4.00452483e-01   5.60807839e-03
   9.80632179e-01   9.25405807e-02   7.16258783e-03   2.89900976e-02
   9.94466714e-01   1.97487832e-01   1.00000000e+00   2.26084142e-02
   1.00000000e+00   1.14031447e-02   3.87132385e-03   9.04535616e-02
   2.56905158e-02   3.13892573e-02   7.82512214e-01   6.95440715e-01
   4.47487249e-02   7.10672087e-01   4.22436414e-03   3.25907164e-01
   1.03517722e-02   3.69589040e-01   3.82750047e-01   4.47947416e-01
   3.68395765e-01   4.15144435e-01   3.61423160e-01   7.13872877e-02
   7.48577477e-01   8.54000598e-03   1.00000000e+00   3.25562373e-01
   1.00000000e+00   5.77845878e-02   1.15688916e-01   7.71466424e-02
   1.00000000e+00   2.85227815e-03   3.25713941e-04   1.30779303e-01
   0.00000000e+00   1.16830597e-01   2.85009141e-02   1.46557991e-02
   4.32269141e-01   6.04666009e-03   1.89938251e-02   1.77845180e-03
   8.35605099e-01   7.20221080e-01   5.07857385e-03   7.66337194e-01
   1.56641579e-01   6.51218889e-01   2.34310720e-01   8.29308851e-02
   1.88419252e-01   7.40926145e-01   9.10108579e-03   1.94764910e-02
   3.21316173e-01   1.02630896e-01   1.96766790e-02   2.38648766e-02
   1.00000000e+00   8.72211212e-02   1.00000000e+00   2.63259319e-04
   1.00000000e+00   4.00507206e-01   2.18678493e-02   6.09690909e-01
   3.13564805e-02   1.36056377e-02   2.74584698e-01   5.99465721e-01
   4.87756361e-01   4.72737093e-01   8.73462077e-02   7.84277847e-01
   5.42941654e-02   7.75747526e-02   5.14355362e-01   4.93001725e-02
   7.33148387e-03   5.46094626e-02   1.28833290e-01   4.48001113e-01
   7.86043876e-02   7.74095145e-01   8.50811138e-01   4.60415808e-01
   6.57776252e-02   3.43269454e-01   2.31077739e-01   1.00000000e+00
   2.29235926e-01   2.45207879e-02   7.56059743e-01   1.54977757e-01
   8.22320955e-01   1.00000000e+00   9.60493490e-01   6.02490202e-01
   6.91751013e-02   1.47344189e-02   2.62555616e-01   1.44448594e-01
   1.26100668e-01   2.29240420e-02   3.03151621e-03   7.10080222e-02
   5.79322998e-03   8.99951827e-03   5.07329809e-01   3.08667193e-01
   3.66164229e-04   1.16732740e-03   1.74405464e-03   6.92076615e-02
   2.21776431e-02   2.62703929e-01   9.85103698e-01   1.00000000e+00
   1.00000000e+00   4.54016478e-02   1.25833497e-02   1.07481481e-01
   6.51968557e-04   1.92465591e-02   2.59867450e-02   1.31465568e-03
   0.00000000e+00   1.74201396e-03   0.00000000e+00   1.85911823e-05
   9.19500198e-01   2.53328290e-01] Scale: [ 0.29380541  0.33465827  0.58284275  0.35569699  0.33289687  4.14422971
  0.44900105  0.35614769  0.45732105  4.33229193  0.74301136  0.23152538
  1.38124931  0.33022755  0.24467211  0.10892545  0.6545492   0.43501341
  0.26150278  0.4961469   0.36319827  0.32775084  0.2091959   0.42991839
  0.40265964  0.33468522  0.36270216  0.16889518  1.4233028   0.54440698
  0.21534166  0.27871779  0.94083013  0.78860485  0.63641875  0.51779154
  2.23383743  0.30822177  0.72501206  0.31108796  0.42871212  0.47139203
  3.78172632  0.5683666   0.18556195  0.61301413  0.1464536   0.36440511
  0.30466293  1.26840181  0.41528973  0.32279347  0.26108797  0.45508407
  1.13467133  0.38378024  0.44059947  0.21205067  4.67057803  1.13674572
  1.00612999  0.35826402  0.22202285  0.51315297  0.79399074  0.26828285
  0.13415206  1.08382475  0.46792234  1.01101645  0.45526695  0.6797449
  0.6076572   0.19592784  0.25810559  0.10850893  0.7000245   0.64276547
  0.24791255  0.81575493  0.24601964  0.4080107   0.29130962  0.6104041
  0.83729719  0.44608586  0.2333924   0.26118518  0.41905204  0.59502204
  0.19705869  0.26526357  0.59915915  0.62035079  0.77244057  0.4817117
  1.00624745  0.36505887  0.53261517  0.37671703  0.471329    0.2986487
  0.28177452  0.44740399  0.31565052  0.47946685  0.13004057  0.99663105
  0.22580318  0.20116742  0.44506482  0.26607712  0.22428753  0.21912087
  0.63296589  1.67797206  0.45800815  0.57831875  0.5300339   0.33101128
  0.43497663  1.10966384  0.94379378  1.02126562  0.46053443  0.27278073
  2.29719251  0.72780042  4.43077424  0.73133202  1.07979839  0.77234079
  0.32898478  0.28489038  0.3243156   1.2016187   0.40723115  0.52928306
  0.18112871  0.29535044  0.24694504  0.27784944  0.34092685  0.32124632
  0.12181727  0.10516522  0.10570939  0.68971752  0.35986073  0.34746354
  1.29678149  0.59639843  0.59042225  0.60286979  0.20446628  0.62229644
  0.1464407   0.20894043  0.29035358  0.8744031   0.43901047  0.39786531
  0.607623    0.40773874  3.18243001  0.19963394] Density: 55.05973052556601
Cross-validation on partition 4 with 65 instances
....5....10....15....20....25....30....35....40....45....50....55....60....65
Partition 3: Target: [  9.36673435e-03   1.99690181e-02   9.05738690e-02   4.19419376e-01
   4.42123845e-04   1.00000000e+00   4.52431189e-01   4.09923747e-01
   4.73480449e-01   6.32576601e-01   6.30477238e-01   3.36104669e-01
   8.04354036e-01   3.34692817e-01   4.32488908e-01   2.44395357e-03
   7.50608998e-01   1.00000000e+00   1.20653940e-03   3.81468145e-02
   1.00000000e+00   3.27896982e-01   1.37941115e-03   6.70839113e-02
   1.05730885e-01   6.92675221e-01   4.44543026e-02   6.21533591e-01
   1.00000000e+00   1.47007206e-01   2.14146098e-03   3.48357403e-02
   9.74777034e-01   2.71475552e-01   9.99369119e-01   3.03401821e-02
   1.00000000e+00   1.10114271e-01   1.50373211e-02   1.45403173e-02
   4.29680821e-02   5.00863872e-02   5.34432919e-01   4.30712836e-01
   2.46082594e-04   4.36633807e-01   4.44654477e-03   1.00000000e+00
   4.61324052e-03   2.98717428e-01   1.00000000e+00   4.22292466e-01
   2.51104832e-01   8.51641769e-01   5.18198296e-01   6.38000677e-03
   4.18469755e-01   7.15954984e-03   1.00000000e+00   3.04393445e-01
   2.52659852e-03   6.73454447e-02   1.00000000e+00   1.06419762e-01
   1.00000000e+00   7.13401479e-03   2.84297103e-04   2.25376881e-01
   0.00000000e+00   6.35954834e-01   4.93968008e-02   3.08998388e-02
   6.57728526e-01   4.05260353e-01   3.52866229e-01   1.09946586e-03
   6.88470442e-01   4.39532061e-01   1.81122735e-03   4.90234538e-01
   6.50942176e-01   3.17233199e-01   3.82457514e-01   1.13953002e-01
   2.17856652e-01   6.10889067e-01   2.20658721e-02   6.77129380e-01
   6.47667529e-01   1.69893876e-01   2.08824594e-02   2.24450985e-02
   6.40876137e-01   4.04188823e-02   1.00000000e+00   1.24101695e-03
   1.00000000e+00   6.19302257e-01   3.31365231e-02   1.46555604e-01
   5.00713795e-02   1.18977327e-02   5.99751094e-01   6.15014271e-01
   3.27939970e-01   6.41730526e-01   4.22533136e-03   1.00000000e+00
   1.46803373e-01   3.03415893e-04   1.67746510e-01   2.36653870e-01
   4.53622460e-02   2.40677136e-02   2.88958852e-01   8.42242809e-01
   1.25837225e-01   9.27583839e-01   6.97226770e-01   3.89663184e-01
   1.10140727e-01   4.98304418e-01   3.58244545e-01   1.00000000e+00
   4.32162852e-02   1.75835268e-02   5.32791976e-01   2.06808526e-01
   7.21553586e-01   1.00000000e+00   1.00000000e+00   1.00000000e+00
   1.00000000e+00   1.00000000e+00   1.00000000e+00   6.40328462e-02
   5.51647424e-01   7.96094344e-03   8.55455164e-02   9.93954059e-02
   2.32845337e-01   1.01287700e-02   1.26884065e-01   3.55716087e-01
   2.90524640e-04   7.88716069e-04   1.02811092e-03   3.71401293e-01
   7.80601054e-02   1.08180323e-02   9.26662336e-01   9.98253961e-01
   9.32956286e-01   7.59399131e-02   1.08359388e-02   1.54961945e-01
   6.02206790e-04   2.53818881e-02   4.71648040e-02   4.52377164e-02
   4.54270840e-03   7.76375382e-03   1.00000000e+00   1.54565826e-03
   2.06587432e-01   4.30762072e-01] Scale: [ 0.20452645  0.26349865  0.64245268  0.28789428  0.25636062  4.14871896
  0.19733504  0.33010836  0.25201774  1.90897154  0.36081203  0.18926453
  2.4319998   0.17863479  0.21314767  0.10259618  0.29369606  2.04178869
  0.16779455  0.40044867  0.51315869  0.19639314  0.16515116  0.34661675
  0.46437561  0.28961741  0.22311243  0.28020734  1.14112511  0.59859181
  0.11526488  0.28197868  1.13695117  0.89741011  0.46342369  0.67832201
  1.99091119  0.20627297  0.70882415  0.23639468  0.41884983  0.46282036
  1.96457195  0.23084983  0.14050238  0.29350747  0.17670741  0.52083311
  0.15901375  1.11386715  0.77653733  0.24034947  0.16878741  1.03780312
  1.44548436  0.17014275  0.21788004  0.18112169  3.61885553  0.96982238
  0.56057181  0.36705509  0.34928911  0.48709346  0.51382236  0.25365207
  0.12440004  1.04918688  0.38221788  2.14583731  0.44784069  0.53354032
  0.48730615  0.20101352  0.45393966  0.0992179   0.30523453  0.2576542
  0.16845892  0.25163605  0.24446629  0.17684712  0.1719603   0.74705659
  0.76540327  0.23574544  0.26597389  0.50602795  0.32643207  0.67383428
  0.18198511  0.19278593  0.40330963  0.37608862  0.97373399  0.50717919
  1.07931274  0.29751997  0.50314247  0.17936327  0.4499207   0.19025841
  0.34922879  0.28090242  0.18200743  0.57883206  0.10684415  0.67346869
  0.18926376  0.14161261  0.15742538  0.16918356  0.19355545  0.17329007
  0.9435105   5.45802217  0.51681736  0.47089339  0.27695135  0.24835953
  0.4909282   1.37550243  1.11474581  0.49864251  0.2997936   0.20397653
  1.52694341  0.75428331  2.51542122  0.37723166  0.98399257  0.63532957
  0.84790893  1.81282806  1.10962983  0.65543277  0.28590706  0.36218038
  0.15608928  0.18067196  0.18175595  0.2008859   0.16901541  0.21849119
  0.10875262  0.10125714  0.10966407  1.34365981  0.53068696  0.22974383
  1.51808309  0.39486819  0.42614729  0.52825506  0.16549801  0.66333719
  0.11296948  0.20364513  0.2883674   0.88476086  0.43722915  0.30578406
  0.70376879  0.20213821  1.00554585  0.18628112] Density: 54.180320794351445
Cross-validation on partition 5 with 110 instances
....5....10....15....20....25....30....35....40....45....50....55....60....65....70....75....80....85....90....95....100....105....110
Partition 4: Target: [  1.14565829e-02   0.00000000e+00   3.39050564e-02   4.21969264e-01
   2.16760428e-04   6.75042374e-01   6.07986250e-01   4.67517829e-03
   5.35724824e-01   4.03778091e-01   8.35089863e-01   1.00000000e+00
   9.57124210e-01   8.95764732e-01   5.44165197e-01   3.25494205e-03
   9.80831555e-01   3.16925183e-01   1.00000000e+00   7.22360417e-02
   8.64446670e-01   4.05129999e-01   8.91825615e-01   1.51024661e-01
   1.50326547e-01   1.84619295e-01   8.74079905e-01   8.56903092e-03
   5.37447634e-02   1.67611713e-01   4.04651734e-03   9.76820942e-01
   3.38417484e-02   2.22543044e-01   4.90383795e-01   1.08411831e-01
   0.00000000e+00   1.54169224e-01   3.74528902e-02   7.38755627e-01
   6.07586047e-03   9.69150796e-01   4.78019662e-01   4.36779951e-01
   1.00000000e+00   8.51141482e-01   5.80593144e-03   1.30199672e-01
   1.00000000e+00   2.58979040e-01   1.00000000e+00   4.89572914e-01
   6.00667540e-01   5.86395420e-01   5.72138168e-01   3.95951711e-01
   8.65038836e-01   4.40483427e-03   5.33907698e-01   2.25007547e-01
   1.49797070e-01   1.00000000e+00   1.05432245e-02   1.98446915e-01
   5.43664553e-01   1.33805118e-02   2.28555746e-04   9.93786297e-02
   1.08216958e-01   1.40074512e-02   1.52530504e-02   1.47336965e-03
   9.23740460e-01   1.00000000e+00   3.18236030e-01   7.32788921e-04
   8.39851925e-01   1.00619326e-01   1.00000000e+00   6.87776696e-01
   2.57624815e-01   4.70168747e-01   1.00000000e+00   0.00000000e+00
   2.60705958e-01   4.21230497e-01   5.18398780e-02   1.71175060e-02
   4.73642950e-01   3.45281001e-01   0.00000000e+00   2.99095361e-01
   5.83380125e-01   6.95500434e-01   3.75862080e-01   1.47323138e-01
   5.25999890e-02   5.24761193e-01   4.11407578e-02   7.98980149e-01
   4.63416403e-04   3.54487588e-01   6.19227918e-01   6.41967901e-01
   7.95280918e-01   1.41532852e-02   3.03683038e-03   3.98731566e-01
   1.23005402e-01   1.00000000e+00   9.70190388e-01   8.83557924e-01
   7.20553911e-01   8.32446624e-01   7.41565981e-01   9.11033516e-01
   1.50395096e-01   3.88703894e-01   8.13779152e-01   8.16060650e-01
   1.55192571e-01   5.89406208e-01   6.60360560e-01   7.29256524e-03
   7.98754909e-01   8.04723781e-02   2.52549920e-01   2.09924438e-01
   4.17229110e-01   4.14873711e-01   5.30825376e-01   0.00000000e+00
   5.52975189e-01   1.00000000e+00   6.46645000e-01   4.15164055e-01
   4.88554366e-01   5.00909742e-02   6.88401579e-01   4.83366390e-01
   1.00000000e+00   5.11414906e-01   6.54929625e-01   4.21919595e-01
   2.60542827e-04   7.11809030e-04   1.14395931e-03   4.06609071e-03
   5.79208397e-04   8.37243796e-01   4.26228894e-01   9.01633661e-01
   9.71446736e-01   2.14526899e-01   9.96872841e-01   1.00000000e+00
   4.75322987e-04   1.99580668e-02   6.20905586e-02   3.82232042e-01
   4.19673250e-02   2.60994412e-03   0.00000000e+00   0.00000000e+00
   3.06327986e-02   7.48800774e-01] Scale: [ 0.21052899  0.35656448  0.49395087  0.7552498   0.10542668  2.29700242
  0.3273087   0.21380986  0.35606519  1.33575694  0.53659506  0.98802819
  3.23235643  0.64363205  0.23688809  0.09516728  0.80684196  0.31960174
  1.25801508  0.36907424  0.48360067  0.27106015  0.46269592  0.5780817
  0.60028179  0.22099848  0.38960054  0.21161352  0.86551844  0.66061534
  0.18601435  0.69892218  1.61611008  0.87254458  0.48385346  0.64288086
  1.19812722  0.25706876  0.57536605  0.4096482   0.28965247  0.78901496
  1.69961989  0.25111501  0.85623464  0.64654276  0.1459596   0.15072763
  1.92476795  1.02055492  1.32486459  0.30072279  0.32257434  0.45501652
  2.08214958  0.30976911  0.36489895  0.20143309  2.55971509  0.79659111
  0.75086605  0.85827306  0.29442559  0.76067184  0.54008364  0.23424693
  0.10841139  0.75409365  0.59211031  0.43231988  0.38289796  0.88717082
  0.82438487  0.96763033  0.34173252  0.09569378  0.61978137  0.20341029
  1.03318578  0.4856473   0.16643658  0.29485089  0.94923084  0.8116291
  0.89437263  0.27757637  0.20926178  0.1804047   0.76014219  1.09492665
  0.28996339  0.26857983  0.43189401  1.07091575  0.45045095  0.67803731
  0.82792566  0.33081803  0.57388601  0.36757529  0.26925066  0.27855694
  0.32495314  0.30888427  0.42601352  0.20055542  0.1039378   0.2444017
  0.17227856  0.77431509  0.75416503  0.38563939  0.31071321  0.42586834
  2.10937964  5.94384888  0.6139215   0.25217292  0.37789043  0.38359814
  0.61613176  1.80452387  1.75831044  0.9007451   0.69121463  0.52312724
  0.90489634  0.7975481   1.5709569   0.42728913  0.23114243  0.70168519
  0.39265219  1.56311195  0.46298275  1.54471015  0.41912583  0.4724953
  0.3640432   0.31223866  1.32903359  0.36000013  0.34840188  0.2773705
  0.10451448  0.09934002  0.09743519  0.34181497  0.27152023  0.37876559
  1.23766977  0.48210602  0.49371633  0.4638978   0.53982217  0.80235424
  0.10509498  0.17120506  0.34221544  0.94333238  0.42247644  0.20940396
  0.34406031  0.37292851  0.33472866  0.12144244] Density: 53.894246222887304
Cross-validation on partition 6 with 181 instances
....5....10....15....20....25....30....35....40....45....50....55....60....65....70....75....80....85....90....95....100....105....110....115....120....125....130....135....140....145....150....155....160....165....170....175....180.
Partition 5: Target: [ 0.00343464  0.04896252  0.91377416  0.00181781  0.          0.20132254
  0.0855319   1.          0.07394453  1.          1.          0.12081471
  1.          0.65065418  0.19905873  0.          0.07861824  0.91221221
  0.05088481  0.19295232  0.08393     0.0540518   0.24559975  1.
  0.52087625  0.20705054  0.45705249  0.0025165   0.0854155   1.          0.
  0.02719059  0.03421234  0.87286775  0.          0.01096509  0.00279166
  0.77153084  0.81950059  0.87822649  0.53884763  0.00621019  1.
  0.43494141  0.55827559  0.48175284  0.          0.06259338  0.4546215   1.
  0.11287115  0.06212247  0.10702475  0.39697091  0.02348361  1.
  0.21614575  0.01450816  0.36216395  0.73393288  0.          0.01001119
  0.46765099  1.          0.01857051  0.          0.          0.18006224
  0.          0.30806015  0.73522417  0.81211378  1.          0.68776694
  1.          0.          0.08691348  0.55142492  0.04883568  0.39907593
  0.08236179  0.06542624  0.23269082  0.          0.27389987  0.10469013
  0.00764806  0.02266954  0.01417024  0.9994593   0.00561479  0.03653617
  0.00117737  1.          1.          0.          0.02108845  0.09166261
  1.          0.24370401  0.34849328  0.02164393  1.          0.70124056
  0.45292705  0.43313977  0.          0.06771171  0.00174696  0.36594304
  0.31426973  0.1374935   0.10281745  0.10626998  0.10972076  0.15547589
  0.84107839  0.23898109  0.16427529  0.14718617  0.90520347  0.07591748
  0.76705664  0.          0.04265918  0.02170234  1.          0.97249905
  1.          0.00773453  0.25757926  0.          0.12938791  0.7235724
  0.95474423  0.0880998   0.28842409  0.          0.2416211   1.
  0.59775244  0.89163459  0.18985783  0.12378039  0.          0.          0.
  0.09372913  0.02182864  0.62373409  0.          0.00280971  0.
  0.25571104  0.00566999  0.00136472  0.          0.00523862  1.          0.
  0.          0.          0.          0.          0.47058952  0.15437592] Scale: [ 0.15676331  0.50437926  0.80275539  0.4432293   0.09426702  0.42937475
  0.34753676  1.76140321  0.34256937  2.44428724  1.10455197  0.46928388
  1.56240114  0.40758789  0.12002176  0.07775583  0.37568812  2.42493933
  0.46874526  0.24156395  0.44073069  0.24746181  0.84559582  2.16084498
  0.34891295  0.73592824  1.3447424   0.07009648  0.59125563  0.83670135
  0.07698677  0.17743149  0.86720517  0.83935843  1.0100793   0.38463878
  0.17972554  1.97456461  0.71895862  2.18901924  0.57103698  0.16416165
  2.52243261  0.21758927  0.36019868  0.32471676  0.90951757  0.34082823
  1.01099037  1.30887652  0.70872955  0.28635084  0.42522304  0.20314254
  0.31399427  3.68945342  0.73445333  0.20968624  1.56102801  0.47523138
  0.21852642  0.12412362  0.11493393  0.90752072  0.46470175  0.15520757
  0.09365465  1.01967258  0.35163092  1.54066756  0.62637305  1.27442646
  0.78153792  0.72703006  1.49898103  0.08918213  0.39792891  0.32119349
  0.42695963  0.20737456  0.35214346  0.27917075  0.9838221   0.49066565
  0.16388754  0.41418414  0.24397236  0.14096028  0.27659526  0.79109277
  0.0768631   0.22416184  0.28461033  1.71586999  2.51963717  0.53890578
  0.2977572   0.39932305  1.00177922  0.80817627  0.57539898  0.25282273
  0.99820323  0.35701338  0.20019784  0.43493348  0.0674204   0.36061919
  0.13715169  0.22590681  0.16870321  0.56040589  0.41075133  0.42253554
  0.32259531  0.63017093  0.73585067  0.80346849  0.60205642  0.5521339
  0.6860451   0.27318028  0.72908092  0.47132838  0.19371426  0.13234386
  2.1357387   0.81522582  3.26027859  0.27435949  0.74846078  0.82894531
  0.92854184  1.44673417  1.06243461  1.24594482  0.99923367  2.05124285
  0.83528518  3.32182601  1.83700176  2.21871644  0.66962645  0.49092509
  0.09279545  0.08356803  0.07976111  0.93042598  0.52799407  1.72152084
  2.71386794  0.40843367  0.5221265   0.62548548  0.11679983  0.21980101
  0.08735175  0.13311703  1.07056506  0.73272573  0.27642701  0.30112412
  0.39084465  0.16789866  0.65959952  0.08758252] Density: 51.36997544175811
Cross-validation on partition 7 with 153 instances
....5....10....15....20....25....30....35....40....45....50....55....60....65....70....75....80....85....90....95....100....105....110....115....120....125....130....135....140....145....150...
Partition 6: Target: [  3.36680716e-03   2.73835228e-03   1.13463430e-02   4.12161748e-01
   7.19462185e-05   1.00000000e+00   7.08513958e-01   9.55974668e-02
   4.92129627e-01   4.45258712e-01   4.09178582e-02   1.36978852e-01
   1.91624911e-02   3.80660083e-02   2.50568726e-02   2.21660203e-04
   9.73640488e-01   5.36403671e-01   7.96185531e-02   1.06760017e-01
   8.19527187e-02   3.71949212e-01   1.56975383e-02   1.00000000e+00
   1.83286327e-01   4.55264132e-01   6.66637729e-01   1.51020466e-01
   2.05303122e-01   8.17213386e-01   1.28607008e-03   1.91425935e-02
   4.16416191e-01   1.00000000e+00   5.29727796e-01   8.81258796e-03
   5.58278090e-03   3.82974684e-02   0.00000000e+00   2.12562539e-01
   0.00000000e+00   8.66500750e-01   1.06592315e-01   3.46717449e-02
   3.43618621e-02   2.64606163e-02   2.17401822e-03   2.82281394e-02
   1.01419252e-01   4.21507980e-02   2.40267058e-01   3.77862359e-01
   1.63685015e-01   3.22629616e-02   1.00000000e+00   8.54559442e-02
   8.37335452e-01   3.55287945e-03   3.17440212e-01   1.00000000e+00
   2.02343030e-03   2.80012841e-02   6.76034682e-01   4.27554096e-01
   5.29893173e-01   0.00000000e+00   1.11651721e-04   1.01477428e-01
   7.72194725e-04   9.95639353e-02   2.03397051e-03   0.00000000e+00
   1.00021614e-02   7.08101815e-02   7.14157885e-02   2.49822115e-04
   8.28015646e-01   6.05336879e-02   9.56259710e-02   4.42588487e-02
   1.78729300e-02   5.23460996e-01   1.02446190e-01   6.82747893e-02
   1.00000000e+00   6.94647338e-01   6.00856035e-04   2.52932280e-02
   1.96310748e-01   3.32275682e-01   1.05464065e-02   1.08475494e-02
   3.84185909e-01   3.94333605e-01   7.60894035e-01   3.07234876e-03
   4.55144164e-01   6.24985473e-01   0.00000000e+00   6.45990951e-01
   1.40093304e-03   1.58223433e-01   3.80555891e-02   3.32559119e-02
   2.71938165e-02   9.65683761e-02   6.39400909e-03   2.68811116e-02
   3.15601794e-02   2.96189419e-02   2.91087679e-02   3.63472972e-02
   9.55770519e-03   1.11019260e-02   3.09000597e-01   6.90167956e-01
   9.49220746e-01   8.95055801e-01   9.43867465e-01   7.66920586e-01
   4.46895735e-01   1.00000000e+00   2.03883383e-01   2.86063839e-03
   3.88495996e-02   1.42062918e-02   1.00000000e+00   1.00000000e+00
   1.00000000e+00   8.06027493e-01   6.96761827e-03   4.57353409e-03
   2.46315321e-01   3.13785653e-01   9.78393361e-02   6.87718105e-02
   5.86672181e-01   0.00000000e+00   5.07549270e-03   1.18928755e-01
   9.12453278e-02   6.77537375e-03   4.68164954e-01   3.86361188e-01
   0.00000000e+00   1.40029646e-04   1.15479495e-03   3.52269204e-02
   5.43578800e-03   4.53246638e-01   2.85941440e-01   5.24621681e-01
   2.26729081e-01   5.16757257e-03   5.00987702e-01   2.90694860e-02
   0.00000000e+00   4.63265727e-01   1.00232865e-02   1.00000000e+00
   7.97148133e-01   4.01227734e-01   0.00000000e+00   0.00000000e+00
   1.26583226e-01   2.75345888e-03] Scale: [ 0.32320072  0.20852317  0.44598412  0.51431487  0.10518426  1.7270395
  0.45695048  0.74447647  0.35374207  0.49685811  0.41472192  0.84487789
  0.31382004  0.41785707  0.33992393  0.10055704  0.83606365  2.53077304
  0.66673572  0.68880472  0.61367462  0.23960232  0.25201893  2.96724266
  0.2233362   0.33479833  0.60504899  0.11688472  0.33518534  0.8116728
  0.115644    0.24667316  0.55974234  2.45999196  0.58954121  0.94919766
  0.24371027  0.20986102  0.83880994  0.32690142  0.3094386   0.65137664
  0.33465294  0.40767061  0.3844008   0.29589163  0.27993061  0.32622367
  0.76786098  0.31277722  1.28387625  0.25616901  0.20684829  0.30638183
  3.57668714  0.63365471  0.57681652  0.1526205   1.06736499  3.2470835
  0.33723287  0.21583446  0.31293391  0.27791888  0.51253467  0.40100341
  0.09914305  1.0954149   0.42951645  1.10566301  0.33731652  0.59740725
  0.21181921  0.5796752   0.5763803   0.09083733  0.62878544  0.55451077
  0.70521359  0.40302949  0.25584319  0.31724902  0.76618506  0.46945453
  1.49112573  0.45825181  0.21924997  0.18820131  0.25926955  0.18990309
  0.14446264  0.25527651  0.33494848  0.23871442  1.02889128  0.42231178
  0.52361301  0.36224842  0.50027633  0.40455095  0.31287794  0.30369401
  0.39448234  0.3558788   0.35125846  0.58761281  0.11132502  0.29885471
  0.39354076  0.35043932  0.35079065  0.38044997  0.20804914  0.18874471
  0.51722865  1.5947692   1.13292698  0.88072717  0.77213471  0.48743213
  0.40225312  2.37920812  0.32434863  0.53544466  0.25952998  0.20068804
  4.53049753  1.2793317   5.22701502  0.58703872  0.41987838  0.55911343
  1.28898372  1.54965592  0.72071766  1.04321566  0.31888924  0.50247341
  0.21037212  0.86800969  0.75090366  0.22963638  0.28415325  0.24463795
  0.13249111  0.10229033  0.07996954  0.63960546  0.3364221   0.49163023
  1.06374828  0.44363405  0.36414318  0.30911174  0.35353307  0.27965057
  0.11436556  0.34564715  0.13388105  1.19286417  0.41355957  0.47154459
  0.27263784  0.30477955  0.51453092  0.16880689] Density: 60.2335087935218
Cross-validation on partition 8 with 113 instances
....5....10....15....20....25....30....35....40....45....50....55....60....65....70....75....80....85....90....95....100....105....110...
Partition 7: Target: [  4.07616353e-03   9.61286608e-02   1.79769974e-01   2.35310996e-02
   1.92143023e-04   4.12405519e-01   4.98267026e-01   7.67476988e-03
   8.69774836e-01   5.12535842e-01   2.85587545e-02   3.93971089e-02
   7.41185086e-01   1.20176870e-02   1.33266241e-02   1.15379281e-03
   2.29279591e-01   6.85896246e-03   4.50108878e-02   1.19854756e-02
   2.45990234e-01   3.65640229e-01   1.84164212e-02   1.00000000e+00
   5.81495990e-01   9.44797256e-01   1.56617233e-02   1.92397696e-01
   1.63396208e-01   1.00000000e+00   1.17752798e-01   9.48563702e-01
   1.22858912e-02   1.00000000e+00   1.39149789e-02   3.67500016e-02
   4.63492306e-03   5.88900414e-01   7.87258788e-01   7.15827897e-01
   6.31927471e-01   8.46960143e-01   7.79952959e-01   1.53347772e-02
   2.01223638e-02   2.85619929e-02   6.87281518e-03   1.00000000e+00
   2.15940161e-02   1.70170436e-01   1.82443425e-02   6.38662250e-01
   4.78896421e-01   4.43601229e-02   4.11224815e-01   3.30954802e-01
   3.50007439e-01   1.43788350e-02   4.15143079e-01   2.42879222e-01
   1.00933282e-02   8.89235385e-01   3.80874118e-03   1.00000000e+00
   1.60949841e-02   5.70539784e-03   2.20172523e-04   7.02087752e-01
   6.30809193e-03   5.36253453e-01   5.00129160e-01   1.47848056e-01
   7.15773723e-02   2.42444197e-02   2.14659775e-02   1.09642843e-03
   5.82157956e-01   1.00714665e-02   5.01016820e-02   1.51872043e-02
   8.55322019e-01   3.60814683e-01   1.55391505e-02   3.19144240e-01
   1.28455974e-02   7.83970389e-01   1.13205698e-02   6.34973264e-01
   5.82928406e-02   1.00000000e+00   4.47652102e-03   5.28043623e-01
   1.95680802e-02   3.52314825e-01   7.09911002e-01   3.72459099e-02
   2.36010529e-03   7.78176037e-02   3.26825890e-01   2.77582617e-01
   5.92526851e-01   5.32831400e-01   1.82189996e-02   1.73764685e-02
   1.39140657e-02   3.31508512e-03   2.72935912e-03   9.70883253e-01
   9.48259751e-03   2.15753560e-02   1.57762398e-02   1.04800163e-01
   6.25666026e-01   3.72371473e-01   6.95433932e-03   1.85897656e-01
   1.00000000e+00   9.94376375e-01   7.45047713e-01   1.74428074e-01
   9.11046890e-01   5.34147772e-02   8.66863687e-01   4.24371022e-02
   7.52625589e-01   5.10179105e-02   1.53910383e-01   1.00000000e+00
   7.70965834e-01   1.37568603e-02   7.16635779e-01   7.87439534e-03
   8.38460021e-02   2.17328503e-02   1.04369543e-02   1.33389461e-01
   2.16494908e-01   4.02342118e-01   3.39029480e-01   1.88140289e-02
   1.55877597e-02   8.91871881e-01   1.72316430e-01   3.97100959e-02
   7.97030198e-04   2.00004941e-03   1.71440140e-03   6.90537817e-02
   6.60393755e-04   1.81604665e-01   2.77264126e-02   9.41798465e-03
   1.20483241e-02   4.13730246e-01   9.76794839e-01   6.61034720e-01
   5.61215048e-04   1.79176344e-02   1.00000000e+00   2.57000710e-01
   2.49793012e-03   1.82802123e-01   0.00000000e+00   1.12102775e-04
   5.64385301e-01   5.82060197e-01] Scale: [ 0.28919677  0.52506827  0.38570542  0.37693155  0.1773516   0.94548988
  0.40303632  0.26413185  1.1976767   1.65788334  0.33966537  0.4330469
  2.85917128  0.29970583  0.25683686  0.12343632  0.28446812  0.36259437
  0.44704774  0.32946834  0.33564481  0.3340608   0.25669209  3.23004397
  0.46397054  1.26939531  0.25279543  0.17703982  0.88938018  1.95702319
  1.19118744  0.61875912  0.81679307  4.27215214  0.3861691   0.44735134
  0.17879095  0.33479034  0.836903    0.37605767  0.40205668  0.52663218
  3.97576788  0.28419094  0.32174023  0.29356859  0.15399784  2.31397051
  0.3884564   1.06050237  0.32696805  0.63304951  0.43935154  0.52535636
  0.8509278   0.69100104  0.26856432  0.27051642  1.69558102  0.5012699
  0.25330427  0.2285637   0.16558039  2.69114346  0.30253784  0.37446966
  0.16817243  0.99544438  0.35656107  0.67130358  0.38209542  0.72135362
  0.53122459  0.37626934  0.2876529   0.1162357   0.56814767  0.28959683
  0.46118261  0.27525815  1.27686943  0.32174934  0.26203918  0.31414593
  0.26933907  0.73431949  0.3355103   0.39603376  0.50733027  2.13760969
  0.2448408   0.39148761  0.30831715  1.26285946  0.41127551  0.35565436
  0.18640188  0.2175157   0.44035596  0.2282325   0.40160586  0.44298187
  0.24817049  0.25712279  0.28005086  0.20057009  0.12117611  1.64567718
  0.26938449  0.31285922  0.27667692  0.25637007  0.689734    0.37801509
  0.33583676  1.25786255  1.900693    1.7632227   0.6723805   0.3501538
  0.9390954   0.4155212   1.21198938  0.91809967  0.40145904  0.54563466
  0.75155278  3.19552118  3.13411672  0.2656248   0.35070663  0.45755934
  0.39447475  0.40251743  0.329566    0.90050424  0.20821676  0.98791373
  0.45025353  0.42009823  0.27242846  0.4873781   0.21829606  0.2130487
  0.10194128  0.14987588  0.09180151  0.37042109  0.28944887  0.27005819
  0.72906462  0.32703277  0.34823791  0.35381908  0.47112236  0.18089897
  0.16202419  0.23278664  2.23114227  0.44955672  0.2920664   0.4942147
  0.29864928  0.25766105  0.42078635  0.31871456] Density: 56.81155550999527
Cross-validation on partition 9 with 116 instances
....5....10....15....20....25....30....35....40....45....50....55....60....65....70....75....80....85....90....95....100....105....110....115.
Partition 8: Target: [  0.00000000e+00   1.40485313e-03   1.38976037e-01   2.47017734e-02
   1.75583395e-03   7.35464244e-01   3.88774509e-01   3.39885670e-02
   1.00000000e+00   1.00000000e+00   4.53398729e-02   1.51118113e-01
   1.51098622e-01   3.50787513e-02   2.17791514e-02   4.29448851e-04
   9.94950137e-01   1.53990503e-01   8.07533700e-02   3.74511566e-02
   1.12810798e-01   4.17472385e-01   3.08520913e-01   1.00000000e+00
   7.90423624e-01   1.00000000e+00   6.94699446e-01   2.78712079e-03
   1.78580332e-01   9.90422997e-01   2.34142541e-03   1.94456176e-02
   0.00000000e+00   1.00000000e+00   3.18801361e-03   0.00000000e+00
   3.13426454e-03   9.75347949e-01   4.26048264e-01   2.86400788e-01
   5.90231876e-01   0.00000000e+00   6.25631173e-01   2.86734416e-02
   4.53420268e-02   4.05263226e-02   1.04935808e-02   1.00000000e+00
   7.74179102e-02   1.00000000e+00   2.01332973e-01   5.06777342e-01
   8.53375262e-01   6.17844622e-02   2.03475796e-01   9.33113150e-01
   1.47315675e-01   8.88163689e-03   4.89563377e-01   5.80833072e-01
   1.02504848e-02   1.12455221e-02   4.70543663e-01   1.00000000e+00
   1.41432548e-02   0.00000000e+00   0.00000000e+00   5.32930119e-01
   0.00000000e+00   2.11016307e-01   3.80682138e-01   4.78906592e-01
   1.03370301e-01   8.03716251e-02   6.44053940e-03   0.00000000e+00
   1.00000000e+00   3.55282087e-02   1.06289892e-01   2.51057469e-02
   3.43804006e-01   4.17411195e-01   5.80672576e-02   5.39442243e-01
   7.27050924e-01   7.51936376e-01   1.22173356e-01   2.68536180e-02
   9.79363305e-02   1.00000000e+00   1.23976832e-02   9.42050679e-03
   1.23929343e-02   3.85750714e-01   8.14379287e-01   0.00000000e+00
   0.00000000e+00   2.49420987e-01   3.51223265e-01   1.32161174e-03
   5.55704110e-01   0.00000000e+00   1.93610284e-02   2.47974736e-02
   2.72886381e-02   3.95570663e-02   3.62026472e-01   1.00000000e+00
   1.62966797e-02   3.85239874e-02   2.57545385e-02   3.33806375e-02
   2.86019911e-01   5.91790733e-01   1.00000000e+00   7.10971768e-01
   1.00000000e+00   6.31203509e-01   3.01585318e-01   2.14030179e-01
   7.06968483e-01   4.93187176e-02   7.89495878e-01   0.00000000e+00
   4.49916105e-02   8.42778933e-03   3.90611322e-01   1.00000000e+00
   2.09590914e-01   8.30261698e-03   1.58029604e-01   0.00000000e+00
   3.03770059e-01   2.38099013e-01   5.13214157e-02   3.80492815e-01
   3.78251681e-01   7.32466814e-02   8.93257067e-01   9.87059204e-02
   3.56786565e-02   5.27223972e-01   2.33109570e-03   1.22094556e-02
   0.00000000e+00   7.30714296e-01   5.20644842e-02   1.41645247e-01
   3.00256333e-01   5.27188007e-01   0.00000000e+00   1.32381551e-02
   8.56809396e-03   3.33372465e-01   0.00000000e+00   3.33841114e-03
   0.00000000e+00   3.94198308e-02   1.00000000e+00   0.00000000e+00
   0.00000000e+00   0.00000000e+00   0.00000000e+00   0.00000000e+00
   2.94009708e-01   1.60236115e-01] Scale: [ 0.25491199  0.24014053  0.46462326  0.37397056  0.0985051   1.59017186
  0.24274232  0.39646893  1.26936085  2.39489971  0.42501047  0.81440899
  0.88601368  0.36132433  0.27376742  0.09598877  1.16198058  0.96431257
  0.59833768  0.21271526  0.5411059   0.29148796  0.27637607  1.99511333
  0.75241763  1.00207059  0.38156466  0.0962512   0.85507655  0.95151937
  0.11227734  0.26460955  1.15375395  2.27032773  0.63399297  0.7922365
  0.19290249  0.79389411  0.42041712  0.20851585  0.3965425   0.26645647
  1.46796205  0.32884429  0.41619867  0.33839582  0.32040899  3.040135
  0.6247769   2.60996718  0.85444803  0.4343656   0.62241502  0.49427363
  0.56260283  1.36574055  0.118438    0.16724872  2.01325521  0.54748071
  0.30941875  0.17233466  0.16289457  1.86970945  0.34889086  0.36619299
  0.09787665  0.53960194  0.40683677  0.40699678  0.33129062  0.47365409
  0.68801081  0.58189684  0.16419339  0.09130213  1.5511635   0.37131011
  0.67364502  0.28826086  0.65564025  0.27317091  0.41272251  0.41813431
  0.66996216  0.49152397  0.27275229  0.12335799  0.58974687  1.37588838
  0.13600526  0.30275195  0.31831825  1.46498399  0.55791979  0.49692097
  0.21798093  0.2346734   0.37783011  0.12064649  0.41288444  0.36910965
  0.24498928  0.29527586  0.31115787  0.32325662  0.15604877  5.7502639
  0.23715799  0.37515957  0.30718208  0.27016356  0.36644647  0.44621601
  1.48698725  1.88458104  1.94613804  0.4307513   0.18437256  0.19243872
  0.56153424  0.36705706  0.98342369  0.62129608  0.31254515  0.12724728
  0.56180166  1.55645629  0.96630949  0.25572947  0.44100275  0.99440002
  1.18195653  1.06541798  0.46144452  0.42499904  0.26000418  0.39321712
  0.68485702  0.69298016  0.38469797  0.32564     0.13965374  0.15736194
  0.09764011  0.27118855  0.09413896  0.30955731  0.28943793  0.2297023
  1.32611166  0.3738804   0.40469967  0.31717136  0.19437417  0.1892571
  0.09507786  0.22248403  1.94223314  0.42638136  0.58653747  0.6524614
  0.32402211  0.14826613  0.64819335  0.14983288] Density: 53.03141373757757
Cross-validation on partition 10 with 255 instances
....5....10....15....20....25....30....35....40....45....50....55....60....65....70....75....80....85....90....95....100....105....110....115....120....125....130....135....140....145....150....155....160....165....170....175....180....185....190....195....200....205....210....215....220....225....230....235....240....245....250....255
Partition 9: Target: [  1.79839332e-03   0.00000000e+00   8.88591451e-01   3.31514898e-02
   0.00000000e+00   8.42749205e-01   1.04816042e-01   1.00000000e+00
   1.47841121e-01   1.00000000e+00   9.03362057e-03   2.20316135e-02
   2.44897105e-01   5.91147353e-01   1.00000000e+00   0.00000000e+00
   1.07178002e-01   7.73029538e-01   1.72439042e-01   1.00000000e+00
   4.89838333e-01   7.39579873e-02   2.80185216e-01   1.00000000e+00
   4.86610827e-01   1.16331241e-01   1.00000000e+00   4.56306260e-03
   4.92886780e-02   7.35576251e-01   9.63195415e-04   1.00000000e+00
   1.33588740e-01   2.98096537e-01   0.00000000e+00   5.97429250e-02
   0.00000000e+00   6.81225368e-01   8.83701177e-01   1.00000000e+00
   4.16526850e-01   5.85993386e-01   4.96766130e-01   3.81258415e-01
   6.04393891e-01   6.42575062e-03   7.39837294e-03   5.03413776e-01
   1.00000000e+00   1.00000000e+00   1.23505612e-01   9.74789656e-02
   1.06248348e-01   9.00048755e-03   9.84648459e-02   7.06420310e-01
   2.89725178e-01   1.41368348e-02   3.21156635e-01   5.41717582e-01
   4.44250965e-03   1.00000000e+00   2.55374147e-03   1.00000000e+00
   1.59442813e-03   2.69158653e-03   0.00000000e+00   1.75353198e-01
   0.00000000e+00   3.06715492e-01   6.29421853e-01   7.01369951e-01
   1.46826010e-02   5.05164636e-01   1.00000000e+00   0.00000000e+00
   1.47065275e-01   5.92170012e-01   2.31343866e-02   1.00000000e+00
   4.12517817e-01   8.30438063e-02   2.82662791e-01   2.28044489e-01
   9.74899656e-01   1.04517089e-01   3.12892620e-02   1.85322470e-02
   1.41401681e-01   1.00000000e+00   8.73064502e-01   8.73365641e-01
   1.35323885e-02   1.76513244e-01   2.92406014e-01   5.42076915e-02
   3.39303901e-01   1.31722658e-01   1.00000000e+00   3.13896743e-01
   2.03813216e-01   5.33673987e-01   1.00000000e+00   5.08158254e-01
   8.41835629e-01   5.82157756e-01   0.00000000e+00   3.38162154e-01
   1.00000000e+00   1.00000000e+00   1.00000000e+00   5.93632018e-01
   2.48674681e-01   1.45764886e-01   9.62632753e-01   6.60691409e-02
   9.73436260e-01   2.40583020e-01   1.86675750e-01   2.50704338e-01
   6.90432661e-01   5.16463463e-01   9.69832029e-01   7.06363907e-02
   1.00000000e+00   2.24691985e-01   2.21231064e-01   6.59057690e-01
   4.71152101e-01   1.32838901e-03   6.59211125e-01   3.80791698e-01
   2.10792518e-01   4.01776130e-01   8.29480457e-01   1.79661957e-01
   4.50017614e-01   0.00000000e+00   1.32708377e-01   3.81679798e-01
   2.41419999e-01   6.77156787e-01   2.26250242e-01   1.56797551e-01
   0.00000000e+00   0.00000000e+00   2.85503668e-03   1.01374078e-01
   4.37002341e-02   1.00000000e+00   0.00000000e+00   5.95222886e-03
   3.23405162e-03   3.80260511e-01   9.59801066e-01   5.29360179e-01
   0.00000000e+00   3.45678712e-02   1.00000000e+00   1.58724165e-01
   1.47138619e-02   5.38404426e-03   0.00000000e+00   6.35057184e-02
   6.21228785e-01   8.18678741e-01] Scale: [ 0.18754444  0.49284323  0.7866871   0.42569826  0.09440406  0.6615128
  0.40491385  1.39814097  0.53546977  0.93354751  0.13874705  0.24512643
  0.44202471  0.32609974  0.84146651  0.07638001  0.443773    1.76269098
  0.58264666  1.85537202  1.39484617  0.29994204  0.91989095  1.74719634
  0.27784718  0.46928135  2.69836594  0.0903285   0.38284595  0.49445077
  0.40873857  0.7803726   3.1691057   0.24131031  0.68533749  0.37023177
  0.22420173  1.76676417  1.28799573  2.3913297   0.397372    0.3885819
  0.58293316  0.20184514  0.34003994  0.11880192  0.39630846  1.39226254
  1.96224198  2.45783651  0.60987669  0.38189633  0.41217187  0.11855734
  0.24988952  1.68929731  0.90093548  0.19591846  0.74612762  0.38999334
  0.20102113  0.40716855  0.15073236  0.87339102  0.31972119  0.24163843
  0.09335457  0.96382169  0.3577015   1.3218347   0.48672482  1.04977371
  0.20789551  0.38572441  0.90051695  0.06968184  0.5605422   0.37503022
  0.29053045  1.21559456  1.15341944  0.32905163  1.03788969  0.31238736
  0.72087016  0.40469256  0.30986214  0.14364336  0.66979993  0.72239815
  0.53005823  0.78102757  0.29615479  0.39897402  0.48076313  0.32793613
  0.2633816   0.50671405  1.06522047  0.95528676  0.40689097  0.53832434
  1.2373551   0.22362527  0.46702467  0.55800464  0.05667582  1.03639709
  0.78636829  1.09744073  1.31509784  1.56939758  0.79308057  0.53126709
  0.88056542  0.54572083  0.83802975  0.84423482  0.66171203  0.81334231
  0.42918674  0.4656732   0.77635451  1.58041949  1.00734038  0.43736565
  0.29075553  0.47013965  0.71259096  0.23598671  0.10876149  0.38787443
  0.94943987  0.63022518  0.749561    0.98920396  1.35948112  1.50052928
  0.52617382  1.45724267  1.02002165  1.74777673  0.7413406   0.56379787
  0.09257117  0.08658241  0.08971951  0.69194076  0.45174813  3.32972179
  2.68657818  0.38508266  0.44136457  0.60172869  0.34948668  0.28557979
  0.08190153  0.16436547  0.9503732   0.51211986  0.16864258  0.29880026
  0.31409616  0.08978157  0.72716847  0.11975946] Density: 51.5701030277741
Using result EMDDResult(target=array([  5.51012788e-03,   2.06259960e-02,   2.34826796e-01,
         2.74332234e-01,   1.03450115e-03,   6.24965704e-01,
         4.82050024e-01,   2.61251276e-01,   5.72120171e-01,
         7.06978246e-01,   4.14233925e-01,   1.86780890e-01,
         4.72024719e-01,   3.49122017e-01,   2.86016391e-01,
         1.65889383e-03,   5.83484726e-01,   3.78336333e-01,
         1.49031341e-01,   1.67092857e-01,   4.22270426e-01,
         3.41096657e-01,   1.93430354e-01,   6.27338500e-01,
         3.78345073e-01,   5.69926070e-01,   4.57599970e-01,
         1.00535569e-01,   3.87066592e-01,   6.01770737e-01,
         1.41047285e-02,   3.39626013e-01,   3.88102062e-01,
         6.05909851e-01,   4.05908537e-01,   3.79008395e-02,
         2.02038226e-01,   4.34464158e-01,   2.98042989e-01,
         4.54288663e-01,   2.27884677e-01,   4.28915092e-01,
         5.63476197e-01,   3.20175185e-01,   2.35055557e-01,
         3.38664879e-01,   5.80459899e-03,   5.36617813e-01,
         2.71962574e-01,   5.52542783e-01,   3.48931120e-01,
         4.07536824e-01,   3.92410916e-01,   2.77025402e-01,
         4.66488826e-01,   4.39553142e-01,   4.88685838e-01,
         9.84776424e-03,   5.11467075e-01,   5.16036855e-01,
         2.19574448e-01,   3.10965443e-01,   3.28784170e-01,
         5.88681200e-01,   3.74098508e-01,   3.98401434e-03,
         4.07863998e-04,   3.09481438e-01,   1.18258942e-02,
         2.57862589e-01,   2.36918824e-01,   2.20260280e-01,
         3.64301469e-01,   2.81181685e-01,   2.84065154e-01,
         1.13326653e-03,   6.33058049e-01,   3.29722779e-01,
         1.39197994e-01,   4.22609875e-01,   3.84600021e-01,
         4.00605569e-01,   2.55742817e-01,   2.36119276e-01,
         4.05752687e-01,   5.77536572e-01,   2.81170491e-02,
         2.25680151e-01,   3.01239854e-01,   5.81081384e-01,
         9.71430329e-02,   1.82096177e-01,   3.68237436e-01,
         3.27427175e-01,   7.87013864e-01,   2.70397597e-02,
         3.01039968e-01,   3.92512181e-01,   2.79404857e-01,
         4.01311830e-01,   1.81712472e-01,   1.98349427e-01,
         3.84290206e-01,   3.75828829e-01,   3.47834749e-01,
         2.87107392e-01,   5.85986612e-02,   6.34300271e-01,
         1.45778282e-01,   2.63524735e-01,   3.61653133e-01,
         2.48790433e-01,   2.72786695e-01,   2.65442952e-01,
         3.73980428e-01,   5.20213245e-01,   6.18168176e-01,
         6.83900588e-01,   6.19337016e-01,   3.70546391e-01,
         4.67658543e-01,   3.40937322e-01,   5.17779204e-01,
         3.15275437e-01,   3.16895879e-01,   5.11247597e-02,
         5.88143019e-01,   6.35397228e-01,   6.98697217e-01,
         3.75790676e-01,   5.51299096e-01,   2.00955175e-01,
         3.32979807e-01,   3.75929221e-01,   4.15196456e-01,
         2.13203339e-01,   4.11873493e-01,   5.94408190e-02,
         2.98559284e-01,   2.38042152e-01,   2.25707094e-01,
         4.44301993e-01,   3.49209144e-01,   2.96813112e-01,
         2.85181175e-04,   7.39822281e-02,   6.72918972e-03,
         1.00798420e-01,   5.13021904e-02,   4.17627777e-01,
         3.79005370e-01,   4.34592441e-01,   4.18720248e-01,
         1.76182420e-01,   4.17423170e-01,   2.56235685e-01,
         6.92870359e-04,   1.63940164e-01,   5.15717154e-01,
         2.84521958e-01,   1.53100257e-01,   1.07662043e-01,
         1.00102003e-01,   6.51820706e-03,   4.45724049e-01,
         3.77034576e-01]), scale=array([ 0.26244798,  0.36103144,  0.58384638,  0.4892554 ,  0.16391905,
        1.81285824,  0.37814747,  0.6277579 ,  0.63107693,  2.05639958,
        0.52718795,  0.50735622,  1.54042316,  0.37404769,  0.31540485,
        0.10197114,  0.57979346,  1.18857319,  0.53049926,  0.57601178,
        0.58481393,  0.30475274,  0.40101047,  1.55403878,  0.50498375,
        0.69810041,  0.70327806,  0.15631807,  0.97867934,  0.90548414,
        0.30333629,  0.40713605,  1.2135426 ,  1.89065693,  0.60256175,
        0.62988056,  0.77737801,  0.72026853,  0.81571872,  0.74787471,
        0.41220426,  0.47784239,  2.06308705,  0.3519771 ,  0.36185949,
        0.41573392,  0.29022164,  1.08078657,  0.80072592,  1.54453938,
        0.72491364,  0.38984161,  0.38039566,  0.44020614,  1.71966575,
        1.12252795,  0.44384886,  0.20994783,  2.09542378,  1.05202304,
        0.48863059,  0.3488715 ,  0.25492665,  1.06489001,  0.4725982 ,
        0.29968779,  0.11555352,  1.02470013,  0.45146163,  1.13133727,
        0.44143006,  0.74293897,  0.53176616,  0.47023694,  0.5210573 ,
        0.10027461,  0.66221063,  0.41955542,  0.48955944,  0.52573712,
        0.59836083,  0.33005131,  0.56561681,  0.70850538,  0.71029519,
        0.48829139,  0.27492124,  0.32622889,  0.51696349,  0.9302411 ,
        0.23205843,  0.33172389,  0.40690861,  0.86100785,  0.95191029,
        0.49339908,  0.52403541,  0.39464323,  0.62662273,  0.42354515,
        0.42302868,  0.34563112,  0.47514737,  0.33727634,  0.32865027,
        0.43664138,  0.12413127,  1.39912818,  0.30073814,  0.41071108,
        0.47261289,  0.46052427,  0.41942778,  0.35313557,  0.85211308,
        2.42301155,  1.12275656,  0.84336514,  0.52783605,  0.40415798,
        0.57620178,  1.00310502,  0.93558196,  0.86681451,  0.4470815 ,
        0.33278247,  1.74759637,  1.3364816 ,  2.81307899,  0.39662482,
        0.60402347,  0.67279194,  0.76897382,  0.96427759,  0.60307108,
        1.01286175,  0.53491145,  0.80537969,  0.43436848,  0.84303161,
        0.67628956,  0.7161441 ,  0.38437294,  0.37334421,  0.12478817,
        0.12569142,  0.1004782 ,  0.692664  ,  0.39531311,  0.78603338,
        1.51878528,  0.42950341,  0.47963682,  0.46646273,  0.31594992,
        0.42051945,  0.11803275,  0.70284227,  0.91386533,  0.75308543,
        0.41183358,  0.41304179,  0.40106484,  0.30066283,  0.98894401,
        0.19717255]), density=55.52221452005674) for prediction
Threshold 0.5
Total bags 102
Total positive bags 39
Total negative bags 63
Total predicted positive bags 48
Total predicted negative bags 54
True positives 26
False positives 22
True negatives 41
False negatives 13
Accuracy 0.6568627450980392
Precision 0.5416666666666666
Recall 0.6666666666666666
