Cross-validation on partition 1 with 274 instances
.........10.........20.........30.........40.........50.........60.........70.........80.........90.........100.........110.........120.........130.........140.........150.........160.........170.........180.........190.........200.........210.........220.........230.........240.........250.........260.........270....
Partition 0: Density: 63.09429927486167 Accuracy: 0.9 Precision: 1.0 Recall: 0.75
Cross-validation on partition 2 with 278 instances
.........10.........20.........30.........40.........50.........60.........70.........80.........90.........100.........110.........120.........130.........140.........150.........160.........170.........180.........190.........200.........210.........220.........230.........240.........250.........260.........270........
Partition 1: Density: 55.57371865957292 Accuracy: 0.6 Precision: 0.6666666666666666 Recall: 0.4
Cross-validation on partition 3 with 243 instances
.........10.........20.........30.........40.........50.........60.........70.........80.........90.........100.........110.........120.........130.........140.........150.........160.........170.........180.........190.........200.........210.........220.........230.........240...
Partition 2: Density: 53.783605550458994 Accuracy: 0.7 Precision: 1.0 Recall: 0.25
Cross-validation on partition 4 with 230 instances
.........10.........20.........30.........40.........50.........60.........70.........80.........90.........100.........110.........120.........130.........140.........150.........160.........170.........180.........190.........200.........210.........220.........230
Partition 3: Density: 55.917697225414095 Accuracy: 0.9 Precision: 1.0 Recall: 0.6666666666666666
Cross-validation on partition 5 with 167 instances
.........10.........20.........30.........40.........50.........60.........70.........80.........90.........100.........110.........120.........130.........140.........150.........160.......
Partition 4: Density: 60.031223866461545 Accuracy: 0.9 Precision: 1.0 Recall: 0.8333333333333334
Cross-validation on partition 6 with 319 instances
.........10.........20.........30.........40.........50.........60.........70.........80.........90.........100.........110.........120.........130.........140.........150.........160.........170.........180.........190.........200.........210.........220.........230.........240.........250.........260.........270.........280.........290.........300.........310.........
Partition 5: Density: 54.44721262608699 Accuracy: 0.8 Precision: 0.8 Recall: 0.8
Cross-validation on partition 7 with 357 instances
.........10.........20.........30.........40.........50.........60.........70.........80.........90.........100.........110.........120.........130.........140.........150.........160.........170.........180.........190.........200.........210.........220.........230.........240.........250.........260.........270.........280.........290.........300.........310.........320.........330.........340.........350.......
Partition 6: Density: 51.517568824731754 Accuracy: 0.9 Precision: 1.0 Recall: 0.6666666666666666
Cross-validation on partition 8 with 136 instances
.........10.........20.........30.........40.........50.........60.........70.........80.........90.........100.........110.........120.........130......
Partition 7: Density: 56.91585353062137 Accuracy: 0.8 Precision: 1.0 Recall: 0.3333333333333333
Cross-validation on partition 9 with 146 instances
.........10.........20.........30.........40.........50.........60.........70.........80.........90.........100.........110.........120.........130.........140......
Partition 8: Density: 53.87035317669665 Accuracy: 0.7 Precision: 0.5 Recall: 0.3333333333333333
Cross-validation on partition 10 with 167 instances
.........10.........20.........30.........40.........50.........60.........70.........80.........90.........100.........110.........120.........130.........140.........150.........160.......
Partition 9: Density: 55.277930013499336 Accuracy: 0.9 Precision: 1.0 Recall: 0.6666666666666666
Across 10-fold cross-validation:
Average accuracy: 0.8099999999999999
Average precision: 0.8966666666666665
Average recall: 0.5700000000000001
Using result EMDDResult(target=array([  4.59535983e-03,   4.34567334e-02,   3.02471956e-01,
         2.78210120e-01,   2.56944555e-02,   5.98788887e-01,
         4.83582802e-01,   2.72299978e-01,   5.52711398e-01,
         4.87672035e-01,   3.08676845e-01,   3.75208431e-01,
         4.83410013e-01,   1.79064420e-01,   3.52291384e-01,
         7.04099959e-02,   7.78218850e-01,   5.26530251e-01,
         1.92624110e-01,   2.83290601e-01,   2.89021950e-01,
         3.57225749e-01,   4.11357756e-01,   5.53939022e-01,
         4.03903049e-01,   4.72082743e-01,   7.04935052e-01,
         2.01319561e-02,   2.73263960e-01,   4.88994224e-01,
         2.77907928e-03,   2.55358349e-01,   4.95073492e-01,
         5.37302987e-01,   4.01014874e-01,   6.31314249e-02,
         1.01862974e-01,   4.28027367e-01,   3.47111554e-01,
         5.34469366e-01,   3.00054487e-01,   3.17492290e-01,
         5.97751835e-01,   2.32037034e-01,   3.79067623e-01,
         2.43176878e-01,   1.04711302e-01,   3.82078458e-01,
         2.33485283e-01,   4.00453391e-01,   2.56531214e-01,
         4.06167904e-01,   4.72421231e-01,   3.44862607e-01,
         5.85828318e-01,   5.71891831e-01,   5.39267138e-01,
         7.31606449e-03,   5.70465866e-01,   5.41234541e-01,
         2.07303174e-01,   2.31295258e-01,   4.41284407e-01,
         4.54169731e-01,   2.82311167e-01,   3.87097654e-03,
         4.40046094e-04,   2.14467517e-01,   2.11060211e-01,
         1.18934263e-01,   2.98896012e-01,   3.34689830e-01,
         3.72355109e-01,   3.74422449e-01,   4.33816487e-01,
         1.14304819e-01,   7.01613441e-01,   1.67080267e-01,
         3.24676291e-01,   4.77438178e-01,   3.22209046e-01,
         4.12640749e-01,   2.72903472e-01,   1.99701356e-01,
         4.95591108e-01,   5.13920900e-01,   6.76942230e-02,
         7.65147941e-02,   2.38172850e-01,   5.51359833e-01,
         1.81279956e-01,   1.95825553e-01,   4.02030985e-01,
         4.52736695e-01,   4.50611204e-01,   2.71700264e-01,
         2.42682613e-01,   4.22136491e-01,   3.76323240e-01,
         4.64493694e-01,   2.44610783e-01,   1.64197131e-01,
         4.98726537e-01,   3.55254179e-01,   2.90238082e-01,
         2.38527515e-01,   2.51000447e-01,   5.65426724e-01,
         2.84127901e-01,   4.00543618e-01,   3.34684456e-01,
         4.10741216e-01,   3.95881534e-01,   4.42939026e-01,
         5.21680953e-01,   7.86690818e-01,   5.49502642e-01,
         5.21021481e-01,   5.82859245e-01,   5.37524820e-01,
         4.79834190e-01,   6.38909722e-01,   6.89114504e-01,
         4.44985910e-01,   2.54653728e-01,   1.15094349e-01,
         5.23611871e-01,   5.25683597e-01,   6.22394337e-01,
         3.75468991e-01,   3.45850796e-01,   2.30746238e-01,
         2.35731380e-01,   3.06650595e-01,   2.46942014e-01,
         2.50914700e-01,   4.36466193e-01,   7.07330711e-02,
         4.32352437e-01,   1.56614259e-01,   1.59509435e-01,
         4.49810200e-01,   3.91168570e-01,   2.99774841e-01,
         5.35985002e-04,   7.89607889e-04,   1.11443030e-02,
         3.47222517e-02,   6.12231035e-02,   6.21602829e-01,
         3.23441873e-01,   3.65782133e-01,   4.27385608e-01,
         2.27948019e-01,   3.21660997e-01,   1.50228770e-01,
         7.78669552e-04,   1.84204414e-01,   3.25605861e-01,
         2.73975539e-01,   4.24836271e-01,   1.70082123e-01,
         1.94277491e-04,   1.24458128e-02,   4.09360417e-01,
         2.03368295e-01]), scale=array([ 0.24812074,  0.33669133,  0.62331951,  0.57538685,  0.20595554,
        1.49330908,  0.39084643,  0.68473213,  0.55987274,  1.00460497,
        0.378812  ,  0.60991564,  1.99385964,  0.30020982,  0.43274935,
        0.11213672,  0.79583693,  1.51135483,  0.43975379,  0.77209978,
        0.62062169,  0.30234204,  0.4635126 ,  1.31471237,  0.51072218,
        0.59461563,  0.88875926,  0.14017823,  0.64063004,  0.68863756,
        0.29376732,  0.38052856,  1.09791189,  1.09039295,  0.62546631,
        0.6590452 ,  0.56596762,  0.71178395,  0.7504042 ,  0.82386764,
        0.46194681,  0.41746492,  1.7185888 ,  0.29200758,  0.37351436,
        0.32659037,  0.37272543,  0.75683912,  0.72905379,  1.13372937,
        0.6511383 ,  0.34336932,  0.41591348,  0.53381433,  1.65964218,
        1.2202291 ,  0.5184023 ,  0.20451389,  2.04618319,  1.0499814 ,
        0.53595436,  0.30451677,  0.248179  ,  0.7213545 ,  0.46217541,
        0.28781822,  0.10632031,  0.85112093,  0.3985027 ,  0.80898156,
        0.4820532 ,  0.85504567,  0.48914505,  0.47645754,  0.60940526,
        0.20349006,  0.68087104,  0.34036284,  0.53246754,  0.62654939,
        0.49460449,  0.34599157,  0.55531105,  0.87473518,  0.73240394,
        0.44095784,  0.28716966,  0.2265641 ,  0.52947327,  0.76107295,
        0.24609211,  0.38126634,  0.40592676,  0.6412173 ,  0.73128726,
        0.60833271,  0.46393023,  0.3670492 ,  0.76758063,  0.4965061 ,
        0.48131061,  0.34055733,  0.6355885 ,  0.32218413,  0.31995672,
        0.56266366,  0.53520843,  1.17273925,  0.41530817,  0.58886166,
        0.55367279,  0.55785261,  0.41639143,  0.40928535,  1.02129189,
        3.85401396,  0.75250623,  0.55709534,  0.50665768,  0.49478484,
        0.6056751 ,  1.68432177,  1.16713697,  0.85045221,  0.46382895,
        0.38236016,  1.50439323,  0.85103614,  2.06890503,  0.40473424,
        0.47909778,  0.6466793 ,  0.83070351,  0.75498365,  0.49072212,
        1.10844749,  0.53904583,  0.69715395,  0.45597784,  0.65322911,
        0.51583248,  0.69254552,  0.41082069,  0.33077136,  0.10170101,
        0.10605999,  0.09655627,  0.55037111,  0.37933689,  0.98693835,
        1.24616601,  0.44549466,  0.45745533,  0.5651826 ,  0.28519893,
        0.4129518 ,  0.1061879 ,  0.30666937,  0.52877675,  0.86543338,
        0.41161075,  0.36694405,  0.34195723,  0.29251701,  0.96452839,
        0.17576886]), density=56.04294627484053) for prediction
Classifying against test set

Threshold 0.5
Total bags 102
Total positive bags 39
Total negative bags 63
Total predicted positive bags 51
Total predicted negative bags 51
True positives 27
False positives 24
True negatives 39
False negatives 12
Accuracy 0.6470588235294118
Precision 0.5294117647058824
Recall 0.6923076923076923
