Cross-validation on partition 1 with 30 instances
....5....10....15....20....25....30
Partition 0: Target: [  5.62905891e-01   1.97121331e-01   2.80763901e-01   1.95420927e-02
   1.57384945e-04   3.10045524e-02   6.38916252e-01   1.86535320e-02
   1.00000000e+00   5.57371861e-01   2.68891567e-02   1.08061152e-02
   6.57056156e-02   1.10819089e-02   1.19070157e-02   1.11741821e-03
   2.02042736e-01   2.56116743e-02   1.82913184e-02   1.70812261e-01
   2.95623780e-01   5.96802386e-01   1.85754751e-02   9.94203906e-01
   1.00000000e+00   1.00000000e+00   5.57491863e-02   4.85775688e-01
   1.43256476e-01   1.00000000e+00   1.78756642e-03   1.00000000e+00
   2.64975224e-02   1.00000000e+00   7.40673399e-03   0.00000000e+00
   6.43337750e-04   1.00000000e+00   7.86842659e-01   5.38330136e-01
   6.35301270e-01   9.81671701e-01   6.39171221e-02   1.63942217e-02
   9.53497850e-03   3.08136852e-02   0.00000000e+00   1.00000000e+00
   2.07487309e-02   1.00000000e+00   1.00136880e-02   9.21502572e-01
   4.96518290e-01   1.88694898e-02   1.00000000e+00   3.08726011e-02
   4.88598440e-01   0.00000000e+00   1.88249121e-01   1.00000000e+00
   2.23662836e-03   1.00000000e+00   3.20036251e-02   9.93618213e-01
   2.06886221e-02   1.81096269e-01   1.11944461e-04   1.00000000e+00
   1.84311975e-01   5.37683719e-01   5.14113353e-01   1.37278973e-01
   3.24456817e-02   1.07247107e-02   3.08515530e-02   3.95177014e-04
   5.95439064e-01   1.68081087e-02   1.47801992e-02   1.23240820e-02
   9.76838653e-01   5.34617724e-01   1.54010123e-02   2.95786617e-01
   6.60150745e-01   8.93726530e-01   2.84744322e-02   4.97137003e-01
   2.67727977e-02   7.71672776e-01   0.00000000e+00   1.00000000e+00
   1.27005234e-02   4.09847703e-01   2.04569910e-01   8.59964123e-03
   1.59989141e-02   2.46967553e-01   3.38044595e-01   3.82927584e-01
   5.90453871e-01   1.00000000e+00   1.99327960e-02   1.74692633e-02
   9.53432200e-03   1.19522481e-02   3.16815273e-03   1.00000000e+00
   1.49294729e-02   1.03136435e-02   1.28306153e-02   1.36538676e-01
   7.28704304e-01   4.39194270e-01   4.39029560e-01   3.25847288e-01
   1.00000000e+00   1.00000000e+00   7.59003109e-01   2.46063598e-01
   1.00000000e+00   5.51416471e-01   3.00562227e-01   5.44711969e-03
   1.00000000e+00   7.05243108e-01   1.00000000e+00   1.00000000e+00
   1.00000000e+00   1.02113531e-02   6.10429310e-01   0.00000000e+00
   2.08379430e-01   1.47046952e-02   1.71598746e-02   5.38445844e-01
   2.13475693e-01   2.99268828e-01   1.74520339e-01   3.09790346e-02
   2.54510090e-02   1.00000000e+00   3.66188799e-01   2.45329040e-01
   0.00000000e+00   2.33891982e-03   7.68650283e-04   1.81706302e-02
   1.73949161e-02   8.99109055e-02   8.59575170e-03   1.47434579e-02
   1.41058386e-02   4.30866531e-01   1.00000000e+00   8.16264233e-01
   3.00330803e-04   1.00000000e+00   1.00000000e+00   1.09324128e-01
   0.00000000e+00   6.90206150e-01   0.00000000e+00   1.00000000e+00
   1.00000000e+00   9.14570065e-01] Scale: [ 0.48116388  0.39346306  0.43885516  0.42666524  0.10066148  0.42431837
  0.48608608  0.37566133  1.47192965  0.75276108  0.38971292  0.22563401
  0.74196609  0.26300695  0.28226184  0.09939231  0.23388986  0.40867283
  0.27071497  0.55620621  0.26592515  0.47718465  0.25981325  0.98631456
  1.06460074  1.37893765  0.2047656   0.17889651  0.95900952  0.84802871
  1.87058177  0.40255264  0.53383511  1.0489599   0.22678477  0.17294391
  0.18744073  0.85396473  0.44592225  0.22167526  0.33665583  0.37910752
  0.68649019  0.29432396  0.20030547  0.38312431  0.32020909  1.75495368
  0.34153845  2.506576    0.22588009  0.90753234  0.38373189  0.30191517
  1.48774805  0.38610426  0.28130111  0.52513538  1.16489483  1.20105891
  0.26183757  0.29735555  0.48037083  0.67529794  0.34688369  0.25673959
  0.09991064  0.62772334  0.26836128  0.50816558  0.38276058  0.42876396
  0.47534538  0.23047393  0.50544459  0.10010925  0.56920166  0.30047003
  0.24561984  0.30507391  1.01399022  0.40217769  0.26676876  0.4085488
  0.39582936  0.78941569  0.61564975  0.43220025  0.43377879  0.40244568
  0.37927207  0.31471619  0.27904098  1.1940329   0.34967827  0.20581501
  0.30457533  0.33899508  0.33218957  0.25731482  0.30295143  0.30229026
  0.35291128  0.28632024  0.23292015  0.2496423   0.11199294  2.35166434
  0.37059242  0.19791438  0.29445901  0.25715941  0.58386156  0.35912793
  0.3483365   0.7799297   1.13867278  1.08534547  0.52805154  0.17637179
  0.72704241  0.4962873   0.23763519  0.37260314  0.4519215   0.6240351
  2.14540347  0.90169909  4.46113617  0.2501923   0.18884612  0.27839159
  0.34145327  0.27806294  0.32868935  0.40224856  0.22250884  0.46308324
  0.28101728  0.37058838  0.33960022  0.60978301  0.29784319  0.31771444
  1.17229701  0.21195979  0.08700122  0.79918721  0.71948774  0.2011433
  0.25747524  0.28834501  0.28607133  0.23307357  0.42180111  0.1797753
  0.10147078  1.84743726  0.9111416   0.26086285  0.18179244  0.17266237
  0.94490994  1.69137719  3.87232293  0.24060836] Density: 41.33289733581028
Cross-validation on partition 2 with 47 instances
....5....10....15....20....25....30....35....40....45..
Partition 1: Target: [  1.81627461e-01   8.55527534e-04   1.23619118e-02   4.73783274e-02
   1.81982606e-04   9.48431286e-02   4.68634876e-01   3.67179513e-02
   6.19423415e-01   2.48870407e-01   5.27164067e-02   2.61352013e-02
   2.15575107e-01   1.84620441e-02   1.58464820e-02   1.01065122e-03
   6.76059193e-01   6.86797999e-02   3.77953393e-02   3.49683313e-02
   1.90466673e-02   5.64056641e-01   2.42022757e-02   7.96050239e-01
   1.00000000e+00   9.63570277e-01   3.46843610e-02   5.69684525e-01
   9.06837699e-01   1.00000000e+00   8.78013029e-04   7.43355471e-01
   7.37850293e-03   1.00000000e+00   2.78420492e-02   3.00079200e-04
   0.00000000e+00   6.91597413e-01   2.69840267e-03   4.09840076e-02
   6.33404774e-03   9.99989385e-01   1.25812009e-01   2.83690524e-02
   1.72252981e-02   5.03458735e-02   5.29642533e-03   3.29456403e-02
   4.18836381e-02   3.56842862e-02   2.49644216e-02   6.69104691e-01
   3.95937287e-01   2.75231902e-02   1.00000000e+00   3.43226411e-01
   3.07776540e-01   2.20197362e-03   6.11825018e-01   1.00000000e+00
   1.33779443e-02   2.26618911e-04   5.15843374e-01   7.55966217e-01
   2.55888896e-02   1.35136078e-01   1.81160474e-04   1.12396348e-01
   0.00000000e+00   1.54572697e-01   8.50044913e-03   1.70847183e-03
   8.54391448e-02   2.23216585e-02   4.64212152e-02   5.59967596e-04
   8.04956208e-01   2.47447356e-02   3.11083876e-02   4.56636998e-02
   1.61778593e-02   4.57706419e-01   2.79957072e-01   1.13779707e-02
   1.00000000e+00   7.61216428e-01   1.74729250e-02   9.07634638e-01
   4.57649415e-01   7.78105795e-01   1.67338301e-03   4.85403091e-01
   1.64406920e-02   1.00000000e+00   6.12313832e-01   2.18194191e-03
   0.00000000e+00   9.00842056e-01   6.43025239e-03   1.34454802e-01
   4.37645962e-03   9.99996659e-01   3.52962673e-02   3.17005050e-02
   1.81342525e-02   2.36083569e-02   7.07618641e-03   2.30172051e-01
   1.35820332e-02   1.81192576e-02   2.84360022e-02   8.04185825e-02
   1.72552888e-02   2.96289064e-02   1.00000000e+00   1.00000000e+00
   1.00000000e+00   9.72314036e-01   6.24869016e-01   9.50203879e-02
   1.00000000e+00   1.00000000e+00   1.00000000e+00   1.60532406e-03
   8.11131121e-04   2.59545513e-03   1.00000000e+00   1.00000000e+00
   1.00000000e+00   2.40793921e-02   4.30030935e-02   9.85460202e-04
   3.76446960e-02   3.46126292e-02   2.93681119e-02   1.93933636e-02
   8.34311686e-01   4.49512417e-03   2.51745602e-01   4.85510060e-02
   1.93523048e-01   3.84654699e-02   3.06399012e-01   7.66208290e-01
   6.04785072e-02   1.79729469e-03   2.42672379e-03   9.40004999e-02
   4.51231018e-02   4.04466175e-02   1.27141931e-02   3.51934859e-02
   2.78054934e-02   3.46159401e-04   1.00000000e+00   0.00000000e+00
   3.56714186e-04   1.00000000e+00   5.73125981e-01   9.99979356e-01
   9.99995410e-01   9.97575224e-01   0.00000000e+00   1.68746661e-01
   9.13698223e-01   3.39216071e-03] Scale: [ 0.21053279  0.39350213  0.44621744  0.67253768  0.37797537  0.31359484
  0.49883852  0.60337716  0.68155182  0.50042987  0.58114739  0.41627977
  1.13986284  0.38290297  0.34199337  0.21358301  0.73867999  1.074088
  0.48037661  0.48722498  0.35696538  0.54242444  0.31318737  0.57931983
  1.06509644  1.76702271  0.4882328   0.32113037  1.40810234  1.0457569
  0.29976219  0.42510624  0.31172108  1.25823254  0.44560808  0.2000226
  0.39824418  0.96015687  0.40635586  0.50221048  0.39689189  0.36579516
  0.81772171  0.44349756  0.30079019  0.56574801  0.27425898  0.50437616
  0.59575467  0.45420847  0.42948124  0.69373743  0.44530095  0.39111322
  0.90223807  0.89626864  0.41152915  0.26681785  0.92778201  1.61692355
  0.37202989  0.25966966  0.28351074  0.35685016  0.46755188  0.17993798
  0.12756219  1.44793978  0.40452543  1.51682119  0.41186902  0.48962918
  0.71235409  0.39623455  0.60367248  0.20811556  0.91747745  0.4721577
  0.42694941  0.56004972  0.29006574  0.46831533  0.54476042  0.42573446
  1.56245555  0.82146549  0.58735862  1.11799701  0.55438691  0.37892392
  0.22834816  0.17697181  0.36098749  3.18547228  0.65304558  0.27680417
  0.40520267  1.04542053  0.34607362  0.31617791  0.3835497   0.22140463
  0.46784342  0.42906226  0.34058328  0.54295109  0.15763416  0.61257495
  0.39083099  0.28874919  0.42392681  0.32539871  0.27450361  0.27351877
  1.68027577  4.20620703  1.11906315  1.70731529  0.69798328  0.43150545
  1.07993397  1.0676807   0.77083005  0.38931696  0.19594305  0.27044814
  2.44730055  1.01002037  5.61287214  0.43289434  0.31468256  0.34506283
  0.67262443  0.56388131  0.56590329  0.84096367  1.12351081  0.67059657
  0.42577148  0.60565851  0.5727287   0.49041795  0.35727065  0.73011313
  1.11008496  0.13592496  0.12525583  1.25121457  0.93109381  0.5160269
  0.30239001  0.51601823  0.46332061  0.40557765  0.44166378  0.28641522
  0.40257085  2.0731798   0.39273401  0.47079129  0.27088683  0.15012694
  0.96734445  0.54404796  2.79140682  0.2624662 ] Density: 49.207238055701936
Cross-validation on partition 3 with 44 instances
....5....10....15....20....25....30....35....40....
Partition 2: Target: [  7.67787412e-04   1.53443591e-02   3.38716466e-02   2.11953862e-01
   1.82209405e-04   7.75056876e-02   7.41888304e-01   2.35443976e-03
   1.00000000e+00   1.71636381e-01   5.21480556e-01   1.00000000e+00
   4.64100530e-01   4.60166600e-01   4.34809118e-01   6.63910059e-03
   8.35235883e-01   4.08056440e-03   1.00000000e+00   2.09217855e-01
   1.00000000e+00   1.00000000e+00   1.00000000e+00   1.85009257e-02
   3.05391562e-02   7.98992783e-01   7.12017634e-01   7.60454771e-01
   1.43088075e-01   3.68481012e-02   5.00878682e-03   1.19961382e-01
   6.99099952e-01   6.02236222e-02   1.00000000e+00   1.11215907e-03
   0.00000000e+00   6.70142854e-01   1.31251896e-02   4.84321246e-01
   2.93427144e-02   0.00000000e+00   2.11712143e-01   3.89846739e-01
   1.00000000e+00   4.30859618e-01   1.50257987e-01   1.00000000e+00
   1.00000000e+00   1.09089524e-01   1.00000000e+00   1.00000000e+00
   1.00000000e+00   9.48324939e-01   1.27884075e-01   1.41087744e-01
   7.59782512e-01   6.92453364e-03   3.80121746e-01   7.61225702e-02
   0.00000000e+00   9.83987759e-03   1.00000000e+00   4.42092428e-02
   9.40842940e-02   5.87902191e-03   2.13929064e-04   8.07308461e-03
   0.00000000e+00   1.51740253e-02   3.11952456e-02   2.20948289e-02
   5.27618258e-01   1.00000000e+00   1.40817409e-01   1.33403634e-03
   5.97245467e-01   1.48282859e-01   1.00000000e+00   4.43500492e-01
   1.00000000e+00   1.00000000e+00   1.00000000e+00   4.42649856e-02
   4.97807363e-02   8.38336047e-01   1.34856043e-02   4.66139469e-03
   1.20886874e-02   4.60559227e-02   1.03399441e-02   0.00000000e+00
   2.18232804e-01   1.32348015e-01   1.00000000e+00   6.78051072e-01
   5.78400812e-02   6.91648081e-01   3.51397275e-02   6.85932366e-01
   2.83904215e-02   0.00000000e+00   4.02693374e-01   4.90409741e-01
   5.90891528e-01   1.46227751e-02   2.64023999e-03   2.40870566e-01
   5.42680784e-03   1.00000000e+00   1.00000000e+00   1.00000000e+00
   1.00000000e+00   1.00000000e+00   4.55204022e-02   9.25284070e-01
   2.32191714e-02   7.84302221e-01   7.95452732e-01   8.01665111e-01
   3.08260101e-02   8.97692282e-02   4.63737625e-02   1.44092773e-01
   2.89122370e-02   1.33378975e-02   1.36220082e-01   5.25811455e-02
   2.76267443e-01   6.85086171e-01   8.34502116e-01   1.00000000e+00
   7.24132973e-01   1.00000000e+00   7.11543422e-03   1.11613017e-02
   8.93735568e-01   1.27685592e-01   1.00000000e+00   1.00000000e+00
   1.00000000e+00   3.99904455e-01   5.51985135e-01   5.68497241e-01
   0.00000000e+00   7.77576090e-03   2.57305625e-03   2.04250622e-02
   1.62847591e-02   6.19518885e-01   1.00000000e+00   4.46284759e-01
   9.26914579e-01   1.38193424e-02   0.00000000e+00   5.15938478e-03
   4.21365804e-04   1.87214032e-02   2.87239242e-02   0.00000000e+00
   0.00000000e+00   0.00000000e+00   0.00000000e+00   1.74728428e-01
   1.00000000e+00   0.00000000e+00] Scale: [ 0.24419814  0.46071571  0.44036058  0.91937739  0.09686793  0.57494539
  0.32586956  0.19251144  0.51560091  0.71042232  0.41599889  0.84634389
  1.2022026   0.26167125  0.24870291  0.24261192  0.3673975   0.13532024
  0.97618804  0.37940359  0.43118726  0.42905215  0.30422013  0.15836836
  0.21264485  0.38351834  0.31518622  0.43529812  1.31454027  0.21636723
  0.24709286  0.25048797  0.52770149  0.28272508  1.03090816  0.15480901
  0.55349776  0.27460976  0.53815147  0.2456907   0.46841192  0.41196381
  1.01338073  0.23654529  1.19585123  0.51785582  0.34305433  0.49351207
  1.57471559  0.5709223   0.6801916   0.42839575  0.41440225  1.39863561
  0.61809178  0.1721751   0.28162765  0.29204346  1.90102115  0.3454477
  0.49286538  0.3404374   0.59820766  0.25712677  0.5098786   0.25914699
  0.10017539  0.34772766  0.49884805  0.40192031  0.43981167  0.45920167
  0.62555477  1.58813724  0.35684914  0.1086494   0.33189065  0.1909103
  0.80304843  0.45813116  0.30783128  0.50487823  0.48936395  0.8460961
  0.2694895   0.37439743  0.3469216   0.19540092  0.82850065  0.26951748
  0.22483265  0.16261258  0.40895791  0.81178301  1.03623445  0.51985598
  0.70335915  0.29459099  0.48372785  0.25276994  0.49756514  0.21393119
  0.33487602  0.28715266  0.3040325   0.26600582  0.14747712  0.26814478
  0.1692193   1.02504062  1.54109182  0.30679222  0.31340055  0.33158406
  0.27452387  3.7285161   0.1771991   0.34022324  0.32015298  0.47270601
  0.20425901  0.45494218  0.28652033  0.47368428  0.20901215  0.28138152
  0.54514102  0.26531738  1.05251651  0.56563566  0.45905583  2.05220878
  0.32980157  1.42882612  0.13623969  0.40741756  0.36083116  0.4138951
  0.33688357  0.88458015  0.67240249  0.21905947  0.22132009  0.23339615
  1.29493865  0.1330379   0.10912884  0.38145099  0.36713814  0.27082124
  0.93552408  0.55263036  0.76822259  0.50386258  0.26179981  0.46544451
  0.10081004  0.15699572  0.20825329  0.59044821  0.48231233  0.40904839
  1.08193885  0.42786923  4.64203274  0.3094432 ] Density: 46.27882671463406
Cross-validation on partition 4 with 43 instances
....5....10....15....20....25....30....35....40...
Partition 3: Target: [  5.28141494e-03   3.51635136e-03   1.29936180e-02   2.56822340e-01
   2.44012384e-04   3.22394327e-02   8.59192804e-01   1.00000000e+00
   1.00000000e+00   3.10862998e-01   5.41292500e-01   6.62269535e-03
   4.46210067e-01   2.59512810e-01   1.17981661e-02   3.46925402e-02
   8.89441189e-01   9.76383894e-03   6.70507074e-01   9.54368088e-01
   1.00000000e+00   1.00000000e+00   1.00000000e+00   2.27478507e-02
   1.68442398e-02   1.00000000e+00   9.07081386e-01   9.21591665e-02
   1.42648522e-01   2.01826917e-02   0.00000000e+00   1.10889828e-01
   6.75230944e-01   3.72886603e-02   1.00000000e+00   1.15350840e-03
   0.00000000e+00   5.02778397e-01   1.16791038e-02   8.71767557e-01
   1.19036799e-02   0.00000000e+00   5.81038513e-01   5.22771581e-01
   8.93738767e-03   7.28968838e-01   2.39590460e-01   5.10560073e-01
   7.16372242e-01   6.83484941e-01   1.20030780e-01   1.00000000e+00
   1.00000000e+00   1.78460286e-02   4.48603370e-02   1.00000000e+00
   8.53070432e-01   1.74852872e-03   2.51903274e-01   6.42290283e-02
   0.00000000e+00   7.71179418e-03   9.94978065e-01   1.93744682e-02
   6.64141954e-02   3.55349772e-03   3.21832750e-04   1.10735686e-02
   0.00000000e+00   1.84605317e-01   1.15092473e-02   1.05953437e-02
   2.34377697e-01   1.18482246e-02   5.35941463e-02   1.08534743e-03
   6.27883954e-01   7.22060900e-01   3.33998579e-01   4.06991577e-01
   1.00000000e+00   1.00000000e+00   1.00000000e+00   6.66870793e-02
   3.46893934e-02   1.00000000e+00   7.34101830e-02   1.00000000e+00
   4.29423925e-02   2.01567790e-02   2.95513769e-03   0.00000000e+00
   2.43219209e-01   2.88330484e-01   1.00000000e+00   6.42722927e-01
   0.00000000e+00   6.13171256e-01   1.77999443e-02   8.39147477e-01
   1.03029751e-02   0.00000000e+00   2.72559883e-02   3.40681829e-01
   2.01129779e-01   8.15154070e-01   2.18869307e-01   5.82412647e-02
   1.18937539e-01   8.83504069e-02   1.29476969e-01   1.00000000e+00
   1.00000000e+00   1.00000000e+00   3.08633307e-02   8.63311772e-01
   1.80698852e-02   5.88926045e-01   7.61252601e-01   8.34705376e-01
   1.62532815e-02   4.51025409e-02   2.69138023e-02   1.20686145e-01
   6.28911659e-03   8.33068920e-03   1.89636539e-01   3.05164288e-02
   5.61523711e-01   6.66092604e-01   8.16401102e-01   9.99936825e-01
   1.44191001e-01   1.04607382e-02   1.46690845e-01   5.02106613e-02
   7.61891201e-01   2.47753229e-02   1.00000000e+00   1.00000000e+00
   1.00000000e+00   6.60409951e-01   7.25277852e-01   5.62061190e-01
   5.47841263e-03   1.14007665e-03   2.89770191e-04   9.69972757e-02
   3.62181489e-02   9.09784598e-01   1.00000000e+00   4.54905361e-01
   9.12505441e-01   1.63637993e-02   0.00000000e+00   7.63140557e-03
   6.30288991e-04   1.73666292e-02   1.26855824e-02   0.00000000e+00
   0.00000000e+00   0.00000000e+00   0.00000000e+00   1.60586731e-01
   1.00000000e+00   0.00000000e+00] Scale: [ 0.23044642  0.38418695  0.46339809  0.88140515  0.12780511  0.52629448
  0.37393975  1.45319507  0.4408731   1.08379013  0.65233579  0.17561201
  1.82586849  0.29661305  0.21635108  0.11182084  0.41382633  0.21052076
  0.45672455  1.58643663  0.65997628  0.4853373   0.39283726  0.19058677
  0.17704829  0.54266444  0.41933258  0.12167534  1.44942187  0.18030716
  0.49261046  0.25713793  0.31984014  0.23609477  0.58812376  0.14576221
  1.32933576  0.2182566   0.55643438  0.47467268  0.44542656  0.33399627
  2.23569094  0.50646609  0.16193217  1.01667496  0.19667336  0.25550382
  0.63097873  1.57529745  0.16407555  0.40821313  0.44587     0.46503012
  0.40781851  0.86168869  0.33548773  0.23066935  1.96453394  0.33947868
  0.53602232  0.29371958  0.40920856  0.19038512  0.86695267  0.1375594
  0.10040132  0.45900111  0.46396402  0.46267758  0.44115691  0.45455877
  0.75018658  0.18301656  0.45025047  0.10547358  0.22842689  0.76317923
  0.24646963  0.55505208  0.48429218  0.5334116   0.58442708  0.75739303
  0.24549316  0.4770033   0.39562479  1.76112205  0.8457939   0.20039156
  0.31420844  0.15630865  0.34518959  1.2041565   0.41057822  0.38569602
  0.97299311  0.20557301  0.44981669  0.34173952  0.43677734  0.16865688
  0.35221171  0.40345796  0.25851386  1.10029585  0.15748438  0.24224167
  0.26874696  0.21893599  0.51546557  0.42230775  0.42297378  0.41308518
  0.23822752  2.34253882  0.1802309   0.26511919  0.29502419  0.38153041
  0.16959004  0.36867945  0.25048732  0.4683429   0.22686943  0.26148425
  0.70999305  0.21907538  1.78949458  0.61658314  0.32201239  0.83287565
  0.19864427  0.18743227  0.25730717  0.63816998  0.30014507  0.50348557
  0.40781726  1.11165912  0.72503884  0.33524554  0.30916849  0.23224258
  1.15245437  0.09351716  0.45874907  0.46935626  0.43313245  0.45156127
  0.46114633  0.45901756  0.5412718   0.42811533  0.21805736  0.35198954
  0.10083449  0.16192023  0.16092147  0.53733018  0.54476423  0.24518242
  1.06288126  0.35399299  5.04530567  0.32154011] Density: 39.43778683597939
Cross-validation on partition 5 with 42 instances
....5....10....15....20....25....30....35....40..
Partition 4: Target: [  1.00000000e+00   1.00000000e+00   2.49297894e-01   7.99876878e-04
   7.85989683e-05   2.50278920e-01   2.86984741e-01   2.28116917e-02
   7.27548894e-01   7.87770699e-01   1.93036827e-02   2.60249361e-02
   1.81109786e-02   1.42612743e-02   4.80845543e-03   1.73353612e-03
   6.15068418e-01   1.04165791e-01   2.74936457e-02   1.82954247e-02
   2.70768580e-02   4.55442816e-01   3.72224864e-01   7.74562765e-01
   1.00000000e+00   1.00000000e+00   5.50178005e-01   3.77432377e-04
   6.73116335e-01   9.86117442e-01   9.33904448e-01   1.00000000e+00
   8.89127120e-04   1.00000000e+00   1.38249708e-03   2.24804404e-01
   0.00000000e+00   1.00000000e+00   2.43139373e-01   5.33558043e-01
   4.60874646e-01   8.67669137e-01   6.28731228e-01   1.32238068e-02
   1.33535431e-02   1.94889072e-02   2.04489667e-03   8.00916034e-01
   3.07398356e-02   9.19350754e-03   3.65594690e-02   4.56098021e-01
   9.04351304e-01   6.49554415e-03   1.00000000e+00   1.00000000e+00
   4.54826153e-03   9.99773989e-01   8.34733988e-01   1.00000000e+00
   0.00000000e+00   1.00000000e+00   2.38928130e-02   4.73839705e-01
   2.97353725e-03   1.40829433e-01   1.02630755e-04   9.96539794e-01
   7.19667288e-04   5.22014092e-01   3.50764422e-01   6.92210485e-01
   9.16259048e-03   2.27966596e-02   6.96356144e-03   5.48379222e-04
   7.84037559e-01   1.90801197e-02   2.58024306e-02   5.23561193e-03
   1.19696775e-01   4.22962422e-01   2.52209659e-02   4.35048068e-04
   9.81089760e-01   6.61062985e-01   3.21521129e-01   1.12179261e-02
   5.34863946e-03   8.66590437e-01   1.00000000e+00   9.99999936e-01
   2.82711604e-04   1.00000000e+00   0.00000000e+00   3.12037408e-01
   5.42960754e-04   2.74455945e-01   3.42269579e-01   1.89953000e-02
   3.93931248e-01   4.73153309e-01   5.90045786e-03   1.05258258e-02
   8.83889256e-03   2.31556490e-02   1.00000000e+00   1.00000000e+00
   3.69652934e-03   1.16953540e-02   7.00985389e-03   1.56072944e-02
   2.38968825e-01   6.18298263e-01   9.27331992e-01   1.00000000e+00
   9.66384381e-01   3.61430585e-01   9.03329590e-02   4.90971369e-01
   1.00000000e+00   1.00000000e+00   1.00000000e+00   0.00000000e+00
   1.00000000e+00   1.00000000e+00   1.00000000e+00   1.00000000e+00
   1.00000000e+00   1.36231806e-03   2.79468667e-01   6.89314435e-01
   8.29837426e-02   5.35636641e-02   2.97135597e-02   4.66780459e-01
   3.04535130e-01   3.37370783e-01   9.83841502e-01   3.86527186e-01
   2.43782718e-02   1.00000000e+00   2.07320772e-01   1.87836471e-01
   1.00000000e+00   4.51743972e-01   5.19828220e-04   1.85275462e-01
   2.59572784e-01   3.69302067e-01   8.54295920e-04   4.60869630e-03
   3.67592808e-03   6.28920544e-01   9.33897031e-01   6.86281495e-01
   3.22817723e-04   1.00000000e+00   5.57042661e-03   0.00000000e+00
   8.77684108e-03   7.57404878e-05   6.19490891e-01   1.00000000e+00
   8.57297165e-01   9.99950882e-01] Scale: [ 1.14067253  0.4666442   0.41961433  0.54583957  0.11456935  0.48074026
  0.22733851  0.42395283  0.58449866  0.57851181  0.35249783  0.34285335
  0.25769956  0.2760153   0.2486405   0.09925867  0.41672783  0.87249095
  0.34255722  0.38019393  0.31053695  0.29944363  0.29697312  0.51853393
  0.86885092  0.94617522  0.20585802  0.40709392  1.31642507  0.6494434
  2.16063682  0.36022294  0.774461    1.00098634  0.19116131  0.15564872
  0.24022373  0.72354579  0.42372606  0.24516625  0.32365428  0.31192371
  0.48283747  0.28918186  0.22584268  0.28997341  0.27237125  1.06371269
  0.43350388  0.20071887  0.4129596   0.32785691  0.64181152  0.2071996
  0.98642063  2.10822861  0.14547671  0.50382055  2.11130443  1.05440229
  0.53153073  0.33204474  0.55057863  0.22609633  0.38363582  0.2953025
  0.09987207  0.982029    0.24661941  0.65910756  0.34105531  0.33113165
  0.25535825  0.31250976  0.3283876   0.10322622  0.59312694  0.33021291
  0.33200462  0.24533069  0.2421667   0.28215405  0.33533916  0.30612679
  0.74349841  0.37279788  0.38077266  0.3878028   0.42972928  0.40511469
  0.41982207  0.31777819  0.40123512  1.08002085  0.2313875   0.22189486
  0.34398543  0.20603464  0.3170847   0.15234012  0.28858459  0.13254291
  0.27438744  0.26692218  0.22673051  0.30504494  1.31227617  3.33956036
  0.31231966  0.21949728  0.26518064  0.22386099  0.25275024  0.42076638
  0.7206598   2.09460231  0.73471435  0.22887087  0.16283628  0.2301225
  0.77645831  1.20186452  0.89195342  0.45822441  0.55733932  0.79318163
  1.31376679  0.89555614  1.57758232  0.27043308  0.16541344  0.30254571
  0.66114949  0.51712563  0.39545762  0.49169175  0.18018883  0.47278457
  0.92089976  0.64316184  0.33192024  0.70781204  0.18632279  0.17691889
  0.98069638  0.71189431  0.26849114  0.55327244  0.43786318  0.1839254
  0.20928417  0.30971385  0.28521492  0.26140404  0.20380488  0.18688496
  0.09998641  1.60729505  0.16304437  0.2628993   0.22704086  0.10993624
  0.66222051  1.71115203  2.4793819   0.29793478] Density: 43.559271869965265
Cross-validation on partition 6 with 34 instances
....5....10....15....20....25....30....
Partition 5: Target: [  0.00000000e+00   2.25619049e-02   8.34453619e-02   1.00000000e+00
   9.33517297e-06   5.52860765e-02   5.67297852e-01   5.59849956e-01
   6.25942821e-01   1.19598289e-01   4.58706899e-01   3.49103368e-03
   6.87443664e-01   7.20185613e-02   4.59860974e-01   1.10776534e-02
   6.65741868e-01   1.62198525e-02   3.38930102e-03   5.10093363e-02
   1.11524736e-03   5.29876461e-01   0.00000000e+00   2.28888784e-02
   3.13153408e-02   8.86661291e-01   7.55833811e-02   5.64680392e-01
   7.76185236e-02   3.66079219e-02   5.27059876e-03   1.45935527e-01
   6.99462613e-01   5.14502910e-02   1.00000000e+00   0.00000000e+00
   0.00000000e+00   3.92118531e-01   2.71131756e-02   6.45746019e-03
   5.04006019e-02   0.00000000e+00   1.82446192e-01   4.13800206e-01
   7.50505596e-03   1.80774233e-01   0.00000000e+00   1.34472099e-01
   6.50974777e-03   1.46954729e-01   3.19320857e-03   5.97979869e-01
   3.60104157e-01   6.30364669e-01   7.93510998e-02   4.49230501e-03
   4.65071999e-01   7.41246042e-03   2.30108124e-01   5.16581758e-02
   1.00000000e+00   2.49776774e-02   1.00000000e+00   3.88938875e-02
   6.53724525e-02   3.33612444e-03   5.43902224e-04   4.81750713e-02
   0.00000000e+00   1.07749203e-01   6.22300729e-02   4.02660758e-02
   5.62221425e-01   1.11321208e-02   3.97167228e-01   4.98348431e-05
   7.64530327e-01   4.92429742e-02   2.39560239e-03   4.20817739e-01
   0.00000000e+00   4.99293512e-01   6.09104557e-02   1.00000000e+00
   4.56233200e-02   7.38977440e-01   2.19945458e-02   7.66584545e-01
   1.00000000e+00   4.54001171e-02   1.69603988e-02   0.00000000e+00
   1.00000000e+00   8.65746654e-02   1.00000000e+00   6.38446608e-01
   0.00000000e+00   7.94379928e-01   5.41184365e-02   3.02321329e-01
   4.35448481e-02   0.00000000e+00   5.81231616e-01   5.78180210e-01
   3.69315153e-01   6.20051799e-02   0.00000000e+00   1.68868535e-01
   9.43268906e-02   6.20144751e-03   9.40708423e-02   0.00000000e+00
   0.00000000e+00   0.00000000e+00   6.22182485e-02   9.24319455e-01
   2.53061176e-02   9.76400383e-01   6.75739858e-01   2.79919415e-01
   3.21818860e-02   8.06755102e-02   3.78776934e-02   5.19119761e-01
   1.12184766e-01   3.67726572e-03   6.26345202e-02   4.48210151e-02
   1.50014982e-01   6.18219756e-01   9.03587952e-01   1.00000000e+00
   3.23469175e-03   8.63001030e-03   1.75137467e-02   2.07002621e-02
   6.72783511e-01   6.42796866e-03   1.93436221e-01   1.02506866e-01
   2.41803114e-01   3.29120654e-03   3.26613143e-01   5.88988288e-01
   0.00000000e+00   1.00000000e+00   5.15933116e-03   1.06221514e-01
   5.36186248e-02   3.17878703e-03   1.00000000e+00   4.05989533e-01
   1.00000000e+00   4.11633714e-02   0.00000000e+00   3.37494398e-02
   1.02362555e-03   2.64738291e-02   3.21472581e-02   0.00000000e+00
   0.00000000e+00   0.00000000e+00   0.00000000e+00   9.82993942e-02
   1.00000000e+00   1.08314573e-02] Scale: [ 0.23623197  0.34787042  0.67545703  1.48731582  0.09918803  0.58160659
  0.26188372  0.47127232  0.40218092  0.6306848   0.46776119  0.16920695
  1.90288438  0.22040064  0.3842338   0.24572841  0.34945389  0.23028802
  0.16848565  0.43714885  0.13235672  0.24778362  0.13708568  0.17940412
  0.21989306  0.43153397  0.25739165  0.2920328   1.53272819  0.22138554
  0.2064754   0.35792921  0.53021276  0.26208755  0.85994087  0.16714295
  1.24093493  0.31079765  0.46240371  0.26068247  0.5288935   0.41345501
  1.15950141  0.36591417  0.16613403  0.3945926   0.65484256  0.23721318
  0.15873871  0.77598834  0.13884333  0.32771504  0.18800807  1.16947024
  0.60247439  0.1178218   0.25971737  0.18817394  1.87359692  0.27381791
  1.13525179  0.4156654   0.56306778  0.25602386  0.7162121   0.21415599
  0.10106114  0.57791999  0.58715395  0.87649952  0.58983534  0.48186012
  0.88147627  0.18752884  0.72352617  0.2128155   0.43559088  0.28788853
  0.17044696  0.46419899  0.18667562  0.23788839  0.12640537  2.59562619
  0.25874886  0.31351017  0.39801174  0.49444698  1.93983696  0.27923287
  0.23243106  0.16151654  0.6376278   0.6942254   1.32317124  0.58440898
  0.86075432  0.38766416  0.49398398  0.22422897  0.48091522  0.19846867
  0.60859936  0.45556532  0.31244895  0.5487639   0.58649365  0.37408174
  0.26273683  0.15795289  0.21122042  0.1322107   0.19594445  0.18559817
  0.32374437  2.61690813  0.18942979  0.54751259  0.31939235  0.28493332
  0.21405514  0.55434133  0.2904041   0.63215317  0.26804337  0.33671923
  0.33786996  0.24696899  0.7869823   0.61459061  0.59374369  1.8421064
  0.14669983  0.17788371  0.22423787  0.36233403  0.34881903  0.38532293
  0.14222086  0.13226972  0.13758474  0.26606091  0.20827596  0.27224118
  1.3139662   1.9296065   0.12784986  0.86290065  0.62510516  0.25604348
  0.84104585  0.58801717  0.75419045  0.51918414  0.31039428  0.54327136
  0.10245886  0.19192809  0.23501864  0.58192945  0.68372218  0.31655226
  0.95463993  0.28661537  6.9243289   0.3755532 ] Density: 48.2444251320763
Cross-validation on partition 7 with 30 instances
....5....10....15....20....25....30
Partition 6: Target: [  2.66987490e-01   1.00000000e+00   1.00000000e+00   3.50056505e-02
   0.00000000e+00   1.00000000e+00   1.24415825e-01   7.65478302e-01
   1.67289277e-01   9.93412518e-01   3.24245989e-02   5.87067932e-02
   2.86414158e-02   4.87885559e-01   2.04017879e-01   0.00000000e+00
   8.00566160e-02   6.59957921e-01   1.85223582e-01   9.80530087e-01
   1.84144085e-01   1.13332666e-01   1.62386213e-01   1.00000000e+00
   1.00000000e+00   1.52190265e-01   9.93684608e-02   4.08474563e-03
   6.44379704e-02   1.00000000e+00   0.00000000e+00   6.54412003e-03
   0.00000000e+00   8.61359740e-01   4.73141726e-02   1.00000000e+00
   0.00000000e+00   9.32999420e-02   7.32463463e-01   9.02057341e-02
   1.00000000e+00   4.59629722e-02   1.97112572e-01   3.72574459e-01
   1.70884630e-02   2.63872089e-02   0.00000000e+00   2.75318772e-01
   1.00000000e+00   9.47777807e-01   1.03963302e-01   1.31257953e-01
   1.33658220e-01   3.95855485e-02   6.43310109e-01   4.36962637e-01
   9.13448443e-02   1.00000000e+00   1.00000000e+00   1.00000000e+00
   3.56038263e-04   1.00000000e+00   3.62714660e-01   1.00000000e+00
   4.72624300e-02   1.00000000e+00   0.00000000e+00   2.14517354e-01
   6.86445154e-01   7.33057169e-02   1.00000000e+00   1.00000000e+00
   3.08315365e-02   1.06673546e-01   4.38982427e-01   0.00000000e+00
   1.39692645e-01   8.61682326e-01   5.51570590e-02   2.09883153e-02
   2.73473467e-01   1.19340689e-01   1.30378654e-01   4.87130262e-01
   1.00000000e+00   1.36950954e-01   1.00000000e+00   1.51884356e-02
   5.69031152e-02   1.00000000e+00   1.00000000e+00   0.00000000e+00
   2.62587304e-02   4.68329169e-01   2.37997460e-01   1.00000000e+00
   5.41871753e-01   1.17202659e-01   7.73748491e-01   9.39736345e-02
   1.00000000e+00   1.95829854e-03   1.79082581e-02   1.94512493e-02
   1.61336883e-01   1.00000000e+00   1.90532468e-03   1.41745878e-01
   1.00000000e+00   1.58140859e-02   1.28965728e-01   2.26809400e-01
   1.78583127e-01   1.38950590e-01   1.00000000e+00   2.86284678e-01
   1.00000000e+00   9.80864079e-02   1.11067120e-01   5.77974539e-02
   1.00000000e+00   9.85956191e-01   1.00000000e+00   7.60595346e-01
   1.94497827e-01   1.00000000e+00   8.63416360e-01   1.00000000e+00
   1.00000000e+00   3.79378943e-02   6.70948205e-03   0.00000000e+00
   1.23378775e-01   7.12643864e-02   8.62257490e-01   1.36439033e-01
   7.77309301e-02   0.00000000e+00   1.31290823e-01   4.95314080e-01
   1.18452752e-01   9.05628424e-02   1.11190900e-01   1.23280202e-01
   0.00000000e+00   0.00000000e+00   0.00000000e+00   1.00000000e+00
   1.00000000e+00   9.21851056e-02   3.08716408e-02   5.97608597e-02
   3.96333581e-02   1.00000000e+00   9.08369498e-03   1.00000000e+00
   0.00000000e+00   1.61747919e-02   1.00000000e+00   2.58463326e-01
   1.00000000e+00   7.24277048e-01   0.00000000e+00   2.49295075e-01
   1.00000000e+00   4.75197965e-02] Scale: [ 0.21923821  0.56124288  0.59179918  0.44259792  0.09743082  0.60841847
  0.46590111  1.23824158  0.58392848  0.56886564  0.23839661  0.40817152
  0.31410306  0.48757838  0.32934129  0.08002589  0.33495131  1.65163545
  0.67873409  1.42644076  0.72142745  0.44650657  0.64139623  0.72567092
  0.28584391  0.58782864  0.76582503  0.10698855  0.72114813  0.38443854
  0.77840437  0.10198767  0.27783555  0.52596407  0.54312629  0.6605654
  0.40576054  0.46650044  0.39599108  0.49549436  0.55951668  0.13283029
  0.29175818  0.37209519  0.20425357  0.17732908  0.56960401  0.94198544
  2.16162253  0.75476484  0.56013576  0.4979288   0.52489943  0.24994133
  0.29039641  1.32325386  0.37739183  1.26072366  1.89435557  0.45982559
  0.34401886  0.75537999  0.1236268   0.37641956  0.83852549  0.94433662
  0.09821067  1.27495263  0.21359083  1.23085523  0.52361502  0.86074369
  0.23732956  0.33612016  0.72987407  0.09308425  0.5108125   0.93557529
  0.44327657  0.2273133   0.86507328  0.45527422  0.62682097  0.34700882
  0.30384191  0.52665691  2.357963    0.16179329  0.46150302  0.21936233
  0.8958425   0.05976804  0.30141861  0.72747242  2.7726449   0.93654878
  0.33647161  0.48117719  0.35476857  0.36579882  0.60876405  0.09279974
  0.32356762  0.20079255  0.22914734  1.47383542  0.08120072  0.58173259
  1.6067916   0.25125543  0.43585551  0.81390776  0.62825077  0.52704078
  0.34209096  0.40368777  0.45701247  0.40504304  0.44075912  0.5652207
  0.28178331  0.45462004  0.29162601  0.19264487  0.10119767  0.54729424
  0.48432106  0.54813355  1.75948372  0.65866182  1.30473348  0.29428141
  0.73624388  0.56875779  1.19791421  1.55063708  0.40835437  1.89591924
  0.54542051  1.52831228  0.65784065  0.43134027  0.41297996  0.48254271
  0.09810679  0.38262392  2.04774439  3.04809608  2.69007569  0.62015229
  0.40726933  0.64688057  0.31575695  0.9151159   0.12840677  0.76440644
  0.09408042  0.12123834  0.73576381  0.3235868   0.29586522  0.17614985
  2.33765961  1.26043576  2.79115461  0.36745796] Density: 50.68836681960833
Cross-validation on partition 8 with 30 instances
....5....10....15....20....25....30
Partition 7: Target: [  8.93310414e-01   0.00000000e+00   9.35597243e-01   4.17181882e-02
   8.67008450e-06   1.75928248e-03   1.23991250e-01   8.51870554e-01
   1.78898948e-01   6.37838181e-01   2.05079863e-01   3.90067707e-02
   1.91945886e-02   4.15585083e-01   2.26167554e-03   0.00000000e+00
   1.30084989e-01   1.54808214e-01   3.83466366e-02   1.00000000e+00
   3.09697911e-01   1.18493458e-01   2.08528488e-01   1.00000000e+00
   1.00000000e+00   1.86751080e-01   2.75311059e-01   1.09869004e-02
   1.26149079e-01   1.00000000e+00   0.00000000e+00   1.00000000e+00
   1.02372751e-01   1.00000000e+00   2.50787208e-02   0.00000000e+00
   3.85791142e-04   2.00223007e-01   8.20646572e-01   1.73909292e-01
   4.24950990e-01   6.38642580e-01   5.39223783e-01   4.29409906e-01
   7.78610796e-03   2.34408391e-01   0.00000000e+00   4.01906467e-01
   8.34075688e-01   8.51125628e-01   1.42292356e-01   1.44166820e-01
   1.44237018e-01   5.29991954e-01   8.96645130e-01   2.27864302e-01
   1.26085702e-01   1.50410395e-03   1.23519828e-01   1.00000000e+00
   2.26678984e-03   1.00000000e+00   3.33348463e-02   1.00000000e+00
   6.05273220e-02   1.39052925e-01   0.00000000e+00   1.81355341e-01
   4.98862996e-02   2.08018257e-01   6.27348308e-01   7.18970114e-01
   1.59344226e-02   1.50719757e-02   1.72965213e-03   0.00000000e+00
   1.51970915e-01   6.76012053e-01   3.60759755e-02   5.84789375e-01
   2.87361473e-01   1.15175738e-01   1.83197422e-01   3.71313303e-01
   6.37118025e-01   1.45656198e-01   5.62145119e-02   4.49589645e-02
   5.34101934e-02   9.44118357e-01   1.00000000e+00   1.00000000e+00
   4.74464430e-02   9.67051274e-02   0.00000000e+00   1.09331147e-02
   4.30489087e-03   1.38673184e-01   1.00000000e+00   1.13248374e-01
   2.39354165e-01   1.00000000e+00   7.63164918e-03   1.38067600e-01
   2.55772028e-01   8.18715521e-01   4.28185171e-03   2.45599407e-01
   0.00000000e+00   7.24366429e-03   1.47495591e-01   2.92114212e-01
   1.85361233e-01   1.52632257e-01   7.36476019e-01   1.00000000e+00
   1.00000000e+00   1.90498615e-01   1.56385643e-01   1.73221341e-01
   1.00000000e+00   3.97359527e-01   5.29649212e-01   3.27954788e-03
   1.00000000e+00   1.00000000e+00   1.00000000e+00   1.00000000e+00
   4.47641446e-01   3.54569803e-02   5.38268272e-01   5.73625871e-01
   3.82067248e-01   6.78867989e-02   5.00796375e-01   5.47101396e-01
   1.86918312e-01   0.00000000e+00   1.67763127e-01   1.63841387e-01
   1.42799892e-01   1.84408912e-01   1.15758089e-01   1.32470406e-01
   0.00000000e+00   0.00000000e+00   0.00000000e+00   1.03159023e-01
   5.41959002e-02   2.08467014e-01   2.86738915e-02   5.92965140e-02
   5.35946024e-02   4.58567783e-01   1.00000000e+00   6.46116048e-01
   0.00000000e+00   1.00000000e+00   1.00000000e+00   5.33601254e-02
   3.63502861e-03   2.93055374e-01   1.95061829e-01   1.00000000e+00
   1.00000000e+00   1.00000000e+00] Scale: [ 0.74568768  0.60047292  0.90417601  0.59313001  0.08249571  0.37225121
  0.51161265  1.10604659  0.71124096  0.38516982  0.31099457  0.34438804
  0.29033627  0.38291215  0.1836976   0.08185744  0.59821022  1.35921874
  0.37885398  1.05412717  1.22673267  0.49839677  0.79589146  1.17230352
  0.56475874  0.70679079  1.19920342  0.09480365  0.82344348  0.48678353
  2.17846766  0.77153588  1.48203496  0.77629354  0.27984694  0.16850173
  0.18088668  0.77563516  0.46729011  0.79114724  0.48054567  0.25795916
  0.54610913  0.35798129  0.18263346  0.42867411  0.92045332  1.34390176
  1.38055068  0.56429634  0.81427029  0.58734596  0.5661495   0.59860578
  0.38194832  1.21131971  0.51701304  0.44437347  1.06011375  0.51076796
  0.42424543  0.59549375  0.65701935  0.44064581  0.57049483  0.26871587
  0.09854733  1.73644458  0.23843029  2.04261176  0.5561781   0.72738922
  0.23341904  0.27893015  0.23442672  0.08738022  0.6250154   0.57400544
  0.33100367  0.37230454  0.99774771  0.48558299  0.90367947  0.32704479
  0.20671879  0.57830226  1.33575863  0.33587802  0.53132981  0.29392935
  0.76982318  0.58067979  0.54951954  0.35448979  0.50147122  0.21857484
  0.32067489  0.55405354  0.6822807   0.47137499  0.45697912  0.50278475
  0.19048855  0.23254935  0.2536591   0.9501253   0.09139711  0.95169341
  0.25514911  0.17320752  0.22895494  1.07256639  0.69201699  0.58903404
  0.29615924  1.58739616  0.67604151  0.6846834   0.60456439  0.81816702
  0.42243173  0.1682857   0.17297288  0.64515289  1.21280075  1.22746167
  0.75814245  0.57343507  0.51160866  0.35195527  0.20790097  0.27857047
  1.69179925  0.63899483  0.68632999  1.75048508  0.77772604  1.7711181
  0.65918037  1.01547718  0.80461089  0.75959785  0.47548357  0.52540887
  1.32713918  0.47355274  0.41805107  2.02043796  1.7504338   0.9680661
  0.43992903  0.50434561  0.4936766   0.54722501  0.38045204  0.24794455
  0.09398991  2.17588963  0.77507011  0.45875665  0.24189362  0.09330384
  0.85661598  3.51390188  6.0337098   0.72926261] Density: 47.51441056805159
Cross-validation on partition 9 with 42 instances
....5....10....15....20....25....30....35....40..
Partition 8: Target: [  9.25044801e-01   0.00000000e+00   8.46187020e-01   5.72314010e-03
   5.47665252e-05   1.65228878e-01   5.05707828e-02   6.04836533e-01
   5.16353839e-02   1.00000000e+00   8.79845162e-01   9.58298710e-02
   9.20910632e-01   5.00325498e-01   5.82093064e-03   1.00000000e+00
   4.52472867e-02   7.75847932e-01   3.39891815e-02   1.19747510e-02
   5.01483100e-02   4.76193184e-02   9.13410817e-02   1.81123904e-03
   1.00000000e+00   1.18713247e-01   4.84448474e-02   5.77979700e-03
   1.00000000e+00   1.00000000e+00   2.66166270e-02   1.00000000e+00
   3.90854084e-02   1.00000000e+00   3.94384614e-03   4.17664268e-04
   0.00000000e+00   5.91060805e-02   7.98492729e-01   4.25338087e-02
   4.29845965e-01   6.11350271e-01   7.26694968e-01   4.01872634e-02
   3.96357068e-01   1.00000000e+00   0.00000000e+00   6.87456189e-02
   2.84653669e-02   9.60066572e-01   5.88361956e-02   5.18602213e-02
   6.54245719e-02   5.19031128e-01   1.00000000e+00   2.62702306e-01
   4.45744453e-02   0.00000000e+00   5.67161630e-01   1.00000000e+00
   0.00000000e+00   1.00000000e+00   3.67227805e-02   9.32064358e-01
   9.29223707e-03   1.40836380e-01   0.00000000e+00   1.14793158e-02
   5.26310745e-02   0.00000000e+00   6.17401639e-01   7.33899099e-01
   9.61030074e-01   5.36573251e-01   2.71578512e-02   1.49427502e-02
   5.62870986e-02   2.46753964e-01   3.79251470e-02   4.32320069e-01
   3.52675907e-02   4.71663599e-02   7.98771700e-02   8.00297155e-01
   1.00000000e+00   6.23498648e-02   0.00000000e+00   1.98765703e-02
   1.00000000e+00   1.00000000e+00   1.00000000e+00   1.00000000e+00
   1.24301681e-02   1.00000000e+00   0.00000000e+00   1.09610814e-02
   0.00000000e+00   5.22271903e-02   1.00000000e+00   4.35782849e-02
   2.51918637e-01   1.00000000e+00   1.06543328e-02   1.05414733e-02
   2.03634429e-01   9.72360210e-02   7.67917393e-03   1.03593715e-01
   2.52757207e-03   1.65640022e-01   1.41861987e-01   5.58415542e-02
   4.17440411e-02   5.53834293e-02   1.00000000e+00   1.93640524e-02
   1.00000000e+00   6.81565536e-02   5.64125192e-02   3.33905536e-02
   1.00000000e+00   1.00000000e+00   1.00000000e+00   1.13621980e-04
   1.00000000e+00   1.00000000e+00   1.00000000e+00   1.00000000e+00
   1.00000000e+00   8.59941859e-03   5.11263659e-01   5.59513182e-01
   1.32267963e-01   6.02535788e-01   8.28241462e-01   3.90822990e-01
   4.84879523e-02   4.13873425e-02   1.17019897e-01   1.90714615e-01
   1.22133837e-01   5.39735822e-02   4.70817124e-02   5.07344373e-02
   0.00000000e+00   1.90085810e-03   4.18911475e-04   0.00000000e+00
   0.00000000e+00   4.45095370e-02   5.98696196e-03   1.13665014e-02
   1.40450719e-02   4.68778659e-01   1.00000000e+00   6.43739820e-01
   2.87607812e-01   1.00000000e+00   3.10451078e-02   7.98878631e-02
   6.05376562e-03   2.31244704e-01   2.32980811e-01   1.00000000e+00
   1.00000000e+00   1.00000000e+00] Scale: [ 1.1205894   0.42748487  0.54104993  0.56095276  0.09785182  0.37204975
  0.30492737  0.84173986  0.33293902  0.68787204  0.9368626   0.45315736
  0.9069382   0.49224513  0.20735801  1.35758465  0.30470034  2.01745761
  0.32103839  0.32561084  0.4257844   0.30327912  0.490711    0.16624579
  0.41275786  0.57877233  0.48762558  0.11296143  2.30495146  0.43654156
  1.97101749  0.80678521  0.81335602  0.56034747  0.29066579  0.14218463
  0.20904793  0.40396822  0.31013976  0.38686019  0.35850517  0.30925146
  0.5604274   0.23173432  0.38870498  2.25473647  0.50453403  0.47929903
  0.35392171  0.70106091  0.55449995  0.33386135  0.36770858  0.51320362
  0.44518842  1.15363485  0.28020668  0.44731223  0.82560471  0.4931505
  0.36879487  0.44631665  0.80966466  0.31521785  0.3063399   0.15952515
  0.11522273  1.01360726  0.19743801  1.62624117  0.39785988  0.37246451
  1.05020054  0.68926342  0.29273764  1.01864022  0.35020498  0.34764852
  0.35670507  0.35319206  0.26553182  0.29230549  0.56613863  0.33539284
  0.42970765  0.35825173  1.09549938  0.1882904   1.89367027  0.33216477
  0.59710803  0.52016519  0.37570523  1.06494583  0.39482516  0.20718531
  0.27264326  0.33737507  0.40568283  0.2751424   0.33764785  0.40512224
  0.24316653  0.21275147  0.24673194  0.53241443  0.39339051  0.64585446
  0.2846629   0.23741351  0.23074948  0.38537183  0.27204612  0.32595397
  0.73428438  0.31151803  0.46456511  0.39413367  0.33124003  0.36641501
  0.41242329  0.52809647  0.38147605  0.35608616  0.64865662  0.9352986
  0.675165    0.44958733  0.99168582  0.28285298  0.19396337  0.23684503
  1.00499426  1.23258813  1.13324456  0.74720164  0.34856937  0.86056958
  0.56861036  0.96658845  0.71887568  0.40088581  0.29246792  0.3208562
  1.02777019  0.23234039  0.09217008  1.80754039  1.52466592  0.44021497
  0.36831992  0.2976668   0.3623324   0.31522727  0.65108379  0.2462503
  0.39378164  1.12211587  0.24014032  0.28608603  0.22169877  0.11456987
  0.64264566  2.42643822  4.14995715  0.26246238] Density: 44.17654372232379
Cross-validation on partition 10 with 36 instances
....5....10....15....20....25....30....35.
Partition 9: Target: [  1.03989905e-04   1.33315146e-02   6.08645922e-02   1.00000000e+00
   0.00000000e+00   5.49302098e-02   5.44933158e-01   5.65742634e-01
   6.25769914e-01   1.34947540e-01   4.65431442e-01   1.00000000e+00
   7.81725577e-01   9.04084848e-02   4.69028699e-01   9.43805774e-03
   6.62122583e-01   8.83466348e-03   1.00000000e+00   7.26008015e-02
   1.00000000e+00   5.15913288e-01   1.00000000e+00   1.97272542e-02
   2.81870566e-02   8.81389758e-01   9.53491064e-02   6.61793110e-01
   3.87224081e-02   2.86537712e-02   0.00000000e+00   1.40254666e-01
   6.73929965e-01   3.92800890e-02   1.00000000e+00   0.00000000e+00
   0.00000000e+00   4.23285420e-01   1.77541637e-02   1.66221074e-03
   3.68244465e-02   0.00000000e+00   2.67826091e-01   3.92846907e-01
   1.81605685e-01   1.66662983e-01   0.00000000e+00   2.39564618e-01
   7.82193448e-01   1.91471174e-01   1.00000000e+00   6.19182718e-01
   5.77665488e-01   9.09060017e-01   4.69148614e-02   5.38547544e-01
   4.60867222e-01   3.76963670e-03   1.95957510e-01   5.09724374e-02
   1.00000000e+00   1.67622832e-02   1.00000000e+00   2.61020656e-02
   7.95521904e-02   2.42647619e-03   1.99861442e-04   2.37469360e-02
   0.00000000e+00   6.43963424e-02   4.64929105e-02   2.72569881e-02
   5.75235355e-01   2.26165570e-01   4.66106272e-01   1.09892335e-03
   7.41260479e-01   1.32370632e-02   1.00000000e+00   4.41229490e-01
   7.28321867e-01   4.75033483e-01   1.00000000e+00   1.00000000e+00
   4.41839673e-02   7.14748145e-01   1.13063013e-02   7.57455048e-01
   1.00000000e+00   2.93764088e-02   1.09398727e-02   0.00000000e+00
   1.00000000e+00   1.14540115e-01   1.00000000e+00   6.40782063e-01
   0.00000000e+00   7.95487547e-01   4.07893774e-02   2.89778886e-01
   2.99259997e-02   0.00000000e+00   5.94934023e-01   5.85063074e-01
   3.49490383e-01   4.42867516e-02   5.96877525e-03   1.79186005e-01
   1.10019451e-01   1.32911446e-01   7.34262050e-02   1.00000000e+00
   6.60296130e-01   5.00805622e-01   6.50192893e-02   1.00000000e+00
   2.25672415e-02   9.64873667e-01   6.71196454e-01   3.07817003e-01
   2.78447457e-02   6.53786152e-02   3.32685033e-02   4.74696407e-01
   1.04916374e-01   5.01244318e-03   7.16492957e-02   3.33940497e-02
   1.99271870e-01   6.20517083e-01   8.84985713e-01   1.00000000e+00
   9.26733165e-01   8.34579008e-01   1.95736313e-02   9.14746401e-03
   6.84252943e-01   1.30309225e-04   1.00000000e+00   1.00000000e+00
   1.00000000e+00   2.37047768e-03   3.23707704e-01   6.04755749e-01
   0.00000000e+00   1.00000000e+00   3.86371607e-03   6.73287052e-02
   3.07976184e-02   2.28108658e-03   1.00000000e+00   4.09692609e-01
   1.00000000e+00   2.70567626e-02   0.00000000e+00   2.28902586e-02
   2.51618146e-04   2.30158254e-02   2.50377456e-02   0.00000000e+00
   0.00000000e+00   0.00000000e+00   0.00000000e+00   8.53418243e-02
   1.00000000e+00   3.41633484e-03] Scale: [ 0.23788205  0.35069927  0.62445416  1.22069644  0.09955972  0.65732016
  0.22657665  0.57376099  0.43585195  0.64468342  0.51555111  1.32256956
  2.03894017  0.29582909  0.44226824  0.39853254  0.30049329  0.19190512
  1.0904147   0.52275118  0.62493745  0.25435507  0.29347467  0.15385693
  0.20042149  0.40172836  0.20337328  0.29914953  1.44261128  0.18047038
  0.3431077   0.30187988  0.44657177  0.21689608  0.67659519  0.15426593
  0.82188274  0.25104356  0.49109286  0.21227767  0.51323207  0.42875564
  1.24804964  0.42058063  0.23781843  0.46148346  0.40082041  0.23888847
  0.69370682  0.86217953  1.13786609  0.36136637  0.19469122  1.609167
  0.4022536   0.31762077  0.20984648  0.18501887  2.0515173   0.25855046
  0.65152359  0.3919555   0.5931312   0.19045759  0.56264443  0.17762466
  0.10030813  0.55696312  0.55132303  0.79321993  0.55895265  0.4458826
  0.90215747  0.29645218  0.80221115  0.10809416  0.43315645  0.30563051
  1.03861675  0.66523342  0.20490591  0.21151219  0.59773423  2.52784565
  0.23727188  0.27857687  0.33774693  0.47757029  1.28028591  0.21838033
  0.25971681  0.15096746  0.47438225  0.89953272  0.97166007  0.52824542
  0.74233646  0.36616973  0.46305509  0.17855797  0.46565349  0.20238753
  0.64486701  0.50286267  0.37805991  0.39468626  0.1568286   0.34248671
  0.26317142  0.20883712  0.30386788  0.3432913   0.18351954  0.1665838
  0.3203685   2.87377184  0.16558157  0.49480787  0.28229495  0.23505912
  0.18761071  0.48234979  0.28224325  0.55270345  0.25077573  0.3191754
  0.36937559  0.19577106  0.97880859  0.45522337  0.54886878  2.30663483
  0.65133583  0.80377114  0.26106559  0.32896497  0.28132839  0.35062979
  0.32342711  1.0109132   0.63393113  0.22375502  0.17362347  0.25242569
  1.31960273  2.68724977  0.11267734  0.7369693   0.51532754  0.20679561
  0.68642846  0.48468378  0.6042242   0.50132113  0.32194198  0.53460249
  0.1005456   0.20354071  0.18754964  0.52857441  0.48846516  0.25880782
  0.75932918  0.23185941  6.50032771  0.31210382] Density: 54.76200707585396
Using result EMDDResult(target=array([  3.83602925e-01,   2.25273099e-01,   3.51538319e-01,
         2.61894348e-01,   9.16960091e-05,   1.76307617e-01,
         4.40682584e-01,   4.42831559e-01,   5.99650865e-01,
         4.96230887e-01,   3.20317027e-01,   2.26662342e-01,
         3.64761817e-01,   2.32970782e-01,   1.62015940e-01,
         1.06570896e-01,   4.80110076e-01,   1.82797025e-01,
         3.01503608e-01,   3.50377694e-01,   3.88685286e-01,
         4.94153704e-01,   3.87725840e-01,   4.65049306e-01,
         6.10688579e-01,   6.98826870e-01,   2.85376743e-01,
         3.15577653e-01,   3.31587509e-01,   6.10840993e-01,
         9.73466041e-02,   5.26694099e-01,   2.92394679e-01,
         6.04960240e-01,   4.11296802e-01,   1.22778781e-01,
         1.02912889e-04,   5.03255164e-01,   3.45395483e-01,
         2.78372950e-01,   3.08577836e-01,   4.14528605e-01,
         3.52451462e-01,   2.61942414e-01,   1.65939359e-01,
         2.86870974e-01,   3.97189770e-02,   4.46442932e-01,
         4.46098870e-01,   4.93484817e-01,   2.49985342e-01,
         5.59115286e-01,   5.07789634e-01,   3.64709251e-01,
         5.83896561e-01,   3.98575585e-01,   3.60172040e-01,
         2.02333523e-01,   4.38358024e-01,   6.24298221e-01,
         2.01823740e-01,   5.05951825e-01,   4.99949016e-01,
         5.28406816e-01,   4.71756170e-02,   1.75214621e-01,
         1.67526117e-04,   2.60735681e-01,   9.73994171e-02,
         1.86751937e-01,   3.26955565e-01,   3.38428038e-01,
         3.03429618e-01,   1.96330772e-01,   1.60979132e-01,
         2.00144160e-03,   5.26330372e-01,   2.77790510e-01,
         2.53724338e-01,   2.81386045e-01,   4.43713769e-01,
         4.67129635e-01,   3.77494275e-01,   4.07729242e-01,
         5.45263595e-01,   5.95302459e-01,   1.54387963e-01,
         4.02471452e-01,   3.65511524e-01,   5.50147659e-01,
         4.04286874e-01,   4.48540303e-01,   2.57701128e-01,
         4.59667528e-01,   5.05488120e-01,   3.94471586e-01,
         6.20558600e-02,   4.62505540e-01,   3.60834040e-01,
         2.90435804e-01,   2.59219862e-01,   4.47510827e-01,
         1.70343876e-01,   2.22209077e-01,   2.16807765e-01,
         2.91073657e-01,   1.25158901e-01,   3.36827742e-01,
         1.36344630e-01,   1.45628933e-01,   1.76357379e-01,
         3.80732972e-01,   4.05091295e-01,   3.93489334e-01,
         5.30645884e-01,   7.34441131e-01,   6.05554680e-01,
         6.00498851e-01,   4.70171201e-01,   3.32057161e-01,
         6.10710592e-01,   5.21565808e-01,   4.97464520e-01,
         2.02963605e-01,   4.44761145e-01,   4.73819686e-01,
         6.32355680e-01,   6.16131264e-01,   6.63471945e-01,
         2.70756297e-01,   5.42861937e-01,   5.82337577e-01,
         2.76501369e-01,   2.69823772e-01,   2.45843053e-01,
         2.19020278e-01,   4.67812293e-01,   8.41541270e-02,
         5.01961751e-01,   4.41843417e-01,   3.86854192e-01,
         3.43338690e-01,   3.08152312e-01,   3.83016131e-01,
         1.06595692e-01,   2.46669688e-01,   1.60199874e-03,
         1.69157817e-01,   1.51320585e-01,   2.37958460e-01,
         4.08769673e-01,   1.90184178e-01,   3.99228031e-01,
         3.08588295e-01,   4.94298073e-01,   3.86183208e-01,
         2.90914573e-02,   5.10175248e-01,   3.70833603e-01,
         1.50101480e-01,   2.01846105e-01,   2.93643424e-01,
         1.04753353e-01,   4.93699811e-01,   9.77099539e-01,
         3.97968070e-01]), scale=array([ 0.48666431,  0.43862824,  0.55453819,  0.7750518 ,  0.12944054,
        0.49115395,  0.36829739,  0.72797592,  0.61605955,  0.65431909,
        0.48612589,  0.47042165,  1.06208017,  0.33591749,  0.28848486,
        0.29303957,  0.40583306,  0.81515977,  0.51640882,  0.71555441,
        0.51558297,  0.39837633,  0.39255902,  0.48306047,  0.50719163,
        0.77249725,  0.45467942,  0.23700302,  1.32723816,  0.4649523 ,
        1.05481567,  0.40356256,  0.60175699,  0.61685873,  0.51327612,
        0.21218471,  0.5567255 ,  0.52384788,  0.44975076,  0.38358773,
        0.44117336,  0.3345038 ,  0.90419668,  0.35183204,  0.32642662,
        0.64901922,  0.44568213,  0.73133463,  0.83250318,  0.89660131,
        0.51182035,  0.48739531,  0.41725734,  0.69042817,  0.65245782,
        0.85481163,  0.30995978,  0.43440887,  1.57747246,  0.65534236,
        0.51181204,  0.41280382,  0.50683862,  0.3284521 ,  0.55691194,
        0.28930447,  0.10412716,  0.90243085,  0.36702543,  1.01181198,
        0.46430945,  0.50516254,  0.61233819,  0.44986668,  0.502738  ,
        0.21455884,  0.49949038,  0.45076785,  0.43941409,  0.42058799,
        0.48582805,  0.38735002,  0.5041438 ,  0.88768175,  0.46530551,
        0.48903777,  0.78513071,  0.5552502 ,  0.91988155,  0.2999463 ,
        0.4321405 ,  0.26014844,  0.41340645,  1.12161317,  0.86446966,
        0.40850294,  0.52629962,  0.42170539,  0.43286636,  0.28354455,
        0.42593879,  0.24403888,  0.37929189,  0.32774367,  0.27828276,
        0.63637653,  0.31961754,  0.9710035 ,  0.41842212,  0.29788039,
        0.44507721,  0.4282867 ,  0.38192676,  0.35922931,  0.52786709,
        2.09450759,  0.53025107,  0.61530546,  0.39822991,  0.39620313,
        0.44755879,  0.57771475,  0.38561486,  0.45409122,  0.41225596,
        0.55964798,  0.97864789,  0.53055644,  1.95221708,  0.44990226,
        0.42992206,  0.87695227,  0.64347461,  0.63973239,  0.51863893,
        0.75201143,  0.43519819,  0.77874047,  0.46112486,  0.82692088,
        0.55945336,  0.44439579,  0.29347561,  0.35438598,  1.07970564,
        0.69917074,  0.38471188,  1.19304259,  0.99943234,  0.41147505,
        0.49088124,  0.46473189,  0.48742819,  0.46301066,  0.33394058,
        0.38069847,  0.1590529 ,  0.96615407,  0.40096373,  0.43012652,
        0.36384416,  0.204634  ,  1.02701854,  1.244769  ,  4.52299282,
        0.34788326]), density=46.52017741300049) for prediction
Threshold 0.5
Total bags 92
Total positive bags 47
Total negative bags 45
Total predicted positive bags 61
Total predicted negative bags 31
True positives 44
False positives 17
True negatives 28
False negatives 3
Accuracy 0.782608695652174
Precision 0.7213114754098361
Recall 0.9361702127659575
