Cross-validation on partition 1 with 38 instances
.........10.........20.........30........
Partition 0: Density: 46.214994685717684 Accuracy: 0.8 Precision: 0.8333333333333334 Recall: 0.8333333333333334
Cross-validation on partition 2 with 50 instances
.........10.........20.........30.........40.........50
Partition 1: Density: 44.53627762779977 Accuracy: 1.0 Precision: 1.0 Recall: 1.0
Cross-validation on partition 3 with 46 instances
.........10.........20.........30.........40......
Partition 2: Density: 45.81991329148556 Accuracy: 0.8 Precision: 0.5 Recall: 0.5
Cross-validation on partition 4 with 40 instances
.........10.........20.........30.........40
Partition 3: Density: 40.59239723412051 Accuracy: 0.9 Precision: 1.0 Recall: 0.8
Cross-validation on partition 5 with 42 instances
.........10.........20.........30.........40..
Partition 4: Density: 46.02459327281305 Accuracy: 0.7 Precision: 0.6 Recall: 0.75
Cross-validation on partition 6 with 43 instances
.........10.........20.........30.........40...
Partition 5: Density: 45.61426356661195 Accuracy: 0.8 Precision: 1.0 Recall: 0.7142857142857143
Cross-validation on partition 7 with 50 instances
.........10.........20.........30.........40.........50
Partition 6: Density: 41.683017597801886 Accuracy: 0.8 Precision: 0.8 Recall: 0.8
Cross-validation on partition 8 with 49 instances
.........10.........20.........30.........40.........
Partition 7: Density: 43.78349979801756 Accuracy: 0.9 Precision: 0.8 Recall: 1.0
Cross-validation on partition 9 with 43 instances
.........10.........20.........30.........40...
Partition 8: Density: 45.34380248285251 Accuracy: 0.9 Precision: 1.0 Recall: 0.8571428571428571
Cross-validation on partition 10 with 40 instances
.........10.........20.........30.........40
Partition 9: Density: 48.9783103825846 Accuracy: 1.0 Precision: 1 Recall: 0
Across 10-fold cross-validation:
Average accuracy: 0.8600000000000001
Average precision: 0.8533333333333333
Average recall: 0.7254761904761905
Using result EMDDResult(target=array([  4.14978337e-01,   3.87678817e-02,   3.53360997e-01,
         7.30967386e-02,   1.61269173e-03,   4.73787401e-01,
         5.05013974e-01,   3.70988320e-01,   5.98191680e-01,
         4.92213774e-01,   3.98175202e-01,   2.53804276e-01,
         5.52041482e-01,   1.49018389e-01,   1.66617990e-01,
         1.99216704e-03,   5.63161117e-01,   7.83787900e-02,
         2.16826883e-01,   3.19356106e-01,   3.11856250e-01,
         4.77884140e-01,   4.44024850e-01,   3.71961946e-01,
         4.15180085e-01,   6.24278308e-01,   4.26038020e-01,
         3.04137302e-01,   4.16663918e-01,   4.13402332e-01,
         2.07687081e-03,   2.25499354e-01,   1.95973719e-01,
         4.03884839e-01,   2.53162868e-01,   1.00143091e-01,
         1.92098885e-01,   4.22401359e-01,   3.91424143e-01,
         4.31961454e-01,   2.82936392e-01,   2.69386204e-01,
         7.14350736e-01,   2.36633917e-01,   1.48139053e-01,
         3.75914043e-01,   8.81578870e-03,   4.29685880e-01,
         1.99107475e-01,   3.01980020e-01,   2.61212096e-01,
         5.22603345e-01,   5.12022098e-01,   4.32519837e-01,
         2.92431893e-01,   4.71451489e-01,   5.06901131e-01,
         3.49045392e-03,   6.87275684e-01,   4.32847702e-01,
         1.00758270e-01,   2.09712457e-01,   4.96547468e-01,
         3.74720340e-01,   3.13087559e-01,   2.20934402e-01,
         2.30244783e-04,   2.33992007e-01,   1.20671280e-01,
         2.22133249e-01,   3.17231157e-01,   3.36451563e-01,
         4.36761502e-01,   1.42107272e-01,   1.95970116e-01,
         5.85806752e-04,   6.18807485e-01,   1.53770288e-01,
         2.62565402e-01,   3.55681388e-01,   4.35078270e-01,
         4.92338265e-01,   3.35123816e-01,   3.99675214e-02,
         3.70253515e-01,   5.68294961e-01,   6.79840282e-02,
         2.18519129e-01,   3.03088499e-01,   4.41602599e-01,
         5.10647782e-03,   2.00499791e-01,   2.25077835e-01,
         5.67028235e-01,   4.98412117e-01,   1.68425726e-01,
         2.70417994e-01,   4.55246272e-01,   3.87997080e-01,
         4.65437197e-01,   2.21889065e-01,   2.20630905e-01,
         3.13021824e-01,   3.74509549e-01,   2.10571840e-01,
         2.24033168e-01,   2.07777542e-01,   5.42548097e-01,
         5.35742327e-02,   1.07773035e-01,   1.22411737e-01,
         3.61047680e-01,   4.56996923e-01,   4.56627630e-01,
         3.35359444e-01,   6.86970889e-01,   4.02018943e-01,
         5.85065334e-01,   5.58234643e-01,   4.72580663e-01,
         4.14470496e-01,   4.94303058e-01,   4.48844311e-01,
         2.12210082e-01,   2.79698059e-01,   1.96605137e-01,
         5.90062359e-01,   4.16186892e-01,   7.84157397e-01,
         2.50400460e-01,   3.17621357e-01,   1.61341263e-01,
         2.51924510e-01,   1.59980076e-01,   4.63447946e-02,
         2.13550634e-01,   3.87906360e-01,   6.16886923e-02,
         5.25054145e-01,   3.88648927e-01,   3.32682516e-01,
         4.34916319e-01,   4.38663377e-01,   3.96455430e-01,
         3.25439800e-04,   1.81203130e-03,   1.94686695e-01,
         1.00606661e-01,   6.32480578e-02,   3.84680746e-01,
         2.10342715e-01,   4.38933547e-01,   4.44644441e-01,
         3.02936763e-01,   2.03239827e-01,   2.09867020e-01,
         4.01788198e-04,   5.10466168e-01,   3.13987669e-01,
         1.66684087e-01,   1.19808513e-01,   2.53353595e-01,
         0.00000000e+00,   2.57078166e-01,   9.53462349e-01,
         1.95532771e-01]), scale=array([ 0.71809579,  0.38706568,  0.73272242,  0.79821889,  0.33454235,
        0.96621763,  0.36148284,  0.94252688,  0.5580466 ,  0.74297547,
        0.48617893,  0.42834689,  1.77150799,  0.28887596,  0.25241521,
        0.13063797,  0.43772972,  0.43235649,  0.38434436,  0.5953774 ,
        0.35062281,  0.34875598,  0.29970662,  0.42546175,  0.3681233 ,
        0.65282681,  0.3923486 ,  0.27016174,  1.50974181,  0.34272619,
        0.56448471,  0.29352611,  0.52245839,  0.39288099,  0.49026061,
        0.26629577,  0.85037628,  0.42611257,  0.68502999,  0.42658764,
        0.48632691,  0.42204009,  1.89952451,  0.33168694,  0.22258457,
        0.50737637,  0.61929924,  0.52150655,  0.60027167,  0.70591552,
        0.45622577,  0.41907617,  0.36858434,  0.89513414,  0.55932222,
        0.94228833,  0.34133035,  0.31985466,  2.56994844,  0.4882445 ,
        0.46587562,  0.3445816 ,  0.33223639,  0.28821043,  0.60998793,
        0.31513913,  0.11829899,  0.80496167,  0.46268781,  0.93255195,
        0.55360298,  0.63385093,  0.76547464,  0.27494298,  0.47155916,
        0.12970429,  0.50942551,  0.34020129,  0.39100624,  0.5083407 ,
        0.33044405,  0.35267418,  0.38838756,  0.7255789 ,  0.32977783,
        0.42256067,  0.55250742,  0.37071407,  0.78209608,  0.32267253,
        0.241487  ,  0.18532431,  0.38020501,  1.36695131,  1.28522163,
        0.39456336,  0.77162354,  0.34041438,  0.75357671,  0.31501815,
        0.44807545,  0.21394113,  0.40391621,  0.3588986 ,  0.25784008,
        0.5238352 ,  0.2746392 ,  1.01392114,  0.2421882 ,  0.19195048,
        0.30263903,  0.28341476,  0.30674424,  0.31670637,  0.38349858,
        2.06682853,  0.37086899,  0.49257018,  0.39534861,  0.41042505,
        0.33358993,  0.71721418,  0.48862737,  0.5817353 ,  0.3124281 ,
        0.33390709,  0.82516708,  0.36644575,  1.99604258,  0.52408152,
        0.54294881,  0.50787997,  0.46308195,  0.38022899,  0.27814564,
        0.64074553,  0.31778637,  0.64277687,  0.41200245,  0.83712545,
        0.48219669,  0.45496116,  0.28851087,  0.28237678,  0.91273859,
        0.27177404,  0.80137315,  0.89377355,  0.73903834,  0.40006285,
        0.4464594 ,  0.50435119,  0.4677096 ,  0.47793878,  0.28588926,
        0.39832738,  0.10300606,  0.94539433,  0.35808069,  0.50244028,
        0.44114834,  0.23158467,  1.42206117,  0.56788148,  4.17413382,
        0.41149556]), density=44.859106993980504) for prediction
Classifying against test set

Threshold 0.5
Total bags 92
Total positive bags 47
Total negative bags 45
Total predicted positive bags 64
Total predicted negative bags 28
True positives 44
False positives 20
True negatives 25
False negatives 3
Accuracy 0.75
Precision 0.6875
Recall 0.9361702127659575
