Cross-validation on partition 1 with 25 instances
....5....10....15....20....25
Partition 0: Target: [  2.77688351e-01   1.74625175e-01   9.28072328e-01   3.96876586e-02
   0.00000000e+00   1.46255953e-01   1.25125179e-01   5.36405513e-01
   1.66829593e-01   1.00000000e+00   3.30701825e-01   4.61996623e-02
   1.00000000e+00   3.32610748e-01   8.04835019e-02   3.50117078e-01
   7.77893807e-02   3.18644639e-01   1.00796809e-01   1.00000000e+00
   2.08910524e-01   1.17043750e-01   1.90969294e-01   1.00000000e+00
   1.00000000e+00   1.78501398e-01   1.57030059e-01   5.50839476e-03
   1.19092871e-01   1.00000000e+00   0.00000000e+00   4.26170922e-03
   0.00000000e+00   1.00000000e+00   6.17178818e-02   1.00000000e+00
   7.37247897e-04   8.66395545e-02   6.90523241e-01   1.35303924e-01
   5.61441523e-01   2.17145254e-03   1.00000000e+00   4.09375046e-01
   8.08034214e-03   4.02566284e-01   0.00000000e+00   2.25104421e-01
   6.52134832e-01   1.00000000e+00   1.12037987e-01   1.34699696e-01
   1.45590767e-01   1.09604539e-02   6.98838875e-01   1.83832813e-01
   9.38940400e-02   0.00000000e+00   1.47952584e-01   1.00000000e+00
   5.60952792e-03   1.17014943e-03   5.83056816e-01   1.00000000e+00
   7.66453595e-02   1.00000000e+00   0.00000000e+00   2.52897064e-02
   6.54279056e-01   3.23871951e-02   7.27475551e-01   7.81592070e-01
   1.00000000e+00   1.74183635e-02   1.00000000e+00   0.00000000e+00
   1.24577795e-01   8.86773188e-01   2.97181746e-02   5.92069820e-03
   2.37054587e-01   1.20203173e-01   1.45106371e-01   1.39453502e-01
   1.00000000e+00   1.45910139e-01   0.00000000e+00   1.88238363e-02
   4.41635406e-02   1.00000000e+00   0.00000000e+00   0.00000000e+00
   3.09952159e-02   2.58500390e-01   9.58024328e-02   1.00000000e+00
   5.76542322e-03   1.07846819e-01   1.00000000e+00   9.03643106e-02
   4.20222406e-01   9.21909548e-04   1.00000000e+00   4.56341102e-01
   8.31944456e-02   1.00000000e+00   3.75658111e-03   1.55347109e-01
   1.00000000e+00   1.00412704e-01   3.63504374e-01   2.43615511e-01
   1.74064435e-01   1.47876834e-01   1.00000000e+00   4.01002451e-01
   1.00000000e+00   1.37867677e-01   1.24518154e-01   1.02618072e-01
   1.00000000e+00   2.89189421e-01   6.54432791e-01   7.11180032e-01
   3.85761718e-03   9.28280089e-01   1.00000000e+00   1.00000000e+00
   1.00000000e+00   5.07471881e-02   1.25779519e-01   3.17983611e-03
   1.74111586e-01   6.68308526e-02   5.71705555e-01   2.62592234e-01
   5.77472565e-02   0.00000000e+00   1.58026476e-01   1.42227936e-01
   1.33955623e-01   1.27964745e-01   1.06009351e-01   1.16350006e-01
   0.00000000e+00   0.00000000e+00   0.00000000e+00   0.00000000e+00
   0.00000000e+00   1.44511345e-01   2.88837447e-02   6.59237862e-02
   4.65969981e-02   3.79571585e-01   9.46925842e-03   0.00000000e+00
   0.00000000e+00   1.00000000e+00   1.00000000e+00   1.18309392e-01
   1.00000000e+00   7.85876478e-01   0.00000000e+00   4.29042955e-02
   6.64304156e-01   9.45571843e-02] Scale: [ 0.28049237  0.20147741  0.71548023  0.34748503  1.82305791  0.32461323
  0.4571953   0.52361692  0.62026859  0.57741402  0.24981859  0.31587488
  1.90193316  0.19010528  0.10806459  0.08252811  0.37132003  1.2110194
  0.20024544  1.95447312  0.83569595  0.45810555  0.6863236   0.85806649
  0.32045204  0.60224744  0.87030182  0.08734284  0.67106178  0.48893491
  1.02062975  0.09090966  0.22524813  0.84938017  0.44769558  0.40712445
  0.13391058  0.45147939  0.49030822  0.65055982  0.34255557  0.10956887
  1.28529169  0.19135296  0.10119327  0.33712757  1.03849886  0.78317661
  0.54139262  0.84476327  0.62122398  0.52775924  0.51543054  0.2282685
  0.42097326  0.81478829  0.36832331  0.34782131  0.95317933  0.55679141
  0.24544594  0.0842956   0.15198577  0.49178632  0.54244828  0.69295418
  0.09798137  1.67813225  0.24061961  2.25483876  0.4473882   0.43349933
  1.95747469  0.17582077  1.18756703  0.0928048   0.47783821  0.6967017
  0.23141913  0.10723224  0.79435542  0.44761351  0.72722613  0.37341835
  0.40797696  0.52374739  1.37138208  0.16143615  0.36159463  0.38423423
  0.06821776  0.06206901  0.27013447  0.25888671  1.54107152  0.86502783
  0.21959597  0.4409632   0.48269511  0.34657903  0.28919712  0.06211416
  1.47951755  0.24004872  0.09881188  2.85284682  0.08902029  0.6269144
  1.02170174  0.09477175  0.14668226  0.87777155  0.6165392   0.53105981
  0.56650671  0.47073511  0.40657987  0.50020423  0.45963923  0.61706617
  0.41376633  0.18847059  0.22025888  0.53756017  0.08384841  0.51321039
  0.84975266  0.60778851  1.32710228  0.38326448  1.34091943  0.20833846
  0.85643917  0.47219897  0.56068953  1.73668195  0.36783924  2.47878566
  0.56242253  0.78016649  0.70144583  0.56766691  0.3907151   0.44765849
  0.09791169  0.60995763  1.95526143  2.80196564  2.21697893  0.77441554
  0.33897369  0.43854274  0.30375887  0.2709599   0.11202287  0.11505944
  0.09452424  1.68684569  0.92044757  0.37967616  0.24929365  0.18684729
  2.8840672   0.34893249  1.84139339  0.89836556] Density: 47.99841534656707
Cross-validation on partition 2 with 28 instances
....5....10....15....20....25...
Partition 1: Target: [  1.00000000e+00   1.00000000e+00   1.00000000e+00   1.35661978e-01
   0.00000000e+00   1.17767751e-01   8.79190288e-01   4.87370315e-03
   5.67176289e-01   9.75152075e-02   7.12153839e-01   1.00000000e+00
   1.00000000e+00   1.00000000e+00   5.45581609e-01   9.88816862e-02
   1.00000000e+00   5.83219366e-01   1.00000000e+00   1.15226549e-01
   9.29506038e-01   8.20635460e-01   7.30152797e-01   1.26852723e-02
   1.39393747e-02   2.07543887e-01   6.39931181e-01   7.21633258e-03
   2.44790673e-01   1.21617988e-02   0.00000000e+00   0.00000000e+00
   0.00000000e+00   1.50051779e-02   2.07852411e-01   0.00000000e+00
   0.00000000e+00   6.77857926e-01   5.81044161e-01   1.00000000e+00
   1.00000000e+00   1.00000000e+00   1.00000000e+00   3.17879302e-01
   1.00000000e+00   9.36708173e-01   5.63188258e-01   3.51633082e-01
   4.16528249e-01   8.02130913e-02   1.00000000e+00   5.24226770e-01
   5.74353834e-01   1.92934173e-01   4.51484194e-02   1.97875311e-01
   8.75859971e-01   1.00000000e+00   5.82392286e-01   2.21448036e-02
   0.00000000e+00   1.00000000e+00   2.66490737e-01   1.15870331e-02
   2.83392870e-01   7.82390642e-01   0.00000000e+00   3.15896146e-01
   1.00000000e+00   5.87360699e-01   1.00000000e+00   1.00000000e+00
   9.40881844e-01   1.00000000e+00   1.71514461e-01   4.10376967e-01
   7.73219280e-01   7.25792175e-04   1.00000000e+00   4.67004465e-01
   7.35484400e-01   9.50662746e-01   1.00000000e+00   5.45263564e-03
   1.83569244e-02   6.00565988e-01   1.00000000e+00   1.85873067e-02
   4.35492282e-01   1.65235293e-02   1.00000000e+00   0.00000000e+00
   2.61482755e-01   1.00000000e+00   0.00000000e+00   2.81441388e-03
   2.40382453e-02   5.24575112e-01   1.00000000e+00   1.00000000e+00
   1.00000000e+00   0.00000000e+00   3.81619632e-01   3.72617740e-01
   1.00000000e+00   2.03941218e-02   1.00000000e+00   9.02397003e-01
   1.54355081e-03   1.00000000e+00   1.00000000e+00   8.11279812e-01
   8.83852137e-01   7.40065018e-01   2.31932688e-02   1.94370444e-01
   1.32540946e-02   3.75779859e-02   6.63903426e-01   4.11831691e-01
   1.17877443e-02   4.68411418e-02   2.83017413e-02   0.00000000e+00
   1.66400472e-03   4.76488690e-03   2.04461170e-01   1.31418968e-02
   1.00000000e+00   2.06402190e-01   0.00000000e+00   0.00000000e+00
   1.00000000e+00   1.00000000e+00   1.00000000e+00   2.03675842e-01
   3.72195375e-01   7.70786812e-02   3.04547137e-01   8.83860739e-02
   9.12961427e-01   1.00000000e+00   1.00000000e+00   9.46306146e-01
   0.00000000e+00   2.24284708e-03   4.54320068e-03   8.99555496e-01
   1.00000000e+00   8.67674882e-01   1.16519437e-02   5.95806863e-01
   6.19169479e-01   1.00000000e+00   2.06544584e-01   1.00000000e+00
   0.00000000e+00   6.18288787e-01   7.59493677e-03   1.00000000e+00
   4.06371560e-01   0.00000000e+00   0.00000000e+00   1.50898792e-02
   1.64724133e-01   2.04444450e-02] Scale: [ 2.52570483  1.07517369  1.17034113  1.02070674  0.09817429  0.7838742
  0.35538542  0.1314196   0.2189564   0.59409923  0.32756869  0.63575992
  3.14852979  1.13666885  0.23222787  0.11829841  0.65534749  0.40776709
  1.32850518  0.27477513  0.30918719  0.30637268  0.19489199  0.10746818
  0.11987287  0.1706631   0.28542645  0.17905177  1.34900697  0.10868956
  0.34332125  0.17048499  0.72679088  0.11738766  0.19568536  0.10435828
  0.5303874   0.2188071   0.8205653   0.56916375  1.25737707  0.33862762
  2.94990692  0.16526096  0.87953697  0.59799255  0.39762318  0.19487157
  0.27245222  0.59071381  0.54363128  0.19381336  0.19939948  0.46265356
  0.35684098  0.21565482  0.31176091  1.00893231  2.65616706  0.15491277
  0.49013298  0.92159649  0.51776195  0.11751424  0.47289178  0.3058661
  0.09861737  0.4169568   1.57709731  0.61785367  1.50284261  1.68925277
  0.83129986  0.83730934  0.35791344  0.10009992  0.33127486  0.13648669
  0.80988984  0.34417996  0.21295437  0.40782105  0.45542845  0.87996831
  0.14905692  0.24841805  0.85989629  0.19786472  0.86753852  0.13111632
  1.09768454  0.10116364  0.4467025   3.43980737  0.46505669  0.12989909
  0.76993946  0.19224714  1.59388021  0.37174879  1.0538643   0.08406602
  0.22670224  0.16606044  0.95683176  0.14568971  1.44933988  0.90052946
  0.10364518  0.90189888  0.72121926  0.19571191  0.30020826  0.24564068
  0.17182792  0.81458602  0.11469157  0.16826125  0.26293184  0.26191432
  0.1092934   0.26516145  0.17527883  0.50376433  0.20258329  0.19016941
  0.38262769  0.11054472  3.23501554  0.24550476  0.25237869  0.35365826
  0.78468628  0.91789337  1.5499785   0.52747494  0.18382882  0.52271608
  0.12895939  0.13686566  0.45089992  0.51608596  0.37174574  0.3577938
  1.51794636  0.02603036  0.13737028  0.79169793  0.99518208  0.38927882
  0.27973832  0.40494704  0.46868906  0.88310695  0.10681971  0.48585184
  0.0968353   0.41403254  0.11424609  0.84514737  0.27650941  0.14016573
  1.09735056  0.28861729  0.98007706  0.222051  ] Density: 51.9337908553537
Cross-validation on partition 3 with 26 instances
....5....10....15....20....25.
Partition 2: Target: [  2.02367134e-02   0.00000000e+00   8.18071356e-02   9.98127419e-02
   5.35896664e-01   1.43404877e-01   4.82917219e-02   5.56460124e-01
   1.00000000e+00   2.06282874e-01   4.35045091e-01   1.00000000e+00
   1.00000000e+00   8.01954536e-02   5.58280066e-01   2.26253747e-04
   1.00000000e+00   6.61079790e-03   1.00000000e+00   8.78382635e-02
   1.00000000e+00   1.00000000e+00   1.00000000e+00   1.54641374e-02
   2.88725129e-02   6.24428860e-02   0.00000000e+00   4.54200298e-03
   2.59280340e-01   3.41650298e-02   0.00000000e+00   1.00000000e+00
   0.00000000e+00   7.42367092e-02   1.26069223e-01   1.00439204e-03
   0.00000000e+00   7.76156975e-01   3.53562379e-02   3.33159147e-04
   2.56093882e-02   1.00000000e+00   3.86209792e-01   4.00977414e-01
   1.50932341e-01   5.46404043e-02   1.00000000e+00   7.04052497e-01
   8.94569597e-01   1.84576179e-01   1.00000000e+00   1.00000000e+00
   8.34392835e-01   7.58431587e-01   7.27683537e-02   5.39282836e-01
   2.52535386e-03   2.82695165e-03   4.99342492e-01   9.14287669e-02
   0.00000000e+00   1.00000000e+00   3.00217178e-02   3.12131305e-02
   2.55959320e-01   2.85311882e-01   1.94655365e-02   3.09026853e-02
   3.49273168e-02   5.02956921e-02   5.61745283e-02   1.21297464e-02
   6.05133476e-01   8.73376118e-02   5.45243544e-01   1.00000000e+00
   1.00000000e+00   1.03347285e-02   1.00000000e+00   2.41835725e-01
   1.00000000e+00   1.00000000e+00   1.00000000e+00   2.88568952e-02
   5.80666696e-02   0.00000000e+00   1.53896276e-02   6.42329267e-03
   4.44534954e-01   3.78688827e-02   0.00000000e+00   1.00000000e+00
   1.89976840e-01   3.03277703e-01   1.85347336e-01   1.85946924e-02
   0.00000000e+00   1.00000000e+00   4.16351584e-02   1.70304957e-03
   6.57312222e-03   1.00000000e+00   6.80420237e-01   6.19567886e-01
   4.00851408e-01   1.89007406e-02   1.00000000e+00   7.22718368e-01
   1.95006555e-01   1.44384708e-01   0.00000000e+00   1.00000000e+00
   1.00000000e+00   1.00000000e+00   6.54283152e-02   5.24160192e-01
   2.93768769e-02   0.00000000e+00   3.53076593e-03   1.78218073e-03
   2.85373191e-02   8.45712176e-02   6.25908947e-02   0.00000000e+00
   1.00000000e+00   2.51274469e-02   2.04300512e-01   4.80969043e-02
   5.31664761e-01   1.45348148e-01   4.09014906e-01   3.24794529e-03
   4.40166508e-01   3.46215301e-01   1.22443578e-02   9.53515136e-03
   1.00000000e+00   0.00000000e+00   1.00000000e+00   1.00000000e+00
   1.00000000e+00   4.91198422e-03   8.71636146e-01   1.00000000e+00
   0.00000000e+00   0.00000000e+00   0.00000000e+00   6.64947734e-02
   4.46272631e-02   9.81186266e-04   0.00000000e+00   5.60434077e-01
   5.63977258e-01   5.79766454e-01   1.00000000e+00   1.00000000e+00
   0.00000000e+00   3.04780794e-02   3.37816111e-02   1.00000000e+00
   2.42704061e-01   8.43693156e-01   0.00000000e+00   5.14495913e-01
   1.00000000e+00   7.07741926e-01] Scale: [ 0.28952865  0.31963773  0.79770359  1.05724942  0.08622766  1.02671899
  0.12689981  0.42669703  0.54729603  0.79696419  0.54392415  0.86642459
  2.66888799  0.15331912  0.41701192  0.08998976  0.44884393  0.15160372
  1.13509138  0.77414349  0.51437909  0.40966494  0.32289977  0.12797079
  0.16344011  0.14313344  0.20179582  0.11750177  1.59918626  0.169482
  0.87954423  0.62812026  0.78161516  0.27685533  0.44419273  0.10463751
  0.87401727  0.36559671  0.45003735  0.15459551  0.50619836  1.13298576
  1.61112148  0.33519248  0.13989146  0.36365049  2.60410851  0.21434143
  0.76644644  0.82055653  1.1863829   0.4660354   0.23797381  1.15334872
  0.41804116  0.26641908  0.14731813  0.16202966  2.86238159  0.33213665
  1.0868628   0.72985065  0.39711799  0.18086131  0.547184    0.18383521
  0.09826168  0.46646201  0.3861701   0.65818155  0.68892975  0.61504958
  1.08473426  0.16371253  0.91125921  1.24396711  0.48305124  0.16413312
  1.04454058  1.06295621  0.27713463  0.45968317  0.55029407  0.75621341
  0.24855252  0.12793923  0.42335965  0.1367628   0.78260624  0.20823646
  0.4329955   0.37740548  0.52418183  1.30197246  0.82629149  0.1715667
  0.95926812  0.39682917  0.51591924  0.13351443  0.37857875  0.52937634
  0.74490229  0.52779818  0.26485177  0.17634929  3.15034278  0.34854958
  0.28112921  0.14911756  0.89385015  0.29813028  0.28799096  0.33084662
  0.29340205  1.7384636   0.16658679  0.18002239  0.16178867  0.22456748
  0.15397864  0.3892042   0.30349414  0.95332475  0.65617207  0.21411003
  0.66354498  0.21024657  1.64190303  0.4576106   0.16944463  0.4335467
  0.17870054  0.31187249  0.16068034  0.30519743  0.48393097  0.47398284
  0.39339756  1.0483615   0.62656512  0.15871162  0.35451548  0.39793208
  1.59432863  2.74645464  0.09020339  0.77513339  0.67650559  0.16701571
  0.57326333  0.45577368  0.48431303  0.47124816  0.63204618  0.59564565
  0.09496954  0.15506906  0.18958644  1.3523165   0.29596852  0.29375175
  1.5562368   0.93686812  5.35826086  0.13223056] Density: 45.05079345385134
Cross-validation on partition 4 with 17 instances
....5....10....15..
Partition 3: Target: [  5.66954687e-01   2.10402618e-01   2.90532553e-01   3.11388792e-02
   1.71830753e-04   3.87656372e-02   6.47110644e-01   1.28841690e-02
   1.00000000e+00   5.63493736e-01   1.35426145e-02   8.26000301e-03
   5.15902796e-02   7.43305266e-03   6.57621647e-03   6.46928100e-04
   2.04183821e-01   2.30233758e-02   1.20675613e-02   1.47129117e-01
   2.95110254e-01   6.05702419e-01   1.81660073e-02   1.00000000e+00
   1.00000000e+00   1.00000000e+00   5.66894418e-02   4.82497030e-01
   2.43082237e-01   1.00000000e+00   2.50951399e-03   1.00000000e+00
   2.03171588e-02   1.00000000e+00   9.94013786e-03   1.36258870e-04
   4.14697306e-04   1.00000000e+00   7.98333665e-01   5.41028481e-01
   6.44513768e-01   9.94565284e-01   5.94993251e-02   8.78635371e-03
   6.30965044e-03   1.79986207e-02   7.91817258e-05   1.00000000e+00
   1.27499064e-02   1.00000000e+00   8.59877211e-03   9.29660028e-01
   5.00248226e-01   1.45184648e-02   1.00000000e+00   2.76535036e-02
   4.89413030e-01   0.00000000e+00   3.25585292e-01   1.00000000e+00
   4.36903681e-03   1.00000000e+00   1.73513568e-02   9.96489601e-01
   2.97884521e-02   1.86498413e-01   1.11639325e-04   1.00000000e+00
   1.88058599e-01   5.52147529e-01   5.23292492e-01   1.46949176e-01
   1.61594515e-02   8.37999818e-03   1.85412789e-02   4.02103651e-04
   6.06695580e-01   1.15647392e-02   1.05160421e-02   6.99239936e-03
   9.79860786e-01   5.40178011e-01   1.23477042e-02   2.96385198e-01
   6.67345062e-01   9.02466075e-01   4.47950303e-02   4.97813762e-01
   4.40603397e-02   7.78380904e-01   0.00000000e+00   1.00000000e+00
   1.78782436e-02   3.48344679e-01   2.05282395e-01   8.40464253e-03
   2.04888931e-02   2.50082173e-01   3.44878956e-01   3.84495426e-01
   5.98581235e-01   1.00000000e+00   1.13988949e-02   9.30761516e-03
   5.40236244e-03   1.08507269e-02   3.07789051e-03   1.00000000e+00
   8.69449110e-03   6.38953800e-03   6.79394268e-03   1.35900354e-01
   7.38448419e-01   4.41682689e-01   4.40996703e-01   3.28493532e-01
   1.00000000e+00   1.00000000e+00   7.67612163e-01   2.47211744e-01
   1.00000000e+00   5.69396041e-01   3.03074943e-01   7.26573275e-03
   1.00000000e+00   7.10350928e-01   1.00000000e+00   1.00000000e+00
   1.00000000e+00   1.41892051e-02   6.11414121e-01   0.00000000e+00
   2.08064310e-01   1.36004527e-02   1.53001326e-02   5.42126262e-01
   2.14891288e-01   3.06613147e-01   1.75056156e-01   2.42028173e-02
   1.95761738e-02   1.00000000e+00   3.69539199e-01   2.48393758e-01
   0.00000000e+00   2.13429828e-03   4.98528694e-04   2.53399318e-02
   2.23327396e-02   9.17203252e-02   9.18476433e-03   2.06078273e-02
   1.95512007e-02   4.36315357e-01   1.00000000e+00   8.24856243e-01
   2.42919598e-04   1.00000000e+00   1.00000000e+00   1.13219069e-01
   0.00000000e+00   6.88816664e-01   0.00000000e+00   1.00000000e+00
   1.00000000e+00   9.14240983e-01] Scale: [ 0.48910301  0.33164259  0.44386965  0.53320985  0.11299693  0.48227087
  0.50937915  0.29450596  1.64705384  0.7298231   0.29302414  0.20246986
  0.6477291   0.22722311  0.22868715  0.09842884  0.23889851  0.35420714
  0.22639225  0.40293488  0.27054559  0.50184758  0.26165847  1.08267162
  1.128329    1.55485951  0.20806888  0.1712752   1.27228544  0.89641281
  1.94651338  0.49888674  0.52742051  1.04406622  0.25696015  0.14912432
  0.19360834  0.96070747  0.43872105  0.23818997  0.35645311  0.46766433
  0.59274568  0.23401917  0.16886394  0.30940607  0.31980816  2.00405721
  0.2599788   2.22529554  0.21236167  0.99108109  0.39861931  0.2338097
  1.72467835  0.34131693  0.28181229  0.4283311   1.61756003  1.29247796
  0.28398766  0.37950479  0.46139501  0.68892987  0.40454934  0.22159567
  0.09942996  0.71605708  0.2432735   0.58764851  0.39859103  0.40762995
  0.35009296  0.20389003  0.38634526  0.08880714  0.59901301  0.25703654
  0.21394728  0.21586373  1.11784994  0.41643084  0.24737261  0.46618275
  0.40213375  0.86473633  0.59829796  0.42179366  0.53638962  0.41342814
  0.32882837  0.36246232  0.31398886  0.99160424  0.33448886  0.18420869
  0.35019525  0.34467292  0.30987542  0.25865187  0.31340697  0.2981566
  0.27289771  0.21975232  0.19411643  0.22786523  0.10685437  2.60665196
  0.2999113   0.16091743  0.20237861  0.26109983  0.61826149  0.37191912
  0.34030127  0.76642048  1.22176422  1.19662839  0.55664256  0.18419719
  0.76715235  0.53908268  0.24299736  0.37016825  0.54742888  0.65273932
  2.24146261  0.93236583  3.9441888   0.2807428   0.18278853  0.26175961
  0.34214305  0.25825009  0.29714921  0.40718726  0.23332571  0.46856324
  0.27934696  0.31611987  0.30039371  0.70511134  0.30123242  0.31638446
  1.14596432  0.20595862  0.08530215  0.85351844  0.73173886  0.20483663
  0.26623371  0.32410857  0.32274968  0.24682095  0.47054399  0.2173052
  0.10500843  1.62908114  0.85686482  0.2800444   0.19300777  0.15335462
  1.01807516  1.85471064  3.63711901  0.22989722] Density: 41.91306035162741
Cross-validation on partition 5 with 24 instances
....5....10....15....20....
Partition 4: Target: [  6.58989318e-03   1.20745055e-02   3.64211987e-02   1.00000000e+00
   5.13819852e-04   2.50937116e-02   5.52336060e-01   3.99612057e-01
   6.13932929e-01   8.33201022e-02   5.28211392e-01   8.02976476e-02
   6.60587916e-01   2.68685909e-01   3.66683370e-01   5.02113833e-03
   6.81492494e-01   1.00000000e+00   3.39583084e-03   4.48345092e-02
   1.00000000e+00   4.92717912e-01   0.00000000e+00   1.82892125e-02
   1.82569468e-02   8.39298081e-01   9.52808422e-02   6.19013208e-01
   1.00000000e+00   1.94717040e-02   2.66988755e-03   3.88724285e-02
   1.00000000e+00   2.59722983e-02   1.00000000e+00   0.00000000e+00
   0.00000000e+00   5.17968843e-01   1.34929552e-02   1.31475006e-03
   2.36721387e-02   0.00000000e+00   1.83044978e-01   4.22286561e-01
   7.69586776e-03   3.35170297e-01   0.00000000e+00   1.00000000e+00
   6.77923361e-03   1.15534499e-01   8.81222031e-01   5.38631580e-01
   3.27484492e-01   5.55190694e-01   1.00000000e+00   3.87349467e-03
   4.68777031e-01   4.40990686e-03   5.81300834e-02   2.88858991e-02
   1.00000000e+00   1.63743849e-02   0.00000000e+00   1.85020479e-02
   3.23889135e-01   2.68002613e-03   7.40476855e-04   3.15473518e-02
   0.00000000e+00   4.36531642e-02   2.63101457e-02   2.11977821e-02
   5.99167377e-01   1.86812907e-01   3.30394291e-01   1.20184205e-03
   7.19432396e-01   3.96044675e-01   3.43978450e-03   4.20706023e-01
   9.08166849e-01   4.84449390e-01   2.28467493e-01   1.00000000e+00
   2.78853678e-02   7.12077089e-01   1.05796652e-02   6.62501986e-01
   1.00000000e+00   2.14040108e-02   9.46842448e-03   1.97000934e-04
   1.00000000e+00   6.38220484e-02   1.00000000e+00   0.00000000e+00
   0.00000000e+00   8.08069725e-01   2.73928836e-02   3.08638021e-01
   2.24048940e-02   3.73818904e-04   5.41595505e-01   5.72613023e-01
   2.85896663e-01   6.71772226e-01   4.25745202e-03   1.00000000e+00
   1.12758135e-02   5.95310622e-03   1.40715639e-01   2.65654445e-01
   1.17610922e-01   7.18964538e-02   5.20520734e-02   5.76255069e-01
   1.72789953e-02   9.43693236e-01   6.68843087e-01   2.97991869e-01
   1.81635256e-02   7.08577619e-01   1.91558540e-02   1.00000000e+00
   7.89525318e-01   1.93809240e-03   3.91653913e-02   2.24831057e-02
   1.06496587e-01   2.34852287e-01   7.92485066e-01   0.00000000e+00
   1.00000000e+00   1.00000000e+00   1.00000000e+00   1.85183756e-02
   7.44080123e-01   7.43952358e-03   1.58487251e-01   1.81367429e-01
   1.34771164e-01   1.63872250e-03   3.44174053e-01   6.28010136e-01
   0.00000000e+00   4.85330444e-03   4.67241968e-03   3.75818032e-02
   2.12745986e-02   1.69827300e-03   1.00000000e+00   3.69365468e-01
   1.00000000e+00   2.72685286e-02   8.63255389e-03   2.65560411e-02
   9.26311832e-04   1.72550808e-02   1.63742113e-02   0.00000000e+00
   0.00000000e+00   0.00000000e+00   0.00000000e+00   1.00000000e+00
   1.00000000e+00   4.79763278e-01] Scale: [ 0.34427413  0.30738406  0.46950109  0.71496133  0.09851528  0.43114322
  0.19533887  0.39597267  0.39691157  0.5212427   0.47056609  0.1819082
  1.57283419  0.34013316  0.36956275  0.30665748  0.30951251  1.39974349
  0.19843592  0.3941506   0.52598065  0.22846894  0.15073543  0.17752474
  0.19241826  0.32643203  0.21657055  0.27425773  2.28214012  0.17820437
  0.25674642  0.2457958   0.66818581  0.20851795  0.43004244  0.1705781
  1.03965345  0.26833324  0.38940987  0.22914495  0.395436    0.39103309
  0.9902901   0.39566893  0.18989196  0.42671319  0.33775133  0.53015038
  0.23824581  0.65857149  0.50487122  0.33579122  0.15893805  0.9560828
  2.55637541  0.18079898  0.19614869  0.17837856  0.98218117  0.22382149
  0.49426351  0.32902969  0.23369821  0.18950477  0.4241185   0.17687651
  0.1010544   0.54050928  0.44183645  0.67820738  0.41083584  0.40932119
  0.77587566  0.24586331  0.59494162  0.10814939  0.38496549  0.42420956
  0.18040656  0.55422089  0.27855934  0.18111275  0.16207861  1.31224762
  0.21705277  0.23686793  0.30998646  0.4176869   0.77722654  0.20663656
  0.21953417  0.14767861  0.4255011   0.66663682  0.79860592  0.28673619
  0.61832705  0.35211108  0.37835201  0.17154386  0.38016587  0.21440347
  0.55410214  0.46277431  0.33006495  0.92426327  0.15471769  0.86276828
  0.23759501  0.18782083  0.30932193  0.14056242  0.16949615  0.16452187
  0.30938722  1.66871464  0.17521171  0.4579479   0.25423644  0.24919373
  0.18058101  0.94931409  0.2310367   0.86215848  0.6064115   0.2904462
  0.30128439  0.19169726  0.71383755  0.42333915  0.33928568  0.51655434
  0.82396236  1.46397104  1.71039252  0.34108879  0.30778159  0.33694443
  0.1515682   0.19962557  0.17030315  0.22792786  0.16612984  0.24429332
  0.98057084  0.08267732  0.13901988  0.57512966  0.43283076  0.22140461
  0.55771003  0.37367888  0.49248584  0.45604748  0.31966573  0.44438736
  0.10219446  0.20739678  0.1803871   0.4514975   0.38866762  0.23629751
  0.73097148  1.77013823  5.67425967  0.3858768 ] Density: 46.069526928676666
Cross-validation on partition 6 with 24 instances
....5....10....15....20....
Partition 5: Target: [  1.54124526e-02   9.78926632e-03   5.50591035e-02   6.41325112e-02
   1.14784303e-04   1.14913842e-01   5.41094597e-01   5.12132128e-01
   6.16966527e-01   7.21761898e-02   5.03850510e-01   1.00000000e+00
   7.84748075e-01   9.78959052e-02   4.12315950e-01   8.50474882e-03
   6.61869937e-01   7.60682366e-03   1.00000000e+00   6.01534680e-02
   1.00000000e+00   4.98603551e-01   1.00000000e+00   2.35324973e-02
   2.97233368e-02   8.78861517e-01   6.11070254e-02   5.91730373e-01
   1.44997277e-01   2.91691916e-02   0.00000000e+00   3.02418520e-02
   1.00000000e+00   3.66795089e-02   8.60514366e-01   7.33843032e-04
   0.00000000e+00   4.35806028e-01   2.60497470e-02   1.19438931e-03
   3.13138997e-02   0.00000000e+00   1.99883575e-01   4.25642062e-01
   1.94504468e-01   2.63982253e-01   0.00000000e+00   2.96548848e-01
   7.48761772e-01   1.24113584e-01   1.00000000e+00   6.01271932e-01
   5.75155370e-01   6.38134921e-01   6.71872110e-02   4.65853719e-01
   4.48807328e-01   5.47327816e-03   5.96402119e-01   3.68536464e-02
   1.00000000e+00   0.00000000e+00   4.17469432e-02   2.79806225e-02
   3.41420129e-01   1.10406929e-03   2.42890587e-04   1.99890145e-02
   9.79087515e-03   4.11422239e-02   4.42262743e-02   3.03171671e-02
   6.00252956e-01   2.79569322e-01   3.94707397e-01   5.42880189e-04
   7.28752887e-01   5.92551649e-02   1.00000000e+00   4.28022219e-01
   7.74964228e-01   4.70839429e-01   1.00000000e+00   8.96593758e-02
   3.44290989e-02   7.10176216e-01   1.00885003e-02   7.27494996e-01
   3.09812537e-02   3.70805198e-02   0.00000000e+00   0.00000000e+00
   1.00000000e+00   6.11672254e-02   1.00000000e+00   2.66292476e-03
   0.00000000e+00   7.88702589e-01   4.49976375e-02   2.77528475e-01
   2.29945085e-02   0.00000000e+00   5.77155658e-01   5.90556125e-01
   3.28374413e-01   3.00769469e-02   3.29522125e-03   2.02802516e-01
   5.01564495e-02   1.02410984e-01   1.15488390e-01   1.00000000e+00
   6.58627192e-01   4.99204560e-01   6.60977603e-02   7.32308992e-01
   2.72082112e-02   9.34605952e-01   6.48168178e-01   2.63080152e-01
   2.83964680e-02   8.40564338e-02   5.84973661e-02   1.00000000e+00
   7.67909288e-01   1.05801891e-02   4.90913779e-02   3.06539634e-02
   1.37653901e-01   2.47942968e-01   7.47002918e-01   0.00000000e+00
   1.00000000e+00   9.38749535e-01   1.76643574e-02   1.20707699e-02
   6.91410634e-01   4.08386209e-03   1.00000000e+00   1.00000000e+00
   1.00000000e+00   0.00000000e+00   3.21005067e-01   5.89314384e-01
   0.00000000e+00   6.24623621e-03   3.55479600e-03   4.41092928e-02
   2.43246404e-02   1.53513687e-03   1.00000000e+00   1.25644269e-01
   1.00000000e+00   1.31317676e-02   0.00000000e+00   0.00000000e+00
   3.38027889e-04   1.93750340e-02   2.19497846e-02   0.00000000e+00
   0.00000000e+00   0.00000000e+00   0.00000000e+00   8.25067794e-01
   1.00000000e+00   3.19530667e-01] Scale: [ 0.28850923  0.32230241  0.49369293  1.04246715  0.10049614  0.76032415
  0.21222089  0.56027801  0.34394918  0.43394602  0.47434107  1.39457917
  2.03933788  0.29584301  0.38710661  0.44543456  0.23739251  0.18580134
  1.31748595  0.4418925   0.52818577  0.24793063  0.31449064  0.16950152
  0.20288222  0.36841654  0.20392205  0.26083475  1.15309559  0.18492093
  1.04334704  0.30967092  0.80750653  0.21293622  0.65515836  0.15013555
  1.21537028  0.2131381   0.44096918  0.2119952   0.42297163  0.58467608
  1.10578345  0.40968234  0.28792444  0.3788634   0.38239161  0.1938468
  0.73952001  0.64014404  1.01384616  0.31561226  0.18585988  1.00087322
  0.40992275  0.26628171  0.1992292   0.17698604  2.41795532  0.21230979
  0.657431    0.44544024  0.26832703  0.19632271  0.72085161  0.17186711
  0.10027652  0.35196077  0.45995919  0.53153298  0.46857163  0.46152498
  0.87682662  0.36241877  0.6722708   0.10387478  0.31776814  0.30343559
  1.21224251  0.6547383   0.19418436  0.2013493   0.58780017  0.82398732
  0.20624235  0.25574133  0.28894017  0.49434847  0.65037866  0.22893804
  0.5483278   0.20889765  0.89820545  0.70884025  0.747916    0.19066591
  0.86164369  0.30534696  0.42790346  0.17887934  0.38813297  0.334557
  0.59372081  0.48318355  0.35874757  0.29666831  0.12759048  0.24270711
  0.22249087  0.25480872  0.3708339   0.3226813   0.16816889  0.15841419
  0.32739431  3.3336421   0.18760028  0.39842792  0.2496874   0.23329648
  0.18771537  0.41102473  0.31243914  1.79151425  0.598898    0.25100441
  0.29424551  0.18954892  0.81275649  0.54344714  0.28081321  0.51429963
  0.8940059   1.02784616  0.26574534  0.24699691  0.24472175  0.27104407
  0.31738097  1.09144776  0.71470869  0.21002346  0.16984297  0.22562617
  1.23302671  0.06890237  0.09299561  0.51238368  0.40470355  0.20447898
  0.78697857  0.7218253   0.99737373  0.39055024  0.49389835  0.43413724
  0.10008935  0.19204469  0.17796512  0.67862947  0.46164293  0.29359479
  0.64995226  0.67994855  5.01328765  0.22065012] Density: 43.47644778603896
Cross-validation on partition 7 with 28 instances
....5....10....15....20....25...
Partition 6: Target: [  1.00000000e+00   1.00000000e+00   1.00000000e+00   1.00000000e+00
   0.00000000e+00   4.23320663e-02   4.99086160e-01   1.29160211e-02
   7.06127482e-01   1.50505894e-01   8.45290073e-01   4.00475326e-01
   1.00000000e+00   2.61099239e-01   7.53414777e-03   4.36052260e-01
   4.14158520e-01   1.04384475e-02   8.79833689e-03   6.70507372e-01
   6.30931483e-01   6.57584473e-01   1.37887458e-01   8.10518429e-03
   1.27609721e-02   1.00000000e+00   1.73767705e-01   1.00000000e+00
   1.44959567e-01   1.08595518e-02   1.56975718e-01   0.00000000e+00
   3.58262124e-01   1.92465994e-02   4.40272921e-01   0.00000000e+00
   0.00000000e+00   1.00000000e+00   5.84372927e-01   2.33277656e-01
   1.00000000e+00   1.00000000e+00   4.94832154e-01   2.78441060e-01
   5.83720468e-01   1.00000000e+00   3.07365632e-03   8.62727139e-01
   6.53144067e-02   1.56204351e-01   1.55421335e-01   7.27044241e-01
   5.08653241e-01   1.90968203e-01   2.88771582e-02   5.11056237e-01
   2.87391391e-01   1.00000000e+00   1.76542259e-01   2.91461366e-02
   1.00000000e+00   9.22442678e-01   3.91068216e-01   9.33823013e-03
   0.00000000e+00   6.63749026e-01   0.00000000e+00   7.39473812e-01
   1.00000000e+00   6.62330828e-01   1.00000000e+00   1.00000000e+00
   9.62989471e-01   7.67247162e-01   4.22928277e-02   2.09836521e-04
   5.32369097e-01   1.19470916e-01   8.12122136e-02   5.63995177e-01
   1.00000000e+00   5.67361444e-01   1.46469982e-03   1.00000000e+00
   2.09859173e-02   7.67866611e-01   1.00000000e+00   1.00000000e+00
   8.55505171e-01   1.16136668e-02   9.75321710e-01   0.00000000e+00
   1.00000000e+00   1.00000000e+00   0.00000000e+00   7.18896003e-03
   4.28770852e-03   1.00000000e+00   1.00000000e+00   3.29712491e-01
   1.00000000e+00   0.00000000e+00   2.69315645e-01   3.87726966e-01
   8.68470897e-02   1.24853646e-01   4.41269630e-03   6.08804169e-01
   1.00998351e-02   2.59619936e-01   5.16250117e-02   5.06414606e-01
   7.87582383e-01   4.32860125e-01   2.25272169e-02   8.53945109e-01
   1.46186418e-02   1.00000000e+00   5.95028972e-01   4.88668322e-01
   1.05408604e-02   4.47885562e-02   2.08113404e-02   5.03935929e-01
   4.52286066e-03   1.68600780e-03   6.35134055e-02   1.33150234e-02
   7.50158786e-01   2.62224921e-01   0.00000000e+00   8.68602498e-03
   2.03053199e-01   4.60542848e-01   5.92766542e-02   4.88692366e-01
   1.00000000e+00   2.62899754e-01   3.64494871e-01   6.00348140e-03
   4.11564517e-03   8.73700528e-01   6.73882615e-01   1.00000000e+00
   0.00000000e+00   1.00000000e+00   0.00000000e+00   1.00000000e+00
   1.00000000e+00   0.00000000e+00   4.45459819e-02   0.00000000e+00
   9.24034585e-01   1.00000000e+00   4.16856662e-01   1.00000000e+00
   0.00000000e+00   4.25038400e-01   8.73386810e-03   1.00000000e+00
   4.13156173e-01   0.00000000e+00   0.00000000e+00   4.04086525e-02
   2.95196643e-01   0.00000000e+00] Scale: [ 1.22098824  0.66797604  1.27398589  1.06330054  0.09875312  0.56473956
  0.22939237  0.19793363  0.29977656  0.78209113  0.85169054  0.19563068
  3.06069789  0.27870148  0.20659741  0.3591295   0.26532978  0.14547254
  0.17793968  1.09717179  0.17755704  0.25387706  0.12908992  0.11157645
  0.12646665  0.82359607  0.31586099  1.97327526  1.17263136  0.12072364
  0.64603527  0.17124539  0.24727755  0.1526574   0.17632961  0.11873484
  0.23006901  0.46228738  0.90789301  0.31477883  0.80705663  0.18597914
  1.8864964   0.34372825  0.36184363  1.3717866   0.12477167  0.44604621
  0.20901162  0.88484119  0.1391211   0.28871354  0.20828934  0.67492888
  0.29524109  0.34702435  0.1787396   0.71538155  1.73088004  0.20724845
  0.52444199  0.44295566  0.42135731  0.13242948  0.29707786  0.25833731
  0.0991999   0.82864712  1.27175477  0.85140028  1.03488611  1.15026784
  1.39577394  0.47419648  0.54792332  0.08889036  0.26379209  0.27342151
  0.16450218  0.57160508  0.37389627  0.23219098  0.13556795  1.61360304
  0.18603351  0.35632197  0.59478136  1.59517989  0.79398129  0.14100398
  0.49739052  0.08724938  0.43656277  2.87782214  0.30610793  0.1634584
  0.41495898  0.55565751  1.6768897   0.16681735  0.62824125  0.0748096
  0.40888821  0.38516912  0.22732671  0.24450394  0.10842059  0.53748356
  0.19321165  0.20197059  0.1689258   0.15751431  0.26337302  0.17845901
  0.19571464  1.97375503  0.13705966  0.80749255  0.27395605  0.36826867
  0.1179462   0.33400973  0.19533493  0.54114158  0.14948963  0.10589173
  0.3562064   0.12953606  1.69087241  0.1848747   0.29512716  0.3039423
  0.15251567  0.22851308  0.20256376  0.60223019  0.60231208  0.56077529
  0.165872    0.16734623  0.15341825  0.45319142  0.22309743  0.46067698
  1.66200957  4.31115983  0.21709183  0.98788802  0.69919965  0.35319545
  0.13725717  0.25347956  0.34624748  0.50495792  0.10152637  0.34614505
  0.09723635  0.27052664  0.14203104  0.27265958  0.12524515  0.14170639
  1.60818498  0.43052227  1.35703996  0.20810473] Density: 51.236751230700946
Cross-validation on partition 8 with 25 instances
....5....10....15....20....25
Partition 7: Target: [  3.98019588e-05   3.11179026e-02   4.53229994e-02   2.09912669e-01
   6.66938053e-04   4.84348101e-02   6.11881851e-01   1.60312611e-02
   4.52791187e-01   2.24837467e-01   6.66479811e-01   2.97335325e-01
   4.71504942e-01   8.93675527e-02   1.60410180e-01   8.39095106e-03
   7.73206014e-01   1.31675289e-02   6.27111264e-01   6.18482187e-01
   1.61391202e-01   4.74022572e-01   7.32022425e-01   3.00051262e-02
   3.04981447e-02   4.99324346e-01   6.41879436e-01   9.89089049e-01
   6.33757642e-02   3.57468632e-02   6.88577763e-03   1.43403217e-01
   7.06248376e-01   5.38494053e-02   1.00000000e+00   3.22299870e-04
   0.00000000e+00   8.58038218e-01   2.65874408e-02   3.12747785e-01
   4.63945176e-02   0.00000000e+00   3.65673488e-01   4.98959118e-01
   1.64393354e-01   6.97115600e-01   5.92019953e-03   4.07702646e-01
   1.35919641e-02   1.81382298e-01   3.49223145e-03   5.98497786e-01
   6.02511582e-01   6.12737658e-01   7.33910545e-02   1.12241042e-01
   7.17732784e-01   1.11206296e-02   2.20319822e-01   6.86202989e-02
   0.00000000e+00   2.97335549e-02   1.00000000e+00   3.34315496e-02
   2.25582449e-02   5.08053881e-03   6.95971167e-04   3.41935130e-02
   0.00000000e+00   4.34611372e-02   4.32781853e-02   3.76163163e-02
   6.04897798e-01   1.09971060e-02   5.04969140e-02   2.39526964e-03
   5.45461562e-01   3.64194315e-01   5.64737151e-01   5.99232198e-01
   6.39781995e-01   4.66817266e-01   1.92238598e-01   4.21390729e-02
   4.89420157e-02   6.33574946e-01   2.83875675e-02   6.44863048e-03
   0.00000000e+00   3.73765677e-02   1.55599557e-02   0.00000000e+00
   2.38574225e-01   1.78245846e-01   1.00000000e+00   6.71476255e-01
   0.00000000e+00   7.72257208e-01   4.52028092e-02   5.97302893e-01
   4.90167484e-02   0.00000000e+00   3.51317458e-01   5.18648745e-01
   2.29153796e-01   4.44562561e-02   4.69554557e-03   2.75279766e-01
   1.23247150e-02   2.46572813e-01   8.84889340e-02   6.51633721e-01
   9.06608752e-01   8.41852689e-01   5.29345696e-02   1.00000000e+00
   2.61386764e-02   9.14366118e-01   8.03018193e-01   8.06195089e-01
   3.08980265e-02   6.45270565e-02   3.61745607e-02   1.62098597e-01
   4.90819645e-02   8.66409328e-03   1.21864871e-01   4.74330702e-02
   3.27087632e-01   6.53611781e-01   8.33113926e-01   1.00000000e+00
   6.99604520e-03   8.85847395e-03   1.68712960e-02   3.59419209e-02
   9.84851305e-01   1.62163883e-02   4.18035765e-01   5.34170598e-03
   1.26001346e-01   3.93451118e-01   4.97872885e-01   6.03337205e-01
   0.00000000e+00   4.58810076e-03   6.47600894e-03   4.42798310e-02
   3.62466126e-02   4.89287885e-01   1.00000000e+00   4.37144787e-01
   9.02982206e-01   4.28975304e-02   0.00000000e+00   3.74985873e-02
   1.21582972e-03   2.57407432e-02   2.65043491e-02   0.00000000e+00
   0.00000000e+00   0.00000000e+00   0.00000000e+00   1.12442094e-01
   1.00000000e+00   6.89644525e-03] Scale: [ 0.26265844  0.44977882  0.40708235  1.01912605  0.09508815  0.63206999
  0.42624964  0.31499258  0.30081342  0.93097715  0.83632082  0.26410825
  1.69596645  0.25971389  0.30645577  0.2538696   0.3907533   0.28610453
  0.49903387  1.06792035  0.15884759  0.38395305  0.22609078  0.20663271
  0.2334088   0.38605377  0.4425669   0.80611638  1.67147245  0.23404037
  0.28781827  0.38505863  0.35231791  0.29013008  0.64396748  0.18096227
  1.67291842  0.46813611  0.47055867  0.38481572  0.4596112   0.45820161
  1.57391689  0.5428024   0.22469457  0.99565759  0.27418426  0.28131939
  0.28638486  0.85492705  0.17340343  0.30714968  0.31969431  1.0934202
  0.58634978  0.23059127  0.37967334  0.26512405  2.01994174  0.35255274
  0.56384235  0.39067139  0.4962333   0.24642438  0.96189828  0.17190969
  0.10099015  0.53044776  0.56188654  0.54158519  0.41572712  0.4798716
  1.05814701  0.21316429  0.54851427  0.11530664  0.31887942  0.50307136
  0.3935888   0.9028002   0.23568122  0.44957211  0.17304226  0.98103044
  0.28873842  0.42876345  0.37285684  0.23817264  1.10606301  0.27260657
  0.2594054   0.17251892  0.32867752  0.98988606  0.55140122  0.60055832
  1.05988291  0.35705784  0.4279216   0.346266    0.50169924  0.20599984
  0.56750784  0.55195078  0.30436127  0.56050268  0.17700714  0.34022179
  0.29330134  0.29671352  0.61954329  0.2088819   0.32825801  0.31258196
  0.31807165  4.98693845  0.20485363  0.54665376  0.4296651   0.65645172
  0.22464285  0.51217952  0.30822964  0.48623761  0.27514263  0.36884709
  0.55153012  0.27462001  1.27439099  0.64991305  0.4258916   1.42085006
  0.20149054  0.20695794  0.25383278  0.51048911  0.535853    0.3910043
  0.19377876  0.21106889  0.18890508  0.34380341  0.32761354  0.31681596
  1.25501793  0.104048    0.49646094  0.4714769   0.41751412  0.40599881
  0.55027915  0.49157612  0.51585018  0.57433738  0.32545516  0.54967384
  0.10311321  0.19900883  0.22012512  0.5965384   0.70258151  0.38099981
  1.13182744  0.40977543  5.33123249  0.39796121] Density: 44.736037918967305
Cross-validation on partition 9 with 18 instances
....5....10....15...
Partition 8: Target: [  3.20799454e-01   0.00000000e+00   2.22928326e-01   1.26891079e-02
   1.06880852e-04   3.42353729e-01   2.21223308e-01   2.62109024e-02
   7.20100384e-01   7.46398273e-01   1.77231934e-02   3.17590124e-02
   3.30919184e-02   2.18465906e-02   1.21264976e-02   9.08729082e-04
   6.93884543e-01   1.04944422e-01   1.82751189e-02   2.16808557e-02
   2.50460459e-02   4.42639236e-01   4.17415285e-01   6.04771812e-01
   1.00000000e+00   1.00000000e+00   5.24570392e-01   5.02228095e-03
   8.59881172e-01   9.92477283e-01   3.24973261e-03   8.77811241e-03
   0.00000000e+00   1.00000000e+00   5.93860102e-03   1.00000000e+00
   0.00000000e+00   1.00000000e+00   3.94730038e-01   7.25622532e-01
   5.62439273e-01   7.32406028e-02   7.05442357e-01   1.65257396e-02
   2.12075084e-02   1.50066753e-02   2.19460555e-03   5.93733305e-01
   2.30638336e-02   1.74634392e-02   3.49618176e-02   4.74543163e-01
   8.99272994e-01   1.96001063e-02   1.00000000e+00   1.00000000e+00
   6.15344204e-03   0.00000000e+00   8.89087794e-01   1.00000000e+00
   0.00000000e+00   4.88849186e-03   7.64418402e-01   5.37033964e-01
   1.02059107e-02   6.76944465e-01   1.13176953e-04   1.00000000e+00
   7.96560700e-01   5.84171489e-01   3.50161797e-01   5.66376171e-01
   1.55976135e-02   3.34569495e-02   2.35953241e-02   8.52286388e-05
   8.32889116e-01   2.82920433e-02   2.25374445e-02   1.35605905e-02
   8.91870014e-02   3.68562495e-01   2.17188873e-02   2.94957016e-03
   9.66025686e-01   6.38014420e-01   3.23982598e-01   1.61665465e-02
   2.24594569e-02   9.36052243e-01   1.43538638e-03   1.12633865e-03
   4.73837344e-03   1.00000000e+00   0.00000000e+00   1.00000000e+00
   1.88511112e-03   3.26563633e-01   3.07782110e-01   8.93506945e-02
   5.51754419e-01   4.21125036e-01   1.63614736e-02   1.37196678e-02
   1.52845992e-02   4.12561416e-02   8.60015290e-01   1.00000000e+00
   1.30715326e-02   1.59635784e-02   1.15399219e-02   1.33684074e-02
   2.41675998e-01   6.09844594e-01   9.72910660e-01   1.00000000e+00
   9.36438043e-01   3.02919087e-01   6.00965498e-02   6.51738720e-01
   1.00000000e+00   1.00000000e+00   1.00000000e+00   5.70428759e-01
   6.27336408e-03   6.27175099e-01   1.00000000e+00   1.00000000e+00
   1.00000000e+00   4.16699577e-03   3.09704735e-03   0.00000000e+00
   5.35842219e-02   5.47589795e-02   3.76919986e-02   4.25982633e-01
   2.50646212e-01   2.37670961e-01   9.90654757e-01   5.15441651e-01
   2.18286053e-02   1.00000000e+00   2.41032155e-01   2.11405306e-01
   1.01263596e-04   3.93693890e-04   1.68371014e-03   2.07185009e-01
   1.87154094e-01   3.47531982e-01   2.66814326e-03   8.56051138e-03
   8.75391759e-03   5.18086807e-01   7.90120670e-03   9.01071197e-02
   2.29608362e-04   1.00000000e+00   1.60682145e-03   1.98089079e-01
   1.00000000e+00   1.00000000e+00   0.00000000e+00   2.58473705e-02
   7.95805404e-01   1.32426346e-02] Scale: [ 0.32944274  0.31436358  0.35196646  0.5111049   0.09679924  0.51970034
  0.21706381  0.40690119  0.54019002  0.70835733  0.38528133  0.37459017
  0.63503141  0.30250555  0.22688465  0.09767208  0.58049604  0.78174526
  0.30722891  0.28908187  0.31971728  0.29037016  0.34387163  0.44840545
  0.86389732  1.64205178  0.26497676  0.11448761  1.59903892  0.64805204
  0.50981629  0.14654341  0.29608477  0.90179723  0.3020535   0.50504373
  0.32384765  0.68421761  0.37064302  0.30652932  0.34854375  0.14776479
  1.08898789  0.31334661  0.25889576  0.31975873  0.91036108  0.6487786
  0.37680168  0.21565021  0.4263313   0.31541462  0.69996448  0.29231944
  1.43107344  2.92668416  0.15743402  0.31251315  2.53254382  1.10929388
  0.27289669  0.1349757   0.20345801  0.24014672  0.49585902  0.36291151
  0.10962419  0.60198989  0.25617926  0.35492729  0.32732989  0.35566663
  0.41695868  0.3490434   0.34481102  0.09801623  0.66447644  0.37516252
  0.32020478  0.29498939  0.20768472  0.26714033  0.35801144  0.52174475
  0.66714615  0.45642527  0.35033965  0.19108368  0.43640332  0.54922102
  0.10430038  0.09630956  0.26227255  1.82053376  0.66644001  0.63213882
  0.41939633  0.22407323  0.33320675  0.16181855  0.35951094  0.14708563
  0.3086023   0.29064041  0.25307007  0.42260681  0.51361015  3.44017442
  0.25643686  0.22009153  0.22547723  0.23633754  0.2208405   0.40129408
  0.90229917  3.12015921  0.64556557  0.28320904  0.18367014  0.38211064
  0.82471489  1.66248867  1.2413765   0.3897348   0.12995119  0.31236797
  1.64073809  0.80027764  2.68659242  0.37137304  0.61065964  0.29451915
  0.51886998  0.51124681  0.41122903  0.42037807  0.18183948  0.45631434
  1.07390169  0.86476768  0.38492194  0.65537901  0.19636999  0.18864857
  0.09977016  0.22836889  0.99258504  0.36053654  0.3656973   0.19653193
  0.25053404  0.37679066  0.28344285  0.36253221  0.14720211  0.17836565
  0.09944448  1.15547368  0.16870668  0.21188354  0.26114224  0.31084642
  1.57287786  0.32173867  2.07100513  0.4226576 ] Density: 40.6420873978122
Cross-validation on partition 10 with 27 instances
....5....10....15....20....25..
Partition 9: Target: [  7.75421597e-01   2.79939549e-03   8.49158364e-01   2.14424041e-02
   0.00000000e+00   9.87598256e-01   7.87512808e-02   9.42732393e-01
   8.87676916e-02   1.00000000e+00   1.00000000e+00   3.05955852e-01
   1.00000000e+00   1.59344317e-01   4.05993889e-01   1.00000000e+00
   7.62631814e-02   6.23679089e-01   2.61651849e-02   2.08916699e-01
   1.82992518e-01   6.95074472e-02   1.16062090e-01   1.00000000e+00
   1.00000000e+00   1.48745635e-01   1.53515411e-01   9.18132821e-03
   7.29766250e-02   1.00000000e+00   4.15674881e-02   1.00000000e+00
   6.95861427e-02   1.00000000e+00   1.90151476e-02   0.00000000e+00
   0.00000000e+00   9.20900483e-02   7.51010508e-01   9.92607190e-02
   4.33096990e-01   6.40043146e-01   1.00000000e+00   2.21658254e-01
   2.28147341e-01   1.00000000e+00   0.00000000e+00   1.35882693e-01
   1.71775009e-02   1.00000000e+00   4.57047164e-01   7.84156499e-02
   9.06748769e-02   4.96240747e-01   9.36757799e-01   2.73979911e-01
   9.03303263e-02   0.00000000e+00   4.48869496e-01   1.00000000e+00
   6.63637353e-03   1.00000000e+00   3.00622716e-02   1.00000000e+00
   4.66955425e-02   1.29870572e-01   1.71847867e-05   7.59934999e-02
   6.47340696e-03   7.10876124e-02   6.25287833e-01   6.97509531e-01
   1.00000000e+00   4.25366315e-01   9.93909783e-01   0.00000000e+00
   8.92963723e-02   2.21124891e-01   5.94473009e-02   1.59128952e-01
   8.52849230e-02   7.10206177e-02   7.98128184e-02   9.24854250e-01
   1.00000000e+00   9.28742961e-02   1.37232499e-02   2.75801540e-02
   4.07271345e-02   1.00000000e+00   1.00000000e+00   1.00000000e+00
   3.07865825e-02   1.00000000e+00   0.00000000e+00   8.73220841e-03
   3.72732316e-01   7.21776521e-02   1.00000000e+00   7.71087627e-02
   2.51875663e-01   1.00000000e+00   6.83266961e-01   4.55452296e-01
   0.00000000e+00   8.48461518e-03   1.36333796e-02   1.41771148e-01
   8.82255446e-01   4.53744536e-02   6.82325137e-03   9.61034533e-02
   7.91407422e-02   8.39440947e-02   1.00000000e+00   9.65760470e-01
   1.00000000e+00   1.25221814e-01   1.03848763e-01   1.01153114e-01
   1.00000000e+00   8.51050041e-01   1.00000000e+00   3.95069253e-03
   1.00000000e+00   1.00000000e+00   1.00000000e+00   1.00000000e+00
   1.00000000e+00   2.94843036e-02   5.35936896e-01   3.67221789e-01
   8.35559592e-01   7.10891824e-01   5.09803114e-01   4.16768150e-01
   8.60639330e-02   1.48975112e-02   1.29144203e-01   1.74784652e-01
   1.04546247e-01   1.00317078e-01   7.23612828e-02   7.09660408e-02
   0.00000000e+00   0.00000000e+00   3.11319616e-04   1.43771767e-02
   6.75120466e-05   1.20393322e-01   2.18219961e-02   4.48636097e-02
   3.63839523e-02   4.64150259e-01   1.00000000e+00   6.85024159e-01
   1.50431835e-04   1.00000000e+00   1.00000000e+00   4.81524945e-02
   2.37274686e-04   2.30650689e-01   1.62183292e-01   1.00000000e+00
   1.00000000e+00   1.00000000e+00] Scale: [ 0.58691281  0.49701045  0.57956105  0.35667731  0.09836187  0.72060567
  0.39375431  1.18707645  0.45482097  0.49799338  1.51713414  0.43112355
  1.49186721  0.35734231  0.25470233  1.43295993  0.40590288  1.37512672
  0.26561187  0.22661461  0.65168494  0.37287144  0.54386153  0.63348333
  0.41567996  0.64649882  0.8045411   0.12298779  0.62949972  0.36084949
  1.31641466  0.68350503  0.77947432  0.47321787  0.34666461  0.23527734
  0.23495258  0.51633827  0.38106     0.57427915  0.38408697  0.25935382
  0.94182713  0.29580479  0.24841066  1.99281876  0.74700289  0.70322415
  0.31014708  0.67082162  0.82095351  0.42060124  0.4358138   0.4585906
  0.41193244  1.19404394  0.43167254  0.4560899   0.80601049  0.38469283
  0.24883121  0.43079627  0.498313    0.33715756  0.51865011  0.28373441
  0.09922239  1.18137559  0.28036879  1.50732271  0.42392411  0.43030668
  1.52842719  0.45728646  0.73359224  0.64521587  0.4514732   0.37244805
  0.27650185  0.17312672  0.44888234  0.36683603  0.52543767  0.49451148
  0.38123248  0.45108582  1.13262999  0.21002498  0.39778971  0.28700219
  0.58350963  0.50336632  0.32915285  1.14836689  0.68131403  0.28093457
  0.31521961  0.40242455  0.46036286  0.38421496  0.37500861  0.52041116
  0.41158695  0.30948981  0.25016922  0.42368119  0.27762059  0.72686721
  0.56928244  0.15572296  0.14622778  0.51424898  0.39804231  0.41113076
  0.60102965  1.14503993  0.48641418  0.57785247  0.48521821  0.60042679
  0.33093159  0.33622862  0.36024683  0.49186905  0.69452598  0.79720517
  0.49650885  0.37348721  0.83827511  0.3781473   0.23282936  0.23199866
  1.93453898  1.00374089  0.73431632  0.99191435  0.4912871   1.24726853
  0.5739195   0.94887551  0.63302723  0.56131627  0.3714629   0.38473001
  1.01476636  0.26924579  0.0920128   1.56405413  1.41384616  0.6734052
  0.35194822  0.4743304   0.36486631  0.34838173  0.55013096  0.22453103
  0.09760751  1.08212529  0.61302794  0.32999933  0.19812911  0.11639615
  0.70269741  2.55737838  4.30484604  0.52276351] Density: 50.09732521386274
Using result EMDDResult(target=array([  3.98314295e-01,   2.44080886e-01,   4.50930201e-01,
         2.61447795e-01,   5.37470918e-02,   2.00692063e-01,
         4.20409109e-01,   3.02025827e-01,   5.93269208e-01,
         4.14452974e-01,   5.05299835e-01,   4.17028283e-01,
         7.00152313e-01,   2.31847877e-01,   2.55598543e-01,
         1.90874977e-01,   5.58284789e-01,   2.69133449e-01,
         3.79661011e-01,   2.97476902e-01,   5.43388806e-01,
         5.17845682e-01,   4.34267536e-01,   3.71285324e-01,
         4.13405129e-01,   5.81471775e-01,   2.50377149e-01,
         3.71380000e-01,   3.15243653e-01,   4.13405142e-01,
         2.13858117e-02,   3.22555732e-01,   3.15441380e-01,
         4.22498970e-01,   3.73132069e-01,   2.00219679e-01,
         1.15194520e-04,   6.44455759e-01,   3.90150092e-01,
         3.05008340e-01,   4.32848150e-01,   4.71002049e-01,
         5.39458567e-01,   3.00053091e-01,   2.36499134e-01,
         4.72318831e-01,   1.57445590e-01,   5.57738463e-01,
         2.85067129e-01,   3.85948744e-01,   4.65278134e-01,
         5.60699085e-01,   5.05833822e-01,   3.48971701e-01,
         4.92296887e-01,   3.31564887e-01,   3.48088470e-01,
         2.02383077e-01,   3.94462423e-01,   4.27707955e-01,
         3.01661494e-01,   4.97460926e-01,   3.12421646e-01,
         3.66557618e-01,   1.39055496e-01,   3.73362963e-01,
         2.13868762e-03,   3.27328573e-01,   3.69008995e-01,
         2.66803757e-01,   4.39620681e-01,   4.29368796e-01,
         6.34507999e-01,   2.81658573e-01,   3.57069582e-01,
         1.41521413e-01,   5.95269408e-01,   2.09778045e-01,
         3.77160811e-01,   2.90639845e-01,   6.44978477e-01,
         5.04009457e-01,   3.68115657e-01,   3.52975050e-01,
         3.84203674e-01,   5.20352578e-01,   2.44694624e-01,
         2.98184051e-01,   2.91792413e-01,   3.87630032e-01,
         3.00178548e-01,   3.00132334e-01,   3.77443224e-01,
         5.21335789e-01,   3.48643216e-01,   2.71987410e-01,
         4.29197697e-02,   5.65027491e-01,   4.81188955e-01,
         3.15620412e-01,   3.92342300e-01,   3.42242076e-01,
         4.51245146e-01,   3.99655117e-01,   2.43500478e-01,
         1.97104542e-01,   2.89714406e-01,   6.00912008e-01,
         2.18442839e-01,   1.92708182e-01,   1.78497947e-01,
         4.72397031e-01,   5.58761098e-01,   4.86922706e-01,
         3.69614057e-01,   6.57629626e-01,   4.06431354e-01,
         5.39625187e-01,   4.43856825e-01,   3.37227095e-01,
         4.12832394e-01,   3.74299753e-01,   3.18303949e-01,
         3.95885974e-01,   4.62283442e-01,   3.31856683e-01,
         4.68239673e-01,   4.17512396e-01,   6.85306167e-01,
         1.84896999e-01,   4.05784440e-01,   1.38233560e-01,
         4.92153546e-01,   4.60044827e-01,   3.24055747e-01,
         2.41590371e-01,   5.40188613e-01,   9.26899829e-02,
         4.69844662e-01,   3.13775575e-01,   3.45775623e-01,
         4.50198418e-01,   4.49751275e-01,   5.41408298e-01,
         1.01263596e-05,   1.02045848e-01,   2.17399837e-03,
         2.33892331e-01,   2.33602746e-01,   2.06533434e-01,
         3.11875657e-01,   2.22835120e-01,   5.12144960e-01,
         4.46118829e-01,   3.64940427e-01,   4.66404215e-01,
         3.10312924e-04,   5.13617612e-01,   3.11654558e-01,
         3.47777003e-01,   3.06246907e-01,   3.54903699e-01,
         1.62183292e-02,   4.57625600e-01,   7.92003034e-01,
         3.55641756e-01]), scale=array([ 0.66176145,  0.44867468,  0.67031844,  0.76662883,  0.27084706,
        0.62460602,  0.31228796,  0.4439394 ,  0.53700366,  0.65729083,
        0.59496696,  0.48624693,  1.88628151,  0.35415558,  0.2737301 ,
        0.32849683,  0.3903797 ,  0.62985912,  0.56559705,  0.69231584,
        0.42917811,  0.3453462 ,  0.31739138,  0.39233013,  0.37668472,
        0.66639525,  0.38140313,  0.41071311,  1.33994186,  0.33903101,
        0.82501866,  0.33302208,  0.54119216,  0.45269461,  0.38987498,
        0.21259764,  0.6448735 ,  0.46090414,  0.51601657,  0.36340522,
        0.52802903,  0.40758551,  1.40263676,  0.32268589,  0.28611466,
        0.7093775 ,  0.71365015,  0.59998123,  0.40003811,  0.84062848,
        0.56421265,  0.41619717,  0.3359983 ,  0.65542956,  0.86114287,
        0.67836035,  0.2652112 ,  0.40515876,  1.85788006,  0.4826238 ,
        0.48681361,  0.42891165,  0.36496476,  0.28210774,  0.53855288,
        0.28298877,  0.10046579,  0.73125386,  0.57191455,  0.85834983,
        0.61190263,  0.64323906,  1.02756109,  0.34827054,  0.62851382,
        0.26851322,  0.42925321,  0.35061066,  0.48472435,  0.48817127,
        0.41411826,  0.34297501,  0.39222594,  0.82229075,  0.31541658,
        0.39500468,  0.63024704,  0.40643539,  0.67099715,  0.28224235,
        0.41401941,  0.21191209,  0.42353799,  1.42043567,  0.69186937,
        0.35051945,  0.59884274,  0.35713836,  0.66070064,  0.25200342,
        0.4667806 ,  0.24709798,  0.5568428 ,  0.36368676,  0.32383516,
        0.62749772,  0.6154524 ,  1.06328678,  0.34787056,  0.26238338,
        0.38044602,  0.321294  ,  0.33711788,  0.31058681,  0.40259346,
        2.00184546,  0.37463275,  0.51166999,  0.33174356,  0.37774932,
        0.33107226,  0.55871643,  0.3590693 ,  0.69274733,  0.39444516,
        0.36959917,  0.77779013,  0.38201127,  1.81649346,  0.3918217 ,
        0.41301379,  0.45394672,  0.66873525,  0.64024908,  0.61465773,
        0.6089639 ,  0.36327197,  0.72073988,  0.38405475,  0.57646452,
        0.43245889,  0.43992173,  0.28727254,  0.33405598,  1.06013126,
        0.86528035,  0.42983033,  0.96937843,  0.8354197 ,  0.35905617,
        0.40929162,  0.43150529,  0.4579777 ,  0.45089429,  0.32593114,
        0.35911023,  0.09910229,  0.69916043,  0.35833879,  0.53983923,
        0.31521879,  0.22539605,  1.29522411,  0.95986301,  3.55685212,
        0.36405583]), density=46.31542364834584) for prediction
Threshold 0.5
Total bags 92
Total positive bags 47
Total negative bags 45
Total predicted positive bags 67
Total predicted negative bags 25
True positives 44
False positives 23
True negatives 22
False negatives 3
Accuracy 0.717391304347826
Precision 0.6567164179104478
Recall 0.9361702127659575
