Cross-validation on partition 1 with 138 instances
....5....10....15....20....25....30....35....40....45....50....55....60....65....70....75....80....85....90....95....100....105....110....115....120....125....130....135...
Partition 0: Target: [  5.87622153e-03   1.21315998e-01   9.27266075e-01   2.67981634e-02
   0.00000000e+00   4.96087444e-01   1.09594047e-01   5.43978953e-02
   9.83018893e-02   4.28159712e-01   6.11458258e-01   3.74290116e-02
   4.39114642e-02   3.86414803e-01   2.54243812e-01   1.00000000e+00
   9.94978203e-02   3.65816522e-01   4.03281403e-02   3.39511457e-01
   3.26159117e-01   7.28733697e-02   9.10620725e-02   1.00000000e+00
   5.66965000e-01   1.43761560e-01   6.30786630e-01   3.25899608e-03
   1.07224265e-01   1.00000000e+00   9.81420298e-04   3.56432728e-02
   4.78263831e-02   5.35915927e-01   5.09356859e-03   5.59840510e-04
   4.41209371e-03   8.18982378e-01   7.68972859e-01   1.00000000e+00
   5.63380820e-01   5.98068850e-03   6.70798914e-01   5.88024566e-01
   5.28198406e-03   1.00000000e+00   1.37344788e-02   3.14807113e-01
   5.21218012e-02   2.30981300e-01   9.88404758e-01   7.91075449e-02
   9.57986522e-02   2.86811426e-02   2.69006915e-02   8.61645493e-01
   2.64449081e-01   1.79286659e-02   2.21946558e-01   3.25999816e-01
   3.84405257e-03   1.10910409e-02   4.68692164e-01   1.00000000e+00
   1.55099413e-02   0.00000000e+00   0.00000000e+00   2.22948713e-01
   0.00000000e+00   3.05297191e-01   7.50303986e-01   8.08804647e-01
   1.74301054e-01   1.24324798e-02   4.40184646e-03   1.28042230e-01
   1.04930131e-01   1.00000000e+00   3.47606927e-02   6.10540395e-02
   2.18749645e-01   8.72287423e-02   1.00000000e+00   2.78616743e-01
   4.52727378e-01   1.17735691e-01   4.39206402e-03   7.15948305e-02
   1.17694750e-01   1.00000000e+00   8.28789895e-03   4.39717248e-02
   9.77985097e-03   3.91733461e-02   1.00000000e+00   0.00000000e+00
   2.81010935e-03   1.37521332e-01   1.00000000e+00   2.95224910e-01
   3.85055993e-01   1.61918344e-02   4.72698193e-03   2.64531699e-01
   2.00444562e-01   1.00000000e+00   4.92224369e-03   3.25078489e-01
   5.86265333e-01   4.59152270e-03   4.00599469e-01   1.72336983e-01
   1.34254521e-01   1.01466910e-01   1.00000000e+00   1.00504020e-01
   8.34753691e-01   2.52096425e-01   1.91474054e-01   1.46445055e-01
   9.63271763e-01   3.79161536e-01   1.00000000e+00   0.00000000e+00
   5.30935185e-02   2.09193696e-02   3.70441861e-01   9.28470449e-01
   7.50293689e-02   1.05271396e-02   2.18084764e-01   0.00000000e+00
   4.44257022e-01   7.16618986e-02   5.90071529e-01   1.84873600e-02
   3.72714943e-01   0.00000000e+00   9.20927408e-02   4.28955806e-01
   7.87665783e-01   8.94670044e-01   2.30241330e-01   1.73997915e-01
   0.00000000e+00   0.00000000e+00   0.00000000e+00   6.86256916e-02
   9.04387325e-03   9.51970804e-01   0.00000000e+00   1.28586644e-02
   2.82553753e-03   2.94900512e-01   6.20243495e-03   1.83304531e-03
   0.00000000e+00   1.59978639e-02   9.56148073e-01   0.00000000e+00
   0.00000000e+00   0.00000000e+00   0.00000000e+00   4.41066650e-04
   4.25714064e-01   8.86916015e-02] Scale: [ 0.13613856  0.51857542  0.80475009  0.46434523  0.09457858  0.8725798
  0.42856726  0.60641063  0.40101886  0.6648708   0.48792216  0.3445013
  0.41096142  0.2703062   0.13937539  0.75479123  0.44690698  1.7173571
  0.40578384  0.253305    1.13480371  0.30943179  0.41123935  1.74116433
  0.37951148  0.52667251  1.67793407  0.07716781  0.58187625  0.82664044
  0.10222844  0.18585196  1.19516237  0.43210193  1.02921499  0.9199248
  0.17580456  1.96301599  0.82945238  2.4117468   0.51620671  0.17431463
  1.1766482   0.4044501   0.14460681  0.9914104   0.27473868  1.00606857
  0.53809317  0.43393996  1.98756837  0.33146669  0.38395497  0.28156032
  0.29183889  2.46592981  0.84959153  0.42060001  1.27830784  0.25135832
  0.27119899  0.1328116   0.13372214  1.0052399   0.35647323  0.16329244
  0.09417592  1.32843136  0.23964341  1.55039225  0.57531304  0.80397836
  0.38019157  0.20512133  0.12236502  0.08273341  0.44576295  1.30497329
  0.3415397   0.17836105  0.73881282  0.35394105  2.86636034  0.25042898
  0.34851617  0.45506337  0.31217808  0.28114085  0.66122301  0.96964333
  0.09223428  0.20451546  0.32610946  0.34734411  2.48841672  0.83199929
  0.23093958  0.51647671  0.85428812  0.89994944  0.54790163  0.15369395
  0.12375812  0.18836199  0.15149422  4.37743644  0.07448706  1.0968033
  0.29356487  0.13101159  0.21306359  0.69947944  0.50835127  0.40575152
  1.82797204  0.62128743  0.63816512  0.81508662  0.68267307  0.58396378
  0.69549934  0.44624677  1.09352649  0.90579443  0.23938943  0.15017013
  0.41294707  0.7711502   0.49821162  0.26782201  1.13022657  1.27365003
  1.52694681  0.54211941  0.64440129  1.76220943  1.14293746  1.70089955
  0.38209651  1.67027354  1.71798044  2.10684633  0.73752583  0.59841089
  0.09348624  0.08796606  0.08471601  0.86519962  0.51007179  2.22154127
  2.6379003   0.39769667  0.51947458  0.46740619  0.09248467  0.20486198
  0.08875287  0.1284701   0.91666589  0.57196933  0.33800602  0.23213126
  0.33698528  0.12907207  0.66913045  0.13299966] Density: 51.03896428394023
Cross-validation on partition 2 with 111 instances
....5....10....15....20....25....30....35....40....45....50....55....60....65....70....75....80....85....90....95....100....105....110.
Partition 1: Target: [  1.53499025e-02   0.00000000e+00   3.19717447e-02   5.12680226e-01
   1.22550425e-03   6.53174673e-01   7.87636874e-01   9.20515296e-01
   7.05489488e-01   7.64141386e-01   7.92715794e-01   7.42611089e-03
   4.44871612e-01   4.69737479e-01   2.63935939e-01   2.44755960e-03
   8.49398990e-01   3.24687993e-02   5.60490671e-01   3.08617306e-01
   3.55721254e-01   4.94536480e-01   5.30267494e-01   4.59504143e-02
   7.69968708e-02   8.77588626e-01   5.33305159e-01   1.28361450e-02
   5.32241620e-02   9.16577155e-02   3.99693176e-03   9.21010101e-01
   3.10585908e-02   2.14301706e-01   5.81017478e-01   5.29657472e-02
   1.74062472e-02   1.48851792e-02   1.77745844e-02   2.97314722e-01
   8.53905290e-03   9.67986808e-01   7.26245813e-01   7.32846222e-01
   4.53244735e-02   8.07466308e-01   9.37245235e-03   3.73727069e-01
   1.00000000e+00   5.06683855e-01   3.27931657e-01   4.45670680e-01
   4.37591414e-01   2.45081139e-01   5.77024776e-01   1.00000000e+00
   8.23086874e-01   5.29370687e-03   2.41893728e-01   3.30573740e-01
   1.80180875e-01   1.00000000e+00   1.67401451e-02   9.80737538e-02
   6.06495346e-01   1.05120891e-02   4.11216364e-04   1.25130457e-01
   8.84008404e-02   7.25417339e-02   1.82014080e-02   3.91505336e-03
   3.92705491e-01   6.29423938e-03   3.36687848e-02   2.74875725e-03
   8.54990361e-01   8.12427118e-01   8.07494023e-03   7.94693930e-01
   1.49198511e-01   6.98570969e-01   5.90169550e-01   2.74484968e-02
   2.06279136e-01   7.13277930e-01   4.33092327e-03   2.09643036e-02
   5.75037201e-01   1.46452712e-01   2.42129957e-03   2.71320546e-01
   6.37771411e-01   4.81957507e-02   3.71710586e-01   9.40049870e-02
   7.59734275e-03   3.87950010e-01   2.43293079e-02   7.27596651e-01
   1.62178831e-03   3.74604535e-01   2.03874621e-01   5.72256039e-01
   4.56009044e-01   7.31282809e-01   2.99575421e-01   8.12668705e-01
   1.10957231e-01   6.63760266e-02   5.40503676e-01   1.84073334e-01
   1.15810703e-01   1.72030366e-01   1.78151279e-01   6.46217901e-01
   7.93081635e-02   6.66512237e-01   8.55694391e-01   5.05836702e-01
   7.18499815e-02   3.41887911e-01   3.84277020e-01   3.00990222e-02
   6.55536073e-01   9.40905773e-02   6.62722861e-01   1.51496276e-01
   7.46538951e-01   4.92414604e-01   5.39500226e-01   1.06937108e-03
   1.94606385e-01   1.38803076e-02   3.06252736e-01   3.08554918e-01
   1.19337616e-01   5.12855505e-02   8.97010058e-01   1.00000000e+00
   1.00000000e+00   8.37255147e-02   6.27234472e-01   3.78381999e-01
   4.82841513e-04   1.82641502e-03   1.70411469e-03   4.06503044e-02
   1.19412066e-02   4.24692907e-01   5.98196291e-01   9.40637916e-01
   9.87835300e-01   3.01513610e-01   9.99401069e-01   9.89732137e-01
   6.67708205e-04   1.76315755e-02   3.75301814e-02   5.51648237e-01
   1.13659772e-02   3.70344266e-02   0.00000000e+00   0.00000000e+00
   2.05215860e-02   7.78010456e-01] Scale: [ 0.37526484  0.46743708  0.59633644  0.84242536  0.10121637  2.57683754
  0.66965721  1.901529    0.85611471  3.80078887  0.8891435   0.2445808
  1.64869453  0.40082422  0.26344733  0.10601732  0.89876132  0.48158477
  0.47285131  0.83180267  0.48596117  0.46888628  0.36132109  0.53348834
  0.517088    0.74536355  0.65200615  0.20774331  0.55736384  0.62869514
  0.24524802  0.68856414  1.27140658  0.95283139  0.78469666  0.49627113
  0.747774    0.37198424  0.89652237  0.48213815  0.38156691  0.98541412
  3.90183104  0.67543401  0.20339881  0.85686278  0.16707305  0.63884387
  2.92787848  1.61785813  0.45017108  0.53129827  0.35755765  0.69911088
  1.89679544  1.86992446  0.75117047  0.27181788  1.79185947  1.26694406
  0.80709184  0.72092536  0.34408223  0.73482103  0.59274162  0.36278766
  0.14587583  1.12534976  0.62819688  0.83510717  0.47951104  1.02478153
  0.54064488  0.20937947  0.36501438  0.10694979  1.16204657  0.93323829
  0.27384559  0.88768141  0.39461382  0.59880751  0.49511592  0.67620341
  0.96921648  0.56404634  0.25813442  0.31165225  0.87127882  0.97428048
  0.36258496  0.36549787  0.63346753  0.5078737   0.53666459  0.61474784
  0.49542862  0.42350045  0.67780708  0.66800543  0.35155329  0.42439561
  0.30821924  0.47556962  0.34870007  0.88419767  0.1886919   1.34956461
  0.27342185  0.21286805  0.44717519  0.33268164  0.34414509  0.31209804
  0.8320451   3.37723115  0.54926495  0.66130765  0.78790576  0.49003798
  0.54522952  1.53982467  1.69834158  1.04224668  0.40058796  0.61163524
  2.19205633  0.82279425  3.96771522  0.59567762  0.32293089  0.84440429
  0.42867496  0.29303123  0.39363149  1.69250145  0.39014445  0.65746533
  0.64071965  1.95064942  1.32372889  0.39251086  0.58059429  0.40913045
  0.13939817  0.10834885  0.10219721  0.58924841  0.35278003  0.571667
  1.50978091  0.8130682   0.91001939  0.49867219  0.89934961  0.62549897
  0.15992393  0.2297133   0.38275919  0.89703282  0.46210351  0.33798194
  0.42939525  0.41651485  0.30898405  0.21791406] Density: 53.317853497117916
Cross-validation on partition 3 with 150 instances
....5....10....15....20....25....30....35....40....45....50....55....60....65....70....75....80....85....90....95....100....105....110....115....120....125....130....135....140....145....150
Partition 2: Target: [  8.62405748e-03   1.37506073e-02   3.35684086e-02   3.56719976e-01
   1.73264048e-03   1.00000000e+00   6.15247905e-01   1.46830942e-01
   5.26995374e-01   2.14464172e-01   7.33422631e-01   8.28935143e-01
   9.61273736e-01   3.31907976e-02   3.60819321e-01   2.27167114e-03
   9.77914364e-01   2.79575148e-01   3.99906462e-01   5.36792864e-02
   1.37188943e-01   3.94014523e-01   8.74962187e-01   7.75930903e-02
   9.49489342e-02   2.12426770e-01   9.03606727e-01   4.81970511e-03
   9.72138725e-01   1.09115632e-01   4.28372867e-03   2.74969220e-02
   9.76093807e-01   1.62766268e-01   9.99622245e-01   3.73851837e-02
   1.00000000e+00   1.29469558e-01   2.09093481e-02   7.66196835e-01
   1.97102591e-02   4.75470053e-02   6.50465526e-01   3.70265653e-01
   5.07897456e-01   5.67708212e-01   5.34978432e-03   7.63699723e-03
   9.26547893e-03   2.36458003e-01   2.58368109e-01   4.79410508e-01
   5.44077918e-01   7.82518063e-01   3.95622688e-01   4.54661840e-01
   8.77959807e-01   4.85963719e-03   1.00000000e+00   1.19366104e-01
   1.00000000e+00   6.32609382e-02   1.35215679e-01   9.13236691e-02
   1.00000000e+00   5.39498483e-03   3.95735817e-04   1.59551003e-01
   0.00000000e+00   5.76294757e-02   1.93970868e-02   2.35228223e-02
   8.73539239e-01   4.99262157e-01   5.37950040e-01   1.35268586e-03
   8.23237534e-01   5.17021838e-03   7.95451702e-01   6.63111260e-01
   3.49557921e-01   4.68559820e-01   4.32161134e-01   1.05415715e-01
   1.29363605e-01   4.26961240e-01   3.41350012e-03   1.42649003e-02
   2.99375384e-01   1.53999664e-01   1.98799007e-02   2.57478843e-02
   1.00000000e+00   3.98598536e-01   1.00000000e+00   5.01583519e-03
   1.00000000e+00   5.12411677e-01   3.38270063e-02   8.16647523e-01
   2.65460268e-02   2.07282536e-02   7.22301239e-01   6.53235509e-01
   2.60336330e-01   2.75871838e-02   7.46770677e-03   3.88824852e-01
   1.92203656e-01   4.63953070e-01   3.45807711e-01   7.49548226e-01
   7.78355756e-01   7.97234879e-01   3.92664763e-01   8.03924796e-01
   1.07519201e-01   4.26647528e-01   8.24961944e-01   8.31326866e-01
   9.73867163e-02   4.48812093e-01   3.79739431e-01   1.00000000e+00
   2.31317523e-01   2.35160461e-02   1.35102645e-01   1.28267232e-01
   3.51779761e-01   1.00000000e+00   9.14425841e-01   4.88178859e-01
   8.45518125e-03   1.88863754e-01   6.31453090e-03   4.97494435e-01
   4.73922806e-01   4.65330685e-02   5.75381855e-01   7.84018508e-03
   2.20238304e-01   5.05141019e-01   6.61153522e-01   4.10783512e-01
   3.47770641e-04   9.57698693e-04   1.18330510e-03   2.40996975e-02
   7.69433626e-03   8.77903455e-01   9.29583408e-01   9.99745746e-01
   1.00000000e+00   6.29045631e-02   1.70672611e-02   1.18673914e-01
   7.83424380e-04   2.50616562e-02   4.01944935e-02   6.97732134e-03
   1.58586308e-03   6.21765508e-03   0.00000000e+00   4.33841013e-04
   9.56820925e-01   2.16880544e-01] Scale: [ 0.197942    0.30309299  0.45967769  0.31597058  0.27749348  4.21591456
  0.30579773  0.29508021  0.33934066  0.89579063  0.49543651  0.60020857
  3.60275211  0.18343632  0.23723065  0.10346777  0.70446294  0.46334901
  0.26528163  0.47599571  0.22294872  0.24036262  0.40054377  0.40408958
  0.45225096  0.21371653  0.67950697  0.18606847  0.80126602  0.50459105
  0.17947675  0.26548627  0.94411186  0.63526672  0.50719109  0.46681141
  2.17151323  0.25191094  0.58271642  0.65417407  0.34503632  0.4839899
  1.84354781  0.26539874  0.2660683   0.41162725  0.16757181  0.22556667
  0.2163048   0.9730383   0.2616475   0.27346598  0.27111297  0.86616239
  1.20354442  0.37798388  0.45832211  0.1909648   3.46429806  0.56926308
  0.69255431  0.38435836  0.20892276  0.44418311  0.61728981  0.17785446
  0.11389846  1.0134558   0.46536905  0.74503509  0.35988566  0.73254922
  0.7574346   0.30417454  0.61759015  0.10085069  0.53862945  0.21661503
  0.51729691  0.37914648  0.23634771  0.26685557  0.26060844  0.6909595
  0.58522127  0.25182573  0.24251597  0.20186082  0.29622041  0.62870826
  0.19263527  0.24635635  0.44496029  0.59919203  0.72102312  0.50012787
  1.11039774  0.28393252  0.52224615  0.45667857  0.39194047  0.28276685
  0.49759387  0.35619494  0.21071479  0.30032745  0.15661501  0.37212088
  0.22947935  0.24364059  0.23066181  0.38316498  0.37499836  0.38738814
  1.15117578  4.49511498  0.47178691  0.27731676  0.39601441  0.47089208
  0.47230549  1.31742508  1.15155037  0.78163238  0.44004303  0.2682166
  0.66850353  0.56034583  1.40473034  0.53097248  0.59674537  0.57711533
  0.24246338  0.27637479  0.20484224  1.78764406  0.33128556  0.61331989
  0.25297413  0.20557125  0.22991826  0.44707223  0.36183478  0.24204125
  0.12209233  0.10455614  0.10365692  0.51639769  0.32718074  0.7248487
  1.32107463  0.47374367  0.49048605  0.67393639  0.22993579  0.66876034
  0.10897187  0.21103338  0.26899205  0.93145116  0.27425731  0.25502299
  0.53344258  0.40775251  3.55088932  0.16152371] Density: 54.72536637327213
Cross-validation on partition 4 with 161 instances
....5....10....15....20....25....30....35....40....45....50....55....60....65....70....75....80....85....90....95....100....105....110....115....120....125....130....135....140....145....150....155....160.
Partition 3: Target: [  5.12295085e-04   2.60689593e-03   1.65892258e-01   2.24132949e-02
   6.90307052e-04   4.30192628e-02   3.71689699e-01   2.93752878e-02
   7.66901941e-01   3.55095708e-01   1.71184208e-02   1.42666004e-01
   2.34009037e-02   3.16889603e-02   1.94616076e-02   2.67455546e-03
   7.19821218e-01   3.20750363e-01   7.94366642e-02   7.16771875e-02
   6.19870346e-02   3.90774436e-01   2.91109422e-01   2.25567532e-01
   9.35487351e-01   1.00000000e+00   6.48401982e-01   5.47841399e-03
   2.82560817e-01   4.86821934e-01   3.57353436e-03   2.07530783e-02
   5.66274822e-03   9.57665052e-01   1.98149582e-02   4.87910644e-03
   6.73525337e-03   8.39912526e-01   4.31686726e-01   2.93629777e-01
   5.96815806e-01   8.94871639e-04   3.74830782e-01   2.47092738e-02
   3.80968977e-02   1.27284646e-02   7.48946079e-03   8.81782218e-01
   6.45600504e-02   3.09241303e-02   1.72706681e-01   4.58058781e-01
   7.69822587e-01   9.23972097e-03   1.00000000e+00   9.26909027e-01
   1.56148791e-01   6.79795943e-03   3.46134634e-01   9.42162166e-01
   8.55594606e-03   1.52250649e-02   4.66828435e-01   1.10737467e-01
   1.51040041e-02   0.00000000e+00   7.33651250e-04   5.27529560e-01
   7.21984679e-04   2.12256583e-01   3.83090613e-01   4.96401078e-01
   1.23840917e-02   6.96944851e-02   4.87492148e-02   1.22445258e-03
   8.88287637e-01   2.50805404e-02   1.07626337e-01   2.35400821e-02
   2.44585434e-01   4.06146498e-01   5.27328375e-02   5.27772979e-02
   4.85977917e-01   7.03582644e-01   1.17104125e-01   4.39449087e-02
   1.23447850e-02   4.66416308e-01   1.35163041e-02   1.56362061e-02
   1.12141827e-02   8.94324853e-01   8.79338890e-01   1.39510107e-03
   2.65982830e-02   2.36564024e-01   3.56460987e-01   3.16053293e-03
   5.66527738e-01   1.64227259e-03   2.56666057e-02   2.31593974e-02
   2.46533513e-02   4.14112585e-02   3.28818373e-01   1.00000000e+00
   2.57068735e-02   3.23482101e-02   2.14194958e-02   1.84166403e-02
   2.43239262e-01   5.20736329e-01   5.58989877e-01   1.00000000e+00
   4.65446761e-01   6.12163104e-01   3.02722378e-01   2.05256859e-01
   6.02309449e-01   1.00000000e+00   9.77212552e-01   0.00000000e+00
   4.52023972e-02   1.13750903e-02   1.00000000e+00   6.65813782e-01
   1.00000000e+00   1.09540588e-02   2.23325223e-01   6.85390649e-04
   2.65887263e-01   2.22990337e-01   5.12253601e-02   3.97426412e-01
   3.68606428e-01   7.62913915e-02   8.12520589e-01   1.06185111e-01
   3.49546560e-02   5.05726700e-01   2.54940856e-03   2.19610235e-02
   6.87152299e-04   1.13548819e-03   1.72065802e-03   1.42923872e-01
   2.97683715e-01   5.13481799e-01   1.80537595e-02   1.33852965e-02
   1.17043431e-02   3.50771505e-01   3.00584452e-03   7.52229110e-03
   1.35007501e-03   1.00000000e+00   1.10797692e-02   0.00000000e+00
   1.02176562e-03   0.00000000e+00   2.33732208e-03   0.00000000e+00
   2.65784807e-01   1.75511308e-01] Scale: [ 0.28215502  0.22715122  0.39644353  0.34430206  0.08661061  0.54085053
  0.24785069  0.34179181  0.6878367   0.36729716  0.27997878  0.85339904
  0.39363607  0.35410366  0.30080001  0.1083532   0.64740191  1.48521981
  0.62641     0.53374561  0.48549565  0.27434644  0.25244268  0.20992808
  0.85612582  0.90287742  0.31622359  0.12223025  0.50713581  0.30568443
  0.13907792  0.27167913  0.52118526  0.90924278  0.50584304  0.8780048
  0.16975223  0.48964027  0.39241107  0.23463428  0.42573829  0.26978271
  0.51219899  0.32869187  0.40759391  0.22253961  0.34936264  1.47808953
  0.53306522  0.29591572  0.90744988  0.33885488  0.46507337  0.26699417
  2.96150035  2.09906251  0.1687815   0.18317074  1.39201799  0.85052888
  0.25152318  0.19640518  0.17908067  0.18272711  0.29615807  0.36399947
  0.10140644  0.54573131  0.38355852  0.44509625  0.33473683  0.44052893
  0.22644953  0.55687155  0.4934612   0.10404925  0.83037288  0.30840938
  0.74095731  0.34110374  0.38347393  0.27416492  0.48711777  0.42835687
  0.3723859   0.41959187  0.25890888  0.19433138  0.27603573  0.34236136
  0.16995535  0.32603644  0.259293    0.39099885  0.84202132  0.49587012
  0.35234999  0.2417763   0.38695333  0.16943261  0.45725304  0.35494408
  0.36609671  0.33728282  0.32194396  0.32788062  0.18108348  3.60261272
  0.34538775  0.38374204  0.31780213  0.26288812  0.27646836  0.33424782
  0.6802584   4.735294    0.44805418  0.43164497  0.21554644  0.20365966
  0.41637881  3.79952677  1.49586929  0.46082684  0.3203792   0.18846226
  1.66058041  0.45521467  2.05402798  0.23996312  0.55775533  0.66786538
  1.25691587  1.07872187  0.44924163  0.48933494  0.23183511  0.41375938
  0.51756895  0.56077889  0.43495461  0.27528175  0.18418802  0.19775568
  0.10982972  0.10716228  0.10423503  0.34084679  0.29973437  0.26348211
  0.8698851   0.28649813  0.332188    0.3267621   0.22268448  0.21357102
  0.10273289  1.11562043  0.17884985  0.60778182  0.50220482  0.54221192
  0.27308706  0.24720915  0.45579513  0.17608393] Density: 55.40047886742968
Cross-validation on partition 5 with 152 instances
....5....10....15....20....25....30....35....40....45....50....55....60....65....70....75....80....85....90....95....100....105....110....115....120....125....130....135....140....145....150..
Partition 4: Target: [  3.08046648e-03   1.85673566e-01   9.16606267e-01   3.44914834e-03
   0.00000000e+00   3.98389996e-01   5.47090635e-02   9.70890690e-01
   1.06467598e-02   4.84275956e-01   1.50083696e-01   1.00000000e+00
   9.31028036e-02   7.24823798e-01   4.89845354e-01   0.00000000e+00
   4.36161967e-02   1.00000000e+00   3.80974237e-01   9.22058491e-02
   1.00000000e+00   2.65471241e-02   1.00000000e+00   6.78355775e-01
   5.51207423e-01   1.38912846e-01   2.32528416e-01   2.04055467e-03
   2.99107633e-01   9.00593304e-01   0.00000000e+00   2.38999618e-02
   3.30529046e-01   1.00000000e+00   2.34272016e-02   4.92694909e-01
   8.18555611e-04   3.53404875e-01   7.11061397e-01   4.96167790e-01
   5.72251706e-01   2.35071892e-03   4.01968782e-02   4.93597480e-01
   2.22547900e-01   1.14230053e-02   0.00000000e+00   1.00000000e+00
   5.41865368e-01   6.69652100e-01   1.00000000e+00   1.96482196e-02
   3.36367082e-02   7.90638816e-03   1.00000000e+00   5.96988342e-01
   1.11854989e-01   3.16765366e-03   6.20565777e-01   6.10981122e-01
   0.00000000e+00   1.24384022e-02   5.47430800e-01   1.00000000e+00
   1.76010637e-02   0.00000000e+00   0.00000000e+00   9.23570235e-02
   4.19209260e-01   1.58595126e-01   7.54345110e-01   7.46113231e-01
   3.55681474e-01   7.23038727e-01   7.61767384e-01   5.73814459e-02
   3.38005923e-02   6.87365298e-01   8.48453717e-01   2.57808443e-01
   1.00000000e+00   3.93747620e-02   1.00000000e+00   6.73544950e-01
   1.00000000e+00   6.91888276e-02   0.00000000e+00   4.10455826e-02
   2.44630884e-02   9.44122486e-01   6.12170012e-03   2.33434795e-02
   5.04181872e-03   3.17470396e-01   1.07947699e-02   1.00000000e+00
   0.00000000e+00   7.34970160e-02   1.00000000e+00   1.39766217e-01
   4.15089619e-01   6.99438328e-03   5.23334881e-01   1.91933678e-01
   3.77665325e-01   4.80537512e-01   0.00000000e+00   8.77361846e-03
   8.29225119e-01   2.03936590e-01   3.73182295e-01   1.00000000e+00
   7.71189689e-01   1.32325798e-02   1.00000000e+00   1.00000000e+00
   1.00000000e+00   1.60948427e-01   9.47466036e-02   5.97335377e-02
   6.16606887e-01   3.13645151e-01   5.38950361e-01   7.42914454e-01
   4.12890010e-02   6.62313578e-02   1.01128802e-01   1.00000000e+00
   1.29608197e-01   1.07422818e-02   5.30361256e-02   1.40439652e-02
   1.00000000e+00   1.00000000e+00   1.00000000e+00   2.15066218e-02
   1.77760700e-01   0.00000000e+00   5.02227397e-02   1.28726289e-01
   1.00000000e+00   3.91276778e-01   1.22094202e-01   9.62371095e-02
   0.00000000e+00   0.00000000e+00   0.00000000e+00   3.05604482e-02
   0.00000000e+00   3.81509114e-01   0.00000000e+00   1.32159792e-02
   1.93619910e-03   2.71552895e-01   6.46983304e-03   2.63906242e-03
   0.00000000e+00   7.72247997e-03   1.00000000e+00   2.54026051e-01
   8.88914301e-01   2.60011685e-01   0.00000000e+00   0.00000000e+00
   1.01056608e-01   1.19786808e-03] Scale: [ 0.14320483  0.37249362  0.7331419   0.27755246  0.54325611  0.7996501
  0.28576043  1.08591796  0.11114822  0.62335794  0.17195639  1.0226688
  0.36370005  0.34514742  0.14539177  0.08227887  0.31590212  3.01128184
  0.17905739  0.10552352  1.6694746   0.16924145  1.67400537  0.60699288
  0.39581513  0.52579079  1.04049688  0.08111435  1.12102675  0.65006385
  0.09337745  0.15224915  0.59963932  1.67137136  0.95840219  0.66065085
  0.1429411   1.04744569  0.58453903  1.47084186  0.43738849  0.18240579
  0.39363568  0.23676168  0.12371105  0.16257405  0.51019279  1.6184975
  0.32879829  0.67395358  1.75479289  0.14184777  0.19814273  0.13502018
  1.31245816  1.51170658  0.51296502  0.28990317  2.01629289  0.46865432
  0.31414276  0.1416569   0.11136846  1.06570619  0.3451567   0.15456206
  0.09581915  0.63381198  0.17853643  0.9997188   0.50917211  0.78585857
  0.36383869  0.35222695  0.25612609  0.09161027  0.22716556  0.41831253
  0.53063822  0.16359774  1.89567708  0.22112905  2.60371675  0.40268721
  1.08594661  0.32962252  0.2465063   0.19220333  0.27594204  0.64816798
  0.09431607  0.14533092  0.30497519  0.54211064  0.68348716  0.9311956
  0.15277724  0.35994947  0.85318306  0.57073583  0.45825037  0.11261465
  0.1740965   0.14327019  0.14779125  0.4066442   0.07537854  0.11149019
  0.32963395  0.10596079  0.13617422  2.1977398   0.62463856  0.12939032
  2.55352198  1.77298863  1.07506711  0.60642691  0.45009666  0.42442599
  0.32585071  0.41029288  0.44685575  0.26914438  0.20985339  0.12592509
  0.23081723  1.02079217  0.42105378  0.20131985  0.83510078  0.57604111
  2.20487982  1.61780834  0.84888224  0.86602813  0.69103693  1.42772262
  0.28272544  0.61697624  5.00703439  1.17191194  0.49768962  0.41391787
  0.0953145   0.08981945  0.08659645  0.67429534  0.43970444  1.33670206
  2.65050564  0.33877079  0.47343176  0.55756851  0.10610394  0.2329013
  0.09167491  0.09237059  1.32077434  0.53859636  0.38410869  0.22727898
  0.30565141  0.11991415  0.37683174  0.12249571] Density: 53.559852582113606
Cross-validation on partition 6 with 213 instances
....5....10....15....20....25....30....35....40....45....50....55....60....65....70....75....80....85....90....95....100....105....110....115....120....125....130....135....140....145....150....155....160....165....170....175....180....185....190....195....200....205....210...
Partition 5: Target: [  1.05776848e-02   1.07345102e-02   1.12790852e-01   3.87090189e-01
   6.22454861e-04   2.46646709e-01   8.09027706e-01   1.00000000e+00
   6.34799999e-01   7.19130660e-01   7.01089389e-01   1.00000000e+00
   3.63521263e-01   4.50963657e-01   2.35967558e-01   1.44175285e-03
   8.12861627e-01   3.49639636e-01   9.11729635e-01   4.04514051e-01
   1.00000000e+00   6.06704497e-01   1.00000000e+00   4.69854459e-02
   6.70648966e-02   7.38889345e-01   4.49359643e-01   5.75947359e-03
   1.66777754e-02   8.68857960e-02   3.38058869e-03   8.24010304e-03
   3.83611376e-02   1.79854312e-01   6.21566799e-01   3.46812190e-02
   6.20533284e-03   4.56579337e-03   7.54213142e-01   4.22903805e-01
   7.78038938e-01   7.75833674e-01   6.92285403e-01   6.46995248e-01
   3.79792144e-01   7.78902266e-01   5.05038191e-03   9.91754387e-01
   5.31314717e-01   4.38395281e-01   1.00000000e+00   4.45224497e-01
   5.39474338e-01   1.08230351e-01   3.50480540e-01   1.00000000e+00
   8.01752795e-01   2.25205886e-03   1.55889043e-01   2.43129895e-01
   1.01104112e-01   5.58403792e-03   1.59746334e-01   1.04075993e-01
   5.90858136e-01   4.53078519e-03   2.77685921e-04   1.48082164e-02
   3.71613967e-01   5.90677020e-03   6.29906548e-01   4.28969034e-01
   3.09758006e-01   7.85410977e-01   2.82970048e-02   1.31174510e-03
   8.07045252e-01   7.50662517e-01   1.00000000e+00   6.97395444e-01
   1.00000000e+00   7.87585757e-01   1.00000000e+00   1.72297098e-03
   1.61798696e-01   6.91955352e-01   1.01176443e-01   1.00000000e+00
   4.18009041e-01   1.74891917e-01   1.06871320e-02   9.39770345e-03
   6.14745870e-01   5.02159143e-02   3.34597742e-03   1.78666472e-02
   1.32360587e-02   3.42770690e-01   4.22442405e-01   7.74088448e-01
   6.68716612e-01   7.49522274e-03   1.49691549e-01   5.13534433e-01
   4.10673394e-01   7.09394495e-01   5.83012417e-01   9.02894817e-01
   1.51603666e-01   3.43728211e-01   4.66480002e-01   1.00000000e+00
   7.33925352e-01   5.80366035e-01   1.49478753e-01   5.90905731e-01
   7.81469151e-02   5.48815439e-01   7.86444198e-01   3.00764909e-01
   6.66398124e-02   4.99654988e-01   3.70118542e-01   0.00000000e+00
   7.98794011e-03   3.18696343e-02   5.93484430e-01   1.41269963e-01
   7.01217880e-01   5.24183130e-01   2.23562752e-03   4.57388101e-03
   1.00000000e+00   1.00000000e+00   5.85468900e-01   7.55431734e-02
   5.86723809e-03   2.72082787e-01   6.11624027e-01   1.00000000e+00
   1.00000000e+00   2.92831991e-01   7.60008192e-01   5.25105753e-01
   2.38404401e-04   7.63911623e-04   1.17441666e-03   2.92971614e-03
   1.14160145e-01   4.55795032e-01   5.75766296e-01   9.47667168e-01
   9.99252646e-01   8.97291459e-01   4.59165789e-01   1.00000000e+00
   7.39695346e-04   1.29830851e-02   4.15124001e-02   9.15218338e-01
   3.34285975e-01   2.91705966e-04   7.95461246e-01   0.00000000e+00
   3.10110469e-02   4.00497003e-01] Scale: [ 0.23547508  0.38288964  0.54859295  0.59896416  0.09982497  1.16970689
  0.4199163   2.03687986  0.45931431  3.29719782  0.5403599   1.10231788
  1.47371851  0.26866818  0.20045354  0.10183766  0.5242786   0.50075618
  0.84416506  0.74994477  0.84855483  0.34171018  0.83335097  0.33240507
  0.39060577  0.44898826  0.22599672  0.15394382  0.3009332   0.48259166
  0.14805379  0.21359508  1.06282491  0.81386927  0.47543444  0.62806161
  0.35381178  0.18630498  1.26047854  0.23692206  0.95115427  0.81049334
  3.54775641  0.4210775   0.21799762  0.69406171  0.15954542  1.02508096
  0.44262337  1.42317524  1.08066536  0.33411313  0.30659632  0.43135712
  1.25718266  1.83988013  0.34800592  0.26487236  0.9880043   0.94758156
  0.76278942  0.2567354   0.22815667  0.5857475   0.34337283  0.23344788
  0.12427733  0.35901751  0.41796925  0.3500456   0.85536475  1.21344743
  0.3417398   0.5386005   0.32447186  0.09869151  0.5694235   0.58365459
  1.15107673  0.5280314   0.79396009  0.43080136  0.94225404  0.61542943
  0.71088839  0.36937962  0.23916315  2.46513071  0.34281782  0.81964631
  0.15708281  0.19651603  0.40193933  0.440239    0.51157779  0.65799849
  0.24364084  0.26890002  0.89014575  0.34367755  0.81733266  0.22005516
  0.22745217  0.31138416  0.24077435  0.6678829   0.28067083  0.84042521
  0.22365614  0.20988833  0.30134319  0.75405569  0.4080811   0.32167976
  0.68074663  2.82900479  0.45634227  0.35488492  0.3745529   0.20420989
  0.39566701  1.49503375  1.26845358  0.82520461  0.1929871   0.33029572
  1.72065993  0.68131554  3.45694332  0.31627378  0.37832187  0.62870768
  1.65354579  1.73309903  0.42568345  0.87778452  0.20693874  0.68435277
  0.36008484  1.56233902  1.31996089  0.22235606  0.39096236  0.29972603
  0.12923754  0.11147278  0.10455161  0.34370906  0.28211583  0.21752391
  1.01333116  0.45347892  0.49651855  1.15559755  0.4941468   1.74982361
  0.11437579  0.16940518  0.30844767  1.0344334   0.21991525  0.21772288
  0.37354965  0.37228302  0.42014869  0.1937818 ] Density: 49.8853055350254
Cross-validation on partition 7 with 157 instances
....5....10....15....20....25....30....35....40....45....50....55....60....65....70....75....80....85....90....95....100....105....110....115....120....125....130....135....140....145....150....155..
Partition 6: Target: [  2.83209427e-03   1.76532667e-02   3.45198313e-02   7.47488955e-01
   3.98727896e-03   9.76407719e-01   6.17952962e-01   2.16983994e-01
   5.38208757e-01   2.65690391e-01   7.50639333e-01   8.32737560e-01
   9.47309409e-01   4.67765415e-02   4.14668681e-01   3.76602072e-03
   9.59188220e-01   2.90121175e-01   4.50013075e-01   7.76027485e-02
   1.07848652e-01   4.16637757e-01   8.81480090e-01   8.41409965e-02
   8.35512246e-02   2.25560133e-01   9.13909089e-01   5.91135504e-03
   1.00000000e+00   7.05970067e-02   2.75251876e-03   6.26139992e-02
   4.25428225e-01   1.79443108e-01   6.29104656e-01   6.54942840e-03
   0.00000000e+00   1.53001809e-01   1.77624766e-02   7.77865303e-01
   1.99344204e-02   1.17216224e-03   6.04744068e-01   4.02570245e-01
   4.91195357e-01   5.45930153e-01   5.20985547e-03   1.92940341e-02
   8.63850034e-03   2.84796240e-01   2.70147636e-01   5.00641281e-01
   5.90069384e-01   8.05505387e-01   1.00000000e+00   4.75571412e-01
   8.90609171e-01   5.73169618e-03   1.00000000e+00   1.26778532e-01
   6.09087442e-01   9.79176757e-02   6.60411548e-01   5.03654219e-02
   8.98914024e-01   1.08339392e-03   8.14976890e-04   1.24276988e-01
   0.00000000e+00   2.72213580e-02   2.01562306e-02   2.32626242e-02
   8.46488622e-01   4.50665569e-01   5.85719171e-01   3.21103555e-03
   8.22967928e-01   1.17654234e-02   8.27867084e-01   7.22441046e-01
   3.15229372e-01   4.81619844e-01   4.42630488e-01   1.23714862e-01
   1.44935853e-01   4.30665279e-01   2.10212478e-02   1.29649632e-02
   1.00000000e+00   9.44416979e-03   2.61707159e-02   2.93513151e-02
   6.47131116e-01   3.12463687e-01   3.72352335e-01   0.00000000e+00
   4.26459059e-01   5.45484475e-01   4.35263105e-02   8.24507844e-01
   2.77324670e-02   8.49177217e-03   7.62753749e-01   6.89175105e-01
   2.88051469e-01   4.46741904e-02   4.56415849e-03   3.69429315e-01
   2.10555036e-01   4.45667501e-01   3.65241365e-01   7.16372232e-01
   7.85791657e-01   8.39053467e-01   5.24353973e-01   8.27963986e-01
   1.11281359e-01   4.16941235e-01   8.33134445e-01   8.54587231e-01
   7.89469492e-02   1.00000000e+00   7.96538544e-01   0.00000000e+00
   8.33261244e-02   6.51734047e-03   1.59769777e-01   8.59409214e-02
   4.22987739e-01   7.94425717e-01   2.06770424e-03   0.00000000e+00
   7.20509713e-03   1.86275702e-01   9.05367622e-03   5.92388717e-01
   5.09695975e-01   4.38225330e-02   6.22197772e-01   4.28923246e-03
   2.62664038e-01   5.15886133e-01   6.69466945e-01   4.21890871e-01
   5.14554776e-04   1.39009382e-03   1.35539581e-03   1.21133152e-02
   3.88131087e-03   8.75534422e-01   1.66642616e-01   1.00000000e+00
   5.04481075e-01   4.88392509e-02   1.17566012e-02   1.60265306e-01
   1.54629836e-03   2.95674444e-02   6.49961518e-02   0.00000000e+00
   0.00000000e+00   0.00000000e+00   0.00000000e+00   1.58084547e-03
   5.46790947e-02   1.32310467e-05] Scale: [ 0.24776556  0.25080794  0.45209749  0.56315897  0.32085886  1.55067682
  0.35313968  0.42340402  0.40952755  0.98701229  0.6359237   0.57810979
  3.57841766  0.21469259  0.32734387  0.11098671  0.73939381  0.52301393
  0.27667327  0.57607778  0.21594773  0.30096997  0.41319712  0.44864182
  0.45285111  0.27666906  0.70152428  0.15876799  1.17873641  0.39484832
  0.14079419  0.46670356  0.3702211   0.7634737   0.4939155   0.5410296
  0.74385778  0.274298    0.49678033  0.60497354  0.30093213  0.37837233
  1.8408455   0.34689625  0.31428249  0.50374922  0.21351918  0.29348031
  0.24414195  1.01142529  0.22557241  0.33326965  0.3545887   0.84872573
  4.09239876  0.37048141  0.49377115  0.17595567  2.99158439  0.61439864
  0.47375505  0.49394507  0.21720482  0.35422013  0.50438696  0.30016307
  0.11223386  0.92445095  0.43324011  0.55355333  0.32669141  0.4839705
  0.77548943  0.30169831  0.82281924  0.10740035  0.59018765  0.27922467
  0.53819905  0.76729272  0.24809145  0.3237869   0.22785112  1.00028829
  0.62748375  0.30905746  0.24637711  0.17940626  0.73910603  0.19394638
  0.23462257  0.33860835  0.32996865  0.55721877  0.49087193  0.53457358
  0.52141777  0.35880447  0.56175749  0.47524345  0.34011655  0.26852738
  0.68873866  0.48473828  0.26737345  0.38297807  0.12288999  0.43527622
  0.30962978  0.30973505  0.48740964  0.3357897   0.38491961  0.45159739
  1.4821222   4.81434268  0.53617847  0.27686722  0.42424289  0.48829792
  0.43092676  3.7688347   0.91228455  0.46601824  0.45628849  0.18002676
  0.77622061  0.45880461  1.68891459  0.37947746  0.37586532  0.52515979
  0.25580298  0.24318742  0.23494227  2.12086681  0.40263745  0.59925936
  0.32137538  0.16769357  0.20065746  0.41628243  0.38528817  0.27849365
  0.14636496  0.11598585  0.14221413  0.42742936  0.30762907  0.70899103
  0.78748238  0.46345444  0.3205081   0.4778501   0.28598516  0.75808418
  0.11497485  0.27421116  0.37580284  0.94332643  0.58295535  0.33560526
  0.35487117  0.19569325  0.47600517  0.20286555] Density: 66.5528118667785
Cross-validation on partition 8 with 368 instances
....5....10....15....20....25....30....35....40....45....50....55....60....65....70....75....80....85....90....95....100....105....110....115....120....125....130....135....140....145....150....155....160....165....170....175....180....185....190....195....200....205....210....215....220....225....230....235....240....245....250....255....260....265....270....275....280....285....290....295....300....305....310....315....320....325....330....335....340....345....350....355....360....365...
Partition 7: Target: [  7.12250546e-05   1.00000000e+00   0.00000000e+00   2.32275734e-02
   6.91944550e-06   2.03922071e-01   4.50897631e-01   1.91342565e-02
   9.45141690e-01   8.36871584e-02   4.29216972e-02   8.55804847e-02
   3.60378561e-01   2.52237077e-02   2.14424947e-02   3.92256756e-05
   5.85411209e-01   3.19093040e-02   7.09280292e-02   2.46034986e-01
   2.96085493e-02   4.31933048e-01   5.54195976e-01   1.00000000e+00
   5.76365842e-01   1.00000000e+00   4.99568294e-01   3.24565532e-03
   1.46006032e-01   1.00000000e+00   4.85317677e-03   1.00000000e+00
   1.61086399e-01   1.00000000e+00   6.35396136e-03   3.50210329e-02
   3.19759229e-03   8.78013880e-01   0.00000000e+00   9.77449152e-01
   3.57879775e-01   1.00000000e+00   3.14642026e-01   2.45753695e-02
   3.41828342e-02   3.32128770e-02   8.97316213e-03   1.00000000e+00
   4.83954913e-02   9.83714420e-01   5.09035755e-02   4.95445649e-01
   7.40391984e-01   5.22552407e-02   1.22102622e-01   1.00000000e+00
   6.18209157e-01   9.51633234e-03   3.72348066e-01   3.52845682e-01
   7.92029303e-03   1.00000000e+00   4.33385804e-01   1.00000000e+00
   1.21943029e-02   2.87956294e-03   0.00000000e+00   7.20917456e-01
   1.91413542e-03   7.18355182e-01   6.78665897e-02   1.96110340e-01
   1.22992764e-01   4.95724361e-02   1.67105894e-02   9.48415019e-05
   9.47592154e-01   2.28472241e-02   8.67408638e-02   2.82354713e-02
   5.08861211e-01   4.91455193e-01   2.87313387e-02   0.00000000e+00
   1.32893858e-01   5.33024236e-01   8.44082988e-03   6.22715197e-03
   1.02358397e-01   1.00000000e+00   1.00000000e+00   0.00000000e+00
   1.17715952e-02   4.78071529e-01   9.27077983e-01   4.87557767e-02
   1.25406612e-03   4.51802213e-01   0.00000000e+00   7.96831702e-01
   9.23227959e-01   5.28283827e-01   2.88633554e-02   2.62236514e-02
   2.29911751e-02   1.73260646e-02   1.56446234e-01   1.00000000e+00
   1.66340745e-02   3.25548354e-02   2.56952909e-02   7.34537793e-02
   3.89779767e-01   5.62034616e-01   1.00887597e-01   6.21143293e-01
   9.92192892e-01   3.38804574e-01   3.02036426e-01   1.52690058e-02
   1.00000000e+00   8.23653927e-02   1.00000000e+00   7.80915649e-02
   9.26915629e-01   6.96310143e-02   1.77142777e-01   1.00000000e+00
   6.27231106e-01   7.03004243e-03   3.83239005e-01   1.06292299e-02
   3.62516559e-02   6.18141363e-02   3.07660252e-02   0.00000000e+00
   2.15816166e-01   0.00000000e+00   9.60526123e-01   7.37602996e-01
   9.14463198e-02   1.00000000e+00   8.58326055e-01   7.67903769e-01
   0.00000000e+00   3.07908570e-04   1.09168520e-04   2.75436740e-01
   2.79020034e-02   7.93470949e-01   8.92402595e-03   1.25722619e-02
   6.55079679e-03   1.00000000e+00   1.00000000e+00   1.00000000e+00
   0.00000000e+00   2.87760628e-02   1.00000000e+00   9.08553679e-01
   1.67887219e-01   9.51572657e-01   0.00000000e+00   0.00000000e+00
   4.87600218e-01   2.01903638e-01] Scale: [ 0.24146989  1.24112211  0.44047236  0.27851323  0.10106242  0.84621522
  0.22609178  0.29165386  1.14107402  0.74541136  0.37687829  0.60108316
  1.3971636   0.32827193  0.27179158  0.09427806  0.53084732  0.44399215
  0.53733097  0.47769879  0.30935593  0.26555896  0.34497443  3.08807219
  0.46469111  0.80371853  0.18307649  0.08537442  0.73773255  2.37305863
  0.69359419  0.25532371  0.98358115  3.01899042  0.25936132  0.33671918
  0.11339995  0.38810443  0.76759561  0.34608362  0.20590308  0.4293286
  1.43215772  0.3055546   0.36690514  0.27175131  0.18633052  2.37948395
  0.48670714  1.96546901  0.43912769  0.39704721  0.43090056  0.4594996
  0.64412335  1.99647878  0.2121925   0.15691534  1.55353138  0.44525165
  0.14850416  0.05884001  0.34545199  3.21093006  0.1742904   0.33421087
  0.10179232  1.00915342  0.324938    0.52986352  0.28182621  0.7963286
  0.70820068  0.46682585  0.21737369  0.09325326  1.08596532  0.30456024
  0.5879321   0.29308708  0.63566037  0.26262599  0.29905822  0.14667283
  0.23521602  0.2720014   0.28045831  0.13996201  0.62027602  3.22642027
  0.793602    0.31847583  0.21455316  1.64151021  0.62987563  0.27998618
  0.1227511   0.27997773  0.49447953  0.27900212  0.52633344  0.29394454
  0.27630595  0.28188191  0.29611236  0.20746048  0.09880809  3.43614305
  0.25052507  0.34438707  0.30603724  0.22645426  0.37844429  0.36875864
  0.41893269  2.27585449  1.12511075  0.21840907  0.16184656  0.14980005
  1.77016272  0.41134298  1.79172742  0.62316942  0.33852479  0.74382826
  0.52939556  3.24264544  1.81548805  0.17748332  0.19537885  0.39864036
  0.40262909  0.53387755  0.37761421  0.94901396  0.14937888  0.62311002
  0.72305762  0.853688    0.27667043  0.41591344  0.39338808  0.40502828
  0.10508119  0.14294499  0.08900603  0.29253381  0.25671295  0.22422199
  0.72662063  0.20314627  0.24251121  0.3244987   0.22309979  0.08077519
  0.11189328  0.19784035  1.30544518  0.58598315  0.22515546  1.00770372
  0.20251882  0.41767672  0.28598899  0.18643958] Density: 60.49444039111288
Cross-validation on partition 9 with 120 instances
....5....10....15....20....25....30....35....40....45....50....55....60....65....70....75....80....85....90....95....100....105....110....115....120
Partition 8: Target: [  3.26623189e-03   7.68679918e-02   9.20715236e-01   3.17600826e-01
   0.00000000e+00   2.18890590e-02   7.11675467e-02   9.16950526e-01
   6.37269582e-02   3.60795536e-01   1.16089479e-01   8.22711277e-02
   7.45003159e-02   3.89676564e-01   7.76375810e-01   0.00000000e+00
   6.69833531e-02   1.00000000e+00   2.76879349e-01   1.00846595e-01
   3.82786115e-02   4.89523063e-02   2.83154880e-01   1.00000000e+00
   6.03835215e-01   1.77249382e-01   4.41120590e-01   1.98430664e-03
   1.20646991e-01   1.00000000e+00   5.63885455e-04   8.46513220e-03
   0.00000000e+00   1.00000000e+00   1.00000000e+00   8.89941018e-03
   6.80370722e-04   8.10289361e-01   8.24891062e-01   1.00000000e+00
   5.53154042e-01   0.00000000e+00   7.10002499e-02   1.02354380e-01
   1.75967497e-01   1.02692400e-02   0.00000000e+00   3.65465722e-02
   1.00000000e+00   1.00000000e+00   9.52627458e-02   5.67566856e-02
   1.02034042e-01   1.21327056e-02   1.09467056e-01   6.26521544e-01
   1.85624321e-01   1.55342536e-02   3.33580985e-01   7.37438439e-01
   1.88399827e-01   4.75437621e-03   0.00000000e+00   1.00000000e+00
   8.01989133e-01   0.00000000e+00   0.00000000e+00   2.01957473e-01
   0.00000000e+00   2.93987682e-01   7.43781208e-01   7.75253261e-01
   3.85455130e-01   4.35861705e-01   5.60244517e-01   0.00000000e+00
   7.40667830e-02   4.95313627e-01   3.48082457e-02   2.91883025e-02
   6.14750510e-02   5.69571717e-02   1.08545709e-01   3.85473288e-01
   7.52410820e-01   8.75749725e-02   1.05242855e-02   1.79031028e-02
   3.70818641e-01   8.51943335e-01   5.84439631e-03   2.48900664e-02
   8.15635360e-01   1.11625791e-01   0.00000000e+00   0.00000000e+00
   5.57096707e-03   9.27659486e-02   1.00000000e+00   2.31743635e-01
   3.77148504e-01   1.85481059e-02   4.34067532e-01   3.68744253e-02
   2.64343066e-01   8.79216568e-01   0.00000000e+00   3.57224372e-02
   9.74753962e-01   2.15982586e-01   3.72876365e-01   1.18147148e-01
   9.14916478e-02   1.05137491e-01   1.00000000e+00   7.90228649e-01
   1.00000000e+00   1.88291382e-01   1.32304811e-01   1.41862567e-01
   1.00000000e+00   1.85949106e-02   4.95667764e-01   0.00000000e+00
   2.20870960e-02   2.26847031e-02   3.29901383e-01   1.00000000e+00
   1.96550145e-01   7.19204765e-01   2.49508082e-01   2.52362179e-01
   6.88399104e-01   8.27592618e-01   8.83694189e-01   8.50994989e-02
   3.32796850e-01   0.00000000e+00   2.56575045e-01   5.22281077e-01
   2.99226470e-01   9.86201420e-01   1.80184020e-01   1.22498748e-01
   0.00000000e+00   0.00000000e+00   0.00000000e+00   8.88311213e-02
   2.40772995e-02   7.27659511e-01   1.00000000e+00   1.00000000e+00
   1.00000000e+00   2.41483661e-01   4.57192261e-03   0.00000000e+00
   0.00000000e+00   1.14954838e-02   8.17896320e-01   0.00000000e+00
   0.00000000e+00   0.00000000e+00   6.44246646e-01   2.74675756e-02
   3.26892179e-02   1.00000000e+00] Scale: [ 0.15332323  0.57850221  0.77465479  0.317193    0.09511985  0.34354586
  0.32089031  0.90076099  0.3222905   0.51341826  0.17397019  0.30261293
  0.57925878  0.26046045  0.45216588  0.08243508  0.32835987  4.35251029
  0.47473347  0.2984454   0.25298978  0.24314261  0.9202227   2.21069387
  0.4051325   0.70743756  1.27872915  0.07556999  0.74488322  1.14927859
  0.08995889  0.11828468  1.57935908  2.24546899  1.56996785  0.46324898
  0.17416155  2.02098741  0.64621949  2.49474674  0.64699055  0.24261412
  0.5875178   0.16816075  0.21124057  0.14357778  0.64382636  0.25929691
  1.34951905  1.80100085  0.33970607  0.27843821  0.43339264  0.18529416
  0.33479329  1.93091816  0.67062957  0.29427068  1.50936363  0.57160806
  0.29634828  0.1252559   0.11892997  0.76286282  0.9749394   0.17272144
  0.0945499   1.06992952  0.26233053  1.42983715  0.63573841  1.37447566
  0.42430284  0.42923232  0.39900447  0.08852512  0.35725685  0.30866011
  0.29788319  0.13829377  0.30434881  0.26962857  0.5159117   0.32694785
  0.51514909  0.38822335  0.28665932  0.13703844  0.45173091  0.48751529
  0.07391832  0.18709842  0.76428943  0.46794208  0.83862623  0.55897436
  0.22133669  0.40987921  0.92739007  0.80213358  0.70967962  0.24822823
  0.25741141  0.15120873  0.19232951  0.84547757  0.06841433  0.27098166
  0.73497165  0.20433311  0.19876991  0.48666926  0.38964803  0.43276092
  2.11133207  1.81952633  1.06750053  0.70552392  0.52638425  0.5338476
  0.78174464  0.21391566  0.34139693  0.73685651  0.14449258  0.15046841
  0.39039846  1.50056698  0.79853406  0.61775611  0.48506499  1.01786862
  1.14640679  1.17387353  0.85408409  1.15694958  1.07556415  1.76187311
  0.89090168  1.59771413  1.04318769  2.37801619  0.66833595  0.5060076
  0.0938078   0.08618564  0.08420266  0.86565137  0.52758552  1.89354613
  2.96309153  1.96395624  1.97363839  0.87454953  0.1393542   0.31384988
  0.08856036  0.11756461  0.74930799  0.81473153  0.27161485  0.32555109
  0.49808939  0.21553051  0.2923434   0.56189078] Density: 52.156346111823794
Cross-validation on partition 10 with 167 instances
....5....10....15....20....25....30....35....40....45....50....55....60....65....70....75....80....85....90....95....100....105....110....115....120....125....130....135....140....145....150....155....160....165..
Partition 9: Target: [  5.06698298e-03   2.06203845e-02   1.89847206e-02   4.21359129e-01
   1.76369950e-03   4.08360942e-01   5.53982935e-01   5.34214091e-01
   5.70317428e-01   7.30909986e-01   8.49261087e-01   3.71077331e-01
   9.10695859e-01   5.59578462e-02   3.11380813e-01   9.74043420e-04
   8.84242301e-01   8.93243437e-03   9.43591199e-01   5.01840998e-01
   3.96035406e-02   3.99267689e-01   8.76464083e-01   1.06810901e-01
   1.47276127e-01   9.89896461e-01   8.23471544e-01   9.11586379e-03
   1.19740222e-02   1.86076231e-01   1.22901764e-03   4.02852747e-02
   1.00000000e+00   3.65894935e-01   1.00000000e+00   3.83813448e-02
   1.11853337e-02   4.50318306e-01   1.71838098e-02   9.53909734e-01
   2.61520400e-02   3.26133774e-02   6.54041021e-01   5.28428312e-01
   2.69329583e-01   8.53802411e-01   6.15900966e-03   2.82099636e-01
   3.40045833e-01   4.52050742e-01   1.00418044e-02   4.14994689e-01
   6.36068728e-01   6.29123103e-01   7.80282930e-01   1.00000000e+00
   8.22335487e-01   5.10507903e-03   3.34690551e-01   3.45993681e-01
   4.31233467e-03   8.17886181e-02   8.06480752e-01   2.35907427e-01
   4.10099544e-01   6.89141586e-03   2.17894427e-04   1.69736594e-01
   0.00000000e+00   5.11746740e-01   1.61798469e-02   2.54979057e-02
   8.87791162e-01   9.11743624e-03   2.61034921e-01   1.06544925e-03
   8.14944762e-01   2.31402445e-01   8.54155782e-01   7.28277885e-01
   1.92458887e-01   4.91594889e-01   2.43473453e-01   1.45740530e-01
   3.08452548e-01   4.04655331e-01   3.10599620e-03   1.00000000e+00
   2.81506509e-03   3.80441913e-01   2.37429683e-02   3.84010284e-02
   9.84906562e-01   4.54486373e-01   1.00000000e+00   8.50672741e-02
   2.80581067e-02   3.93091478e-01   2.92054601e-02   8.61867139e-01
   4.37360109e-02   1.76436728e-02   6.14308089e-01   6.90924643e-01
   2.65158622e-01   1.23902944e-02   3.30933642e-01   8.00493000e-01
   1.43505689e-01   4.45229295e-01   3.65367587e-01   5.08944845e-01
   5.51852017e-01   7.72529364e-01   6.51547264e-01   8.12518746e-01
   1.95811465e-01   9.14509949e-01   6.27951384e-01   5.45336017e-01
   1.52422521e-01   7.49665065e-01   7.41037681e-01   6.83019764e-01
   5.48997683e-02   2.00439343e-02   5.16880518e-01   2.70583769e-01
   7.46040535e-01   9.21768463e-01   9.12471612e-01   1.00000000e+00
   1.07922417e-01   1.96687227e-01   6.39707985e-02   2.52230457e-01
   1.58472628e-01   1.01322023e-01   8.59334018e-01   7.39496023e-01
   4.26970229e-01   8.60160696e-01   7.91747440e-01   5.28217880e-01
   1.50431581e-04   5.89517454e-04   8.45886215e-04   2.22717722e-01
   2.22137436e-02   9.17121757e-01   9.99861328e-01   7.22525009e-01
   1.00000000e+00   7.96031521e-02   1.56051912e-02   1.73428471e-01
   3.87687795e-04   1.83536829e-02   8.24529812e-02   0.00000000e+00
   4.99006278e-03   1.58401528e-03   0.00000000e+00   6.81801151e-04
   7.46812811e-01   3.78021308e-05] Scale: [ 0.19531845  0.32895518  0.36413048  0.69895258  0.26359956  1.40492394
  0.24092707  0.3847795   0.31657694  2.18073267  0.59921439  0.40250448
  3.61053755  0.18041071  0.21614128  0.09787588  0.56900719  0.23619745
  1.22298757  1.07844782  0.16480559  0.19119103  0.3483823   0.42382462
  0.55460235  0.57277279  0.42843954  0.20285529  0.40747431  0.64825763
  0.11900888  0.29359173  0.75007249  1.10132912  1.05415947  0.61316463
  1.23691506  0.33887622  0.51666795  0.79912343  0.39776428  0.44533531
  2.14624406  0.33767957  0.23787567  0.62270617  0.15315873  0.25221152
  0.34067973  1.32803427  0.1917055   0.21705172  0.22978649  0.61021234
  2.90349112  1.01459992  0.34898444  0.16787173  1.6420978   1.02655019
  0.81683776  0.41822723  0.25492169  0.76577928  0.50750262  0.25361177
  0.10521121  0.67561732  0.37218687  0.89060911  0.35845386  0.71609981
  0.84013563  0.20698572  0.45279028  0.09281487  0.46384024  0.20047404
  1.008707    0.51243724  0.17325349  0.22212728  0.18654445  1.07568587
  0.91751263  0.19993274  0.22525324  2.50965824  0.40373965  1.09207893
  0.1788454   0.31091309  0.55017249  0.77002248  1.2743695   0.49272793
  0.4880586   0.20874737  0.47071565  0.42836946  0.48617076  0.2592728
  0.47558019  0.43741279  0.21294133  0.18360537  0.1927389   0.69510197
  0.22159492  0.30936949  0.26061529  0.21002486  0.22250567  0.29653926
  1.6468036   4.73523757  0.66223389  0.53409586  0.25793142  0.26636454
  0.5635094   2.41533928  2.09054641  0.58627954  0.31463468  0.24600021
  1.46650903  0.86135067  3.03907876  0.60321349  0.7124299   1.59865617
  0.2169746   0.29680098  0.19161322  1.09822066  0.20376072  0.74620655
  0.3131903   0.38449286  0.20685553  0.69751465  0.3964652   0.24835047
  0.1175483   0.09746241  0.09463956  0.46765779  0.31771278  0.60702426
  1.61677366  0.49948201  0.61333028  0.68842329  0.23041518  0.81371114
  0.1124884   0.18484374  0.35276158  1.09314174  0.49477511  0.35576817
  0.31155055  0.26873965  1.34281155  0.14540105] Density: 55.023806135479745
Using result EMDDResult(target=array([  5.52571621e-03,   1.44922322e-01,   3.16231539e-01,
         2.81882748e-01,   1.00288045e-03,   4.44789788e-01,
         4.44190637e-01,   4.80929298e-01,   4.86053028e-01,
         4.40635066e-01,   4.76479978e-01,   4.38812277e-01,
         4.22296593e-01,   2.61445415e-01,   3.14814139e-01,
         1.01361483e-01,   5.99893530e-01,   3.67921338e-01,
         4.11427746e-01,   2.19653047e-01,   3.09639570e-01,
         3.28224123e-01,   6.38269621e-01,   4.26540416e-01,
         3.70369888e-01,   5.50428512e-01,   6.07605807e-01,
         5.44504692e-03,   3.00956042e-01,   4.93174762e-01,
         2.56148024e-03,   2.14840785e-01,   3.01604634e-01,
         5.59584131e-01,   4.88600087e-01,   7.12017223e-02,
         1.05064078e-01,   4.45284367e-01,   3.56445541e-01,
         6.98543712e-01,   3.49585686e-01,   2.83437931e-01,
         4.79925068e-01,   3.91436675e-01,   2.16961613e-01,
         4.62144294e-01,   6.13385854e-03,   4.90764803e-01,
         3.59620724e-01,   4.83365607e-01,   4.17376697e-01,
         3.39495854e-01,   4.48896576e-01,   2.68067324e-01,
         5.36188130e-01,   7.94229766e-01,   5.55203047e-01,
         7.61870431e-03,   4.62704934e-01,   4.13526918e-01,
         2.10340488e-01,   2.29206015e-01,   3.69493166e-01,
         4.69048373e-01,   4.36876550e-01,   3.12922319e-03,
         2.85116067e-04,   2.35921348e-01,   8.81860187e-02,
         2.36353784e-01,   3.40322863e-01,   3.52785000e-01,
         4.36109703e-01,   3.04135021e-01,   2.83854347e-01,
         1.96432643e-02,   6.17186313e-01,   4.04203441e-01,
         4.59793936e-01,   4.00574590e-01,   4.04011603e-01,
         4.00909365e-01,   4.89844451e-01,   1.79445485e-01,
         3.77483981e-01,   4.17862150e-01,   2.73509415e-02,
         2.22890974e-01,   2.92291635e-01,   5.12771250e-01,
         1.11667232e-01,   4.82059954e-02,   4.73799777e-01,
         3.10462617e-01,   5.56462054e-01,   1.25210562e-01,
         1.51158399e-01,   3.17385886e-01,   3.90979148e-01,
         5.47143460e-01,   3.43540272e-01,   1.00062388e-01,
         3.46958860e-01,   3.66184858e-01,   2.57032634e-01,
         3.94382038e-01,   1.71574020e-01,   5.64388523e-01,
         3.24141064e-01,   2.25436785e-01,   3.27717326e-01,
         4.54129319e-01,   4.59569037e-01,   4.46382204e-01,
         5.55607351e-01,   7.19340712e-01,   4.86446045e-01,
         4.52573030e-01,   4.95147063e-01,   3.60641875e-01,
         4.64943408e-01,   4.83378705e-01,   6.68354190e-01,
         2.53412481e-01,   2.12165507e-01,   3.66879068e-02,
         4.04657505e-01,   5.37184239e-01,   4.99698368e-01,
         4.49125020e-01,   3.49789421e-01,   1.77154288e-01,
         3.75298412e-01,   3.76976598e-01,   3.52681774e-01,
         2.24873159e-01,   2.73499135e-01,   5.91337354e-02,
         5.73748497e-01,   4.67537672e-01,   5.12316580e-01,
         6.03562029e-01,   4.90300559e-01,   3.44697858e-01,
         2.42115521e-04,   6.97103337e-04,   8.09294501e-04,
         9.08888628e-02,   5.18597634e-02,   6.91913975e-01,
         4.29702772e-01,   5.66260804e-01,   5.51458590e-01,
         3.54886061e-01,   2.52324595e-01,   3.45409423e-01,
         5.47488909e-04,   1.16758933e-01,   4.05181037e-01,
         2.63642363e-01,   1.41005116e-01,   1.25671215e-01,
         1.44204521e-01,   3.06051298e-03,   3.12269038e-01,
         2.86274345e-01]), scale=array([ 0.22080575,  0.46710274,  0.55702977,  0.47013776,  0.19836208,
        1.43209013,  0.34985985,  0.82682078,  0.50442425,  1.40758778,
        0.46507838,  0.60519868,  1.70588403,  0.28063217,  0.25541413,
        0.16423218,  0.5705322 ,  1.32152625,  0.53052745,  0.53809871,
        0.57903377,  0.28048413,  0.59596798,  0.99993008,  0.48686742,
        0.5724007 ,  0.71839338,  0.13508357,  0.69384284,  0.79637097,
        0.19508185,  0.29113294,  0.92775641,  1.25439457,  0.76381865,
        0.6003887 ,  0.60299312,  0.73325682,  0.69733832,  0.97353845,
        0.4608681 ,  0.44020509,  1.73823832,  0.34901051,  0.24936804,
        0.48808603,  0.28253192,  0.91766198,  0.74078112,  1.15238104,
        0.76384068,  0.31768535,  0.34311064,  0.47839369,  1.68981265,
        1.54769656,  0.48144142,  0.24163424,  1.86273578,  0.70121388,
        0.48347457,  0.2929161 ,  0.21418414,  0.91122171,  0.47123116,
        0.25166511,  0.10892404,  0.86849489,  0.37059691,  0.83292583,
        0.47166933,  0.83720186,  0.53584276,  0.35711165,  0.40710164,
        0.09668785,  0.62706509,  0.48581222,  0.59880758,  0.41890326,
        0.58042396,  0.32238682,  0.88845388,  0.56136603,  0.63675363,
        0.35587444,  0.25961548,  0.66123843,  0.49383704,  0.93827686,
        0.2349797 ,  0.26393488,  0.42297285,  0.62644519,  0.9016934 ,
        0.58982013,  0.39390982,  0.33519443,  0.66389662,  0.5093228 ,
        0.50865318,  0.26184432,  0.33952528,  0.31673054,  0.23901753,
        0.85838908,  0.14397781,  1.22105198,  0.32118653,  0.24549361,
        0.28990522,  0.58889477,  0.39122003,  0.34402118,  1.33849105,
        3.1475882 ,  0.70297042,  0.48815639,  0.42771944,  0.38154995,
        0.63972744,  1.58177825,  1.22905524,  0.6697173 ,  0.30571807,
        0.29950287,  1.00480882,  1.03749804,  1.91446977,  0.39299592,
        0.55898199,  0.81081088,  0.93352401,  0.77888942,  0.46249361,
        1.28005536,  0.48255194,  0.92279686,  0.46846945,  0.95701769,
        1.17609486,  0.85237059,  0.45962723,  0.35988622,  0.11521607,
        0.10519045,  0.09960156,  0.53829692,  0.36212275,  0.87695484,
        1.60964459,  0.58932954,  0.63721063,  0.60452645,  0.29235596,
        0.56618376,  0.10943492,  0.27210728,  0.61598066,  0.80184478,
        0.37550964,  0.38369782,  0.36191412,  0.27903859,  0.81789285,
        0.21013958]), density=55.21552256440939) for prediction
Threshold 0.5
Total bags 102
Total positive bags 39
Total negative bags 63
Total predicted positive bags 49
Total predicted negative bags 53
True positives 26
False positives 23
True negatives 40
False negatives 13
Accuracy 0.6470588235294118
Precision 0.5306122448979592
Recall 0.6666666666666666
