Cross-validation on partition 1 with 18 instances
....5....10....15...
Partition 0: Target: [ 0.          0.          0.          0.          0.          1.
  0.48061423  1.          0.34273917  0.        ] Scale: [ 2.36754901  1.37584859  0.90134505  1.99518856  1.32346145  1.05216782
  0.09478697  2.62340284  0.08688215  2.98094338] Density: 59.906023636951836
Cross-validation on partition 2 with 20 instances
....5....10....15....20
Partition 1: Target: [ 0.          0.          1.          0.          0.          0.93185121
  1.          1.          1.          1.        ] Scale: [ 0.92285393  3.67690616  1.41925347  1.60629682  0.52352003  0.37029476
  2.30939895  1.04894642  2.31355467  2.14282445] Density: 59.16720086251168
Cross-validation on partition 3 with 20 instances
....5....10....15....20
Partition 2: Target: [ 0.          0.          0.45236821  0.          0.65901954  0.59202623
  0.          1.          0.9122609   1.        ] Scale: [ 0.69686243  2.41058847  0.06609538  2.33779569  0.11642403  0.09185355
  2.62897522  2.97783846  0.43533082  2.23073859] Density: 57.924880482481555
Cross-validation on partition 4 with 18 instances
....5....10....15...
Partition 3: Target: [ 0.          0.          0.48524405  0.          1.          1.          1.
  0.          1.          0.        ] Scale: [ 0.78163257  0.85472493  0.03150445  2.33240523  1.23552984  1.42432431
  2.79255292  1.30920577  0.51929246  3.66734972] Density: 64.89949465201558
Cross-validation on partition 5 with 18 instances
....5....10....15...
Partition 4: Target: [ 0.          0.6431391   0.          0.26035483  0.          0.77842469
  0.          0.          0.          1.        ] Scale: [ 0.64142683  0.28101934  2.17048418  0.2827043   1.24955122  0.23117652
  2.31890665  2.80311158  1.66477976  2.49505319] Density: 68.26152211035865
Cross-validation on partition 6 with 18 instances
....5....10....15...
Partition 5: Target: [ 0.          0.          1.          1.          1.          0.40011488
  0.93847324  0.55372266  0.92513693  0.        ] Scale: [ 2.25687874  3.60655832  0.61448893  2.45645106  1.69589809  0.14030348
  0.34368241  0.10610468  0.30480911  3.61884823] Density: 64.71636246567228
Cross-validation on partition 7 with 20 instances
....5....10....15....20
Partition 6: Target: [ 0.          0.          1.          0.48750844  0.06674348  0.
  0.66025892  1.          1.          1.        ] Scale: [ 2.27022445  4.50505096  0.43613402  0.          0.32596854  2.0384003
  0.04681425  2.65374069  2.10850458  1.27641255] Density: 56.097641057661946
Cross-validation on partition 8 with 20 instances
....5....10....15....20
Partition 7: Target: [ 0.          0.          0.28582843  0.          0.          0.37941752
  0.          1.          1.          0.        ] Scale: [ 3.06722255  1.27634782  0.05202944  3.68527905  0.4346876   0.
  0.35084392  2.49361922  2.67759784  1.5795641 ] Density: 60.66938208100915
Cross-validation on partition 9 with 20 instances
....5....10....15....20
Partition 8: Target: [ 0.          0.          0.04929876  0.          0.          0.46421369
  0.          0.38581903  0.          1.        ] Scale: [ 3.68655065  3.91237003  0.41089813  0.66154439  0.67126804  0.09443063
  0.99011255  0.04059947  2.32813999  1.24268278] Density: 61.560157134422404
Cross-validation on partition 10 with 18 instances
....5....10....15...
Partition 9: Target: [ 0.          0.          0.41318178  0.50035942  1.          1.          1.
  1.          0.55899157  1.        ] Scale: [ 1.92574792  4.60963303  0.          0.          0.9414572   1.2984073
  0.72632168  2.79125591  0.          3.76065985] Density: 58.20998094812658
Using result EMDDResult(target=array([ 0.        ,  0.06431391,  0.46859212,  0.22482227,  0.3725763 ,
        0.65460482,  0.50793464,  0.69395417,  0.67391286,  0.6       ]), scale=array([ 1.86169491,  2.65090477,  0.61022331,  1.53576651,  0.8517766 ,
        0.67413587,  1.26023955,  1.8847825 ,  1.24388914,  2.49950768]), density=61.14126454312115) for prediction
Threshold 0.5
Total bags 1000
Total positive bags 500
Total negative bags 500
Total predicted positive bags 976
Total predicted negative bags 24
True positives 498
False positives 478
True negatives 22
False negatives 2
Accuracy 0.52
Precision 0.5102459016393442
Recall 0.996
