Cross-validation on partition 1 with 18 instances
....5....10....15...
Partition 0: Target: [ 0.          0.          0.          0.68294311  1.          0.6012527   1.
  0.          1.          0.44542665] Scale: [ 0.83937793  0.5088318   2.03605633  0.16673847  4.29860411  0.05706103
  1.00857921  1.24659965  2.93812346  0.00672805] Density: 61.98408877043834
Cross-validation on partition 2 with 20 instances
....5....10....15....20
Partition 1: Target: [ 0.39400585  0.54365968  0.          1.          0.          0.92762782
  0.57354123  1.          1.          0.44793591] Scale: [ 0.11705183  0.08475724  2.25302196  1.62561934  1.42378584  0.68707824
  0.10065032  3.51320871  2.4102069   0.09604504] Density: 63.71937592238732
Cross-validation on partition 3 with 22 instances
....5....10....15....20..
Partition 2: Target: [ 0.          0.02994446  0.          0.76647252  1.          0.59379272
  1.          0.          1.          0.44056936] Scale: [ 1.797107    0.44864902  1.83422042  0.27205399  3.49768666  0.12954386
  0.55278214  1.49213016  2.78935162  0.04057891] Density: 60.54920310589815
Cross-validation on partition 4 with 20 instances
....5....10....15....20
Partition 3: Target: [ 0.          1.          0.          0.          0.          0.54527131
  1.          1.          1.          0.54717345] Scale: [ 3.16472257  0.48459596  2.32336923  1.42848148  1.65044332  0.0960464
  1.22053522  3.31475066  0.9556028   0.0602014 ] Density: 54.20678312971726
Cross-validation on partition 5 with 20 instances
....5....10....15....20
Partition 4: Target: [ 1.          0.          0.5553963   0.68035733  1.          0.17470444
  1.          1.          1.          0.37627691] Scale: [ 2.03143369  1.74128179  0.13346195  0.20293646  3.51960213  0.25740791
  2.83907049  1.01232974  1.62990574  0.07020097] Density: 65.63783413324326
Cross-validation on partition 6 with 20 instances
....5....10....15....20
Partition 5: Target: [ 0.48692402  0.          0.          0.55653125  1.          0.
  0.47790131  1.          1.          0.        ] Scale: [ 0.          1.9706601   3.04156234  0.          1.06559339  0.79578286
  0.          3.21377394  1.9426419   2.36654484] Density: 62.43455946335065
Cross-validation on partition 7 with 20 instances
....5....10....15....20
Partition 6: Target: [ 0.          0.          0.          0.92104111  0.          0.7606966   1.
  0.          0.          0.        ] Scale: [ 3.72978202  0.70829511  1.79812046  0.40042507  1.69839322  0.31791964
  1.35062107  0.51113651  1.82854584  3.39436196] Density: 59.243086226255706
Cross-validation on partition 8 with 20 instances
....5....10....15....20
Partition 7: Target: [ 0.          0.          0.56433525  0.          0.          0.19670103
  1.          1.          1.          0.51214936] Scale: [ 3.55544004  1.98156395  0.05757773  1.9851117   1.48964489  0.1498736
  0.64334243  3.24732744  1.60959172  0.07307962] Density: 53.90246004512716
Cross-validation on partition 9 with 20 instances
....5....10....15....20
Partition 8: Target: [ 0.50513272  0.          1.          1.          0.61743983  1.          0.
  1.          0.52356602  0.45983565] Scale: [ 0.          2.47966554  0.43998649  2.14553478  0.02690814  2.61823312
  3.38147003  1.83851222  0.          0.        ] Density: 68.3361536378225
Cross-validation on partition 10 with 20 instances
....5....10....15....20
Partition 9: Target: [ 1.          1.          0.          0.57010194  1.          0.
  0.39452096  0.67964728  0.37859009  1.        ] Scale: [ 1.20389605  2.20504763  1.54790459  0.0900778   3.29733222  1.83985776
  0.09938174  0.26552068  0.12039753  1.79138225] Density: 64.45936374632485
Using result EMDDResult(target=array([ 0.33860626,  0.25736041,  0.21197316,  0.61774473,  0.56174398,
        0.48000466,  0.74459635,  0.66796473,  0.79021561,  0.42293673]), scale=array([ 1.64388111,  1.26133481,  1.54652815,  0.83169791,  2.19679939,
        0.69488044,  1.11964326,  1.96552897,  1.62243675,  0.7899123 ]), density=61.447290818056516) for prediction
Threshold 0.5
Total bags 1000
Total positive bags 500
Total negative bags 500
Total predicted positive bags 1000
Total predicted negative bags 0
True positives 500
False positives 500
True negatives 0
False negatives 0
Accuracy 0.5
Precision 0.5
Recall 1.0
