Cross-validation on partition 1 with 20 instances
.........10.........20
Partition 0: Density: 62.41902246270631 Accuracy: 0.9 Precision: 0.8 Recall: 1.0
Cross-validation on partition 2 with 20 instances
.........10.........20
Partition 1: Density: 61.76514454816125 Accuracy: 0.6 Precision: 0.75 Recall: 0.5
Cross-validation on partition 3 with 20 instances
.........10.........20
Partition 2: Density: 60.09466248742394 Accuracy: 0.8 Precision: 0.8 Recall: 0.8
Cross-validation on partition 4 with 20 instances
.........10.........20
Partition 3: Density: 59.03432286290105 Accuracy: 0.8 Precision: 1.0 Recall: 0.75
Cross-validation on partition 5 with 20 instances
.........10.........20
Partition 4: Density: 67.0641129589589 Accuracy: 0.7 Precision: 1.0 Recall: 0.625
Cross-validation on partition 6 with 20 instances
.........10.........20
Partition 5: Density: 63.062245225836215 Accuracy: 0.8 Precision: 0.8 Recall: 0.8
Cross-validation on partition 7 with 20 instances
.........10.........20
Partition 6: Density: 65.42194161961685 Accuracy: 0.7 Precision: 0.4 Recall: 1.0
Cross-validation on partition 8 with 20 instances
.........10.........20
Partition 7: Density: 61.70108583957984 Accuracy: 0.7 Precision: 0.75 Recall: 0.6
Cross-validation on partition 9 with 20 instances
.........10.........20
Partition 8: Density: 59.090788851225284 Accuracy: 0.7 Precision: 0.75 Recall: 0.6
Cross-validation on partition 10 with 20 instances
.........10.........20
Partition 9: Density: 66.17405083964809 Accuracy: 0.9 Precision: 1.0 Recall: 0.8
Across 10-fold cross-validation:
Average accuracy: 0.76
Average precision: 0.805
Average recall: 0.7474999999999998
Using result EMDDResult(target=array([ 0.14979212,  0.4719917 ,  0.59568511,  0.38334673,  0.46447647,
        0.55282752,  0.35779396,  0.67359654,  0.40723223,  0.74516762]), scale=array([ 2.29969037,  1.47029674,  1.25091675,  1.56374466,  0.96281391,
        1.00719965,  1.55988997,  1.35529603,  1.36851792,  0.99124218]), density=62.58273776960577) for prediction
Classifying against test set

Threshold 0.5
Total bags 1000
Total positive bags 500
Total negative bags 500
Total predicted positive bags 1000
Total predicted negative bags 0
True positives 500
False positives 500
True negatives 0
False negatives 0
Accuracy 0.5
Precision 0.5
Recall 1.0
