Cross-validation on partition 1 with 10 instances
....5....10
Partition 0: Target: [ 0.          0.          0.50302852  0.          0.          0.          0.
  1.          0.49012741  0.43453847] Scale: [ 3.13417404  2.40591326  0.          3.78963552  0.30746499  0.56486885
  2.64154751  4.01223775  0.          0.        ] Density: 53.383839308327296
Cross-validation on partition 2 with 10 instances
....5....10
Partition 1: Target: [ 0.  1.  0.  1.  1.  1.  1.  0.  1.  1.] Scale: [ 2.27984557  2.60342094  0.59183987  2.09667992  1.79794235  0.94026363
  1.3919782   2.02524058  0.49171833  3.42184616] Density: 67.1943958399487
Cross-validation on partition 3 with 10 instances
....5....10
Partition 2: Target: [ 0.          0.          0.          0.54663605  1.          1.          1.
  0.          0.66916707  0.48539091] Scale: [ 3.1704999   3.95673586  1.1602351   0.          1.39666772  1.67401082
  3.67351523  2.02307611  0.          0.        ] Density: 59.891782053577465
Cross-validation on partition 4 with 10 instances
....5....10
Partition 3: Target: [ 0.          1.          0.          0.          0.50221189  1.
  0.36545579  1.          0.54314715  0.50210436] Scale: [ 1.47756567  0.85694146  1.08431741  2.08227952  0.06590308  2.78891622
  0.17580693  5.00982502  0.03670769  0.07303123] Density: 57.8941347666517
Cross-validation on partition 5 with 10 instances
....5....10
Partition 4: Target: [ 0.          0.1429793   0.          0.          0.          0.39138403
  0.68342534  1.          1.          1.        ] Scale: [ 0.46854324  0.16918838  1.36446834  1.35653055  2.89270383  0.01258371
  0.05063879  3.12109993  2.25948715  3.13118712] Density: 59.56174948115468
Cross-validation on partition 6 with 10 instances
....5....10
Partition 5: Target: [ 0.          0.49639076  0.21170329  0.          1.          0.5060052   0.
  1.          0.64390171  1.        ] Scale: [ 2.89818095  0.0351897   0.15636346  3.04426281  1.84879821  0.0723179
  1.74234999  4.18557317  0.07586659  0.65914496] Density: 53.5056793732481
Cross-validation on partition 7 with 10 instances
....5....10
Partition 6: Target: [ 0.29391427  0.49120209  0.          0.          0.52392426  0.54545344
  0.48403915  1.          0.          0.49006759] Scale: [ 0.21803205  0.          1.17734132  3.18094776  0.04671695  0.
  0.01959128  5.91600634  2.24868403  0.        ] Density: 63.66764258593684
Cross-validation on partition 8 with 10 instances
....5....10
Partition 7: Target: [ 0.          0.49356599  0.94141848  0.          1.          1.
  0.56427666  0.54141937  1.          1.        ] Scale: [ 4.52117721  0.08751416  0.65459709  3.67894109  2.67068994  1.73476063
  0.07360071  0.11091608  0.91434842  1.37074345] Density: 53.18871312186976
Cross-validation on partition 9 with 10 instances
....5....10
Partition 8: Target: [ 0.          1.          0.44022111  0.52552747  0.96702269  0.12504711
  0.56375504  1.          0.54710698  1.        ] Scale: [ 2.37107946  2.33692926  0.07314472  0.02344274  0.4981299   0.31845645
  0.05403355  4.38370862  0.01036449  4.1291134 ] Density: 59.2304069921022
Cross-validation on partition 10 with 10 instances
....5....10
Partition 9: Target: [ 0.          0.5131643   0.          1.          0.          1.          1.
  1.          1.          0.57238552] Scale: [ 2.30164681  0.10216846  0.85843724  0.66070071  2.26488969  1.96418219
  0.95886392  4.74002509  0.8922233   0.10830379] Density: 57.44427588592478
Using result EMDDResult(target=array([ 0.02939143,  0.51373024,  0.20963714,  0.30721635,  0.59931589,
        0.65678898,  0.5660952 ,  0.75414194,  0.68934503,  0.74844869]), scale=array([ 2.28407449,  1.25540015,  0.71207446,  1.99134206,  1.37899067,
        1.00703604,  1.07819261,  3.55277087,  0.69294   ,  1.28933701]), density=58.49626194087415) for prediction
Threshold 0.5
Total bags 1000
Total positive bags 500
Total negative bags 500
Total predicted positive bags 964
Total predicted negative bags 36
True positives 481
False positives 483
True negatives 17
False negatives 19
Accuracy 0.498
Precision 0.49896265560165975
Recall 0.962
