Cross-validation on partition 1 with 10 instances
....5....10
Partition 0: Target: [ 0.          0.          0.63185784  0.41285178  0.          0.62727006
  0.          0.46995954  0.          0.        ] Scale: [ 2.70568789  1.14904471  0.39876419  0.34060169  2.06138734  0.22863423
  2.41148711  0.22652409  2.71741247  1.96571082] Density: 58.99994233948092
Cross-validation on partition 2 with 10 instances
....5....10
Partition 1: Target: [ 0.          1.          1.          0.52435609  1.          1.          0.
  1.          1.          0.        ] Scale: [ 2.36053017  1.44622679  0.63989475  0.23844739  0.68676709  2.20070851
  0.74061026  4.10926228  1.29947449  0.72734393] Density: 65.14420754930443
Cross-validation on partition 3 with 10 instances
....5....10
Partition 2: Target: [ 0.          0.15820819  0.          0.74182611  1.          0.05079094
  0.          0.32299305  1.          0.        ] Scale: [ 2.52209901  0.38503655  3.80281995  0.14957968  1.69272525  0.59503345
  3.05245519  0.11993561  0.84145013  1.61963776] Density: 62.77390724348567
Cross-validation on partition 4 with 10 instances
....5....10
Partition 3: Target: [ 0.          0.67697785  0.          0.55955849  0.10062173  1.          0.
  0.39402514  0.63350492  0.39966407] Scale: [ 2.75250935  0.18398356  2.79615839  0.0062977   0.34959645  2.30380268
  3.64657491  0.          0.          0.04100978] Density: 62.05027072362817
Cross-validation on partition 5 with 10 instances
....5....10
Partition 4: Target: [ 0.          0.57585689  0.          0.          0.44257616  1.          1.
  1.          0.47707094  0.51538686] Scale: [ 3.25032002  0.07313979  0.96503613  2.02625929  0.04047178  2.63264305
  0.86407494  2.5901484   0.0555583   0.04516398] Density: 58.892906035485225
Cross-validation on partition 6 with 10 instances
....5....10
Partition 5: Target: [ 0.          0.          1.          0.          1.          0.47980069
  0.          0.06570342  0.          1.        ] Scale: [ 4.77655719  1.1310899   0.88756468  1.88940218  1.45992682  0.08515195
  1.24349916  0.29709812  1.4862064   1.48488169] Density: 56.5616517963709
Cross-validation on partition 7 with 10 instances
....5....10
Partition 6: Target: [ 0.          0.55264115  0.          0.          1.          0.49282232
  0.          0.49694739  0.          1.        ] Scale: [ 3.37289621  0.1007556   0.56753798  2.70415556  2.14432345  0.06900028
  2.20502421  0.07742172  0.65842392  0.62995476] Density: 55.37917275276807
Cross-validation on partition 8 with 10 instances
....5....10
Partition 7: Target: [ 0.          0.55259793  0.          0.          0.          0.37223972
  0.          0.53816715  0.21373883  0.52264862] Scale: [ 3.56222064  0.11846338  2.93827998  2.03535876  1.38013188  0.08140584
  2.74275144  0.08447241  0.30106654  0.07175079] Density: 54.7334305244313
Cross-validation on partition 9 with 10 instances
....5....10
Partition 8: Target: [ 0.83566809  1.          1.          0.          0.54140004  0.15679184
  0.          0.41400467  1.          1.        ] Scale: [ 0.25896606  1.03213154  1.73323595  3.16981188  0.15432561  0.28651572
  1.22613036  0.16534902  2.22524054  2.97982849] Density: 62.09586604652907
Cross-validation on partition 10 with 10 instances
....5....10
Partition 9: Target: [ 0.          1.          0.          0.          0.42379593  0.53103866
  0.          1.          0.          0.45639435] Scale: [ 3.08533218  0.34026401  2.5336212   2.32074868  0.          0.
  3.11219957  1.00536782  1.96991165  0.        ] Density: 56.09052015225192
Using result EMDDResult(target=array([ 0.08356681,  0.5516282 ,  0.36318578,  0.22385925,  0.55083939,
        0.57107542,  0.1       ,  0.57018004,  0.43243147,  0.48940939]), scale=array([ 2.86471187,  0.59601358,  1.72629132,  1.48806628,  0.99696557,
        0.84828957,  2.12448071,  0.86755795,  1.15547444,  0.9565282 ]), density=59.27218751637356) for prediction
Threshold 0.5
Total bags 1000
Total positive bags 500
Total negative bags 500
Total predicted positive bags 985
Total predicted negative bags 15
True positives 499
False positives 486
True negatives 14
False negatives 1
Accuracy 0.513
Precision 0.5065989847715736
Recall 0.998
