Cross-validation on partition 1 with 38 instances
....5....10....15....20....25....30....35...
Partition 0: Target: [  1.00000000e+00   1.00000000e+00   1.00000000e+00   4.37858637e-02
   0.00000000e+00   1.00000000e+00   1.00000000e+00   3.39339763e-02
   1.36462400e-02   1.00000000e+00   8.62636091e-02   9.96737411e-03
   9.37684642e-06   2.15250920e-02   1.09246845e-06   1.79845567e-04
   6.64123424e-05   2.59277815e-05   1.85598532e-04   0.00000000e+00
   8.32810986e-05   6.38739599e-05   0.00000000e+00   4.99453461e-05
   6.64487301e-05   4.03999944e-05   4.09508322e-05   0.00000000e+00
   0.00000000e+00   4.67461025e-05   3.77422488e-05   7.60385712e-05
   1.93616196e-05   3.20082737e-04   5.85233244e-05   3.47902035e-05
   0.00000000e+00   0.00000000e+00   0.00000000e+00   2.65600005e-03
   6.16221140e-05   0.00000000e+00   6.07770780e-05   7.69443380e-06
   1.88875965e-04   2.91790903e-04   2.72022416e-04   0.00000000e+00
   0.00000000e+00   3.75143394e-05   7.14551457e-05   5.58125878e-05
   1.70620242e-04   7.91320009e-06   2.59277815e-05   0.00000000e+00
   0.00000000e+00   0.00000000e+00   0.00000000e+00   2.59277815e-05
   2.99284963e-05   4.26646314e-05   4.87396695e-05   0.00000000e+00
   0.00000000e+00   0.00000000e+00   0.00000000e+00   0.00000000e+00
   0.00000000e+00   5.54481406e-04   1.52396050e-04   2.59277815e-05
   4.03829686e-04   1.65359002e-03   2.93141791e-04   2.54984239e-04
   2.26413175e-05   1.21546305e-05   1.00000000e+00   3.05795317e-02
   0.00000000e+00   3.40493219e-06   0.00000000e+00   0.00000000e+00
   0.00000000e+00   1.00000000e+00   2.89293401e-02   0.00000000e+00
   1.86303211e-04   0.00000000e+00   0.00000000e+00   0.00000000e+00
   2.09249185e-05   5.03325642e-05   2.16767087e-04   6.97076122e-04
   3.67668201e-04   0.00000000e+00   0.00000000e+00   0.00000000e+00
   2.59277815e-05   2.59796971e-05   7.02224991e-05   7.28967022e-05
   8.79198581e-05   2.59277815e-05   0.00000000e+00   0.00000000e+00
   0.00000000e+00   0.00000000e+00   0.00000000e+00   3.76419638e-05
   3.70089603e-05   3.11989088e-05   0.00000000e+00   0.00000000e+00
   0.00000000e+00   0.00000000e+00   0.00000000e+00   0.00000000e+00
   3.04315300e-05   3.65966581e-05   0.00000000e+00   0.00000000e+00
   0.00000000e+00   0.00000000e+00   0.00000000e+00   0.00000000e+00
   0.00000000e+00   0.00000000e+00   0.00000000e+00   0.00000000e+00
   0.00000000e+00   3.20369563e-05   2.76371897e-05   0.00000000e+00
   0.00000000e+00   7.74900452e-05   7.00792430e-04   3.21880611e-04
   9.11165977e-05   1.73931061e-04   3.10848496e-05   1.06109646e-04
   1.85059571e-01   2.66339575e-01   1.68603464e-02   4.64383457e-05
   1.74145554e-04   5.64677366e-05   0.00000000e+00   8.33497771e-05
   1.15026115e-05   9.99968814e-01   1.97461102e-02   7.52476184e-05
   1.29487873e-04   5.56072043e-05   0.00000000e+00   0.00000000e+00
   0.00000000e+00   0.00000000e+00   1.34494903e-04   4.04516056e-04
   5.53265488e-05   0.00000000e+00   0.00000000e+00   0.00000000e+00
   2.60610301e-05   3.71228076e-05   3.14702166e-05   0.00000000e+00
   0.00000000e+00   0.00000000e+00   0.00000000e+00   0.00000000e+00
   0.00000000e+00   3.34343914e-05   3.00028321e-05   0.00000000e+00
   0.00000000e+00   0.00000000e+00   0.00000000e+00   0.00000000e+00
   0.00000000e+00   0.00000000e+00   0.00000000e+00   0.00000000e+00
   0.00000000e+00   0.00000000e+00   0.00000000e+00   0.00000000e+00
   0.00000000e+00   0.00000000e+00   0.00000000e+00   0.00000000e+00
   0.00000000e+00   0.00000000e+00   0.00000000e+00   0.00000000e+00
   3.72218082e-04   6.89659941e-04   5.32262401e-05   0.00000000e+00
   0.00000000e+00   0.00000000e+00   2.89134908e-04   1.57576189e-04
   6.04058524e-05   3.02758954e-04   1.31948186e-04   0.00000000e+00
   0.00000000e+00   0.00000000e+00   0.00000000e+00   1.71220293e-03
   1.79902027e-02   2.13994136e-04   3.04470866e-05   0.00000000e+00
   0.00000000e+00   0.00000000e+00   8.55562709e-05   1.31463600e-04
   3.35803638e-04   6.23372260e-04   0.00000000e+00   0.00000000e+00
   2.59277815e-05   3.65466259e-05] Scale: [  1.85230004e+00   5.34582717e+00   2.34761307e+00   1.03249844e-01
   0.00000000e+00   3.11741980e+00   2.90501741e+00   8.77888889e-02
   6.57242636e-02   2.70832583e+00   1.30619758e-01   2.05210650e-04
   6.94146586e-02   2.58176352e-01   5.41850879e-02   7.51667573e-02
   9.46328684e-02   9.99524423e-02   9.72584510e-02   1.01544704e-01
   7.32336790e-02   3.12802291e-02   1.04256241e-01   9.98222047e-02
   9.96827740e-02   9.98840812e-02   9.98833962e-02   1.00000000e-01
   1.00000000e-01   9.98444508e-02   2.70873562e-02   3.76834688e-02
   9.74905601e-02   1.02932877e-01   4.03425013e-02   1.17378490e-01
   2.07675242e-01   9.46285152e-02   1.76063440e+00   5.58144593e-02
   2.44274665e-02   1.47302724e-01   1.00671472e-01   8.24337836e-02
   8.74799070e-02   8.35644974e-02   5.44666470e-02   1.00000000e-01
   1.23218783e-01   9.99001412e-02   9.96321078e-02   9.97782116e-02
   9.81848684e-02   8.14853192e-03   9.99524423e-02   1.00000000e-01
   1.00000000e-01   1.00000000e-01   1.00000000e-01   9.99524423e-02
   9.99365758e-02   9.98706215e-02   9.98409957e-02   1.00000000e-01
   1.00000000e-01   1.00000000e-01   1.00000000e-01   1.00000000e-01
   1.00000000e-01   7.01219635e-02   3.61183284e-02   9.99524423e-02
   7.24563568e-02   1.27604688e-01   4.12988114e-02   7.65526782e-02
   8.82168593e-02   9.52989296e-02   6.68653153e+00   1.21907479e+00
   0.00000000e+00   5.37990169e-03   1.00000000e-01   5.33936973e+00
   1.09216656e-01   5.98724516e+00   1.09025274e-01   0.00000000e+00
   8.68062763e-02   1.00000000e-01   1.00000000e-01   1.43306428e+00
   1.05945805e-01   9.02933166e-02   9.08032928e-02   7.11644797e-02
   4.87360271e-02   1.00000000e-01   1.00000000e-01   1.00000000e-01
   9.99524423e-02   9.99522512e-02   9.96449519e-02   9.96167785e-02
   9.90940107e-02   9.99524423e-02   1.00000000e-01   1.00000000e-01
   1.00000000e-01   1.00000000e-01   1.00000000e-01   9.98994567e-02
   9.99028286e-02   9.99310553e-02   1.00000000e-01   1.00000000e-01
   1.00000000e-01   1.00000000e-01   1.00000000e-01   1.00000000e-01
   9.99344178e-02   9.99049934e-02   1.00000000e-01   1.00000000e-01
   1.00000000e-01   1.00000000e-01   1.00000000e-01   1.00000000e-01
   1.00000000e-01   1.00000000e-01   1.00000000e-01   1.00000000e-01
   1.00000000e-01   9.99272859e-02   9.99459446e-02   1.00000000e-01
   1.00000000e-01   9.95999693e-02   7.56138631e-02   6.80325122e-02
   3.48540202e-02   9.76612332e-02   9.99315604e-02   9.91242665e-02
   1.88559111e+00   2.11211530e-02   7.82665080e-02   1.56058627e-02
   9.70681737e-02   9.97720828e-02   1.00000000e-01   9.94205646e-02
   1.13494053e-01   9.78300018e-01   2.98271086e-02   6.47613721e-02
   9.87459844e-02   9.97790648e-02   1.00000000e-01   1.00000000e-01
   2.39767180e+00   3.51713610e-02   9.63056248e-02   7.51739920e-02
   9.97813175e-02   1.00000000e-01   1.00000000e-01   1.00000000e-01
   9.99519509e-02   9.99022265e-02   9.99298461e-02   1.00000000e-01
   1.00000000e-01   1.00000000e-01   1.00000000e-01   1.00000000e-01
   1.00000000e-01   9.99207745e-02   9.99362592e-02   1.00000000e-01
   1.00000000e-01   1.00000000e-01   1.00000000e-01   1.00000000e-01
   1.00000000e-01   1.00000000e-01   1.00000000e-01   1.00000000e-01
   1.00000000e-01   1.00000000e-01   1.00000000e-01   1.00000000e-01
   1.00000000e-01   1.00000000e-01   1.00000000e-01   1.00000000e-01
   1.00000000e-01   1.00000000e-01   1.00000000e-01   1.00000000e-01
   7.55908329e-02   7.54432505e-02   9.97988507e-02   1.00000000e-01
   1.00000000e-01   1.00000000e-01   9.13040574e-02   7.19401397e-02
   1.69412350e-02   8.84147514e-02   8.64721240e-02   1.00000000e-01
   1.00000000e-01   1.00000000e-01   0.00000000e+00   1.87470738e-02
   1.61707410e+00   9.60041396e-02   9.99343504e-02   1.00000000e-01
   1.00000000e-01   1.00000000e-01   9.94675993e-02   9.64440303e-02
   6.57520983e-02   7.56895065e-02   1.00000000e-01   1.00000000e-01
   9.99524423e-02   9.99052544e-02] Density: 61.05608633453592
Cross-validation on partition 2 with 36 instances
....5....10....15....20....25....30....35.
Partition 1: Target: [  1.00000000e+00   2.76563502e-01   7.34686239e-01   1.89486024e-03
   1.00000000e+00   1.23649929e-01   3.06235851e-01   1.41523290e-03
   1.00000000e+00   0.00000000e+00   4.24502263e-02   1.00000000e+00
   3.83173444e-04   2.06141933e-01   0.00000000e+00   0.00000000e+00
   0.00000000e+00   0.00000000e+00   0.00000000e+00   0.00000000e+00
   0.00000000e+00   9.86902807e-05   0.00000000e+00   0.00000000e+00
   0.00000000e+00   0.00000000e+00   0.00000000e+00   0.00000000e+00
   0.00000000e+00   0.00000000e+00   1.00000000e+00   1.00000000e+00
   0.00000000e+00   2.21924041e-03   1.80061163e-01   1.00000000e+00
   0.00000000e+00   0.00000000e+00   0.00000000e+00   6.91029864e-03
   5.83853914e-01   0.00000000e+00   0.00000000e+00   0.00000000e+00
   0.00000000e+00   0.00000000e+00   1.00000000e+00   0.00000000e+00
   0.00000000e+00   0.00000000e+00   0.00000000e+00   0.00000000e+00
   0.00000000e+00   1.00000000e+00   0.00000000e+00   0.00000000e+00
   0.00000000e+00   0.00000000e+00   0.00000000e+00   0.00000000e+00
   0.00000000e+00   0.00000000e+00   0.00000000e+00   0.00000000e+00
   0.00000000e+00   0.00000000e+00   0.00000000e+00   0.00000000e+00
   0.00000000e+00   1.00000000e+00   1.00000000e+00   0.00000000e+00
   1.00000000e+00   1.00000000e+00   1.00000000e+00   6.24445854e-01
   0.00000000e+00   0.00000000e+00   0.00000000e+00   1.00000000e+00
   1.00000000e+00   6.71156516e-04   0.00000000e+00   0.00000000e+00
   0.00000000e+00   0.00000000e+00   0.00000000e+00   5.50670256e-01
   0.00000000e+00   0.00000000e+00   0.00000000e+00   0.00000000e+00
   0.00000000e+00   0.00000000e+00   0.00000000e+00   1.00000000e+00
   1.00000000e+00   0.00000000e+00   0.00000000e+00   0.00000000e+00
   0.00000000e+00   0.00000000e+00   0.00000000e+00   0.00000000e+00
   0.00000000e+00   0.00000000e+00   0.00000000e+00   0.00000000e+00
   0.00000000e+00   0.00000000e+00   0.00000000e+00   0.00000000e+00
   0.00000000e+00   0.00000000e+00   0.00000000e+00   0.00000000e+00
   0.00000000e+00   0.00000000e+00   0.00000000e+00   0.00000000e+00
   0.00000000e+00   0.00000000e+00   0.00000000e+00   0.00000000e+00
   0.00000000e+00   0.00000000e+00   0.00000000e+00   0.00000000e+00
   0.00000000e+00   0.00000000e+00   0.00000000e+00   0.00000000e+00
   0.00000000e+00   0.00000000e+00   0.00000000e+00   0.00000000e+00
   0.00000000e+00   0.00000000e+00   1.00000000e+00   1.00000000e+00
   1.00000000e+00   0.00000000e+00   0.00000000e+00   0.00000000e+00
   1.10695094e-02   8.80981193e-01   1.00000000e+00   1.94468010e-01
   0.00000000e+00   0.00000000e+00   0.00000000e+00   0.00000000e+00
   0.00000000e+00   0.00000000e+00   0.00000000e+00   9.00371377e-02
   0.00000000e+00   0.00000000e+00   0.00000000e+00   0.00000000e+00
   0.00000000e+00   0.00000000e+00   2.51422425e-02   4.70073761e-02
   0.00000000e+00   0.00000000e+00   0.00000000e+00   0.00000000e+00
   0.00000000e+00   0.00000000e+00   0.00000000e+00   0.00000000e+00
   0.00000000e+00   0.00000000e+00   0.00000000e+00   0.00000000e+00
   0.00000000e+00   0.00000000e+00   0.00000000e+00   0.00000000e+00
   0.00000000e+00   0.00000000e+00   0.00000000e+00   0.00000000e+00
   0.00000000e+00   0.00000000e+00   0.00000000e+00   0.00000000e+00
   0.00000000e+00   0.00000000e+00   0.00000000e+00   0.00000000e+00
   0.00000000e+00   0.00000000e+00   0.00000000e+00   0.00000000e+00
   0.00000000e+00   0.00000000e+00   0.00000000e+00   0.00000000e+00
   0.00000000e+00   0.00000000e+00   0.00000000e+00   0.00000000e+00
   0.00000000e+00   0.00000000e+00   0.00000000e+00   0.00000000e+00
   3.63088655e-01   0.00000000e+00   0.00000000e+00   0.00000000e+00
   0.00000000e+00   0.00000000e+00   0.00000000e+00   9.54903327e-03
   0.00000000e+00   0.00000000e+00   0.00000000e+00   0.00000000e+00
   0.00000000e+00   0.00000000e+00   0.00000000e+00   0.00000000e+00
   0.00000000e+00   0.00000000e+00   0.00000000e+00   0.00000000e+00
   0.00000000e+00   0.00000000e+00] Scale: [  2.47355647e+00   2.39670308e-01   5.46222746e-01   7.44763839e-02
   1.42818993e+00   4.74447742e-01   1.75537507e-01   6.78432781e-02
   1.84748004e+00   1.50149337e-01   3.74838311e-01   3.33195524e+00
   6.94322630e-02   4.25269477e-02   7.66156195e-02   8.47857741e-02
   7.94838608e-02   9.99676281e-02   9.82674100e-02   2.21120335e-01
   8.07626621e-02   3.84174164e-02   1.05872404e-01   9.98792187e-02
   9.83814445e-02   9.99211785e-02   9.98918978e-02   1.00000000e-01
   1.00000000e-01   9.98942951e-02   1.80557673e+00   1.84050296e+00
   9.66062165e-02   4.74630770e-03   0.00000000e+00   2.87079479e+00
   9.91106691e-02   8.98748534e-02   9.89225259e-01   1.16309798e-01
   1.44345865e-01   1.60099061e-01   1.01487589e-01   1.34275586e-01
   8.36255778e-02   7.12469037e-02   1.87475443e+00   1.00000000e-01
   1.30708684e-01   9.99320821e-02   9.97508031e-02   9.98393299e-02
   9.69434945e-02   1.08433947e-01   9.99676281e-02   1.00000000e-01
   1.00000000e-01   1.00000000e-01   1.00000000e-01   9.99676281e-02
   9.99568386e-02   9.99120444e-02   9.97093975e-02   1.00000000e-01
   1.00000000e-01   1.00000000e-01   1.00000000e-01   1.00000000e-01
   1.00000000e-01   3.53979891e-01   6.78504817e-01   9.99676281e-02
   4.07463581e-01   3.60697213e+00   1.29666137e+00   1.03128765e-01
   1.62987232e-01   9.86653814e-02   1.61952916e+00   1.01653631e+01
   2.19984680e+00   7.18730865e-02   1.00000000e-01   9.30608597e-01
   3.36012214e-01   9.63690008e-01   2.92709658e-01   0.00000000e+00
   8.89466526e-02   1.00000000e-01   1.00000000e-01   1.17361234e+00
   1.08620150e-01   9.50907611e-02   8.98584424e-02   1.23998796e+00
   2.26071079e+00   1.00000000e-01   1.00000000e-01   1.00000000e-01
   9.99676281e-02   9.99674981e-02   9.97594564e-02   9.97404799e-02
   9.72491521e-02   9.99676281e-02   1.00000000e-01   1.00000000e-01
   1.00000000e-01   1.00000000e-01   1.00000000e-01   9.99316172e-02
   9.99339071e-02   9.99530857e-02   1.00000000e-01   1.00000000e-01
   1.00000000e-01   1.00000000e-01   1.00000000e-01   1.00000000e-01
   9.99553714e-02   9.99353774e-02   1.00000000e-01   1.00000000e-01
   1.00000000e-01   1.00000000e-01   1.00000000e-01   1.00000000e-01
   1.00000000e-01   1.00000000e-01   1.00000000e-01   1.00000000e-01
   1.00000000e-01   9.99505236e-02   9.99632089e-02   1.00000000e-01
   1.00000000e-01   9.97306845e-02   0.00000000e+00   1.14311023e+00
   6.96556501e-01   9.68011595e-02   9.99534291e-02   5.08765033e+00
   1.80323347e+00   8.61571515e-01   3.48076792e+00   1.93284819e-02
   5.42852771e-01   9.99655383e-02   1.00000000e-01   9.96268890e-02
   2.45009153e-01   4.86746567e-01   1.32233813e-01   1.48917313e-01
   1.06006526e-01   9.98500114e-02   1.00000000e-01   1.00000000e-01
   1.72619109e+00   8.87865075e-02   1.17915814e-01   9.74750233e-02
   9.98515357e-02   1.00000000e-01   1.00000000e-01   1.00000000e-01
   9.99672939e-02   9.99334982e-02   9.99522638e-02   1.00000000e-01
   1.00000000e-01   1.00000000e-01   1.00000000e-01   1.00000000e-01
   1.00000000e-01   9.99460985e-02   9.99566233e-02   1.00000000e-01
   1.00000000e-01   1.00000000e-01   1.00000000e-01   1.00000000e-01
   1.00000000e-01   1.00000000e-01   1.00000000e-01   1.00000000e-01
   1.00000000e-01   1.00000000e-01   1.00000000e-01   1.00000000e-01
   1.00000000e-01   1.00000000e-01   1.00000000e-01   1.00000000e-01
   1.00000000e-01   1.00000000e-01   1.00000000e-01   1.00000000e-01
   9.98508581e-02   9.89620364e-02   9.98586812e-02   1.00000000e-01
   1.00000000e-01   1.00000000e-01   9.65355902e-02   2.24910203e-01
   1.87910982e-02   9.01528836e-02   8.91318159e-02   1.00000000e-01
   1.00000000e-01   1.00000000e-01   4.71150512e-02   1.63345521e-01
   1.14458790e+00   2.24066773e-01   9.99553257e-02   1.00000000e-01
   1.00000000e-01   1.00000000e-01   9.96402666e-02   9.82127269e-02
   9.60566506e-02   9.99333678e-02   1.00000000e-01   1.00000000e-01
   9.99676281e-02   9.99355547e-02] Density: 58.92517008669395
Cross-validation on partition 3 with 56 instances
....5....10....15....20....25....30....35....40....45....50....55.
Partition 2: Target: [  4.43270125e-02   1.69753089e-02   1.00000000e+00   1.81632155e-04
   5.16116358e-01   1.00000000e+00   1.00000000e+00   5.32371695e-04
   8.09196063e-01   6.34017680e-02   1.81677699e-02   1.00000000e+00
   2.61712886e-04   3.96603341e-06   0.00000000e+00   9.81678395e-05
   0.00000000e+00   1.78871518e-05   9.91604050e-05   3.96672015e-04
   1.18699591e-04   5.49978108e-05   2.54501067e-05   3.44321345e-05
   4.17857787e-05   2.78609330e-05   2.79560725e-05   0.00000000e+00
   0.00000000e+00   3.22304621e-05   2.85175289e-05   1.29465869e-04
   7.93129833e-05   2.11953152e-03   2.10825676e-04   1.00000000e+00
   0.00000000e+00   0.00000000e+00   5.18925793e-03   5.95211231e-07
   1.00000000e+00   3.07711844e-05   6.99516727e-05   1.03375207e-04
   0.00000000e+00   4.36972519e-02   1.00000000e+00   0.00000000e+00
   2.59325713e-05   2.58731624e-05   4.92107469e-05   8.78105549e-06
   1.00000000e+00   1.00000000e+00   1.78871518e-05   0.00000000e+00
   0.00000000e+00   0.00000000e+00   0.00000000e+00   1.78871518e-05
   0.00000000e+00   2.94205410e-05   4.80126339e-01   0.00000000e+00
   0.00000000e+00   0.00000000e+00   0.00000000e+00   0.00000000e+00
   0.00000000e+00   2.89856495e-04   7.11208216e-05   1.78871518e-05
   4.47873773e-04   6.10100954e-03   2.61342115e-04   2.00823399e-04
   0.00000000e+00   3.33386112e-05   3.27137922e-02   8.54878532e-02
   1.00000000e+00   7.10034774e-02   0.00000000e+00   0.00000000e+00
   0.00000000e+00   0.00000000e+00   1.56420404e-03   1.00000000e+00
   0.00000000e+00   0.00000000e+00   0.00000000e+00   4.84023763e-05
   3.56961101e-05   4.37914991e-03   3.92121003e-01   1.00000000e+00
   1.00000000e+00   0.00000000e+00   0.00000000e+00   0.00000000e+00
   1.78871518e-05   1.79229488e-05   0.00000000e+00   0.00000000e+00
   1.00000000e+00   1.78871518e-05   0.00000000e+00   0.00000000e+00
   0.00000000e+00   0.00000000e+00   0.00000000e+00   2.59610868e-05
   2.55249815e-05   2.15211080e-05   0.00000000e+00   0.00000000e+00
   0.00000000e+00   0.00000000e+00   0.00000000e+00   0.00000000e+00
   2.09921519e-05   2.52409146e-05   0.00000000e+00   0.00000000e+00
   0.00000000e+00   0.00000000e+00   0.00000000e+00   0.00000000e+00
   0.00000000e+00   0.00000000e+00   0.00000000e+00   0.00000000e+00
   0.00000000e+00   2.20987424e-05   1.90657690e-05   0.00000000e+00
   0.00000000e+00   5.11184735e-05   9.78414470e-04   1.53017457e-04
   5.36355349e-05   1.39049323e-04   2.14424885e-05   0.00000000e+00
   3.98275864e-02   0.00000000e+00   1.00000000e+00   1.43262527e-01
   0.00000000e+00   0.00000000e+00   0.00000000e+00   6.14563270e-05
   0.00000000e+00   0.00000000e+00   1.00000000e+00   1.50451512e-04
   0.00000000e+00   3.83264856e-05   0.00000000e+00   0.00000000e+00
   0.00000000e+00   0.00000000e+00   1.00000000e+00   6.36187811e-04
   3.81335100e-05   0.00000000e+00   0.00000000e+00   0.00000000e+00
   1.79790296e-05   0.00000000e+00   2.17081140e-05   0.00000000e+00
   0.00000000e+00   0.00000000e+00   0.00000000e+00   0.00000000e+00
   0.00000000e+00   2.30618606e-05   2.06966369e-05   0.00000000e+00
   0.00000000e+00   0.00000000e+00   0.00000000e+00   0.00000000e+00
   0.00000000e+00   0.00000000e+00   0.00000000e+00   0.00000000e+00
   0.00000000e+00   0.00000000e+00   0.00000000e+00   0.00000000e+00
   0.00000000e+00   0.00000000e+00   0.00000000e+00   0.00000000e+00
   0.00000000e+00   0.00000000e+00   0.00000000e+00   0.00000000e+00
   3.05687451e-04   9.24558237e-04   3.24185204e-05   0.00000000e+00
   0.00000000e+00   0.00000000e+00   1.58013315e-04   1.68609096e-04
   1.39782435e-05   8.43329338e-05   4.48022597e-05   0.00000000e+00
   0.00000000e+00   0.00000000e+00   3.37327453e-05   3.22461092e-03
   0.00000000e+00   0.00000000e+00   2.10028754e-05   0.00000000e+00
   0.00000000e+00   0.00000000e+00   0.00000000e+00   0.00000000e+00
   1.00000000e+00   2.56283741e-05   0.00000000e+00   0.00000000e+00
   1.78871518e-05   2.52064428e-05] Scale: [  1.23899900e-01   4.42305206e-02   9.41540244e-01   1.47029899e-01
   7.45054313e-02   7.36339124e+00   1.03789152e+00   1.05995022e-01
   1.48029042e+00   3.25674197e-01   2.25099773e-01   2.68126935e+00
   6.03613215e-02   8.07555167e-03   8.46803731e-02   7.51047888e-02
   1.17197972e-01   9.99386681e-02   9.77294142e-02   2.44479900e-01
   5.29841775e-02   3.71645496e-02   9.98754904e-02   9.97710349e-02
   9.51534222e-02   9.98506190e-02   9.98499678e-02   1.00000000e-01
   1.00000000e-01   9.97996350e-02   2.31514228e-02   3.06412484e-02
   8.62867835e-02   0.00000000e+00   0.00000000e+00   3.80443571e+00
   2.09711642e-01   6.27578060e-02   1.51338177e+00   3.24069579e-03
   2.78606951e+00   9.98175130e-02   9.83873625e-02   1.28496051e-01
   9.54644737e-02   6.24488889e-02   2.62164820e+00   1.00000000e-01
   9.98706973e-02   9.98712925e-02   9.95272008e-02   9.99543958e-02
   1.40276643e+00   1.41353189e+00   9.99386681e-02   1.00000000e-01
   1.00000000e-01   1.00000000e-01   1.00000000e-01   9.99386681e-02
   1.04350820e-01   9.98332984e-02   8.79841194e-03   1.00000000e-01
   1.00000000e-01   1.00000000e-01   1.00000000e-01   1.00000000e-01
   1.00000000e-01   7.74691337e-02   3.75225812e-02   9.99386681e-02
   7.60653801e-02   3.50459391e-01   5.01223102e-02   6.74090040e-02
   7.83165671e-01   8.37601420e-02   1.59080077e+00   2.02703567e+00
   2.59975746e+00   0.00000000e+00   1.00000000e-01   3.65006008e+00
   1.18945140e-01   5.85351607e-01   5.69927805e-01   5.44960787e-01
   9.53929245e-02   1.00000000e-01   1.00000000e-01   9.95429268e-02
   9.92428060e-02   9.30398365e-02   7.18993426e-03   1.59568550e+00
   2.60608413e+00   1.00000000e-01   1.00000000e-01   1.00000000e-01
   9.99386681e-02   9.99384217e-02   2.20829075e-01   1.59599069e-01
   9.49340578e-01   9.99386681e-02   1.00000000e-01   1.00000000e-01
   1.00000000e-01   1.00000000e-01   1.00000000e-01   9.98704112e-02
   9.98747526e-02   9.99111074e-02   1.00000000e-01   1.00000000e-01
   1.00000000e-01   1.00000000e-01   1.00000000e-01   1.00000000e-01
   9.99154397e-02   9.98775400e-02   1.00000000e-01   1.00000000e-01
   1.00000000e-01   1.00000000e-01   1.00000000e-01   1.00000000e-01
   1.00000000e-01   1.00000000e-01   1.00000000e-01   1.00000000e-01
   1.00000000e-01   9.99062514e-02   9.99302933e-02   1.00000000e-01
   1.00000000e-01   9.94889625e-02   7.92189699e-02   7.71065826e-02
   3.37629592e-02   9.57735889e-02   9.99117583e-02   5.53658772e+00
   1.98073563e+00   4.96662594e-02   5.61016475e+00   0.00000000e+00
   7.00980076e-01   1.25496313e-01   1.00000000e-01   9.92245114e-02
   0.00000000e+00   2.40020195e-01   3.20773170e+00   7.44169596e-02
   9.97539455e-02   9.97156126e-02   1.00000000e-01   1.00000000e-01
   1.36909663e-01   4.15268742e-02   3.40228671e+00   7.46760857e-02
   9.97185054e-02   1.00000000e-01   1.00000000e-01   1.00000000e-01
   9.99380347e-02   1.02041523e-01   9.99095496e-02   1.00000000e-01
   1.00000000e-01   1.00000000e-01   1.00000000e-01   1.00000000e-01
   1.00000000e-01   9.98978636e-02   9.99178124e-02   1.00000000e-01
   1.00000000e-01   1.00000000e-01   1.00000000e-01   1.00000000e-01
   1.00000000e-01   1.00000000e-01   1.00000000e-01   1.00000000e-01
   1.00000000e-01   1.00000000e-01   1.00000000e-01   1.00000000e-01
   1.00000000e-01   1.00000000e-01   1.00000000e-01   1.00000000e-01
   1.00000000e-01   1.00000000e-01   1.00000000e-01   1.00000000e-01
   7.91888689e-02   7.84324164e-02   9.97972687e-02   1.00000000e-01
   1.00000000e-01   1.00000000e-01   9.21725825e-02   1.92948486e-01
   1.10034249e-02   7.44862925e-02   9.96095521e-02   1.00000000e-01
   1.00000000e-01   1.00000000e-01   3.98095639e-02   1.14417755e-01
   1.11837967e+00   1.26913754e-01   9.99153530e-02   1.00000000e-01
   1.00000000e-01   1.00000000e-01   1.66607417e-01   1.31851193e-01
   1.30901459e+00   9.98737301e-02   1.00000000e-01   1.00000000e-01
   9.99386681e-02   9.98778761e-02] Density: 58.904674068636695
Cross-validation on partition 4 with 52 instances
....5....10....15....20....25....30....35....40....45....50..
Partition 3: Target: [  8.62718717e-01   1.41771878e-01   1.03051574e-03   4.49362942e-01
   8.86445455e-01   1.03464960e-01   0.00000000e+00   3.63609609e-01
   1.00000000e+00   1.82791914e-01   0.00000000e+00   1.00000000e+00
   1.26502756e-04   1.00000000e+00   0.00000000e+00   0.00000000e+00
   0.00000000e+00   0.00000000e+00   0.00000000e+00   0.00000000e+00
   0.00000000e+00   2.95612844e-04   0.00000000e+00   0.00000000e+00
   0.00000000e+00   0.00000000e+00   0.00000000e+00   0.00000000e+00
   0.00000000e+00   0.00000000e+00   1.00000000e+00   1.00000000e+00
   0.00000000e+00   3.02064737e-03   7.14069320e-01   1.00000000e+00
   0.00000000e+00   0.00000000e+00   0.00000000e+00   5.53653880e-03
   4.97000029e-01   0.00000000e+00   0.00000000e+00   0.00000000e+00
   0.00000000e+00   0.00000000e+00   0.00000000e+00   0.00000000e+00
   0.00000000e+00   0.00000000e+00   0.00000000e+00   0.00000000e+00
   0.00000000e+00   0.00000000e+00   0.00000000e+00   0.00000000e+00
   0.00000000e+00   0.00000000e+00   0.00000000e+00   0.00000000e+00
   0.00000000e+00   0.00000000e+00   0.00000000e+00   0.00000000e+00
   0.00000000e+00   0.00000000e+00   0.00000000e+00   0.00000000e+00
   0.00000000e+00   1.00000000e+00   1.00000000e+00   0.00000000e+00
   1.00000000e+00   1.00000000e+00   1.00000000e+00   1.76306514e-01
   0.00000000e+00   1.93904471e-02   1.00000000e+00   1.00000000e+00
   5.03297484e-01   0.00000000e+00   0.00000000e+00   0.00000000e+00
   0.00000000e+00   0.00000000e+00   6.13175515e-03   0.00000000e+00
   0.00000000e+00   0.00000000e+00   0.00000000e+00   0.00000000e+00
   0.00000000e+00   0.00000000e+00   0.00000000e+00   0.00000000e+00
   0.00000000e+00   0.00000000e+00   0.00000000e+00   0.00000000e+00
   0.00000000e+00   0.00000000e+00   0.00000000e+00   0.00000000e+00
   0.00000000e+00   0.00000000e+00   0.00000000e+00   0.00000000e+00
   0.00000000e+00   0.00000000e+00   0.00000000e+00   0.00000000e+00
   0.00000000e+00   0.00000000e+00   0.00000000e+00   0.00000000e+00
   0.00000000e+00   0.00000000e+00   0.00000000e+00   0.00000000e+00
   0.00000000e+00   0.00000000e+00   0.00000000e+00   0.00000000e+00
   0.00000000e+00   0.00000000e+00   0.00000000e+00   0.00000000e+00
   0.00000000e+00   0.00000000e+00   0.00000000e+00   0.00000000e+00
   0.00000000e+00   0.00000000e+00   0.00000000e+00   0.00000000e+00
   0.00000000e+00   1.11119465e-01   1.00000000e+00   1.00000000e+00
   5.77966499e-01   0.00000000e+00   0.00000000e+00   0.00000000e+00
   1.27258965e-03   1.00000000e+00   1.00000000e+00   0.00000000e+00
   0.00000000e+00   0.00000000e+00   0.00000000e+00   0.00000000e+00
   0.00000000e+00   0.00000000e+00   8.38727136e-04   0.00000000e+00
   0.00000000e+00   0.00000000e+00   0.00000000e+00   0.00000000e+00
   0.00000000e+00   0.00000000e+00   0.00000000e+00   0.00000000e+00
   0.00000000e+00   0.00000000e+00   0.00000000e+00   0.00000000e+00
   0.00000000e+00   0.00000000e+00   0.00000000e+00   0.00000000e+00
   0.00000000e+00   0.00000000e+00   0.00000000e+00   0.00000000e+00
   0.00000000e+00   0.00000000e+00   0.00000000e+00   0.00000000e+00
   0.00000000e+00   0.00000000e+00   0.00000000e+00   0.00000000e+00
   0.00000000e+00   0.00000000e+00   0.00000000e+00   0.00000000e+00
   0.00000000e+00   0.00000000e+00   0.00000000e+00   0.00000000e+00
   0.00000000e+00   0.00000000e+00   0.00000000e+00   0.00000000e+00
   0.00000000e+00   0.00000000e+00   0.00000000e+00   0.00000000e+00
   0.00000000e+00   0.00000000e+00   0.00000000e+00   0.00000000e+00
   0.00000000e+00   0.00000000e+00   0.00000000e+00   0.00000000e+00
   2.58109550e-01   0.00000000e+00   3.00072792e-05   0.00000000e+00
   0.00000000e+00   0.00000000e+00   0.00000000e+00   0.00000000e+00
   0.00000000e+00   0.00000000e+00   0.00000000e+00   0.00000000e+00
   0.00000000e+00   0.00000000e+00   0.00000000e+00   0.00000000e+00
   0.00000000e+00   0.00000000e+00   0.00000000e+00   0.00000000e+00
   0.00000000e+00   0.00000000e+00] Scale: [  1.00795358e+00   1.73707272e-01   9.93686479e-02   8.05495501e-02
   2.82730648e-01   4.09166144e-01   8.86127937e-02   7.05178210e-02
   5.28195507e-01   1.45691321e-01   5.29835158e-02   1.80882364e+00
   7.24009321e-02   3.82342346e+00   8.89911285e-02   9.42185581e-02
   9.28172626e-02   9.99843916e-02   9.87526392e-02   1.99589680e-01
   8.20451925e-02   3.79430616e-02   1.05975340e-01   9.99417117e-02
   9.98961220e-02   9.99619775e-02   9.99617161e-02   1.00000000e-01
   1.00000000e-01   9.99489953e-02   1.65355330e+00   1.34803223e+00
   1.00091259e-01   0.00000000e+00   3.38365559e-01   3.61764668e+00
   1.19141042e-01   9.44490558e-02   8.45539089e-01   6.05736704e-02
   1.19059975e-01   1.59650310e-01   1.01916138e-01   1.29641498e-01
   9.12753300e-02   8.75153794e-02   8.39830660e-02   1.00000000e-01
   1.30695948e-01   9.99672409e-02   9.98795819e-02   9.99276425e-02
   9.96031109e-02   9.19042682e-02   9.99843916e-02   1.00000000e-01
   1.00000000e-01   1.00000000e-01   1.00000000e-01   9.99843916e-02
   9.99791871e-02   9.99575674e-02   9.99685681e-02   1.00000000e-01
   1.00000000e-01   1.00000000e-01   1.00000000e-01   1.00000000e-01
   1.00000000e-01   0.00000000e+00   1.87110035e-01   9.99843916e-02
   1.80652131e-01   3.53403184e+00   1.00647428e+00   7.72890167e-02
   3.00155246e-01   1.08927947e-01   2.53490476e+00   1.01596969e+01
   0.00000000e+00   5.47355582e-02   1.00000000e-01   4.28942928e+00
   2.46140801e-01   2.48934029e-01   1.73136904e-01   0.00000000e+00
   8.93065639e-02   1.00000000e-01   1.00000000e-01   1.17186465e+00
   1.08914847e-01   9.73347863e-02   9.42395508e-02   9.80042826e-02
   5.69718809e-02   1.00000000e-01   1.00000000e-01   1.00000000e-01
   9.99843916e-02   9.99843289e-02   9.98837736e-02   9.98745804e-02
   9.99465752e-02   9.99843916e-02   1.00000000e-01   1.00000000e-01
   1.00000000e-01   1.00000000e-01   1.00000000e-01   9.99670166e-02
   9.99681218e-02   9.99773765e-02   1.00000000e-01   1.00000000e-01
   1.00000000e-01   1.00000000e-01   1.00000000e-01   1.00000000e-01
   9.99784793e-02   9.99688314e-02   1.00000000e-01   1.00000000e-01
   1.00000000e-01   1.00000000e-01   1.00000000e-01   1.00000000e-01
   1.00000000e-01   1.00000000e-01   1.00000000e-01   1.00000000e-01
   1.00000000e-01   9.99761404e-02   9.99822601e-02   1.00000000e-01
   1.00000000e-01   9.82910074e-02   0.00000000e+00   8.49756310e-01
   0.00000000e+00   9.85755751e-02   9.99775422e-02   5.91640252e+00
   1.89165139e+00   5.53937323e+00   2.53865313e+00   9.74164803e-02
   5.81805119e-01   1.00064335e-01   1.00000000e-01   9.98379590e-02
   1.71299851e-01   4.42676736e-01   1.83543826e-01   1.63228090e-01
   1.07220588e-01   9.99275949e-02   1.00000000e-01   1.00000000e-01
   1.72864583e+00   1.03175926e-01   9.61237996e-02   9.96694182e-02
   9.99283318e-02   1.00000000e-01   1.00000000e-01   1.00000000e-01
   9.99842304e-02   9.99679244e-02   9.99769800e-02   1.00000000e-01
   1.00000000e-01   1.00000000e-01   1.00000000e-01   1.00000000e-01
   1.00000000e-01   9.99740052e-02   9.99790832e-02   1.00000000e-01
   1.00000000e-01   1.00000000e-01   1.00000000e-01   1.00000000e-01
   1.00000000e-01   1.00000000e-01   1.00000000e-01   1.00000000e-01
   1.00000000e-01   1.00000000e-01   1.00000000e-01   1.00000000e-01
   1.00000000e-01   1.00000000e-01   1.00000000e-01   1.00000000e-01
   1.00000000e-01   1.00000000e-01   1.00000000e-01   1.00000000e-01
   9.99280043e-02   9.98691534e-02   9.99106926e-02   1.00000000e-01
   1.00000000e-01   1.00000000e-01   9.89190093e-02   2.04469702e-01
   2.09529421e-03   1.10039772e-01   8.82024318e-02   1.00000000e-01
   1.00000000e-01   1.00000000e-01   9.15012887e-02   2.49378522e-01
   9.86386406e-01   2.32969588e-01   9.99784572e-02   1.00000000e-01
   1.00000000e-01   1.00000000e-01   9.98259732e-02   9.91693115e-02
   8.77921240e-02   9.99678615e-02   1.00000000e-01   1.00000000e-01
   9.99843916e-02   9.99689170e-02] Density: 58.85130273266351
Cross-validation on partition 5 with 38 instances
....5....10....15....20....25....30....35...
Partition 4: Target: [  8.50891198e-01   4.01032631e-01   1.38908524e-01   9.65287563e-02
   0.00000000e+00   1.00000000e+00   1.54906473e-01   1.22915464e-01
   6.00886273e-03   8.74096519e-01   1.00000000e+00   2.36036541e-03
   1.35081059e-04   3.60776324e-01   3.05448873e-07   1.00000000e+00
   0.00000000e+00   1.75282124e-05   9.03911629e-05   0.00000000e+00
   1.25128194e-01   3.26668175e-01   0.00000000e+00   3.37654760e-05
   0.00000000e+00   2.73121774e-05   2.74053577e-05   0.00000000e+00
   0.00000000e+00   3.16025554e-05   8.15559302e-05   5.42736264e-05
   1.05372270e-04   1.38242464e-04   1.76419007e-01   5.57194536e-01
   0.00000000e+00   0.00000000e+00   1.00000000e+00   1.00000000e+00
   1.00000000e+00   0.00000000e+00   4.20376939e-05   0.00000000e+00
   0.00000000e+00   9.35523058e-06   0.00000000e+00   0.00000000e+00
   0.00000000e+00   2.53613075e-05   4.83083339e-05   3.27631115e-05
   9.13724281e-05   0.00000000e+00   1.75282124e-05   0.00000000e+00
   0.00000000e+00   0.00000000e+00   0.00000000e+00   1.75282124e-05
   2.02328829e-05   2.88432109e-05   2.48447068e-05   0.00000000e+00
   0.00000000e+00   0.00000000e+00   0.00000000e+00   0.00000000e+00
   0.00000000e+00   2.89858157e-04   7.00607362e-05   1.75282124e-05
   1.50034561e-04   9.12354660e-05   1.53265686e-04   2.25004388e-04
   0.00000000e+00   1.48295198e-04   2.62333699e-04   3.17136432e-02
   0.00000000e+00   0.00000000e+00   0.00000000e+00   0.00000000e+00
   0.00000000e+00   0.00000000e+00   1.00000000e+00   1.00000000e+00
   3.01950541e-05   0.00000000e+00   0.00000000e+00   0.00000000e+00
   0.00000000e+00   0.00000000e+00   1.67051153e-04   3.00279743e-04
   1.27329635e-04   0.00000000e+00   0.00000000e+00   0.00000000e+00
   1.75282124e-05   1.75633097e-05   4.74748951e-05   4.92830328e-05
   3.23378079e-05   1.75282124e-05   0.00000000e+00   0.00000000e+00
   0.00000000e+00   0.00000000e+00   0.00000000e+00   2.54475888e-05
   2.50196431e-05   2.10917440e-05   0.00000000e+00   0.00000000e+00
   0.00000000e+00   0.00000000e+00   0.00000000e+00   0.00000000e+00
   2.05729582e-05   2.47409040e-05   0.00000000e+00   0.00000000e+00
   0.00000000e+00   0.00000000e+00   0.00000000e+00   0.00000000e+00
   0.00000000e+00   0.00000000e+00   0.00000000e+00   0.00000000e+00
   0.00000000e+00   2.16583059e-05   1.86838509e-05   0.00000000e+00
   0.00000000e+00   5.01892723e-05   3.53779966e-05   2.23156706e-04
   4.37413219e-05   1.45356655e-04   2.10146343e-05   0.00000000e+00
   4.32504458e-02   1.35609928e-04   0.00000000e+00   0.00000000e+00
   0.00000000e+00   3.81542297e-05   0.00000000e+00   5.68963403e-05
   3.84418195e-03   0.00000000e+00   1.00000000e+00   4.38606587e-05
   0.00000000e+00   3.75933540e-05   0.00000000e+00   0.00000000e+00
   0.00000000e+00   0.00000000e+00   0.00000000e+00   1.15820068e-04
   3.74036062e-05   0.00000000e+00   0.00000000e+00   0.00000000e+00
   1.76182945e-05   2.50966102e-05   2.12751615e-05   0.00000000e+00
   0.00000000e+00   0.00000000e+00   0.00000000e+00   0.00000000e+00
   0.00000000e+00   2.26030432e-05   2.02831376e-05   0.00000000e+00
   0.00000000e+00   0.00000000e+00   0.00000000e+00   0.00000000e+00
   0.00000000e+00   0.00000000e+00   0.00000000e+00   0.00000000e+00
   0.00000000e+00   0.00000000e+00   0.00000000e+00   0.00000000e+00
   0.00000000e+00   0.00000000e+00   0.00000000e+00   0.00000000e+00
   0.00000000e+00   0.00000000e+00   0.00000000e+00   0.00000000e+00
   3.03880458e-04   5.48825753e-04   3.61259025e-05   0.00000000e+00
   0.00000000e+00   0.00000000e+00   7.62803013e-05   1.50921744e-03
   2.84563892e-05   1.87029895e-04   9.05188980e-05   0.00000000e+00
   0.00000000e+00   0.00000000e+00   3.78993175e-05   1.05896416e-04
   0.00000000e+00   1.81611115e-04   2.05834752e-05   0.00000000e+00
   0.00000000e+00   0.00000000e+00   5.78431685e-05   0.00000000e+00
   2.43688121e-04   5.18571639e-04   0.00000000e+00   0.00000000e+00
   1.75282124e-05   2.47070795e-05] Scale: [ 0.68895378  0.25702739  0.34888893  0.28774852  0.          4.53646315
  0.38991402  0.30167406  0.02917132  2.08351612  1.83104777  0.
  0.07077865  0.          0.02362874  2.64749174  0.04608385  0.09995176
  0.09479816  0.08872668  0.07470633  0.          0.10401767  0.09981978
  0.10004563  0.09988246  0.09988165  0.1         0.1         0.09984231
  0.04117863  0.03956663  0.09578011  0.05926989  0.21270878  1.1710546
  0.16819114  0.0738408   3.19651797  4.24563379  7.96943448  0.1467283
  0.10046137  0.0951314   0.02203737  0.08859811  0.07731702  0.1
  0.12261257  0.09989874  0.09962745  0.09977769  0.09882197  0.
  0.09995176  0.1         0.1         0.1         0.1         0.09995176
  0.09993567  0.09986882  0.09990284  0.1         0.1         0.1         0.1
  0.1         0.1         0.0756494   0.03615882  0.09995176  0.08990002
  0.08538154  0.04311841  0.07536531  0.80952094  0.09628553  0.20671937
  1.48437472  0.          0.          0.1         4.37731224  0.08865281
  0.61115629  5.25652643  0.01914527  0.09065115  0.1         0.1
  1.35481145  0.10568102  0.09687561  0.09184251  0.08631864  0.05532395
  0.1         0.1         0.1         0.09995176  0.09995157  0.09964043
  0.09961196  0.09983482  0.09995176  0.1         0.1         0.1         0.1
  0.1         0.09989804  0.09990146  0.09993007  0.1         0.1         0.1
  0.1         0.1         0.1         0.09993348  0.09990365  0.1         0.1
  0.1         0.1         0.1         0.1         0.1         0.1         0.1
  0.1         0.1         0.09992625  0.09994517  0.1         0.1
  0.09959725  0.09980628  0.07202408  0.03311241  0.09732685  0.09993059
  5.89271155  1.9629495   0.18013848  0.          0.          0.3369861
  0.09974169  0.1         0.09941273  0.10282926  0.0698036   3.19212907
  0.06435163  0.10255909  0.0997761   0.1         0.1         2.14058039
  0.05087135  0.12716556  0.09817472  0.09977838  0.1         0.1         0.1
  0.09995126  0.09990085  0.09992885  0.1         0.1         0.1         0.1
  0.1         0.1         0.09991965  0.09993535  0.1         0.1         0.1
  0.1         0.1         0.1         0.1         0.1         0.1         0.1
  0.1         0.1         0.1         0.1         0.1         0.1         0.1
  0.1         0.1         0.1         0.1         0.07927509  0.07853074
  0.09979888  0.1         0.1         0.1         0.0832266   0.50607837
  0.01989742  0.08559318  0.08704769  0.1         0.1         0.1
  0.09143982  0.09083353  0.84584016  0.11914411  0.09993342  0.1         0.1
  0.1         0.09946131  0.12129098  0.07255995  0.07937836  0.1         0.1
  0.09995176  0.09990392] Density: 55.20808421323703
Cross-validation on partition 6 with 38 instances
....5....10....15....20....25....30....35...
Partition 5: Target: [  4.70930896e-02   1.45653952e-02   2.40316628e-01   8.42363584e-02
   4.01838729e-06   1.00000000e+00   2.98330597e-01   8.34481336e-02
   6.86365440e-03   1.00000000e+00   1.63952995e-01   1.00000000e+00
   0.00000000e+00   8.83813840e-03   2.59308992e-05   0.00000000e+00
   1.74052244e-04   1.52678009e-05   1.04048898e-04   2.10966807e-03
   1.61388979e-04   1.90526942e-04   0.00000000e+00   2.94675953e-05
   1.68010887e-05   2.38140100e-05   2.38955364e-05   0.00000000e+00
   0.00000000e+00   2.75709555e-05   8.21258890e-07   5.84615339e-05
   4.94631235e-05   9.16910424e-05   3.54128667e-05   0.00000000e+00
   0.00000000e+00   4.70095735e-05   2.64537935e-02   4.71469105e-05
   0.00000000e+00   0.00000000e+00   1.42655714e-05   4.82466795e-05
   0.00000000e+00   2.12841817e-04   2.59769257e-04   0.00000000e+00
   0.00000000e+00   1.31123686e-04   4.22773597e-05   3.13127614e-05
   8.11979040e-05   1.47889280e-04   1.52678009e-05   0.00000000e+00
   0.00000000e+00   0.00000000e+00   0.00000000e+00   1.52678009e-05
   1.76278020e-05   2.51539323e-05   2.16561606e-05   0.00000000e+00
   0.00000000e+00   0.00000000e+00   0.00000000e+00   0.00000000e+00
   0.00000000e+00   2.67978343e-04   1.10961859e-04   1.52678009e-05
   9.62112869e-05   1.25213448e-04   1.72315044e-01   2.29828139e-04
   0.00000000e+00   0.00000000e+00   0.00000000e+00   1.00000000e+00
   1.00000000e+00   6.43949670e-04   0.00000000e+00   0.00000000e+00
   6.97307814e-04   5.20515019e-03   0.00000000e+00   2.28388062e-01
   8.18739692e-05   0.00000000e+00   0.00000000e+00   0.00000000e+00
   3.44852404e-06   5.51628508e-05   2.18446125e-04   3.57086758e-04
   1.86748039e-04   0.00000000e+00   0.00000000e+00   0.00000000e+00
   1.52678009e-05   1.52984152e-05   4.15401302e-05   4.31400879e-05
   2.82154798e-05   1.52678009e-05   0.00000000e+00   0.00000000e+00
   0.00000000e+00   0.00000000e+00   0.00000000e+00   2.21832159e-05
   2.18090831e-05   1.83775752e-05   0.00000000e+00   0.00000000e+00
   0.00000000e+00   0.00000000e+00   0.00000000e+00   0.00000000e+00
   1.79246608e-05   2.15654247e-05   0.00000000e+00   0.00000000e+00
   0.00000000e+00   0.00000000e+00   0.00000000e+00   0.00000000e+00
   0.00000000e+00   0.00000000e+00   0.00000000e+00   0.00000000e+00
   0.00000000e+00   1.88722777e-05   1.62759683e-05   0.00000000e+00
   0.00000000e+00   4.39427601e-05   3.06002793e-05   2.27626461e-04
   6.61675343e-05   1.88766026e-04   1.83102521e-05   0.00000000e+00
   4.38377399e-02   0.00000000e+00   1.00000000e+00   2.42531162e-05
   1.17568059e-03   2.26440988e-05   0.00000000e+00   5.01222453e-05
   9.54798984e-03   0.00000000e+00   1.00000000e+00   2.69185132e-01
   4.78316127e-05   3.28290698e-05   0.00000000e+00   0.00000000e+00
   0.00000000e+00   0.00000000e+00   0.00000000e+00   3.69182173e-04
   3.26622867e-05   0.00000000e+00   0.00000000e+00   0.00000000e+00
   1.53463773e-05   2.18763677e-05   1.85377201e-05   0.00000000e+00
   0.00000000e+00   0.00000000e+00   0.00000000e+00   0.00000000e+00
   0.00000000e+00   1.96973776e-05   1.76716685e-05   0.00000000e+00
   0.00000000e+00   0.00000000e+00   0.00000000e+00   0.00000000e+00
   0.00000000e+00   0.00000000e+00   0.00000000e+00   0.00000000e+00
   0.00000000e+00   0.00000000e+00   0.00000000e+00   0.00000000e+00
   0.00000000e+00   0.00000000e+00   0.00000000e+00   0.00000000e+00
   0.00000000e+00   0.00000000e+00   0.00000000e+00   0.00000000e+00
   5.10558816e-05   4.24802343e-04   3.16862716e-05   0.00000000e+00
   0.00000000e+00   0.00000000e+00   1.75460801e-04   5.31293701e-04
   4.96936982e-01   2.00927359e-04   7.09796626e-05   0.00000000e+00
   0.00000000e+00   0.00000000e+00   2.03055307e-04   3.39821854e-02
   2.31995331e-03   1.10238560e-05   1.79338418e-05   0.00000000e+00
   0.00000000e+00   0.00000000e+00   5.07442417e-05   0.00000000e+00
   1.84963238e-04   4.42481286e-04   0.00000000e+00   0.00000000e+00
   1.52678009e-05   2.15358587e-05] Scale: [  2.08359631e-01   1.31933798e-01   5.38299832e-01   3.12335530e-01
   6.17718904e-03   3.03730559e+00   5.08698266e-01   3.01468059e-01
   2.99733691e-02   1.14065944e+00   5.00258215e-02   4.34709882e+00
   1.00584059e-01   2.88559175e-01   8.74463669e-02   1.11152150e-01
   7.56476124e-02   9.99860954e-02   9.88230134e-02   1.61463140e-01
   8.47145510e-02   4.85746435e-02   2.72011593e-01   9.99479534e-02
   1.00074983e-01   9.99660865e-02   9.99658529e-02   1.00000000e-01
   1.00000000e-01   9.99544751e-02   5.46006345e-02   6.19168937e-02
   9.79018964e-02   1.09426951e-01   5.34761930e-02   1.21013643e-01
   3.34793513e-01   8.84037235e-02   5.59923587e-01   3.32572684e-02
   7.37008349e-02   1.67414036e-01   1.02804563e-01   1.11280092e-01
   1.09355550e-01   8.83733969e-02   7.81710718e-02   1.00000000e-01
   3.04871620e-01   4.62071832e-01   9.98921153e-02   9.99362985e-02
   9.96253489e-02   8.63208188e-02   9.99860954e-02   1.00000000e-01
   1.00000000e-01   1.00000000e-01   1.00000000e-01   9.99860954e-02
   9.99814537e-02   9.99621439e-02   9.99719749e-02   1.00000000e-01
   1.00000000e-01   1.00000000e-01   1.00000000e-01   1.00000000e-01
   1.00000000e-01   7.96268202e-02   4.38887728e-02   9.99860954e-02
   9.66327442e-02   8.22520889e-02   5.08747506e-02   8.03432877e-02
   1.34490130e+00   1.06924245e-01   1.61054660e+00   1.03225244e+01
   2.37272979e+00   0.00000000e+00   1.00000000e-01   3.67477241e+00
   2.01378547e-01   8.13137560e-01   1.08136666e+00   5.24635098e-02
   9.12789413e-02   1.00000000e-01   1.00000000e-01   1.03509946e+00
   1.17168016e-01   9.59933479e-02   9.41399934e-02   7.95291393e-02
   6.12979149e-02   1.00000000e-01   1.00000000e-01   1.00000000e-01
   9.99860954e-02   9.99860395e-02   9.98958942e-02   9.98876042e-02
   9.99523087e-02   9.99860954e-02   1.00000000e-01   1.00000000e-01
   1.00000000e-01   1.00000000e-01   1.00000000e-01   9.99705891e-02
   9.99715763e-02   9.99798383e-02   1.00000000e-01   1.00000000e-01
   1.00000000e-01   1.00000000e-01   1.00000000e-01   1.00000000e-01
   9.99808222e-02   9.99722101e-02   1.00000000e-01   1.00000000e-01
   1.00000000e-01   1.00000000e-01   1.00000000e-01   1.00000000e-01
   1.00000000e-01   1.00000000e-01   1.00000000e-01   1.00000000e-01
   1.00000000e-01   9.99787353e-02   9.99841947e-02   1.00000000e-01
   1.00000000e-01   9.98833206e-02   9.99438463e-02   8.89134858e-02
   4.43687832e-02   9.63343185e-02   9.99799862e-02   4.67165951e+00
   1.80035338e+00   9.52567269e-02   3.94625748e+00   1.87916146e-02
   5.34524841e-01   2.53932852e-01   1.00000000e-01   9.98511239e-02
   2.45826113e-01   4.70467657e-01   2.74553021e+00   1.32300050e-01
   1.04115344e-01   9.99352988e-02   1.00000000e-01   1.00000000e-01
   1.58672733e+00   9.75978382e-02   1.37713622e-01   8.16754039e-02
   9.99359599e-02   1.00000000e-01   1.00000000e-01   1.00000000e-01
   9.99859517e-02   9.99714000e-02   9.99794845e-02   1.00000000e-01
   1.00000000e-01   1.00000000e-01   1.00000000e-01   1.00000000e-01
   1.00000000e-01   9.99768296e-02   9.99813611e-02   1.00000000e-01
   1.00000000e-01   1.00000000e-01   1.00000000e-01   1.00000000e-01
   1.00000000e-01   1.00000000e-01   1.00000000e-01   1.00000000e-01
   1.00000000e-01   1.00000000e-01   1.00000000e-01   1.00000000e-01
   1.00000000e-01   1.00000000e-01   1.00000000e-01   1.00000000e-01
   1.00000000e-01   1.00000000e-01   1.00000000e-01   1.00000000e-01
   9.97414117e-02   8.18255392e-02   9.99187017e-02   1.00000000e-01
   1.00000000e-01   1.00000000e-01   9.27821392e-02   2.28800831e-01
   0.00000000e+00   9.69343128e-02   8.93729766e-02   1.00000000e-01
   1.00000000e-01   1.00000000e-01   9.01991181e-02   3.82377148e-01
   8.80530381e-01   2.23393113e-01   9.99808025e-02   1.00000000e-01
   1.00000000e-01   1.00000000e-01   9.98436387e-02   1.10743536e-01
   7.62782852e-02   8.19101435e-02   1.00000000e-01   1.00000000e-01
   9.99860954e-02   9.99722865e-02] Density: 55.853892310496406
Cross-validation on partition 7 with 43 instances
....5....10....15....20....25....30....35....40...
Partition 6: Target: [ 1.          1.          1.          0.00947051  0.10607336  1.          1.
  0.00543171  0.1022769   0.00627726  0.00853085  1.          0.          0.
  0.          0.          0.12916706  0.          0.          0.          0.
  0.          0.          0.          0.          0.          0.          0.
  0.          0.          0.          0.15025566  0.          0.          0.
  1.          0.          0.          0.          0.0031715   1.          0.
  0.          0.          0.          0.29822184  1.          0.          0.
  0.          0.          0.          0.          0.32331646  0.          0.
  0.          0.          0.          0.          0.          0.          0.
  0.          0.          0.          0.          0.          0.          0.
  0.          0.          0.          0.00495006  0.00748442  0.36725192
  0.          0.          0.02208656  0.          1.          1.          0.
  0.          0.          0.          0.00109851  1.          0.13594341
  0.          0.          0.          0.          0.          0.          0.
  0.          0.          0.          0.          0.          0.          0.
  0.          0.          0.          0.          0.          0.          0.
  0.          0.          0.          0.          0.          0.          0.
  0.          0.          0.          0.          0.          0.          0.
  0.          0.          0.          0.          0.          0.          0.
  0.          0.          0.          0.          0.          0.          0.
  0.          0.          0.20806848  0.02959132  0.          0.          0.
  0.          0.27948045  0.45656396  0.04920723  0.          0.          0.
  0.          0.          0.34900912  0.1361663   0.          0.          0.
  0.          0.          0.          0.          0.          0.          0.
  0.          0.          0.          0.          0.          0.          0.
  0.          0.          0.          0.          0.          0.          0.
  0.          0.          0.          0.          0.          0.          0.
  0.          0.          0.          0.          0.          0.          0.
  0.          0.          0.          0.          0.          0.          0.
  0.1050436   0.          0.          0.          0.          0.          0.
  1.          1.          0.          0.          0.          0.          0.
  0.          1.          0.          0.          0.          0.          0.
  0.          0.          0.          0.          0.          0.          0.
  0.        ] Scale: [  2.11757266e+00   2.20895157e+00   7.28897632e-01   1.16133548e-01
   0.00000000e+00   5.70392421e+00   7.99477891e-01   7.34623759e-02
   2.29851680e-01   2.55680486e-01   1.60148973e-01   2.27004620e+00
   7.26515184e-02   1.47705691e-02   1.20283683e-01   7.62363882e-02
   6.37884893e-02   9.99447397e-02   8.86229384e-02   3.25160461e-01
   7.08120972e-02   2.23401909e-02   1.03990697e-01   9.97936778e-02
   9.53389543e-02   9.98653989e-02   9.98644738e-02   1.00000000e-01
   1.00000000e-01   9.98194530e-02   3.50078565e-02   1.77776075e-02
   8.68374671e-02   0.00000000e+00   0.00000000e+00   9.34157843e+00
   6.41175607e-02   3.77953548e-02   1.61991902e-01   1.09189193e-01
   2.39873112e+00   1.46713868e-01   1.00184891e-01   1.58013038e-01
   7.13668009e-02   3.29738624e-02   1.51241125e+00   1.00000000e-01
   1.22713605e-01   9.98840286e-02   9.95738861e-02   9.97124489e-02
   9.86822549e-02   0.00000000e+00   9.99447397e-02   1.00000000e-01
   1.00000000e-01   1.00000000e-01   1.00000000e-01   9.99447397e-02
   9.99263151e-02   9.98497902e-02   9.98887263e-02   1.00000000e-01
   1.00000000e-01   1.00000000e-01   1.00000000e-01   1.00000000e-01
   1.00000000e-01   9.42053804e-02   3.78044359e-02   9.99447397e-02
   9.34724740e-02   3.32655601e-01   5.11916733e-02   1.27412372e-02
   2.05570393e-01   7.71348201e-02   1.43369153e+00   8.80225474e-01
   2.03045568e+00   1.46738272e+00   1.00000000e-01   4.05696004e+00
   1.00375564e-01   5.08094600e-01   0.00000000e+00   5.02257423e-01
   7.57102447e-02   1.00000000e-01   1.00000000e-01   1.14666007e+00
   1.05549721e-01   9.34507881e-02   8.28076978e-02   8.54409459e-02
   4.12894762e-02   1.00000000e-01   1.00000000e-01   1.00000000e-01
   9.99447397e-02   9.99445176e-02   9.95887106e-02   9.95561981e-02
   9.98108885e-02   9.99447397e-02   1.00000000e-01   1.00000000e-01
   1.00000000e-01   1.00000000e-01   1.00000000e-01   9.98832344e-02
   9.98871465e-02   9.99199059e-02   1.00000000e-01   1.00000000e-01
   1.00000000e-01   1.00000000e-01   1.00000000e-01   1.00000000e-01
   9.99238096e-02   9.98896583e-02   1.00000000e-01   1.00000000e-01
   1.00000000e-01   1.00000000e-01   1.00000000e-01   1.00000000e-01
   1.00000000e-01   1.00000000e-01   1.00000000e-01   1.00000000e-01
   1.00000000e-01   9.99155302e-02   9.99371936e-02   1.00000000e-01
   1.00000000e-01   9.95394116e-02   9.97780961e-02   7.55944409e-02
   1.38320030e-03   9.63127427e-02   9.99204923e-02   5.69858789e+00
   2.03552168e+00   6.59295190e-02   0.00000000e+00   0.00000000e+00
   3.71116955e-01   9.97360014e-02   1.00000000e-01   9.93252663e-02
   1.20400300e-01   7.53426097e-01   2.74466276e-02   5.52385696e-02
   9.92749986e-02   9.97437265e-02   1.00000000e-01   1.00000000e-01
   1.77498047e+00   3.17727006e-02   6.58596169e-02   9.91346457e-02
   9.97463339e-02   1.00000000e-01   1.00000000e-01   1.00000000e-01
   9.99441689e-02   9.98864479e-02   9.99185022e-02   1.00000000e-01
   1.00000000e-01   1.00000000e-01   1.00000000e-01   1.00000000e-01
   1.00000000e-01   9.99079721e-02   9.99259475e-02   1.00000000e-01
   1.00000000e-01   1.00000000e-01   1.00000000e-01   1.00000000e-01
   1.00000000e-01   1.00000000e-01   1.00000000e-01   1.00000000e-01
   1.00000000e-01   1.00000000e-01   1.00000000e-01   1.00000000e-01
   1.00000000e-01   1.00000000e-01   1.00000000e-01   1.00000000e-01
   1.00000000e-01   1.00000000e-01   1.00000000e-01   1.00000000e-01
   9.97451749e-02   9.35303147e-02   9.97788934e-02   1.00000000e-01
   1.00000000e-01   1.00000000e-01   9.42157840e-02   2.13931422e-01
   4.48294692e-01   1.54160554e+00   8.77601775e-02   1.00000000e-01
   1.00000000e-01   1.00000000e-01   3.40058985e-02   3.46956766e-01
   6.10486390e+00   1.54812225e-01   9.99237314e-02   1.00000000e-01
   1.00000000e-01   1.00000000e-01   9.93843405e-02   9.59104623e-02
   8.56992130e-02   9.98862252e-02   1.00000000e-01   1.00000000e-01
   9.99447397e-02   9.98899612e-02] Density: 57.78483797972431
Cross-validation on partition 8 with 41 instances
....5....10....15....20....25....30....35....40.
Partition 7: Target: [  4.20010762e-01   6.80843914e-01   1.00000000e+00   1.06730037e-01
   1.11163825e-03   8.75840624e-02   1.00000000e+00   8.66917902e-02
   4.50095120e-03   1.00000000e+00   2.78079352e-01   4.58686780e-02
   9.99319839e-05   1.00000000e+00   0.00000000e+00   4.56269006e-06
   1.50426966e-04   1.62353592e-05   1.06488945e-04   1.03881353e-04
   1.71627729e-04   4.29541681e-05   0.00000000e+00   3.12771444e-05
   4.16158595e-05   2.52985867e-05   2.53849080e-05   0.00000000e+00
   0.00000000e+00   2.92732724e-05   0.00000000e+00   2.01730092e-04
   6.56482869e-05   1.89685779e-01   1.00000000e+00   1.58802001e-01
   0.00000000e+00   0.00000000e+00   0.00000000e+00   1.00000000e+00
   2.04631437e-01   0.00000000e+00   3.25117754e-05   6.99689979e-05
   1.56845154e-04   1.20317937e-04   0.00000000e+00   0.00000000e+00
   0.00000000e+00   2.34913451e-05   4.47528604e-05   3.51001382e-05
   8.12260205e-05   9.42552269e-08   1.62353592e-05   0.00000000e+00
   0.00000000e+00   0.00000000e+00   0.00000000e+00   1.62353592e-05
   1.87406939e-05   2.67169353e-05   2.30127856e-05   0.00000000e+00
   0.00000000e+00   0.00000000e+00   0.00000000e+00   0.00000000e+00
   0.00000000e+00   3.93556633e-04   2.19847002e-04   1.62353592e-05
   2.36822802e-04   1.45938851e-04   3.01839738e-04   1.60208527e-04
   0.00000000e+00   9.19831412e-05   9.10946619e-01   1.00000000e+00
   0.00000000e+00   6.91488945e-07   0.00000000e+00   0.00000000e+00
   0.00000000e+00   1.00000000e+00   1.00000000e+00   0.00000000e+00
   9.69452334e-05   0.00000000e+00   0.00000000e+00   0.00000000e+00
   2.49188507e-05   8.97304086e-05   3.66419893e-05   1.56817234e-04
   1.30490081e-04   0.00000000e+00   0.00000000e+00   0.00000000e+00
   1.62353592e-05   1.62678694e-05   4.39804546e-05   4.56562037e-05
   2.99544505e-05   1.62353592e-05   0.00000000e+00   0.00000000e+00
   0.00000000e+00   0.00000000e+00   0.00000000e+00   2.35712732e-05
   2.31748397e-05   1.95362702e-05   0.00000000e+00   0.00000000e+00
   0.00000000e+00   0.00000000e+00   0.00000000e+00   0.00000000e+00
   1.90557100e-05   2.29166270e-05   0.00000000e+00   0.00000000e+00
   0.00000000e+00   0.00000000e+00   0.00000000e+00   0.00000000e+00
   0.00000000e+00   0.00000000e+00   0.00000000e+00   0.00000000e+00
   0.00000000e+00   2.00610891e-05   1.73058187e-05   0.00000000e+00
   0.00000000e+00   4.92006621e-05   5.73989387e-04   2.17462388e-04
   2.04092138e-04   1.01193934e-04   1.94648420e-05   0.00000000e+00
   1.08205178e-04   0.00000000e+00   2.16523063e-03   1.67340386e-05
   1.85955660e-03   3.53878650e-05   0.00000000e+00   5.24506843e-05
   2.07128822e-03   0.00000000e+00   8.63980066e-05   5.29315313e-04
   3.70537547e-05   3.48237319e-05   0.00000000e+00   0.00000000e+00
   0.00000000e+00   0.00000000e+00   0.00000000e+00   5.36130652e-04
   3.46479217e-05   0.00000000e+00   0.00000000e+00   0.00000000e+00
   1.63188012e-05   2.32461391e-05   1.97061736e-05   0.00000000e+00
   0.00000000e+00   0.00000000e+00   0.00000000e+00   0.00000000e+00
   0.00000000e+00   2.09362275e-05   1.87872454e-05   0.00000000e+00
   0.00000000e+00   0.00000000e+00   0.00000000e+00   0.00000000e+00
   0.00000000e+00   0.00000000e+00   0.00000000e+00   0.00000000e+00
   0.00000000e+00   0.00000000e+00   0.00000000e+00   0.00000000e+00
   0.00000000e+00   0.00000000e+00   0.00000000e+00   0.00000000e+00
   0.00000000e+00   0.00000000e+00   0.00000000e+00   0.00000000e+00
   3.47261818e-05   4.81137254e-05   3.36707536e-05   0.00000000e+00
   0.00000000e+00   0.00000000e+00   9.33772617e-05   2.29781543e-04
   3.87554541e-05   2.13251820e-04   8.95821587e-05   0.00000000e+00
   0.00000000e+00   0.00000000e+00   2.00422605e-04   1.08439294e-02
   0.00000000e+00   0.00000000e+00   1.90654521e-05   0.00000000e+00
   0.00000000e+00   0.00000000e+00   5.35907853e-05   1.16938344e-04
   8.65494972e-05   2.32688247e-05   0.00000000e+00   0.00000000e+00
   1.62353592e-05   2.28852934e-05] Scale: [  1.69535447e-01   5.55283173e-01   1.50145189e+00   2.98224990e-01
   0.00000000e+00   2.90959799e-01   1.34825971e+00   2.62598547e-01
   1.56009133e-01   2.90241039e+00   6.18045885e-02   2.66459441e-02
   7.29629428e-02   3.79250269e+00   7.98289880e-02   6.32702557e-02
   8.15572542e-02   9.99529038e-02   9.75348895e-02   9.39250845e-02
   5.75994201e-02   3.22839697e-02   1.04507819e-01   9.98240832e-02
   9.96864159e-02   9.98852586e-02   9.98844697e-02   1.00000000e-01
   1.00000000e-01   9.98460714e-02   0.00000000e+00   4.66797070e-02
   8.51071041e-02   1.56549007e-01   3.68620759e+00   2.16517503e-02
   1.90960910e-01   5.50974556e-02   7.82561434e-01   5.07680246e+00
   2.19939675e-02   1.48647013e-01   1.00767952e-01   9.68323749e-02
   9.29645190e-02   8.79160023e-02   8.57113028e-02   1.00000000e-01
   1.24300735e-01   9.99011449e-02   9.96364529e-02   9.97806510e-02
   9.88699620e-02   3.33922780e-03   9.99529038e-02   1.00000000e-01
   1.00000000e-01   1.00000000e-01   1.00000000e-01   9.99529038e-02
   9.99371980e-02   9.98719471e-02   9.99051505e-02   1.00000000e-01
   1.00000000e-01   1.00000000e-01   1.00000000e-01   1.00000000e-01
   1.00000000e-01   7.48714017e-02   8.43225990e-02   9.99529038e-02
   7.75464446e-02   7.81553934e-02   6.11005264e-02   9.54827122e-02
   7.56759377e-01   8.07840671e-02   1.26106637e+00   5.85970517e+00
   0.00000000e+00   3.13456239e-03   1.00000000e-01   3.88943084e+00
   1.19914370e-01   1.68804305e+00   6.68460436e+00   0.00000000e+00
   9.76927945e-02   1.00000000e-01   1.00000000e-01   1.18714662e+00
   1.06212270e-01   9.28027395e-02   9.31541164e-02   8.40571286e-02
   9.44295528e-02   1.00000000e-01   1.00000000e-01   1.00000000e-01
   9.99529038e-02   9.99527146e-02   9.96491156e-02   9.96213429e-02
   9.98387656e-02   9.99529038e-02   1.00000000e-01   1.00000000e-01
   1.00000000e-01   1.00000000e-01   1.00000000e-01   9.99004677e-02
   9.99038035e-02   9.99317341e-02   1.00000000e-01   1.00000000e-01
   1.00000000e-01   1.00000000e-01   1.00000000e-01   1.00000000e-01
   9.99350620e-02   9.99059452e-02   1.00000000e-01   1.00000000e-01
   1.00000000e-01   1.00000000e-01   1.00000000e-01   1.00000000e-01
   1.00000000e-01   1.00000000e-01   1.00000000e-01   1.00000000e-01
   1.00000000e-01   9.99280037e-02   9.99464714e-02   1.00000000e-01
   1.00000000e-01   9.96051248e-02   7.96573102e-02   7.67656913e-02
   9.53110726e-02   9.87214042e-02   9.99322340e-02   4.60662746e+00
   6.87779398e-02   9.72417359e-02   0.00000000e+00   1.27388425e-02
   3.97825042e-01   9.98099223e-02   1.00000000e-01   9.94307604e-02
   2.37886758e-01   9.38830676e-01   1.01005074e-01   1.06443855e-01
   1.01775569e-01   9.97814618e-02   1.00000000e-01   1.00000000e-01
   1.82964471e+00   5.56908232e-02   9.73701977e-02   7.92194662e-02
   9.97836869e-02   1.00000000e-01   1.00000000e-01   1.00000000e-01
   9.99524173e-02   9.99032078e-02   9.99305374e-02   1.00000000e-01
   1.00000000e-01   1.00000000e-01   1.00000000e-01   1.00000000e-01
   1.00000000e-01   9.99215599e-02   9.99368846e-02   1.00000000e-01
   1.00000000e-01   1.00000000e-01   1.00000000e-01   1.00000000e-01
   1.00000000e-01   1.00000000e-01   1.00000000e-01   1.00000000e-01
   1.00000000e-01   1.00000000e-01   1.00000000e-01   1.00000000e-01
   1.00000000e-01   1.00000000e-01   1.00000000e-01   1.00000000e-01
   1.00000000e-01   1.00000000e-01   1.00000000e-01   1.00000000e-01
   9.97826979e-02   9.96029465e-02   9.98079489e-02   1.00000000e-01
   1.00000000e-01   1.00000000e-01   9.75834340e-02   3.06934794e-01
   1.95013709e-02   9.17340945e-02   8.85859562e-02   1.00000000e-01
   1.00000000e-01   1.00000000e-01   8.43143359e-02   1.30306747e-01
   8.21194297e-01   2.49334080e-01   9.99349954e-02   1.00000000e-01
   1.00000000e-01   1.00000000e-01   9.94744545e-02   9.74404003e-02
   8.76595451e-02   9.99030179e-02   1.00000000e-01   1.00000000e-01
   9.99529038e-02   9.99062035e-02] Density: 55.40315450173235
Cross-validation on partition 9 with 46 instances
....5....10....15....20....25....30....35....40....45.
Partition 8: Target: [  4.97845008e-02   3.32169839e-02   7.02316370e-01   1.00000000e+00
   3.14700043e-02   2.71652311e-01   2.07124677e-01   1.00000000e+00
   0.00000000e+00   1.26458061e-03   6.32374949e-04   4.41063953e-03
   5.51296471e-04   1.93033476e-02   5.83811086e-04   9.74216430e-04
   1.80908104e-03   9.20430027e-05   6.37986720e-04   0.00000000e+00
   1.30934536e-03   1.75999983e-03   0.00000000e+00   1.78071476e-04
   2.38010106e-04   1.43744082e-04   1.44238290e-04   0.00000000e+00
   0.00000000e+00   1.66542258e-04   1.67737967e-03   2.05713856e-03
   3.08264971e-04   2.93814727e-03   4.64137464e-03   1.19488460e-03
   2.72515202e-04   3.07303208e-04   3.30969924e-02   4.56284267e-03
   2.17866219e-03   0.00000000e+00   2.24572580e-04   0.00000000e+00
   7.12955845e-04   1.10948173e-03   1.31519422e-03   0.00000000e+00
   0.00000000e+00   1.33405859e-04   2.56373543e-04   1.99631598e-04
   4.62769602e-04   2.67253696e-04   9.20430027e-05   0.00000000e+00
   0.00000000e+00   0.00000000e+00   0.00000000e+00   9.20430027e-05
   1.06301271e-04   1.51869426e-04   1.30670954e-04   0.00000000e+00
   0.00000000e+00   0.00000000e+00   0.00000000e+00   0.00000000e+00
   0.00000000e+00   1.22140833e-03   8.95340794e-04   9.20430027e-05
   9.10176255e-04   1.81321936e-03   2.02334078e-02   9.38185661e-04
   1.00000000e+00   1.00000000e+00   6.21328803e-02   3.84554793e-01
   6.68895919e-01   1.13581593e-03   0.00000000e+00   8.97296240e-01
   2.10539039e-03   5.00113730e-03   7.38681813e-03   9.54845297e-04
   4.25973903e-04   0.00000000e+00   0.00000000e+00   0.00000000e+00
   9.64911712e-05   7.30932250e-04   9.59824924e-04   1.09157359e-03
   4.92476096e-04   0.00000000e+00   0.00000000e+00   0.00000000e+00
   9.20430027e-05   9.22278853e-05   2.51843432e-04   2.61678974e-04
   1.70458585e-04   9.20430027e-05   0.00000000e+00   0.00000000e+00
   0.00000000e+00   0.00000000e+00   0.00000000e+00   1.33862744e-04
   1.31596951e-04   1.10833833e-04   0.00000000e+00   0.00000000e+00
   0.00000000e+00   0.00000000e+00   0.00000000e+00   0.00000000e+00
   1.08095691e-04   1.30121550e-04   0.00000000e+00   0.00000000e+00
   0.00000000e+00   0.00000000e+00   0.00000000e+00   0.00000000e+00
   0.00000000e+00   0.00000000e+00   0.00000000e+00   0.00000000e+00
   0.00000000e+00   1.13825195e-04   9.81324683e-05   0.00000000e+00
   0.00000000e+00   2.71150429e-04   1.08859704e-03   1.06776789e-03
   7.33116258e-04   5.88327265e-04   1.10426791e-04   5.67368306e-04
   1.00000000e+00   7.69273206e-04   1.00000000e+00   1.51025904e-03
   8.74372045e-03   1.43925474e-04   0.00000000e+00   3.00771958e-04
   6.62447541e-03   0.00000000e+00   0.00000000e+00   1.62634732e-03
   1.04224537e-04   1.98541703e-04   0.00000000e+00   0.00000000e+00
   0.00000000e+00   9.39748026e-04   3.73204959e-04   5.42226297e-04
   1.97524881e-04   0.00000000e+00   0.00000000e+00   0.00000000e+00
   9.25175372e-05   1.32004403e-04   1.11802128e-04   0.00000000e+00
   0.00000000e+00   0.00000000e+00   0.00000000e+00   0.00000000e+00
   0.00000000e+00   1.18815808e-04   1.06566417e-04   0.00000000e+00
   0.00000000e+00   0.00000000e+00   0.00000000e+00   0.00000000e+00
   0.00000000e+00   0.00000000e+00   0.00000000e+00   0.00000000e+00
   0.00000000e+00   0.00000000e+00   0.00000000e+00   0.00000000e+00
   0.00000000e+00   0.00000000e+00   0.00000000e+00   0.00000000e+00
   0.00000000e+00   0.00000000e+00   0.00000000e+00   0.00000000e+00
   1.97977481e-04   8.06950231e-04   3.69237729e-04   0.00000000e+00
   0.00000000e+00   0.00000000e+00   8.86577425e-04   5.50653152e-04
   4.79063396e-01   1.19860333e-03   6.74810513e-04   0.00000000e+00
   0.00000000e+00   0.00000000e+00   2.85867753e-03   3.43802201e-03
   0.00000000e+00   0.00000000e+00   1.08151190e-04   0.00000000e+00
   0.00000000e+00   0.00000000e+00   3.08651214e-04   2.39975318e-04
   4.77817036e-04   1.32134049e-04   0.00000000e+00   0.00000000e+00
   9.20430027e-05   1.29942534e-04] Scale: [ 0.30877095  0.24662903  0.68145584  1.03986682  0.42579042  0.9747614
  0.35180169  0.8861913   0.72491388  0.71243957  0.26698923  0.2710278
  0.06050478  0.19333846  0.26024078  0.21187658  0.09525754  0.10000835
  0.09680419  0.36673115  0.06600061  0.06477073  0.10703805  0.10003117
  0.10005555  0.10002033  0.10002047  0.1         0.1         0.10002727
  0.04974374  0.04980082  0.1022495   0.07394692  0.0789135   0.14607596
  0.81624857  0.12336752  1.2882368   0.10499998  0.10276414  0.1631772
  0.1034668   0.15718285  0.10225734  0.09325319  0.08542186  0.1
  0.13390388  0.10001752  0.10006439  0.10003928  0.10016926  0.06627338
  0.10000835  0.1         0.1         0.1         0.1         0.10000835
  0.10001113  0.10002269  0.10001681  0.1         0.1         0.1         0.1
  0.1         0.1         0.06467073  0.04973159  0.10000835  0.06539119
  0.06092212  0.05550332  0.08907619  6.30150452  2.28160707  0.98324711
  1.1929284   0.20803812  0.04048504  0.1         3.44457963  0.17690875
  0.54792117  0.2796515   0.04178531  0.10242121  0.1         0.1
  1.05826826  0.11069993  0.10070486  0.0996641   0.06633084  0.05651607
  0.1         0.1         0.1         0.10000835  0.10000838  0.10006215
  0.10006707  0.10002857  0.10000835  0.1         0.1         0.1         0.1
  0.1         0.10001764  0.10001705  0.1000121   0.1         0.1         0.1
  0.1         0.1         0.1         0.10001151  0.10001667  0.1         0.1
  0.1         0.1         0.1         0.1         0.1         0.1         0.1
  0.1         0.1         0.10001276  0.10000949  0.1         0.1
  0.10006648  0.06647755  0.07566459  0.06770621  0.09921019  0.10001201
  1.04147699  8.67919307  0.16294169  3.87691405  0.04850676  0.50827262
  0.10019162  0.1         0.10014557  0.21988666  0.92383252  0.73203647
  0.17196897  0.11036591  0.10003872  0.1         0.1         1.56613705
  0.13743772  0.14359486  0.06645501  0.10003832  0.1         0.1         0.1
  0.10000843  0.10001715  0.10001231  0.1         0.1         0.1         0.1
  0.1         0.1         0.1000139   0.10001119  0.1         0.1         0.1
  0.1         0.1         0.1         0.1         0.1         0.1         0.1
  0.1         0.1         0.1         0.1         0.1         0.1         0.1
  0.1         0.1         0.1         0.1         0.1000385   0.06648292
  0.08779886  0.1         0.1         0.1         0.08202661  0.3869409
  0.07096286  0.08455602  0.0766586   0.1         0.1         0.1
  0.25337651  0.31107     1.39597478  0.57544809  0.10001152  0.1         0.1
  0.1         0.10009306  0.11042532  0.09518177  0.10001719  0.1         0.1
  0.10000835  0.10001662] Density: 59.46808878728057
Cross-validation on partition 10 with 52 instances
....5....10....15....20....25....30....35....40....45....50..
Partition 9: Target: [  1.00000000e+00   1.00000000e+00   1.55748805e-02   1.26868161e-02
   4.51871758e-03   1.81185457e-01   1.59326474e-02   5.51549611e-03
   3.26786803e-03   1.82785996e-01   1.21830531e-01   5.00801998e-01
   5.80429390e-04   5.84813055e-02   0.00000000e+00   2.59198411e-01
   1.00000000e+00   2.30134299e-05   1.72533497e-04   5.56782145e-04
   2.31712241e-04   1.00000000e+00   0.00000000e+00   4.43885098e-05
   2.52579208e-05   3.58831855e-05   3.66387636e-05   0.00000000e+00
   0.00000000e+00   4.15360662e-05   1.22970889e-04   9.11926524e-05
   5.59304363e-06   2.93784820e-03   8.03185919e-03   0.00000000e+00
   0.00000000e+00   0.00000000e+00   1.00000000e+00   1.00000000e+00
   4.97081439e-03   0.00000000e+00   5.62570925e-05   0.00000000e+00
   0.00000000e+00   1.38699178e-01   4.20531662e-04   0.00000000e+00
   0.00000000e+00   3.33148597e-05   6.12063322e-05   4.39764245e-05
   1.44784253e-04   1.91925053e-06   2.30134299e-05   0.00000000e+00
   0.00000000e+00   0.00000000e+00   0.00000000e+00   1.99950126e-05
   2.65686234e-05   3.78996772e-05   3.26349534e-05   0.00000000e+00
   0.00000000e+00   0.00000000e+00   0.00000000e+00   0.00000000e+00
   0.00000000e+00   1.97761787e-04   1.56352495e-04   2.30134299e-05
   4.59797672e-05   9.73636919e-05   2.36521657e-04   1.68616748e-04
   0.00000000e+00   0.00000000e+00   2.32281215e-05   1.92185857e-02
   5.22437009e-07   0.00000000e+00   0.00000000e+00   0.00000000e+00
   6.51564496e-05   1.00000000e+00   3.43723205e-01   0.00000000e+00
   0.00000000e+00   0.00000000e+00   0.00000000e+00   0.00000000e+00
   5.72048918e-07   4.88004798e-05   2.82183535e-04   4.97768288e-04
   1.55359713e-04   0.00000000e+00   0.00000000e+00   0.00000000e+00
   2.30134299e-05   2.30595536e-05   6.15188166e-05   6.49181588e-05
   4.25055018e-05   2.30134299e-05   0.00000000e+00   0.00000000e+00
   0.00000000e+00   0.00000000e+00   0.00000000e+00   3.34284238e-05
   3.28651807e-05   2.76979277e-05   0.00000000e+00   0.00000000e+00
   0.00000000e+00   0.00000000e+00   0.00000000e+00   0.00000000e+00
   2.70157616e-05   3.24983467e-05   0.00000000e+00   0.00000000e+00
   0.00000000e+00   0.00000000e+00   0.00000000e+00   0.00000000e+00
   0.00000000e+00   0.00000000e+00   0.00000000e+00   0.00000000e+00
   0.00000000e+00   2.84429944e-05   2.45322728e-05   0.00000000e+00
   0.00000000e+00   6.61212798e-05   4.65036498e-05   2.03582009e-04
   4.84100797e-05   2.13324222e-04   2.75965297e-05   0.00000000e+00
   9.00893838e-02   0.00000000e+00   0.00000000e+00   2.74051079e-05
   0.00000000e+00   0.00000000e+00   0.00000000e+00   7.52494001e-05
   3.74215635e-03   4.92369918e-02   1.60422538e-02   5.12841539e-05
   0.00000000e+00   4.94415369e-05   0.00000000e+00   0.00000000e+00
   0.00000000e+00   1.87168291e-04   2.13475898e-04   6.77568786e-04
   4.91909038e-05   0.00000000e+00   0.00000000e+00   0.00000000e+00
   2.31318135e-05   3.29664773e-05   2.79391249e-05   0.00000000e+00
   0.00000000e+00   0.00000000e+00   0.00000000e+00   0.00000000e+00
   0.00000000e+00   2.96855748e-05   2.66346975e-05   0.00000000e+00
   0.00000000e+00   0.00000000e+00   0.00000000e+00   0.00000000e+00
   0.00000000e+00   0.00000000e+00   0.00000000e+00   0.00000000e+00
   0.00000000e+00   0.00000000e+00   0.00000000e+00   0.00000000e+00
   0.00000000e+00   0.00000000e+00   0.00000000e+00   0.00000000e+00
   0.00000000e+00   0.00000000e+00   0.00000000e+00   0.00000000e+00
   1.28592017e-04   9.51410331e-04   8.23476204e-05   0.00000000e+00
   0.00000000e+00   0.00000000e+00   1.86952537e-04   0.00000000e+00
   3.17706522e-05   3.49088231e-04   1.35990284e-04   0.00000000e+00
   0.00000000e+00   0.00000000e+00   1.74516791e-04   2.44487210e-05
   9.51612114e-03   0.00000000e+00   2.70295901e-05   0.00000000e+00
   0.00000000e+00   0.00000000e+00   7.63047196e-05   0.00000000e+00
   1.77281766e-04   3.29987075e-05   0.00000000e+00   0.00000000e+00
   2.30134299e-05   3.24538336e-05] Scale: [  1.07347525e+00   3.55781391e+00   2.52435739e-01   1.02871114e-01
   0.00000000e+00   6.42878079e-01   2.66014639e-01   7.80502685e-02
   1.05489516e-01   5.83941090e-01   9.66672781e-03   1.69818048e-01
   4.33152387e-02   6.16835968e-01   1.19390740e-01   4.59322993e-02
   2.67299003e+00   9.99756418e-02   9.48588579e-02   2.12461055e-01
   6.19064394e-02   4.94123057e+00   1.05340776e-01   9.99088593e-02
   1.00090486e-01   9.99406020e-02   9.99403155e-02   1.00000000e-01
   1.00000000e-01   9.99202745e-02   4.49083012e-02   3.71031511e-02
   9.46154971e-02   2.31984124e-01   2.52181432e-01   9.10019624e-02
   5.57200748e-01   8.81422212e-02   7.13349528e+00   6.41646096e+00
   9.21597489e-02   1.56478798e-01   1.01612814e-01   1.31351471e-01
   1.37233086e-01   7.48051724e-02   4.94941993e-02   1.00000000e-01
   1.28256669e-01   9.99488367e-02   9.98262707e-02   9.98935382e-02
   9.90428006e-02   4.49286569e-03   9.99756418e-02   1.00000000e-01
   1.00000000e-01   1.00000000e-01   1.00000000e-01   3.09064162e-01
   9.99675119e-02   9.99336993e-02   9.99509124e-02   1.00000000e-01
   1.00000000e-01   1.00000000e-01   1.00000000e-01   1.00000000e-01
   1.00000000e-01   9.13842925e-02   3.57650014e-02   9.99756418e-02
   9.62359449e-02   9.67854484e-02   5.43544945e-02   8.24812421e-02
   1.08083153e+00   9.68439611e-02   5.73880907e-01   5.14899287e-01
   4.29281889e-02   2.38978840e-02   1.00000000e-01   2.07547762e+00
   9.46066333e-02   3.79609415e+00   5.05543958e-01   0.00000000e+00
   9.27808604e-02   1.00000000e-01   1.00000000e-01   1.48116516e+00
   1.07878309e-01   9.88763940e-02   9.24464633e-02   7.39906643e-02
   5.21028676e-02   1.00000000e-01   1.00000000e-01   1.00000000e-01
   9.99756418e-02   9.99755439e-02   9.98198967e-02   9.98032958e-02
   9.99164824e-02   9.99756418e-02   1.00000000e-01   1.00000000e-01
   1.00000000e-01   1.00000000e-01   1.00000000e-01   9.99484857e-02
   9.99502144e-02   9.99646828e-02   1.00000000e-01   1.00000000e-01
   1.00000000e-01   1.00000000e-01   1.00000000e-01   1.00000000e-01
   9.99664060e-02   9.99513243e-02   1.00000000e-01   1.00000000e-01
   1.00000000e-01   1.00000000e-01   1.00000000e-01   1.00000000e-01
   1.00000000e-01   1.00000000e-01   1.00000000e-01   1.00000000e-01
   1.00000000e-01   9.99627510e-02   9.99723126e-02   1.00000000e-01
   1.00000000e-01   9.97958074e-02   9.99023789e-02   7.69137907e-02
   3.85662011e-02   9.59459105e-02   9.99649417e-02   6.13778881e+00
   2.05917772e+00   5.10289840e-01   0.00000000e+00   1.44692776e-02
   3.65320736e-01   1.01662995e-01   1.00000000e-01   9.97211141e-02
   1.87609311e-01   2.31655670e-01   6.68209456e-02   1.35359430e-01
   1.06803862e-01   9.98867136e-02   1.00000000e-01   1.00000000e-01
   2.35147145e+00   9.61454468e-02   1.01684056e-01   7.40912617e-02
   9.98878704e-02   1.00000000e-01   1.00000000e-01   1.00000000e-01
   9.99753900e-02   9.99499057e-02   9.99640631e-02   1.00000000e-01
   1.00000000e-01   1.00000000e-01   1.00000000e-01   1.00000000e-01
   1.00000000e-01   9.99594137e-02   9.99673497e-02   1.00000000e-01
   1.00000000e-01   1.00000000e-01   1.00000000e-01   1.00000000e-01
   1.00000000e-01   1.00000000e-01   1.00000000e-01   1.00000000e-01
   1.00000000e-01   1.00000000e-01   1.00000000e-01   1.00000000e-01
   1.00000000e-01   1.00000000e-01   1.00000000e-01   1.00000000e-01
   1.00000000e-01   1.00000000e-01   1.00000000e-01   1.00000000e-01
   9.71522867e-02   7.37403659e-02   9.93596504e-02   1.00000000e-01
   1.00000000e-01   1.00000000e-01   7.88906523e-02   8.92393746e-01
   1.33452780e-02   8.44314194e-02   8.67827894e-02   1.00000000e-01
   1.00000000e-01   1.00000000e-01   7.10351455e-02   3.66405793e-02
   1.84086407e-01   1.62485359e-01   9.99663715e-02   1.00000000e-01
   1.00000000e-01   1.00000000e-01   9.97264657e-02   1.09478366e-01
   8.58712243e-02   9.99498073e-02   1.00000000e-01   1.00000000e-01
   9.99756418e-02   9.99514581e-02] Density: 61.967195078817404
Using result EMDDResult(target=array([  6.27482528e-01,   4.56496961e-01,   5.83283316e-01,
         1.80487778e-01,   2.54573955e-01,   5.76753672e-01,
         4.98253025e-01,   1.70349378e-01,   2.94576054e-01,
         4.31061804e-01,   1.71990770e-01,   5.56340906e-01,
         2.14750484e-04,   2.67507011e-01,   6.11139903e-05,
         1.26045520e-01,   1.13136704e-01,   2.07902738e-05,
         1.39620816e-04,   3.16700358e-04,   1.27204249e-02,
         1.32917483e-01,   2.54501067e-06,   4.01347682e-05,
         4.29919484e-05,   3.24312969e-05,   3.26469761e-05,
         0.00000000e+00,   0.00000000e+00,   3.75501672e-05,
         2.00194899e-01,   2.15292396e-01,   6.33016298e-05,
         2.03471210e-02,   2.08352749e-01,   4.71722621e-01,
         2.72515202e-05,   3.54312781e-05,   2.06474004e-01,
         3.02288493e-01,   4.29269648e-01,   3.07711844e-06,
         5.00373464e-05,   2.29285318e-05,   1.05867696e-04,
         4.82362053e-02,   3.00226752e-01,   0.00000000e+00,
         2.59325713e-06,   4.10084559e-05,   5.73584322e-05,
         4.07377677e-05,   1.00103197e-01,   2.32374153e-01,
         2.07902738e-05,   0.00000000e+00,   0.00000000e+00,
         0.00000000e+00,   0.00000000e+00,   2.04884321e-05,
         2.19399769e-05,   3.42568354e-05,   4.80407898e-02,
         0.00000000e+00,   0.00000000e+00,   0.00000000e+00,
         0.00000000e+00,   0.00000000e+00,   0.00000000e+00,
         2.00321490e-01,   2.00167608e-01,   2.07902738e-05,
         2.00229093e-01,   2.01497763e-01,   2.20127898e-01,
         1.17018194e-01,   1.00002264e-01,   1.01967622e-01,
         3.02816541e-01,   4.55155441e-01,   5.17219393e-01,
         1.07345850e-01,   0.00000000e+00,   8.97296240e-02,
         2.86785466e-04,   3.01020629e-01,   2.38883384e-01,
         3.78001316e-01,   1.36764705e-02,   0.00000000e+00,
         0.00000000e+00,   4.84023763e-06,   1.82051623e-05,
         5.35410846e-04,   3.94001918e-02,   2.00310060e-01,
         2.00146007e-01,   0.00000000e+00,   0.00000000e+00,
         0.00000000e+00,   2.07902738e-05,   2.08319679e-05,
         5.16580228e-05,   5.37573159e-05,   1.00039139e-01,
         2.07902738e-05,   0.00000000e+00,   0.00000000e+00,
         0.00000000e+00,   0.00000000e+00,   0.00000000e+00,
         3.02096296e-05,   2.96999639e-05,   2.50257367e-05,
         0.00000000e+00,   0.00000000e+00,   0.00000000e+00,
         0.00000000e+00,   0.00000000e+00,   0.00000000e+00,
         2.44088463e-05,   2.93680425e-05,   0.00000000e+00,
         0.00000000e+00,   0.00000000e+00,   0.00000000e+00,
         0.00000000e+00,   0.00000000e+00,   0.00000000e+00,
         0.00000000e+00,   0.00000000e+00,   0.00000000e+00,
         0.00000000e+00,   2.56995561e-05,   2.21633338e-05,
         0.00000000e+00,   0.00000000e+00,   1.11728678e-02,
         2.00345428e-01,   2.00241449e-01,   1.78727526e-01,
         3.11412706e-03,   2.49340387e-05,   6.73477952e-05,
         1.41451503e-01,   2.14822565e-01,   5.29850603e-01,
         7.95919584e-02,   6.11603323e-03,   2.96579404e-05,
         0.00000000e+00,   6.80296732e-05,   2.58415944e-03,
         1.04920581e-01,   3.38572261e-01,   4.97865072e-02,
         3.18597777e-05,   4.47163085e-05,   0.00000000e+00,
         0.00000000e+00,   0.00000000e+00,   1.12691632e-04,
         1.02586342e-01,   5.02890080e-03,   4.44889658e-05,
         0.00000000e+00,   0.00000000e+00,   0.00000000e+00,
         2.08972883e-05,   2.72312805e-05,   2.52438638e-05,
         0.00000000e+00,   0.00000000e+00,   0.00000000e+00,
         0.00000000e+00,   0.00000000e+00,   0.00000000e+00,
         2.68234283e-05,   2.40642635e-05,   0.00000000e+00,
         0.00000000e+00,   0.00000000e+00,   0.00000000e+00,
         0.00000000e+00,   0.00000000e+00,   0.00000000e+00,
         0.00000000e+00,   0.00000000e+00,   0.00000000e+00,
         0.00000000e+00,   0.00000000e+00,   0.00000000e+00,
         0.00000000e+00,   0.00000000e+00,   0.00000000e+00,
         0.00000000e+00,   0.00000000e+00,   0.00000000e+00,
         0.00000000e+00,   0.00000000e+00,   1.39413755e-04,
         1.09437919e-02,   6.38713038e-05,   0.00000000e+00,
         0.00000000e+00,   0.00000000e+00,   1.86579655e-04,
         3.14713112e-04,   2.59737195e-01,   1.00253599e-01,
         1.26863924e-04,   0.00000000e+00,   0.00000000e+00,
         0.00000000e+00,   3.50830429e-04,   6.28803290e-03,
         1.02982628e-01,   4.06629107e-05,   2.44213512e-05,
         0.00000000e+00,   0.00000000e+00,   0.00000000e+00,
         6.32690400e-05,   4.88377262e-05,   1.00150610e-01,
         1.79845514e-04,   0.00000000e+00,   0.00000000e+00,
         2.07902738e-05,   2.93277668e-05]), scale=array([ 1.00243777,  1.27610741,  0.79861746,  0.25624862,  0.22173936,
        2.65507172,  0.78712255,  0.22355896,  0.51970991,  1.10084878,
        0.31632245,  1.49068903,  0.06924064,  0.90382092,  0.09952915,
        0.34852353,  0.34194567,  0.09996626,  0.096345  ,  0.20152022,
        0.07047652,  0.52540054,  0.12128861,  0.09987397,  0.09884058,
        0.0999178 ,  0.09991442,  0.1       ,  0.1       ,  0.09988972,
        0.3734808 ,  0.35097047,  0.09429664,  0.07388561,  0.46621956,
        2.1302632 ,  0.2767151 ,  0.08083573,  1.82315075,  1.62222823,
        1.37326871,  0.14960288,  0.1011761 ,  0.12246382,  0.089306  ,
        0.07706954,  0.6523379 ,  0.1       ,  0.14211532,  0.13613929,
        0.09974103,  0.09986395,  0.22927095,  0.17824449,  0.09996626,
        0.1       ,  0.1       ,  0.1       ,  0.1       ,  0.12087511,
        0.10039827,  0.09990826,  0.09079538,  0.1       ,  0.1       ,
        0.1       ,  0.1       ,  0.1       ,  0.1       ,  0.0981979 ,
        0.1226927 ,  0.09996626,  0.12558163,  0.83552202,  0.27106999,
        0.07598694,  1.18336131,  0.31262321,  1.85009181,  4.38258279,
        0.9453756 ,  0.16668887,  0.1       ,  3.57280005,  0.15921515,
        1.57496676,  1.49524926,  0.11606123,  0.09109876,  0.1       ,
        0.1       ,  1.11412352,  0.10759129,  0.09544624,  0.08361461,
        0.34805096,  0.53334627,  0.1       ,  0.1       ,  0.1       ,
        0.09996626,  0.09996613,  0.11187735,  0.10573784,  0.18450122,
        0.09996626,  0.1       ,  0.1       ,  0.1       ,  0.1       ,
        0.1       ,  0.0999287 ,  0.09993109,  0.0999511 ,  0.1       ,
        0.1       ,  0.1       ,  0.1       ,  0.1       ,  0.1       ,
        0.09995348,  0.09993262,  0.1       ,  0.1       ,  0.1       ,
        0.1       ,  0.1       ,  0.1       ,  0.1       ,  0.1       ,
        0.1       ,  0.1       ,  0.1       ,  0.09994842,  0.09996165,
        0.1       ,  0.1       ,  0.0995598 ,  0.07003983,  0.26038817,
        0.10456214,  0.0972663 ,  0.09995145,  4.4688617 ,  2.41671849,
        0.75835301,  1.95310238,  0.02268573,  0.44367524,  0.11803733,
        0.1       ,  0.09959965,  0.16442415,  0.55357597,  1.04183048,
        0.11169862,  0.10366218,  0.09984343,  0.1       ,  0.1       ,
        1.72389598,  0.07381766,  0.43860199,  0.0845745 ,  0.09984502,
        0.1       ,  0.1       ,  0.1       ,  0.09996591,  0.10014741,
        0.09995024,  0.1       ,  0.1       ,  0.1       ,  0.1       ,
        0.1       ,  0.1       ,  0.09994381,  0.09995479,  0.1       ,
        0.1       ,  0.1       ,  0.1       ,  0.1       ,  0.1       ,
        0.1       ,  0.1       ,  0.1       ,  0.1       ,  0.1       ,
        0.1       ,  0.1       ,  0.1       ,  0.1       ,  0.1       ,
        0.1       ,  0.1       ,  0.1       ,  0.1       ,  0.1       ,
        0.09302937,  0.08464197,  0.09858284,  0.1       ,  0.1       ,
        0.1       ,  0.09076565,  0.32293486,  0.06208327,  0.23479483,
        0.08796241,  0.1       ,  0.1       ,  0.1       ,  0.08027967,
        0.18440736,  1.5098918 ,  0.21645712,  0.09995343,  0.1       ,
        0.1       ,  0.1       ,  0.10635245,  0.10709663,  0.20618654,
        0.09365092,  0.1       ,  0.1       ,  0.09996626,  0.09993281]), density=58.34224860938182) for prediction
Threshold 0.5
Total bags 200
Total positive bags 100
Total negative bags 100
Total predicted positive bags 190
Total predicted negative bags 10
True positives 97
False positives 93
True negatives 7
False negatives 3
Accuracy 0.52
Precision 0.5105263157894737
Recall 0.97
