Cross-validation on partition 1 with 63 instances
.........10.........20.........30.........40.........50.........60...
Partition 0: Density: 55.95927658274539 Accuracy: 0.9 Precision: 0.8 Recall: 1.0
Cross-validation on partition 2 with 39 instances
.........10.........20.........30.........
Partition 1: Density: 65.21930748876767 Accuracy: 1.0 Precision: 1.0 Recall: 1.0
Cross-validation on partition 3 with 52 instances
.........10.........20.........30.........40.........50..
Partition 2: Density: 53.59480631163484 Accuracy: 0.8 Precision: 0.8333333333333334 Recall: 0.8333333333333334
Cross-validation on partition 4 with 48 instances
.........10.........20.........30.........40........
Partition 3: Density: 55.0392650762559 Accuracy: 0.8 Precision: 1.0 Recall: 0.6
Cross-validation on partition 5 with 56 instances
.........10.........20.........30.........40.........50......
Partition 4: Density: 57.459118448319906 Accuracy: 0.9 Precision: 1.0 Recall: 0.8333333333333334
Cross-validation on partition 6 with 51 instances
.........10.........20.........30.........40.........50.
Partition 5: Density: 57.62121733266732 Accuracy: 0.8 Precision: 1.0 Recall: 0.6
Cross-validation on partition 7 with 42 instances
.........10.........20.........30.........40..
Partition 6: Density: 53.75005098652987 Accuracy: 0.8 Precision: 0.8333333333333334 Recall: 0.8333333333333334
Cross-validation on partition 8 with 61 instances
.........10.........20.........30.........40.........50.........60.
Partition 7: Density: 61.58444204854912 Accuracy: 0.9 Precision: 1.0 Recall: 0.75
Cross-validation on partition 9 with 53 instances
.........10.........20.........30.........40.........50...
Partition 8: Density: 59.27585183954148 Accuracy: 0.8 Precision: 0.6666666666666666 Recall: 0.6666666666666666
Cross-validation on partition 10 with 45 instances
.........10.........20.........30.........40.....
Partition 9: Density: 57.77651036251306 Accuracy: 0.8 Precision: 0.8 Recall: 0.8
Across 10-fold cross-validation:
Average accuracy: 0.85
Average precision: 0.8933333333333333
Average recall: 0.7916666666666666
Using result EMDDResult(target=array([  6.08838290e-01,   4.65245365e-01,   5.65847921e-01,
         5.10121536e-01,   2.67083645e-01,   7.36685782e-01,
         5.32492014e-01,   5.00786939e-01,   3.23655025e-01,
         3.48226723e-01,   1.97257992e-01,   4.65152154e-01,
         1.68152373e-04,   2.29286035e-01,   4.00073467e-01,
         3.21258062e-01,   3.78513149e-01,   4.08416308e-05,
         1.68163382e-05,   6.29377940e-08,   3.44111439e-03,
         3.31905817e-01,   5.81401165e-05,   7.87266302e-05,
         9.52245218e-05,   6.36605430e-05,   6.41325364e-05,
         0.00000000e+00,   0.00000000e+00,   2.43462909e-05,
         2.26736096e-01,   2.00304500e-01,   2.01282417e-02,
         2.36883536e-01,   2.19164220e-01,   2.08999535e-01,
         2.04757270e-04,   1.87670267e-01,   4.47843735e-01,
         5.95069529e-01,   4.57521200e-01,   7.66388976e-05,
         4.38537243e-03,   4.11237962e-02,   1.00103220e-01,
         2.06317932e-01,   4.13561706e-01,   0.00000000e+00,
         5.92446178e-05,   5.91086065e-05,   1.00118661e-01,
         4.80447907e-05,   2.08533152e-04,   2.00027841e-01,
         4.08416308e-05,   0.00000000e+00,   0.00000000e+00,
         0.00000000e+00,   0.00000000e+00,   4.08416308e-05,
         2.00050856e-05,   6.72336844e-05,   6.52437385e-05,
         0.00000000e+00,   0.00000000e+00,   0.00000000e+00,
         0.00000000e+00,   0.00000000e+00,   0.00000000e+00,
         4.69584661e-04,   2.74060043e-04,   4.08416308e-05,
         2.30427135e-04,   3.09548908e-02,   1.10359226e-01,
         4.29621306e-04,   7.39600848e-06,   2.35933004e-04,
         7.94459346e-02,   2.16412100e-01,   1.05355872e-01,
         1.62439533e-02,   0.00000000e+00,   1.84845475e-04,
         1.75290531e-04,   3.72191151e-01,   5.73646998e-01,
         2.22601807e-01,   4.53043330e-03,   0.00000000e+00,
         0.00000000e+00,   2.50949114e-02,   1.00149160e-01,
         1.15350418e-01,   2.54919185e-01,   3.14618687e-02,
         1.85940240e-04,   0.00000000e+00,   0.00000000e+00,
         0.00000000e+00,   4.08416308e-05,   4.09234483e-05,
         8.86285609e-05,   6.28001456e-05,   9.62473589e-05,
         4.08416308e-05,   0.00000000e+00,   0.00000000e+00,
         0.00000000e+00,   0.00000000e+00,   0.00000000e+00,
         5.93099022e-05,   5.83115179e-05,   4.91500973e-05,
         0.00000000e+00,   0.00000000e+00,   0.00000000e+00,
         0.00000000e+00,   0.00000000e+00,   0.00000000e+00,
         4.79403643e-05,   5.76612555e-05,   0.00000000e+00,
         0.00000000e+00,   0.00000000e+00,   0.00000000e+00,
         0.00000000e+00,   0.00000000e+00,   0.00000000e+00,
         0.00000000e+00,   0.00000000e+00,   0.00000000e+00,
         0.00000000e+00,   5.04713083e-05,   8.93524460e-05,
         0.00000000e+00,   0.00000000e+00,   1.19314990e-04,
         6.02743339e-04,   1.84373887e-04,   3.24717185e-05,
         3.14384645e-04,   4.89702848e-05,   1.72991706e-05,
         4.07603459e-02,   7.61752679e-03,   1.00384209e-01,
         1.87448764e-02,   2.76560109e-04,   8.90305227e-05,
         0.00000000e+00,   3.94177329e-05,   5.55027553e-04,
         2.50688354e-01,   4.99551742e-01,   1.82689750e-04,
         2.75522833e-03,   8.76706024e-05,   0.00000000e+00,
         0.00000000e+00,   1.00120920e-01,   2.00244634e-01,
         1.44380777e-01,   2.68630290e-04,   8.72271082e-05,
         0.00000000e+00,   0.00000000e+00,   0.00000000e+00,
         4.10516275e-05,   2.45818923e-05,   4.86605363e-05,
         0.00000000e+00,   0.00000000e+00,   0.00000000e+00,
         0.00000000e+00,   0.00000000e+00,   0.00000000e+00,
         5.26745874e-05,   4.72645713e-05,   0.00000000e+00,
         0.00000000e+00,   0.00000000e+00,   0.00000000e+00,
         0.00000000e+00,   0.00000000e+00,   0.00000000e+00,
         0.00000000e+00,   0.00000000e+00,   0.00000000e+00,
         0.00000000e+00,   0.00000000e+00,   0.00000000e+00,
         0.00000000e+00,   0.00000000e+00,   0.00000000e+00,
         0.00000000e+00,   0.00000000e+00,   0.00000000e+00,
         0.00000000e+00,   0.00000000e+00,   3.90194131e-04,
         7.26439791e-04,   8.82721631e-05,   0.00000000e+00,
         0.00000000e+00,   0.00000000e+00,   3.38485406e-04,
         3.33633284e-04,   1.00099199e-01,   1.00325769e-01,
         1.91986371e-04,   0.00000000e+00,   0.00000000e+00,
         0.00000000e+00,   6.69692370e-04,   4.22554919e-02,
         2.43776925e-01,   1.03205828e-02,   4.79648879e-05,
         0.00000000e+00,   0.00000000e+00,   0.00000000e+00,
         7.49192784e-05,   1.00128538e-01,   3.91986528e-04,
         4.90189500e-04,   0.00000000e+00,   0.00000000e+00,
         4.08416308e-05,   5.75823486e-05]), scale=array([ 1.96695227,  1.81010272,  0.40487456,  1.31149978,  0.34758413,
        3.95050548,  0.33373054,  0.97641341,  0.67678055,  0.60086002,
        0.27483064,  0.46297259,  0.0937329 ,  1.30581873,  1.20860583,
        0.91884041,  0.77590165,  0.09995549,  0.1382544 ,  0.44104854,
        0.18059498,  0.29349363,  0.09990963,  0.09983377,  0.09982615,
        0.09989158,  0.09989092,  0.1       ,  0.1       ,  0.42922657,
        0.42219974,  0.87548362,  0.09827651,  1.9181045 ,  0.46369785,
        0.4257369 ,  0.09873453,  0.21619222,  1.50399838,  2.76410503,
        0.87203801,  0.09946655,  0.10020871,  0.1139289 ,  0.23918747,
        0.2137781 ,  1.94045864,  0.1       ,  0.09990615,  0.09990659,
        0.22019019,  0.1001888 ,  0.09640325,  0.13511673,  0.09995549,
        0.1       ,  0.1       ,  0.1       ,  0.1       ,  0.09995549,
        0.10642063,  0.099879  ,  0.09986198,  0.1       ,  0.1       ,
        0.1       ,  0.1       ,  0.1       ,  0.1       ,  0.08017819,
        0.0424823 ,  0.09995549,  0.09614977,  0.79152714,  0.35500894,
        0.07083598,  1.0588964 ,  0.09748877,  1.31595235,  1.86098069,
        0.36143531,  0.02699712,  0.1       ,  0.09889556,  0.07381291,
        2.62685453,  1.69262463,  0.35786487,  0.09769719,  0.1       ,
        0.1       ,  0.09661637,  0.19762365,  0.35173155,  0.38393175,
        0.0857301 ,  0.06504549,  0.1       ,  0.1       ,  0.1       ,
        0.09995549,  0.09995532,  0.27332653,  0.24814257,  0.19903569,
        0.09995549,  0.1       ,  0.1       ,  0.1       ,  0.1       ,
        0.1       ,  0.09990595,  0.0999091 ,  0.09993549,  0.1       ,
        0.1       ,  0.1       ,  0.1       ,  0.1       ,  0.1       ,
        0.09993864,  0.09991112,  0.1       ,  0.1       ,  0.1       ,
        0.1       ,  0.1       ,  0.1       ,  0.1       ,  0.1       ,
        0.1       ,  0.1       ,  0.1       ,  0.09993197,  0.09779767,
        0.1       ,  0.1       ,  0.09962719,  0.08191052,  0.10132707,
        0.11872624,  0.09534627,  0.09993596,  7.45366035,  2.142782  ,
        0.05763326,  0.09984421,  0.02018533,  0.09722839,  0.09978699,
        0.1       ,  6.93594495,  0.05986106,  1.24005873,  1.8652159 ,
        0.08120165,  0.09877567,  0.0997935 ,  0.1       ,  0.1       ,
        0.13095274,  0.63978917,  0.47188573,  0.09514114,  0.09979561,
        0.1       ,  0.1       ,  0.1       ,  0.09995504,  0.10264927,
        0.09994243,  0.1       ,  0.1       ,  0.1       ,  0.1       ,
        0.1       ,  0.1       ,  0.09992588,  0.09994036,  0.1       ,
        0.1       ,  0.1       ,  0.1       ,  0.1       ,  0.1       ,
        0.1       ,  0.1       ,  0.1       ,  0.1       ,  0.1       ,
        0.1       ,  0.1       ,  0.1       ,  0.1       ,  0.1       ,
        0.1       ,  0.1       ,  0.1       ,  0.1       ,  0.1       ,
        0.08262398,  0.07673643,  0.09971898,  0.1       ,  0.1       ,
        0.1       ,  0.08821183,  0.35237505,  0.39781711,  0.27730424,
        0.0878191 ,  0.1       ,  0.1       ,  0.1       ,  0.07021782,
        0.64157932,  0.88968807,  0.0967051 ,  0.09993857,  0.1       ,
        0.1       ,  0.1       ,  0.18971316,  0.26993219,  0.07807296,
        0.08638309,  0.1       ,  0.1       ,  0.09995549,  0.09991137]), density=57.72798464775245) for prediction
Classifying against test set

Threshold 0.5
Total bags 200
Total positive bags 100
Total negative bags 100
Total predicted positive bags 193
Total predicted negative bags 7
True positives 97
False positives 96
True negatives 4
False negatives 3
Accuracy 0.505
Precision 0.5025906735751295
Recall 0.97
