Cross-validation on partition 1 with 31 instances
....5....10....15....20....25....30.
Partition 0: Target: [ 1.          1.          0.          0.07435559  0.00879199  1.          0.
  0.07610219  0.0045802   0.          1.          0.94018282  0.
  0.08469982  0.          0.          0.          0.          0.          0.
  0.          0.          0.          0.          0.          0.          0.
  0.          0.          0.          0.          0.          0.          1.
  1.          1.          0.          0.          0.31444427  0.65079953
  1.          0.          0.          0.          0.          0.          0.
  0.          0.          0.          0.          0.          0.          0.
  0.          0.          0.          0.          0.          0.          0.
  0.          0.          0.          0.          0.          0.          0.
  0.          0.          0.          0.          0.          0.          0.
  0.          0.          0.          0.          1.          1.          0.
  0.          0.          0.          1.          0.43645422  1.          0.
  0.          0.          0.          0.          0.          0.          0.
  0.          0.          0.          0.          0.          0.          0.
  0.          0.          0.          0.          0.          0.          0.
  0.          0.          0.          0.          0.          0.          0.
  0.          0.          0.          0.          0.          0.          0.
  0.          0.          0.          0.          0.          0.          0.
  0.          0.          0.          0.          0.          0.          0.
  0.          0.          0.          0.          0.          0.          0.
  0.          0.0045265   0.          0.          0.          0.          0.
  0.          0.          0.          0.          0.          0.          0.
  0.          0.          0.          0.          0.          0.          0.
  0.          0.          0.          0.          0.          0.          0.
  0.          0.          0.          0.          0.          0.          0.
  0.          0.          0.          0.          0.          0.          0.
  0.          0.          0.          0.          0.          0.          0.
  0.          0.          0.          0.          0.          0.          0.
  0.          0.          0.          0.          0.          0.          0.
  0.          0.          0.          0.          0.          0.          0.
  0.00533744  1.          0.          0.          0.          0.          0.
  0.          0.          0.          0.          0.          0.          0.
  0.        ] Scale: [  4.37728452e-01   7.06060059e-01   7.11472466e-02   2.04094436e-01
   0.00000000e+00   4.29244406e+00   6.77881885e-02   2.14606241e-01
   0.00000000e+00   6.23661806e-03   1.28278683e-01   3.65113108e-01
   8.74966819e-02   0.00000000e+00   6.87535159e-02   7.75691441e-02
   7.30804747e-02   9.99503465e-02   9.82221253e-02   9.21231214e-02
   7.97669619e-02   3.06525546e-02   9.98991864e-02   9.98145731e-02
   9.96695431e-02   9.98790427e-02   9.98782112e-02   1.00000000e-01
   1.00000000e-01   9.98377438e-02   0.00000000e+00   0.00000000e+00
   8.63570636e-02   1.29654846e+00   5.63028520e+00   4.56460287e+00
   9.85372636e-02   4.10013388e-02   1.41701637e-01   3.26009608e-01
   1.98704699e+00   9.98522265e-02   9.87896140e-02   9.59008474e-02
   8.66875317e-02   8.39452303e-02   6.29183565e-02   1.00000000e-01
   9.98953046e-02   9.98957866e-02   9.96169252e-02   9.97688205e-02
   9.88100024e-02   9.26744065e-02   9.99503465e-02   1.00000000e-01
   1.00000000e-01   1.00000000e-01   1.00000000e-01   9.99503465e-02
   9.99337897e-02   9.98650132e-02   9.99000087e-02   1.00000000e-01
   1.00000000e-01   1.00000000e-01   1.00000000e-01   1.00000000e-01
   1.00000000e-01   8.84852258e-02   3.58208597e-02   9.99503465e-02
   9.48728841e-02   6.64831197e-02   1.46362748e-03   7.49329903e-02
   1.37474409e-01   7.23966935e-02   1.23119740e+00   6.93144164e+00
   2.74871067e-01   1.86789767e-02   1.00000000e-01   9.89087464e-02
   7.55223131e-02   1.20597958e+00   3.64907504e-01   2.69330894e+00
   8.58431900e-02   1.00000000e-01   1.00000000e-01   9.96296779e-02
   9.93003471e-02   8.49371455e-02   8.89156142e-02   9.45876656e-02
   5.82154015e-02   1.00000000e-01   1.00000000e-01   1.00000000e-01
   9.99503465e-02   9.99501470e-02   9.96302599e-02   9.96010140e-02
   9.98300449e-02   9.99503465e-02   1.00000000e-01   1.00000000e-01
   1.00000000e-01   1.00000000e-01   1.00000000e-01   9.98950729e-02
   9.98985889e-02   9.99280300e-02   1.00000000e-01   1.00000000e-01
   1.00000000e-01   1.00000000e-01   1.00000000e-01   1.00000000e-01
   9.99315381e-02   9.99008464e-02   1.00000000e-01   1.00000000e-01
   1.00000000e-01   1.00000000e-01   1.00000000e-01   1.00000000e-01
   1.00000000e-01   1.00000000e-01   1.00000000e-01   1.00000000e-01
   1.00000000e-01   9.99240976e-02   9.99435655e-02   1.00000000e-01
   1.00000000e-01   9.95859131e-02   9.97999904e-02   7.99404563e-02
   2.65952446e-02   9.77580893e-02   9.99285570e-02   5.90927837e+00
   8.56908029e-02   6.82262195e-02   0.00000000e+00   6.54396020e-02
   4.28187007e-01   9.97950597e-02   1.00000000e-01   9.93720588e-02
   1.61389507e+00   8.30856408e-01   6.87113854e-01   1.23700002e-01
   1.01012522e-01   9.97696649e-02   1.00000000e-01   1.00000000e-01
   9.91465577e-02   9.31430080e-02   8.78260988e-02   9.93285632e-02
   9.97720091e-02   1.00000000e-01   1.00000000e-01   1.00000000e-01
   9.99498336e-02   9.98979610e-02   9.99267685e-02   1.00000000e-01
   1.00000000e-01   1.00000000e-01   1.00000000e-01   1.00000000e-01
   1.00000000e-01   9.99173053e-02   9.99334594e-02   1.00000000e-01
   1.00000000e-01   1.00000000e-01   1.00000000e-01   1.00000000e-01
   1.00000000e-01   1.00000000e-01   1.00000000e-01   1.00000000e-01
   1.00000000e-01   1.00000000e-01   1.00000000e-01   1.00000000e-01
   1.00000000e-01   1.00000000e-01   1.00000000e-01   1.00000000e-01
   1.00000000e-01   1.00000000e-01   1.00000000e-01   1.00000000e-01
   9.97709671e-02   9.95834876e-02   9.97968437e-02   1.00000000e-01
   1.00000000e-01   1.00000000e-01   8.07955113e-02   6.69043301e-01
   0.00000000e+00   9.47359566e-02   8.76343381e-02   1.00000000e-01
   1.00000000e-01   1.00000000e-01   5.73066301e-02   6.78631395e-02
   1.51832468e+00   1.72369198e-01   9.99314679e-02   1.00000000e-01
   1.00000000e-01   1.00000000e-01   9.94463806e-02   9.61331283e-02
   8.71617524e-02   9.98977608e-02   1.00000000e-01   1.00000000e-01
   9.99503465e-02   9.99011185e-02] Density: 55.80563731682865
Cross-validation on partition 2 with 31 instances
....5....10....15....20....25....30.
Partition 1: Target: [  1.32981329e-02   1.97693244e-02   0.00000000e+00   1.94295021e-01
   5.42837841e-02   1.54058361e-02   0.00000000e+00   2.15407423e-01
   0.00000000e+00   0.00000000e+00   1.75521147e-01   1.00000000e+00
   0.00000000e+00   0.00000000e+00   0.00000000e+00   0.00000000e+00
   0.00000000e+00   0.00000000e+00   0.00000000e+00   0.00000000e+00
   0.00000000e+00   0.00000000e+00   0.00000000e+00   0.00000000e+00
   0.00000000e+00   0.00000000e+00   0.00000000e+00   0.00000000e+00
   0.00000000e+00   0.00000000e+00   0.00000000e+00   0.00000000e+00
   0.00000000e+00   1.43360876e-04   0.00000000e+00   0.00000000e+00
   0.00000000e+00   0.00000000e+00   4.18880179e-03   1.69036626e-02
   1.14194926e-03   0.00000000e+00   0.00000000e+00   0.00000000e+00
   0.00000000e+00   0.00000000e+00   0.00000000e+00   0.00000000e+00
   0.00000000e+00   0.00000000e+00   0.00000000e+00   0.00000000e+00
   0.00000000e+00   0.00000000e+00   0.00000000e+00   0.00000000e+00
   0.00000000e+00   0.00000000e+00   0.00000000e+00   0.00000000e+00
   0.00000000e+00   0.00000000e+00   0.00000000e+00   0.00000000e+00
   0.00000000e+00   0.00000000e+00   0.00000000e+00   0.00000000e+00
   0.00000000e+00   0.00000000e+00   5.37747586e-05   0.00000000e+00
   0.00000000e+00   1.44118718e-03   0.00000000e+00   0.00000000e+00
   0.00000000e+00   0.00000000e+00   0.00000000e+00   3.17549222e-02
   0.00000000e+00   1.06991383e-03   0.00000000e+00   0.00000000e+00
   0.00000000e+00   6.76356756e-03   7.53533992e-03   8.70004814e-02
   0.00000000e+00   0.00000000e+00   0.00000000e+00   0.00000000e+00
   0.00000000e+00   0.00000000e+00   0.00000000e+00   0.00000000e+00
   1.83054684e-04   0.00000000e+00   0.00000000e+00   0.00000000e+00
   0.00000000e+00   0.00000000e+00   0.00000000e+00   0.00000000e+00
   0.00000000e+00   0.00000000e+00   0.00000000e+00   0.00000000e+00
   0.00000000e+00   0.00000000e+00   0.00000000e+00   0.00000000e+00
   0.00000000e+00   0.00000000e+00   0.00000000e+00   0.00000000e+00
   0.00000000e+00   0.00000000e+00   0.00000000e+00   0.00000000e+00
   0.00000000e+00   0.00000000e+00   0.00000000e+00   0.00000000e+00
   0.00000000e+00   0.00000000e+00   0.00000000e+00   0.00000000e+00
   0.00000000e+00   0.00000000e+00   0.00000000e+00   0.00000000e+00
   0.00000000e+00   0.00000000e+00   0.00000000e+00   0.00000000e+00
   0.00000000e+00   0.00000000e+00   0.00000000e+00   0.00000000e+00
   0.00000000e+00   0.00000000e+00   0.00000000e+00   0.00000000e+00
   3.54119732e-04   0.00000000e+00   1.61026014e-01   0.00000000e+00
   0.00000000e+00   0.00000000e+00   0.00000000e+00   0.00000000e+00
   1.00000000e+00   0.00000000e+00   1.00000000e+00   0.00000000e+00
   0.00000000e+00   0.00000000e+00   0.00000000e+00   0.00000000e+00
   0.00000000e+00   0.00000000e+00   0.00000000e+00   0.00000000e+00
   0.00000000e+00   0.00000000e+00   0.00000000e+00   0.00000000e+00
   0.00000000e+00   0.00000000e+00   0.00000000e+00   0.00000000e+00
   0.00000000e+00   0.00000000e+00   0.00000000e+00   0.00000000e+00
   0.00000000e+00   0.00000000e+00   0.00000000e+00   0.00000000e+00
   0.00000000e+00   0.00000000e+00   0.00000000e+00   0.00000000e+00
   0.00000000e+00   0.00000000e+00   0.00000000e+00   0.00000000e+00
   0.00000000e+00   0.00000000e+00   0.00000000e+00   0.00000000e+00
   0.00000000e+00   0.00000000e+00   0.00000000e+00   0.00000000e+00
   0.00000000e+00   0.00000000e+00   0.00000000e+00   0.00000000e+00
   0.00000000e+00   0.00000000e+00   0.00000000e+00   0.00000000e+00
   0.00000000e+00   0.00000000e+00   0.00000000e+00   0.00000000e+00
   2.43053741e-01   0.00000000e+00   0.00000000e+00   0.00000000e+00
   0.00000000e+00   0.00000000e+00   1.00000000e+00   1.16864120e-04
   1.12059623e-01   0.00000000e+00   0.00000000e+00   0.00000000e+00
   0.00000000e+00   0.00000000e+00   0.00000000e+00   0.00000000e+00
   0.00000000e+00   0.00000000e+00   0.00000000e+00   0.00000000e+00
   0.00000000e+00   0.00000000e+00] Scale: [ 0.05970087  0.20399217  0.0850415   0.46758987  0.          0.03384758
  0.07559294  0.5068941   0.          0.17465478  0.10716053  4.64581469
  0.09962443  0.0375605   0.0835348   0.11584471  0.0860366   0.09998239
  0.09938279  0.09819123  0.08121263  0.04860143  0.10134951  0.09993404
  0.09988207  0.09995703  0.09995674  0.1         0.1         0.09994231
  0.04096574  0.          0.09226879  0.01417935  0.03903639  0.05618551
  0.09946067  0.09447688  0.01722296  0.20986958  0.06339561  0.11349683
  0.10008197  0.0993091   0.09105241  0.08792368  0.07904549  0.1
  0.10693674  0.09996299  0.09986313  0.09991792  0.0995506   0.09181728
  0.09998239  0.1         0.1         0.1         0.1         0.09998239
  0.09997651  0.09995203  0.0999645   0.1         0.1         0.1         0.1
  0.1         0.1         0.09069171  0.04535952  0.09998239  0.09642773
  0.37425853  0.01707677  0.07981451  0.14663479  0.08527     1.43089785
  1.56150889  0.          0.03105446  0.1         0.10472666  0.32150485
  0.15719306  0.24208718  0.07988518  0.09021107  0.1         0.1
  0.37288084  0.10181962  0.09533756  0.09312328  0.09671645  0.0557654
  0.1         0.1         0.1         0.09998239  0.09998232  0.09986793
  0.0998574   0.09993956  0.09998239  0.1         0.1         0.1         0.1
  0.1         0.09996274  0.09996399  0.09997446  0.1         0.1         0.1
  0.1         0.1         0.1         0.09997571  0.0999648   0.1         0.1
  0.1         0.1         0.1         0.1         0.1         0.1         0.1
  0.1         0.1         0.09997306  0.09997998  0.1         0.1
  0.09985195  0.09992883  0.08374711  0.03811263  0.098644    0.09997465
  4.91566395  0.06486776  0.07786607  0.          0.08481771  0.47614616
  0.09997764  0.1         0.09978291  7.33585904  1.30480047  3.72968909
  0.14541493  0.10308757  0.09991798  0.1         0.1         0.5377244
  0.09693209  0.09730805  0.09975506  0.09991882  0.1         0.1         0.1
  0.09998221  0.09996377  0.09997401  0.1         0.1         0.1         0.1
  0.1         0.1         0.09997065  0.09997639  0.1         0.1         0.1
  0.1         0.1         0.1         0.1         0.1         0.1         0.1
  0.1         0.1         0.1         0.1         0.1         0.1         0.1
  0.1         0.1         0.1         0.1         0.09991845  0.09985095
  0.0999084   0.1         0.1         0.1         0.09792197  0.20763511
  0.          0.10517052  0.08959757  0.1         0.1         0.1
  5.10652291  0.05998567  0.20941761  0.20634082  0.09997568  0.1         0.1
  0.1         0.09980146  0.0987983   0.09218841  0.0999637   0.1         0.1
  0.09998239  0.09996489] Density: 64.9150013122525
Cross-validation on partition 3 with 26 instances
....5....10....15....20....25.
Partition 2: Target: [ 1.          1.          0.          0.0147211   0.00472806  1.          0.
  0.01927381  0.00108851  0.          1.          0.90862571  0.
  0.08466457  0.          0.          0.          0.          0.          0.
  0.          0.          0.          0.          0.          0.          0.
  0.          0.          0.          0.          0.          0.          1.
  1.          1.          0.          0.          0.30869639  1.          1.
  0.          0.          0.          0.          0.          0.          0.
  0.          0.          0.          0.          0.          0.          0.
  0.          0.          0.          0.          0.          0.          0.
  0.          0.          0.          0.          0.          0.          0.
  0.          0.          0.          0.          0.          0.          0.
  0.          0.          0.          1.          1.          0.00240047
  0.          0.          0.          1.          0.49608091  1.          0.
  0.          0.          0.          0.          0.          0.          0.
  0.          0.          0.          0.          0.          0.          0.
  0.          0.          0.          0.          0.          0.          0.
  0.          0.          0.          0.          0.          0.          0.
  0.          0.          0.          0.          0.          0.          0.
  0.          0.          0.          0.          0.          0.          0.
  0.          0.          0.          0.          0.          0.          0.
  0.          0.          0.          0.          0.          0.          0.
  0.          0.0012515   0.          0.          0.          0.          0.
  0.          0.          0.          0.          0.          0.          0.
  0.          0.          0.          0.          0.          0.          0.
  0.          0.          0.          0.          0.          0.          0.
  0.          0.          0.          0.          0.          0.          0.
  0.          0.          0.          0.          0.          0.          0.
  0.          0.          0.          0.          0.          0.          0.
  0.          0.          0.          0.          0.          0.          0.
  0.          0.          0.          0.          0.          0.          0.
  0.          0.          0.          0.          0.          0.          0.
  0.00559416  1.          0.          0.          0.          0.          0.
  0.          0.          0.          0.          0.          0.          0.
  0.        ] Scale: [  2.50156261e-01   3.94469320e-01   0.00000000e+00   4.33210640e-02
   0.00000000e+00   4.88555595e+00   0.00000000e+00   6.09948629e-02
   0.00000000e+00   0.00000000e+00   9.99835322e-02   3.07425134e-01
   8.26043636e-02   0.00000000e+00   4.94363810e-02   5.79901884e-02
   6.08174686e-02   9.99379502e-02   9.66877882e-02   9.19375528e-02
   5.34159202e-02   4.44872059e-03   1.03545330e-01   9.97682804e-02
   9.95870436e-02   9.98488449e-02   9.98478059e-02   1.00000000e-01
   1.00000000e-01   9.97972356e-02   0.00000000e+00   0.00000000e+00
   8.43023012e-02   1.58539570e+00   4.68590017e+00   6.15174717e+00
   9.78085517e-02   2.69319737e-02   9.83205725e-02   2.50622415e+00
   1.95614075e+00   1.43887960e-01   9.98453438e-02   9.49590215e-02
   8.50086672e-02   8.35744588e-02   6.46080497e-02   1.00000000e-01
   1.20923303e-01   9.98697691e-02   9.95212897e-02   9.97109684e-02
   9.85230056e-02   8.82113884e-02   9.99379502e-02   1.00000000e-01
   1.00000000e-01   1.00000000e-01   1.00000000e-01   9.99379502e-02
   9.99172599e-02   9.98313130e-02   9.98750452e-02   1.00000000e-01
   1.00000000e-01   1.00000000e-01   1.00000000e-01   1.00000000e-01
   1.00000000e-01   8.86457623e-02   3.87148376e-02   9.99379502e-02
   9.48719968e-02   6.95867855e-02   5.86904698e-03   7.53591246e-02
   1.28495764e-01   6.04144648e-02   7.46691869e-01   6.31315407e+00
   3.28662739e-01   0.00000000e+00   1.00000000e-01   1.13862078e-01
   2.33157509e-01   8.21940561e-01   1.01035579e+00   2.42669045e+00
   8.55078080e-02   1.00000000e-01   1.00000000e-01   1.16626289e+00
   1.04803368e-01   8.21703995e-02   8.54254917e-02   9.25663018e-02
   5.94855743e-02   1.00000000e-01   1.00000000e-01   1.00000000e-01
   9.99379502e-02   9.99377009e-02   9.95379534e-02   9.95014064e-02
   9.97876147e-02   9.99379502e-02   1.00000000e-01   1.00000000e-01
   1.00000000e-01   1.00000000e-01   1.00000000e-01   9.98688771e-02
   9.98732710e-02   9.99100622e-02   1.00000000e-01   1.00000000e-01
   1.00000000e-01   1.00000000e-01   1.00000000e-01   1.00000000e-01
   9.99144461e-02   9.98760920e-02   1.00000000e-01   1.00000000e-01
   1.00000000e-01   1.00000000e-01   1.00000000e-01   1.00000000e-01
   1.00000000e-01   1.00000000e-01   1.00000000e-01   1.00000000e-01
   1.00000000e-01   9.99051481e-02   9.99294762e-02   1.00000000e-01
   1.00000000e-01   9.94825356e-02   9.97500570e-02   8.04715375e-02
   2.90499311e-02   9.75141699e-02   9.99107208e-02   5.60267818e+00
   8.21729979e-02   4.41787233e-02   0.00000000e+00   6.08831809e-02
   3.41569631e-01   9.96962406e-02   1.00000000e-01   9.92361479e-02
   2.27859805e+00   9.31156812e-01   7.19563164e-01   1.07594383e-01
   9.86801501e-02   9.97121607e-02   1.00000000e-01   1.00000000e-01
   1.82210291e+00   9.20369466e-02   8.35289238e-02   9.91641820e-02
   9.97150902e-02   1.00000000e-01   1.00000000e-01   1.00000000e-01
   9.99373093e-02   9.98724863e-02   9.99084858e-02   1.00000000e-01
   1.00000000e-01   1.00000000e-01   1.00000000e-01   1.00000000e-01
   1.00000000e-01   9.98966600e-02   9.99168471e-02   1.00000000e-01
   1.00000000e-01   1.00000000e-01   1.00000000e-01   1.00000000e-01
   1.00000000e-01   1.00000000e-01   1.00000000e-01   1.00000000e-01
   1.00000000e-01   1.00000000e-01   1.00000000e-01   1.00000000e-01
   1.00000000e-01   1.00000000e-01   1.00000000e-01   1.00000000e-01
   1.00000000e-01   1.00000000e-01   1.00000000e-01   1.00000000e-01
   9.97137881e-02   9.94787817e-02   9.97573117e-02   1.00000000e-01
   1.00000000e-01   1.00000000e-01   8.09146463e-02   5.90385692e-01
   0.00000000e+00   8.84025802e-02   8.80096723e-02   1.00000000e-01
   1.00000000e-01   1.00000000e-01   5.29679670e-02   1.40237577e-02
   1.14841142e+00   1.44845237e-01   9.99143583e-02   1.00000000e-01
   1.00000000e-01   1.00000000e-01   9.93081694e-02   9.54597971e-02
   8.72635695e-02   9.98722362e-02   1.00000000e-01   1.00000000e-01
   9.99379502e-02   9.98764322e-02] Density: 54.38206268351481
Cross-validation on partition 4 with 34 instances
....5....10....15....20....25....30....
Partition 3: Target: [  1.00000000e+00   1.00000000e+00   0.00000000e+00   1.96760288e-02
   1.46219356e-03   7.84209785e-01   0.00000000e+00   2.29389380e-02
   2.26590199e-03   1.16181247e-02   1.14727748e-02   1.00000000e+00
   0.00000000e+00   1.00000000e+00   3.04836223e-02   3.65866865e-01
   0.00000000e+00   0.00000000e+00   0.00000000e+00   6.00371657e-02
   0.00000000e+00   0.00000000e+00   0.00000000e+00   0.00000000e+00
   0.00000000e+00   0.00000000e+00   0.00000000e+00   0.00000000e+00
   0.00000000e+00   0.00000000e+00   8.02239670e-01   1.00000000e+00
   1.88328737e-01   1.00000000e+00   1.00000000e+00   1.00000000e+00
   0.00000000e+00   1.00000000e+00   1.00000000e+00   0.00000000e+00
   0.00000000e+00   0.00000000e+00   0.00000000e+00   0.00000000e+00
   0.00000000e+00   0.00000000e+00   0.00000000e+00   0.00000000e+00
   0.00000000e+00   0.00000000e+00   0.00000000e+00   0.00000000e+00
   0.00000000e+00   0.00000000e+00   0.00000000e+00   0.00000000e+00
   0.00000000e+00   0.00000000e+00   0.00000000e+00   0.00000000e+00
   0.00000000e+00   0.00000000e+00   0.00000000e+00   0.00000000e+00
   0.00000000e+00   0.00000000e+00   0.00000000e+00   0.00000000e+00
   0.00000000e+00   0.00000000e+00   0.00000000e+00   0.00000000e+00
   0.00000000e+00   0.00000000e+00   0.00000000e+00   0.00000000e+00
   0.00000000e+00   0.00000000e+00   5.66205074e-01   1.00000000e+00
   8.30680805e-01   0.00000000e+00   0.00000000e+00   0.00000000e+00
   0.00000000e+00   3.00834258e-01   1.50216522e-01   1.25581016e-01
   0.00000000e+00   0.00000000e+00   0.00000000e+00   0.00000000e+00
   0.00000000e+00   0.00000000e+00   0.00000000e+00   0.00000000e+00
   0.00000000e+00   0.00000000e+00   0.00000000e+00   0.00000000e+00
   0.00000000e+00   0.00000000e+00   0.00000000e+00   0.00000000e+00
   0.00000000e+00   0.00000000e+00   0.00000000e+00   0.00000000e+00
   0.00000000e+00   0.00000000e+00   0.00000000e+00   0.00000000e+00
   0.00000000e+00   0.00000000e+00   0.00000000e+00   0.00000000e+00
   0.00000000e+00   0.00000000e+00   0.00000000e+00   0.00000000e+00
   0.00000000e+00   0.00000000e+00   0.00000000e+00   0.00000000e+00
   0.00000000e+00   0.00000000e+00   0.00000000e+00   0.00000000e+00
   0.00000000e+00   0.00000000e+00   0.00000000e+00   0.00000000e+00
   0.00000000e+00   0.00000000e+00   0.00000000e+00   0.00000000e+00
   0.00000000e+00   0.00000000e+00   0.00000000e+00   0.00000000e+00
   0.00000000e+00   0.00000000e+00   0.00000000e+00   0.00000000e+00
   0.00000000e+00   2.66384538e-02   2.41979256e-02   0.00000000e+00
   0.00000000e+00   0.00000000e+00   0.00000000e+00   0.00000000e+00
   1.27893119e-03   0.00000000e+00   0.00000000e+00   0.00000000e+00
   0.00000000e+00   0.00000000e+00   0.00000000e+00   0.00000000e+00
   0.00000000e+00   0.00000000e+00   0.00000000e+00   0.00000000e+00
   0.00000000e+00   0.00000000e+00   0.00000000e+00   0.00000000e+00
   0.00000000e+00   0.00000000e+00   0.00000000e+00   0.00000000e+00
   0.00000000e+00   0.00000000e+00   0.00000000e+00   0.00000000e+00
   0.00000000e+00   0.00000000e+00   0.00000000e+00   0.00000000e+00
   0.00000000e+00   0.00000000e+00   0.00000000e+00   0.00000000e+00
   0.00000000e+00   0.00000000e+00   0.00000000e+00   0.00000000e+00
   0.00000000e+00   0.00000000e+00   0.00000000e+00   0.00000000e+00
   0.00000000e+00   0.00000000e+00   0.00000000e+00   0.00000000e+00
   0.00000000e+00   0.00000000e+00   0.00000000e+00   0.00000000e+00
   0.00000000e+00   0.00000000e+00   0.00000000e+00   0.00000000e+00
   0.00000000e+00   0.00000000e+00   0.00000000e+00   6.73621051e-04
   0.00000000e+00   0.00000000e+00   0.00000000e+00   0.00000000e+00
   0.00000000e+00   0.00000000e+00   0.00000000e+00   1.65988308e-02
   0.00000000e+00   0.00000000e+00   0.00000000e+00   0.00000000e+00
   0.00000000e+00   0.00000000e+00   0.00000000e+00   0.00000000e+00
   0.00000000e+00   0.00000000e+00   0.00000000e+00   0.00000000e+00
   0.00000000e+00   0.00000000e+00] Scale: [  6.94958537e-01   1.47656756e+00   1.67997470e-01   8.98578995e-02
   0.00000000e+00   5.09543687e-01   1.89161152e-01   1.06149798e-01
   3.94391462e-02   1.43269467e-01   8.12631719e-02   1.17366611e+00
   9.97488137e-02   3.66113869e+00   5.38179959e-02   1.28024426e-01
   8.49537635e-02   9.99703849e-02   9.85191233e-02   8.76217649e-02
   6.24235141e-02   2.80036400e-02   1.04601100e-01   9.98893917e-02
   9.98028559e-02   9.99278522e-02   9.99273562e-02   1.00000000e-01
   1.00000000e-01   9.61677160e-02   2.07626639e-01   9.84261015e-01
   8.82069245e-02   4.68686154e+00   1.94454719e+00   3.26141500e+00
   9.89824927e-02   1.27948218e+00   4.45966865e+00   9.26274488e-01
   1.10895526e-01   1.49997871e-01   1.01036757e-01   9.78615218e-02
   8.91417538e-02   8.67467411e-02   7.14909922e-02   1.00000000e-01
   1.24912472e-01   9.99378405e-02   9.97714548e-02   9.98622330e-02
   9.92795081e-02   9.06562520e-02   9.99703849e-02   1.00000000e-01
   1.00000000e-01   1.00000000e-01   1.00000000e-01   9.99703849e-02
   9.99605092e-02   9.99194831e-02   9.99403590e-02   1.00000000e-01
   1.00000000e-01   1.00000000e-01   1.00000000e-01   1.00000000e-01
   1.00000000e-01   9.24732856e-02   9.84290123e-02   9.99703849e-02
   9.43546256e-02   5.34829058e-02   1.28111562e-02   9.34823235e-02
   1.40601623e-01   9.42168021e-02   3.35282476e-01   7.37605302e+00
   4.95589078e-02   4.63596295e-02   1.00000000e-01   1.17736400e-01
   2.57395182e-01   3.17648805e-01   4.53725509e-01   7.89629355e-02
   9.79709995e-02   1.00000000e-01   1.00000000e-01   1.13159561e+00
   1.06717079e-01   9.65154766e-02   9.17815427e-02   9.61750422e-02
   9.92593719e-02   1.00000000e-01   1.00000000e-01   1.00000000e-01
   9.99703849e-02   9.99702659e-02   9.97794129e-02   9.97619588e-02
   9.98986221e-02   9.99703849e-02   1.00000000e-01   1.00000000e-01
   1.00000000e-01   1.00000000e-01   1.00000000e-01   9.99374147e-02
   9.99395121e-02   9.99570737e-02   1.00000000e-01   1.00000000e-01
   1.00000000e-01   1.00000000e-01   1.00000000e-01   1.00000000e-01
   9.99591662e-02   9.99408587e-02   1.00000000e-01   1.00000000e-01
   1.00000000e-01   1.00000000e-01   1.00000000e-01   1.00000000e-01
   1.00000000e-01   1.00000000e-01   1.00000000e-01   1.00000000e-01
   1.00000000e-01   9.99547281e-02   9.99663403e-02   1.00000000e-01
   1.00000000e-01   9.97529462e-02   9.98806916e-02   8.40993695e-02
   9.76489937e-02   9.92897197e-02   9.99573880e-02   5.07964204e+00
   9.57387400e-02   4.11937140e-02   0.00000000e+00   8.57399108e-02
   4.50094261e-01   9.99450611e-02   1.00000000e-01   9.96523240e-02
   1.40428686e+00   1.28692040e-01   6.46599725e-01   1.42664233e-01
   1.04092150e-01   9.98625984e-02   1.00000000e-01   1.00000000e-01
   1.74056469e+00   9.65337765e-02   9.41225725e-02   9.96040305e-02
   9.98639971e-02   1.00000000e-01   1.00000000e-01   1.00000000e-01
   9.99700790e-02   9.99391375e-02   9.99563212e-02   1.00000000e-01
   1.00000000e-01   1.00000000e-01   1.00000000e-01   1.00000000e-01
   1.00000000e-01   9.99506765e-02   9.99603122e-02   1.00000000e-01
   1.00000000e-01   1.00000000e-01   1.00000000e-01   1.00000000e-01
   1.00000000e-01   1.00000000e-01   1.00000000e-01   1.00000000e-01
   1.00000000e-01   1.00000000e-01   1.00000000e-01   1.00000000e-01
   1.00000000e-01   1.00000000e-01   1.00000000e-01   1.00000000e-01
   1.00000000e-01   1.00000000e-01   1.00000000e-01   1.00000000e-01
   9.98583658e-02   9.97520556e-02   9.98675664e-02   1.00000000e-01
   1.00000000e-01   1.00000000e-01   8.35138390e-02   2.04178687e-01
   6.95362282e-03   1.07230834e-01   8.91235289e-02   1.00000000e-01
   1.00000000e-01   1.00000000e-01   8.07925782e-02   1.35489608e-01
   2.72873404e-01   2.05978579e-01   9.99591243e-02   1.00000000e-01
   1.00000000e-01   1.00000000e-01   9.96696588e-02   9.49504879e-02
   9.04535799e-02   9.99390181e-02   1.00000000e-01   1.00000000e-01
   9.99703849e-02   9.99410210e-02] Density: 59.167475299366316
Cross-validation on partition 5 with 33 instances
....5....10....15....20....25....30...
Partition 4: Target: [ 0.2224504   0.00582889  0.          1.          0.01272878  0.41483837
  0.          1.          0.02784427  0.1320723   0.03966691  0.81716161
  0.          1.          1.          1.          0.27267515  0.          0.
  0.          1.          0.          0.          0.          0.          0.
  0.          0.          0.          0.          0.94164202  0.          0.
  0.20620222  1.          0.00104177  0.          0.          1.          1.
  0.          0.          0.          0.          0.          0.          0.
  0.          0.          0.          0.          0.          0.          0.
  0.          0.          0.          0.          0.          0.          0.
  0.          0.          0.          0.          0.          0.          0.
  0.          0.          0.          0.          0.          0.          0.
  0.          0.          0.          1.          1.          0.00116454
  0.          0.          0.          0.00362506  0.          0.          0.
  0.          0.          0.          0.          0.          0.          0.
  0.          0.          0.          0.          0.          0.          0.
  0.          0.          0.          0.          0.          0.          0.
  0.          0.          0.          0.          0.          0.          0.
  0.          0.          0.          0.          0.          0.          0.
  0.          0.          0.          0.          0.          0.          0.
  0.          0.          0.          0.          0.          0.          0.
  0.          0.          0.          0.          0.          0.          0.
  0.          0.00261625  0.00847804  0.          0.          0.          0.
  0.          0.00250458  0.          0.          0.          0.          0.
  0.          0.          0.          0.          0.          0.          0.
  0.          0.          0.          0.          0.          0.          0.
  0.          0.          0.          0.          0.          0.          0.
  0.          0.          0.          0.          0.          0.          0.
  0.          0.          0.          0.          0.          0.          0.
  0.          0.          0.          0.          0.          0.          0.
  0.          0.          0.          0.          0.          0.          0.
  0.00177691  0.          0.          0.          0.          0.          0.
  0.          0.02292627  0.          0.          0.          0.          0.
  0.          0.          0.          0.          0.          0.          0.
  0.          0.        ] Scale: [ 0.07336852  0.          0.63758547  1.58520934  0.06222471  0.18454616
  0.81083919  1.62532597  0.13416701  1.05073064  0.11452481  0.61418258
  0.09130858  0.9800197   1.92127999  5.33764571  0.14321258  0.09994991
  0.09744838  0.24058681  1.97617163  0.00874241  0.10388797  0.09981303
  0.09966694  0.09987801  0.09987718  0.1         0.1         0.08927261
  0.47714502  0.          0.09604913  0.25564782  2.11850852  0.03002168
  0.09826303  0.07772448  4.19856456  2.79692546  0.06311974  0.15015297
  0.10025715  0.09590373  0.08804115  0.08498275  0.06290283  0.1
  0.12354515  0.0998949   0.09961396  0.09976689  0.09880615  0.09424458
  0.09994991  0.1         0.1         0.1         0.1         0.09994991
  0.09993322  0.09986387  0.09989915  0.1         0.1         0.1         0.1
  0.1         0.1         0.09157375  0.04005379  0.09994991  0.09672004
  0.04862172  0.00872945  0.07658443  0.13756987  0.09151826  4.16357199
  7.49823689  0.          0.02647116  0.1         0.11595911  0.31630125
  0.10271134  0.04809444  0.08164131  0.0865124   0.1         0.1
  1.33185444  0.10552926  0.09393568  0.08792119  0.08116424  0.06105634
  0.1         0.1         0.1         0.09994991  0.09994971  0.09962738
  0.09959795  0.09982862  0.09994991  0.1         0.1         0.1         0.1
  0.1         0.09989418  0.09989772  0.09992741  0.1         0.1         0.1
  0.1         0.1         0.1         0.09993095  0.0999      0.1         0.1
  0.1         0.1         0.1         0.1         0.1         0.1         0.1
  0.1         0.1         0.09992344  0.09994308  0.1         0.1
  0.09958275  0.09979834  0.08109782  0.03087817  0.09785894  0.09992794
  5.32137565  0.09232719  0.20191857  0.01022416  0.08121628  0.7157869
  0.09984     0.1         0.09938978  0.10790508  0.72709784  0.97765201
  0.14633811  0.10394066  0.09976778  0.1         0.1         2.07883323
  0.09196298  0.08318771  0.09933232  0.09977014  0.1         0.1         0.1
  0.0999494   0.09989709  0.09992614  0.1         0.1         0.1         0.1
  0.1         0.1         0.09991659  0.09993288  0.1         0.1         0.1
  0.1         0.1         0.1         0.1         0.1         0.1         0.1
  0.1         0.1         0.1         0.1         0.1         0.1         0.1
  0.1         0.1         0.1         0.1         0.09976383  0.099578
  0.09983445  0.1         0.1         0.1         0.0818487   0.32077836
  0.02381378  0.10560198  0.09968119  0.1         0.1         0.1
  0.07444218  0.2503184   0.04842229  0.24510793  0.09993087  0.1         0.1
  0.1         0.09944237  0.07325029  0.0884334   0.09989689  0.1         0.1
  0.09994991  0.09990027] Density: 55.2991213465755
Cross-validation on partition 6 with 26 instances
....5....10....15....20....25.
Partition 5: Target: [  7.96314159e-01   3.87407477e-01   1.90014585e-01   2.20215388e-01
   0.00000000e+00   1.00000000e+00   1.86000846e-01   2.69859678e-01
   1.12804491e-03   7.53359387e-01   1.00000000e+00   1.38809325e-02
   0.00000000e+00   3.66979414e-01   0.00000000e+00   1.00000000e+00
   1.09310727e-04   1.48783183e-05   0.00000000e+00   0.00000000e+00
   1.22898222e-01   3.39938934e-01   0.00000000e+00   2.86230192e-05
   3.80277486e-05   2.31670867e-05   2.32459372e-05   0.00000000e+00
   0.00000000e+00   1.72101450e-05   5.46958513e-05   0.00000000e+00
   5.62364734e-05   0.00000000e+00   1.80713963e-01   8.77018063e-01
   5.45811574e-05   0.00000000e+00   1.00000000e+00   1.00000000e+00
   1.00000000e+00   0.00000000e+00   0.00000000e+00   0.00000000e+00
   8.97024305e-05   6.77587064e-05   7.41059999e-07   0.00000000e+00
   0.00000000e+00   2.15157990e-05   4.08721493e-05   3.20925209e-05
   7.64641355e-05   2.01728493e-04   1.48783183e-05   0.00000000e+00
   0.00000000e+00   0.00000000e+00   0.00000000e+00   1.48783183e-05
   1.71713364e-05   2.44624200e-05   2.10783954e-05   0.00000000e+00
   0.00000000e+00   0.00000000e+00   0.00000000e+00   0.00000000e+00
   0.00000000e+00   1.35747905e-04   5.59090067e-05   1.48783183e-05
   1.73219202e-04   4.70913881e-05   2.10291821e-05   1.68473418e-04
   0.00000000e+00   3.50779613e-06   0.00000000e+00   2.09098597e-02
   0.00000000e+00   0.00000000e+00   0.00000000e+00   0.00000000e+00
   0.00000000e+00   0.00000000e+00   1.00000000e+00   1.00000000e+00
   1.08513946e-05   0.00000000e+00   0.00000000e+00   0.00000000e+00
   1.01262939e-05   1.08901682e-04   5.02841794e-05   7.69680465e-05
   3.33485081e-05   0.00000000e+00   0.00000000e+00   0.00000000e+00
   1.48783183e-05   1.49080807e-05   4.01722345e-05   4.16903309e-05
   2.74169141e-05   1.48783183e-05   0.00000000e+00   0.00000000e+00
   0.00000000e+00   0.00000000e+00   0.00000000e+00   2.15888477e-05
   2.12265193e-05   1.78992363e-05   0.00000000e+00   0.00000000e+00
   0.00000000e+00   0.00000000e+00   0.00000000e+00   0.00000000e+00
   1.74595709e-05   2.09904996e-05   0.00000000e+00   0.00000000e+00
   0.00000000e+00   0.00000000e+00   0.00000000e+00   0.00000000e+00
   0.00000000e+00   0.00000000e+00   0.00000000e+00   0.00000000e+00
   0.00000000e+00   1.83793391e-05   1.58582036e-05   0.00000000e+00
   0.00000000e+00   4.24506885e-05   2.97128933e-05   0.00000000e+00
   0.00000000e+00   8.40253277e-05   1.78338895e-05   0.00000000e+00
   0.00000000e+00   6.62834112e-05   0.00000000e+00   5.12486549e-05
   0.00000000e+00   3.23225816e-05   0.00000000e+00   4.80915178e-05
   1.32595663e-01   0.00000000e+00   1.00000000e+00   0.00000000e+00
   0.00000000e+00   3.18539757e-05   0.00000000e+00   0.00000000e+00
   0.00000000e+00   3.33540218e-07   0.00000000e+00   9.62932062e-05
   3.16939208e-05   0.00000000e+00   0.00000000e+00   0.00000000e+00
   1.49547074e-05   2.12916877e-05   1.80546698e-05   0.00000000e+00
   0.00000000e+00   0.00000000e+00   0.00000000e+00   0.00000000e+00
   0.00000000e+00   1.91797808e-05   1.72139314e-05   0.00000000e+00
   0.00000000e+00   0.00000000e+00   0.00000000e+00   0.00000000e+00
   0.00000000e+00   0.00000000e+00   0.00000000e+00   0.00000000e+00
   0.00000000e+00   0.00000000e+00   0.00000000e+00   0.00000000e+00
   0.00000000e+00   0.00000000e+00   0.00000000e+00   0.00000000e+00
   0.00000000e+00   0.00000000e+00   0.00000000e+00   0.00000000e+00
   2.56362245e-04   4.53901483e-04   3.05400259e-05   0.00000000e+00
   0.00000000e+00   0.00000000e+00   1.42504882e-04   1.23218187e-03
   0.00000000e+00   0.00000000e+00   7.59644790e-05   0.00000000e+00
   0.00000000e+00   0.00000000e+00   3.94344552e-05   2.05119442e-02
   0.00000000e+00   0.00000000e+00   1.74684844e-05   0.00000000e+00
   0.00000000e+00   0.00000000e+00   4.88577138e-05   0.00000000e+00
   8.23918859e-05   4.37361480e-04   0.00000000e+00   0.00000000e+00
   1.48783183e-05   2.09618579e-05] Scale: [ 0.46721579  0.17770997  0.48982549  0.34624277  0.          3.23960114
  0.49310649  0.4168739   0.          1.80272566  3.65533997  0.02287489
  0.10031647  0.          0.          3.14930941  0.          0.09992735
  0.15405905  0.08530203  0.01981089  0.          0.10338248  0.09972869
  0.09951645  0.09982302  0.0998218   0.1         0.1         0.07995187
  0.02502035  0.          0.09176571  0.          0.15800635  2.02565878
  0.0980027   0.06724079  1.96702696  5.06707435  3.0916149   0.14203723
  0.10455549  0.10886212  0.08950715  0.09090424  0.00564326  0.1
  0.11995228  0.09984752  0.09943945  0.09966152  0.09826184  0.09393244
  0.09992735  0.1         0.1         0.1         0.1         0.09992735
  0.09990313  0.09980249  0.0998537   0.1         0.1         0.1         0.1
  0.1         0.1         0.09550475  0.03763723  0.09992735  0.09220168
  0.08827972  0.01438264  0.07246279  0.4084854   0.0944342   0.47958075
  1.69032252  0.          0.03687069  0.1         0.11288945  0.09869659
  0.6640912   5.15485752  1.71615669  0.08913012  0.1         0.1
  1.27384769  0.10440837  0.09167864  0.0807063   0.09197115  0.06432584
  0.1         0.1         0.1         0.09992735  0.09992706  0.09945896
  0.09941616  0.09975133  0.09992735  0.1         0.1         0.1         0.1
  0.1         0.09984648  0.09985162  0.0998947   0.1         0.1         0.1
  0.1         0.1         0.1         0.09989983  0.09985492  0.1         0.1
  0.1         0.1         0.1         0.1         0.1         0.1         0.1
  0.1         0.1         0.09988895  0.09991743  0.1         0.1
  0.09939406  0.09970735  0.11457229  0.06297481  0.09731426  0.09989547
  5.48320888  0.09078116  0.10880795  0.          0.05617499  0.41415009
  0.09961832  0.1         0.0991012   2.18762378  0.39313768  4.76017208
  0.09776667  0.10152404  0.09966297  0.1         0.1         2.06695929
  0.09095541  0.08207831  0.09804874  0.0996664   0.1         0.1         0.1
  0.0999266   0.0998507   0.09989285  0.1         0.1         0.1         0.1
  0.1         0.1         0.09987901  0.09990264  0.1         0.1         0.1
  0.1         0.1         0.1         0.1         0.1         0.1         0.1
  0.1         0.1         0.1         0.1         0.1         0.1         0.1
  0.1         0.1         0.1         0.1         0.08253009  0.08229349
  0.09972029  0.1         0.1         0.1         0.07531628  0.34335466
  0.          0.0933583   0.08748851  0.1         0.1         0.1
  0.0661538   0.11587339  0.          0.13768427  0.09989973  0.1         0.1
  0.1         0.09918984  0.06411921  0.07843215  0.08268843  0.1         0.1
  0.09992735  0.09985532] Density: 61.152992697566106
Cross-validation on partition 7 with 20 instances
....5....10....15....20
Partition 6: Target: [  1.00000000e+00   1.00000000e+00   1.00000000e+00   1.00000000e+00
   4.27325980e-01   3.51017174e-01   1.00000000e+00   8.67407779e-01
   1.00000000e+00   1.84227864e-02   6.32246062e-01   1.40560942e-01
   2.23997916e-05   3.06593929e-02   0.00000000e+00   1.08975173e-01
   1.00000000e+00   1.42298800e-05   0.00000000e+00   0.00000000e+00
   2.71402896e-05   1.00000000e+00   0.00000000e+00   2.74008237e-05
   3.64400312e-05   2.21681314e-05   1.82041735e-05   0.00000000e+00
   0.00000000e+00   0.00000000e+00   1.49289710e-04   8.81843626e-05
   7.84806926e-05   2.65943098e-04   1.59129364e-04   0.00000000e+00
   3.32243137e-05   0.00000000e+00   0.00000000e+00   1.00000000e+00
   0.00000000e+00   0.00000000e+00   0.00000000e+00   0.00000000e+00
   3.11681782e-06   2.32404894e-02   2.53800212e-02   0.00000000e+00
   0.00000000e+00   2.05857040e-05   3.91797865e-05   2.93426450e-05
   7.03945524e-05   1.05641938e-04   1.42298800e-05   0.00000000e+00
   0.00000000e+00   0.00000000e+00   0.00000000e+00   1.42298800e-05
   1.64248069e-05   2.34098435e-05   2.01666303e-05   0.00000000e+00
   0.00000000e+00   0.00000000e+00   0.00000000e+00   0.00000000e+00
   0.00000000e+00   3.16073663e-04   8.28451472e-05   1.42298800e-05
   2.06663565e-04   3.55910861e-04   6.34702425e-05   1.88647295e-04
   0.00000000e+00   0.00000000e+00   3.83554749e-02   1.14129640e-02
   0.00000000e+00   0.00000000e+00   0.00000000e+00   0.00000000e+00
   8.58255361e-03   1.00000000e+00   3.24286604e-01   5.00049813e-06
   3.34225687e-05   0.00000000e+00   0.00000000e+00   0.00000000e+00
   2.64265168e-06   1.11693546e-04   2.71906624e-04   2.66328275e-04
   8.08658492e-05   0.00000000e+00   0.00000000e+00   0.00000000e+00
   1.42298800e-05   1.42583646e-05   3.85053346e-05   3.99684489e-05
   2.62434540e-05   1.42298800e-05   0.00000000e+00   0.00000000e+00
   0.00000000e+00   0.00000000e+00   0.00000000e+00   2.06556951e-05
   2.03085428e-05   1.71217304e-05   0.00000000e+00   0.00000000e+00
   0.00000000e+00   0.00000000e+00   0.00000000e+00   0.00000000e+00
   1.67007655e-05   2.00824222e-05   0.00000000e+00   0.00000000e+00
   0.00000000e+00   0.00000000e+00   0.00000000e+00   0.00000000e+00
   0.00000000e+00   0.00000000e+00   0.00000000e+00   0.00000000e+00
   0.00000000e+00   1.75814478e-05   1.51677568e-05   0.00000000e+00
   0.00000000e+00   4.07016169e-05   2.84469864e-05   0.00000000e+00
   0.00000000e+00   9.42012387e-05   1.70591611e-05   0.00000000e+00
   3.05579020e-05   7.66356730e-06   6.74001559e-03   1.14082187e-04
   0.00000000e+00   3.09745645e-05   0.00000000e+00   4.55269437e-05
   1.22735273e-01   3.24175130e-01   4.12694361e-01   1.04335769e-04
   1.40498512e-05   3.05031542e-05   0.00000000e+00   0.00000000e+00
   0.00000000e+00   1.74197786e-05   2.86214174e-04   5.89129763e-05
   3.03494015e-05   0.00000000e+00   0.00000000e+00   0.00000000e+00
   1.43029896e-05   2.03709798e-05   1.72705600e-05   0.00000000e+00
   0.00000000e+00   0.00000000e+00   0.00000000e+00   0.00000000e+00
   0.00000000e+00   1.83479865e-05   1.64655870e-05   0.00000000e+00
   0.00000000e+00   0.00000000e+00   0.00000000e+00   0.00000000e+00
   0.00000000e+00   0.00000000e+00   0.00000000e+00   0.00000000e+00
   0.00000000e+00   0.00000000e+00   0.00000000e+00   0.00000000e+00
   0.00000000e+00   0.00000000e+00   0.00000000e+00   0.00000000e+00
   0.00000000e+00   0.00000000e+00   0.00000000e+00   0.00000000e+00
   7.25118610e-05   1.25746701e-04   2.98734530e-05   0.00000000e+00
   0.00000000e+00   0.00000000e+00   5.11518066e-05   9.99380941e-04
   1.00098111e-05   5.98108192e-04   8.04043859e-05   0.00000000e+00
   0.00000000e+00   0.00000000e+00   4.09424686e-03   2.54350377e-02
   6.46926058e-01   7.97054498e-05   1.67092996e-05   0.00000000e+00
   0.00000000e+00   0.00000000e+00   4.68896089e-05   0.00000000e+00
   4.43700286e-04   2.03908455e-05   0.00000000e+00   0.00000000e+00
   1.42298800e-05   2.00549825e-05] Scale: [ 0.70793992  1.87108693  0.99114452  4.51653361  1.72890336  0.70494227
  1.09735127  1.21076486  2.56686515  0.05314569  0.85956087  0.06961095
  0.08446058  0.34070464  0.04298429  0.04702758  3.12760337  0.09994353
  0.20513146  0.11329593  0.0519668   5.67419455  0.10519803  0.09978912
  0.0996242   0.09986243  0.09986604  0.1         0.1         0.08944578
  0.04367677  0.033286    0.08628437  0.05786462  0.0646417   0.25012261
  0.09837053  0.0747471   0.53818865  6.02315167  0.05119096  0.15615318
  0.10849278  0.1188483   0.08717044  0.08055937  0.05255771  0.1
  0.12803366  0.09988148  0.09956437  0.09973691  0.09865075  0.09278243
  0.09994353  0.1         0.1         0.1         0.1         0.09994353
  0.0999247   0.09984648  0.09988628  0.1         0.1         0.1         0.1
  0.1         0.1         0.07495554  0.03863256  0.09994353  0.08737552
  0.07239732  0.0266305   0.07378569  0.97261024  0.07779508  1.30373095
  0.38285064  0.          0.09463802  0.1         0.11958177  0.46065866
  3.28452485  0.35066899  0.07415963  0.08865209  0.1         0.1
  1.38065488  0.10732512  0.08400258  0.07661094  0.08459915  0.04480935
  0.1         0.1         0.1         0.09994353  0.0999433   0.09957953
  0.09954628  0.09980671  0.09994353  0.1         0.1         0.1         0.1
  0.1         0.09988066  0.09988466  0.09991815  0.1         0.1         0.1
  0.1         0.1         0.1         0.09992214  0.09988723  0.1         0.1
  0.1         0.1         0.1         0.1         0.1         0.1         0.1
  0.1         0.1         0.09991367  0.09993581  0.1         0.1
  0.09952911  0.09977253  0.09627369  0.06686295  0.09767946  0.09991875
  5.78067553  0.09270424  0.06824014  0.          0.07713948  0.10011903
  0.09972979  0.1         0.09931694  2.16013028  0.33597386  0.21898456
  0.09212889  0.09886222  0.09973805  0.1         0.1         2.21450848
  0.08124884  0.07922827  0.09922617  0.09974071  0.1         0.1         0.1
  0.09994294  0.09988395  0.09991671  0.1         0.1         0.1         0.1
  0.1         0.1         0.09990595  0.09992432  0.1         0.1         0.1
  0.1         0.1         0.1         0.1         0.1         0.1         0.1
  0.1         0.1         0.1         0.1         0.1         0.1         0.1
  0.1         0.1         0.1         0.1         0.09653133  0.09630714
  0.09977385  0.1         0.1         0.1         0.09231144  0.32585713
  0.0150662   0.1861807   0.08760741  0.1         0.1         0.1
  0.03665464  0.14194941  0.52996763  0.08842658  0.09992206  0.1         0.1
  0.1         0.09937047  0.09720143  0.0742914   0.09988372  0.1         0.1
  0.09994353  0.09988754] Density: 66.34457541326717
Cross-validation on partition 8 with 26 instances
....5....10....15....20....25.
Partition 7: Target: [  1.53330684e-02   1.59288861e-02   1.28962430e-01   2.59925734e-02
   8.18633938e-02   1.00000000e+00   4.37975451e-01   1.95673662e-02
   9.96429899e-01   1.06917796e-01   8.65656004e-01   1.00000000e+00
   1.96378189e-01   3.80629136e-02   0.00000000e+00   0.00000000e+00
   2.76745002e-04   2.73852516e-05   0.00000000e+00   0.00000000e+00
   4.45817637e-04   6.99364197e-04   0.00000000e+00   5.28349868e-05
   7.04107842e-05   4.27057886e-05   3.34709679e-05   0.00000000e+00
   0.00000000e+00   0.00000000e+00   1.00000000e+00   1.00000000e+00
   7.41545899e-05   2.86146896e-03   3.50924912e-03   9.66471205e-02
   5.32066393e-05   4.53175060e-05   2.17880765e-04   3.61249848e-02
   5.45519894e-04   0.00000000e+00   2.22916488e-09   0.00000000e+00
   3.29735508e-04   5.52770514e-04   8.45580389e-04   0.00000000e+00
   0.00000000e+00   3.96478366e-05   7.57618498e-05   5.64538656e-05
   1.58330495e-04   5.54517238e-04   2.73852516e-05   0.00000000e+00
   0.00000000e+00   0.00000000e+00   0.00000000e+00   2.73852516e-05
   3.16168343e-05   4.51069269e-05   3.88383631e-05   0.00000000e+00
   0.00000000e+00   0.00000000e+00   0.00000000e+00   0.00000000e+00
   0.00000000e+00   1.00000000e+00   1.99317012e-04   2.73852516e-05
   2.97182220e-04   1.00000000e+00   1.00000000e+00   2.14102198e-01
   9.16903290e-05   7.30118483e-05   8.06737100e-01   1.00000000e+00
   1.00000000e+00   2.15429719e-03   0.00000000e+00   0.00000000e+00
   0.00000000e+00   5.17239535e-03   3.31905488e-04   6.86958517e-04
   2.89255283e-04   0.00000000e+00   0.00000000e+00   0.00000000e+00
   0.00000000e+00   3.17561863e-04   6.43802052e-04   4.58471385e-04
   2.10462647e-04   0.00000000e+00   0.00000000e+00   0.00000000e+00
   2.73852516e-05   2.74401479e-05   7.44434059e-05   7.73045524e-05
   5.05921176e-05   2.73852516e-05   0.00000000e+00   0.00000000e+00
   0.00000000e+00   0.00000000e+00   0.00000000e+00   3.97830442e-05
   3.91124617e-05   3.29610828e-05   0.00000000e+00   0.00000000e+00
   0.00000000e+00   0.00000000e+00   0.00000000e+00   0.00000000e+00
   3.21490723e-05   3.86757262e-05   0.00000000e+00   0.00000000e+00
   0.00000000e+00   0.00000000e+00   0.00000000e+00   0.00000000e+00
   0.00000000e+00   0.00000000e+00   0.00000000e+00   0.00000000e+00
   0.00000000e+00   3.38479858e-05   2.02403417e-04   0.00000000e+00
   0.00000000e+00   7.87396868e-05   5.48636722e-05   1.00000000e+00
   6.16651265e-02   5.04307652e-04   3.28403835e-05   1.15808119e-04
   3.95641084e-04   5.09304881e-02   1.00000000e+00   1.75414985e-01
   5.84322559e-03   4.51303899e-05   0.00000000e+00   7.83777940e-05
   1.94703387e-02   0.00000000e+00   0.00000000e+00   1.88508411e-05
   5.40715004e-06   5.88548015e-05   0.00000000e+00   0.00000000e+00
   0.00000000e+00   2.39782494e-04   3.27100114e-04   2.12465996e-04
   5.85561750e-05   0.00000000e+00   0.00000000e+00   0.00000000e+00
   2.75261516e-05   3.92330617e-05   3.32481938e-05   0.00000000e+00
   0.00000000e+00   0.00000000e+00   0.00000000e+00   0.00000000e+00
   0.00000000e+00   3.53271597e-05   3.16954832e-05   0.00000000e+00
   0.00000000e+00   0.00000000e+00   0.00000000e+00   0.00000000e+00
   0.00000000e+00   0.00000000e+00   0.00000000e+00   0.00000000e+00
   0.00000000e+00   0.00000000e+00   0.00000000e+00   0.00000000e+00
   0.00000000e+00   0.00000000e+00   0.00000000e+00   0.00000000e+00
   0.00000000e+00   0.00000000e+00   0.00000000e+00   0.00000000e+00
   1.77783765e-03   1.16642398e-03   6.70106533e-05   0.00000000e+00
   0.00000000e+00   0.00000000e+00   3.47507227e-04   2.03777982e-04
   4.26406515e-03   2.13081111e-06   2.60367178e-04   0.00000000e+00
   0.00000000e+00   0.00000000e+00   2.96765928e-03   1.04826442e-02
   2.47961813e-04   0.00000000e+00   3.21655328e-05   0.00000000e+00
   0.00000000e+00   0.00000000e+00   9.08930743e-05   1.71945125e-04
   5.06144945e-04   9.38821805e-04   0.00000000e+00   0.00000000e+00
   2.73852516e-05   3.86227314e-05] Scale: [ 0.27676875  0.27107547  0.29310848  0.2111651   0.19520029  5.72104805
  0.25761873  0.16729503  1.0272841   0.10161611  1.50347939  0.92935121
  0.09717789  0.33192889  0.08342887  0.47139366  0.0776758   0.09998006
  0.10474409  0.1592506   0.04472549  0.02145455  0.10976562  0.09992556
  0.09986743  0.09995143  0.09991801  0.1         0.1         0.59517394
  0.31704544  0.69342162  0.09582499  0.09206354  0.03507301  0.42239832
  0.09996229  0.10053683  0.10608825  0.75860068  0.1106653   0.20046228
  0.10339348  0.10042282  0.08213324  0.07956778  0.07025677  0.1
  0.15054046  0.09995815  0.09984636  0.09990876  0.09946059  0.08797377
  0.09998006  0.1         0.1         0.1         0.1         0.09998006
  0.09997341  0.0999458   0.09995984  0.1         0.1         0.1         0.1
  0.1         0.1         1.4162096   0.02156202  0.09998006  0.07014109
  5.52698656  1.03005959  0.03489819  0.09977597  0.12246651  1.83853529
  8.45354194  1.30776449  0.10947433  0.1         0.13699311  1.04495515
  0.62637767  0.43375351  0.08103696  0.08433612  0.1         0.1
  3.20615934  0.11459846  0.09766084  0.08975823  0.0919377   0.04944305
  0.1         0.1         0.1         0.09998006  0.09997998  0.0998517
  0.09983999  0.09993177  0.09998006  0.1         0.1         0.1         0.1
  0.1         0.09995786  0.09995928  0.09997109  0.1         0.1         0.1
  0.1         0.1         0.1         0.0999725   0.09996018  0.1         0.1
  0.1         0.1         0.1         0.1         0.1         0.1         0.1
  0.1         0.1         0.09996952  0.09193823  0.1         0.1
  0.09983394  0.09991971  0.89400408  0.04742961  0.09054969  0.09997131
  0.09963736  0.0942388   0.09229237  2.51377165  0.09693687  0.84009369
  0.10006956  0.1         0.09980631  3.40205394  0.23335613  2.24724989
  0.21003143  0.10980639  0.09990755  0.1         0.1         5.79853382
  0.09109612  0.09895279  0.09713731  0.09990849  0.1         0.1         0.1
  0.09997985  0.09995902  0.09997059  0.1         0.1         0.1         0.1
  0.1         0.1         0.09996679  0.09997327  0.1         0.1         0.1
  0.1         0.1         0.1         0.1         0.1         0.1         0.1
  0.1         0.1         0.1         0.1         0.1         0.1         0.1
  0.1         0.1         0.1         0.1         0.05940145  0.05928988
  0.09987055  0.1         0.1         0.1         0.08803426  0.32364726
  0.01567461  0.23925266  0.08130522  0.1         0.1         0.1
  0.10160163  0.14575808  0.13198469  0.84167041  0.09997247  0.1         0.1
  0.1         0.09977812  0.09655107  0.05226006  0.05943932  0.1         0.1
  0.09998006  0.09996029] Density: 58.16271528922515
Cross-validation on partition 9 with 24 instances
....5....10....15....20....
Partition 8: Target: [  1.00000000e+00   3.90641421e-01   4.48588289e-01   3.74066143e-03
   9.79607183e-01   1.00000000e+00   0.00000000e+00   2.57172259e-03
   7.78839214e-01   0.00000000e+00   9.81086701e-01   5.12058240e-01
   0.00000000e+00   7.85072148e-03   4.17485949e-02   5.20769650e-01
   2.85906800e-01   2.17819044e-05   2.25946744e-06   0.00000000e+00
   2.94033192e-05   1.00000000e+00   0.00000000e+00   4.19550090e-05
   5.58128931e-05   3.39382536e-05   3.17672660e-05   0.00000000e+00
   0.00000000e+00   3.92682081e-05   1.41240234e-04   9.83015701e-04
   9.99496722e-05   2.16395423e-03   3.11728252e-03   8.40515849e-03
   1.04490213e-04   0.00000000e+00   1.00000000e+00   1.00000000e+00
   9.79461615e-01   0.00000000e+00   2.61512777e-05   0.00000000e+00
   1.00000000e+00   1.00000000e+00   1.00000000e+00   0.00000000e+00
   0.00000000e+00   3.15145162e-05   6.00160519e-05   4.61597887e-05
   1.02991712e-04   3.92234808e-04   2.17819044e-05   0.00000000e+00
   0.00000000e+00   0.00000000e+00   0.00000000e+00   2.17819044e-05
   2.51425966e-05   3.58403217e-05   3.08726818e-05   0.00000000e+00
   0.00000000e+00   0.00000000e+00   0.00000000e+00   0.00000000e+00
   0.00000000e+00   2.62077779e-04   7.36021379e-05   2.17819044e-05
   1.92422624e-04   1.65662666e-01   3.79139367e-06   2.52647736e-04
   0.00000000e+00   1.40824846e-04   1.32179517e-05   3.92919681e-02
   2.27081228e-03   1.44928877e-04   0.00000000e+00   0.00000000e+00
   0.00000000e+00   1.00000000e+00   1.00000000e+00   2.99295901e-04
   1.89848762e-04   0.00000000e+00   0.00000000e+00   0.00000000e+00
   0.00000000e+00   1.80571693e-01   8.82449980e-01   2.78243826e-01
   5.39842636e-04   0.00000000e+00   0.00000000e+00   0.00000000e+00
   2.17819044e-05   2.18255154e-05   5.89812103e-05   6.12262523e-05
   4.01815621e-05   2.17819044e-05   0.00000000e+00   0.00000000e+00
   0.00000000e+00   0.00000000e+00   0.00000000e+00   3.16217131e-05
   3.10900266e-05   2.62097463e-05   0.00000000e+00   0.00000000e+00
   0.00000000e+00   0.00000000e+00   0.00000000e+00   0.00000000e+00
   2.55651477e-05   3.07437145e-05   0.00000000e+00   0.00000000e+00
   0.00000000e+00   0.00000000e+00   0.00000000e+00   0.00000000e+00
   0.00000000e+00   0.00000000e+00   0.00000000e+00   0.00000000e+00
   0.00000000e+00   1.33030697e-03   2.32178611e-05   0.00000000e+00
   0.00000000e+00   6.23514161e-05   4.35582108e-05   2.11607778e-04
   1.31991116e-05   1.52622000e-04   2.61139368e-05   0.00000000e+00
   2.66160565e-05   1.56717200e-05   1.90641205e-02   2.59125923e-04
   1.05269365e-03   4.24751277e-05   0.00000000e+00   6.78493150e-05
   0.00000000e+00   4.14273808e-02   9.18353583e-03   2.40618020e-04
   3.07520285e-05   4.67096678e-05   0.00000000e+00   0.00000000e+00
   0.00000000e+00   2.32186457e-04   2.39054491e-04   9.09947186e-05
   4.64739912e-05   0.00000000e+00   0.00000000e+00   0.00000000e+00
   2.18938382e-05   3.11856521e-05   2.64376438e-05   0.00000000e+00
   0.00000000e+00   0.00000000e+00   0.00000000e+00   0.00000000e+00
   0.00000000e+00   2.80875245e-05   2.52050392e-05   0.00000000e+00
   0.00000000e+00   0.00000000e+00   0.00000000e+00   0.00000000e+00
   0.00000000e+00   0.00000000e+00   0.00000000e+00   0.00000000e+00
   0.00000000e+00   0.00000000e+00   0.00000000e+00   0.00000000e+00
   0.00000000e+00   0.00000000e+00   0.00000000e+00   0.00000000e+00
   0.00000000e+00   0.00000000e+00   0.00000000e+00   0.00000000e+00
   6.23635185e-04   6.21020479e-04   4.76097172e-05   0.00000000e+00
   0.00000000e+00   0.00000000e+00   3.77649815e-04   9.21726698e-05
   1.62225382e-04   1.14092066e-04   1.40387656e-04   0.00000000e+00
   0.00000000e+00   0.00000000e+00   2.41555678e-04   6.49208793e-03
   1.36220404e-03   0.00000000e+00   2.55782154e-05   0.00000000e+00
   0.00000000e+00   0.00000000e+00   7.18528410e-05   4.96618861e-05
   4.40845993e-05   3.12160776e-05   0.00000000e+00   0.00000000e+00
   2.17819044e-05   3.07016899e-05] Scale: [  1.88465110e+00   2.19130414e-01   2.43949469e-01   2.17145621e-01
   1.84960713e+00   9.26569811e+00   1.09328014e-01   1.47211128e-01
   2.16981871e+00   2.03468692e-01   1.59762666e+00   1.12653030e-01
   9.76727357e-02   1.09778330e-01   4.07467907e-02   2.69335089e-01
   3.12356198e-02   9.99495651e-02   1.12681662e-01   1.05461479e-01
   1.71972402e-02   2.49132068e+00   1.06889357e-01   9.98117333e-02
   9.96646314e-02   9.98771659e-02   9.98378329e-02   1.00000000e-01
   1.00000000e-01   9.98352471e-02   3.45813758e-02   0.00000000e+00
   9.41814027e-02   2.51015956e-02   1.90849703e-02   1.37704930e-01
   9.83664704e-02   8.41784876e-02   1.80692218e+00   4.00457758e+00
   9.07044297e-01   1.72671790e-01   1.01473885e-01   1.09152502e-01
   2.83990925e+00   1.84564501e+00   2.36807894e+00   1.00000000e-01
   1.36453978e-01   9.98941643e-02   9.96112941e-02   9.97664307e-02
   9.88483120e-02   7.74467673e-02   9.99495651e-02   1.00000000e-01
   1.00000000e-01   1.00000000e-01   1.00000000e-01   9.99495651e-02
   9.99327511e-02   9.98629247e-02   9.98984507e-02   1.00000000e-01
   1.00000000e-01   1.00000000e-01   1.00000000e-01   1.00000000e-01
   1.00000000e-01   8.80341451e-02   2.74722199e-02   9.99495651e-02
   9.29213512e-02   1.31079532e+00   4.46674889e-03   6.01451151e-02
   1.38199895e+00   1.25953070e-01   4.06875403e-02   1.78996580e+00
   0.00000000e+00   4.27634382e-02   1.00000000e-01   1.25922296e-01
   6.05134642e-01   3.09440402e+00   4.43397757e+00   6.91125654e-02
   8.47427623e-02   1.00000000e-01   1.00000000e-01   1.91362894e+00
   1.09933747e-01   6.90538138e-02   4.90395554e-01   5.82129344e-02
   2.85391387e-02   1.00000000e-01   1.00000000e-01   1.00000000e-01
   9.99495651e-02   9.99493625e-02   9.96248095e-02   9.95951688e-02
   9.98274338e-02   9.99495651e-02   1.00000000e-01   1.00000000e-01
   1.00000000e-01   1.00000000e-01   1.00000000e-01   9.98934396e-02
   9.98970092e-02   9.99269023e-02   1.00000000e-01   1.00000000e-01
   1.00000000e-01   1.00000000e-01   1.00000000e-01   1.00000000e-01
   9.99304646e-02   9.98993012e-02   1.00000000e-01   1.00000000e-01
   1.00000000e-01   1.00000000e-01   1.00000000e-01   1.00000000e-01
   1.00000000e-01   1.00000000e-01   1.00000000e-01   1.00000000e-01
   1.00000000e-01   7.54022218e-02   9.99426785e-02   1.00000000e-01
   1.00000000e-01   9.95798661e-02   9.97969364e-02   6.16909146e-02
   5.54975009e-02   9.58251430e-02   9.99274375e-02   1.15791855e+01
   4.32054747e-01   4.54255807e-02   0.00000000e+00   6.54342849e-02
   3.67053190e-01   1.00544634e-01   1.00000000e-01   9.94042749e-02
   3.84032800e+00   3.03663669e-01   1.36708180e-01   1.19260816e-01
   1.00455585e-01   9.97661695e-02   1.00000000e-01   1.00000000e-01
   3.19044894e+00   8.00250902e-02   8.18921386e-02   9.93011684e-02
   9.97685477e-02   1.00000000e-01   1.00000000e-01   1.00000000e-01
   9.99490442e-02   9.98963718e-02   9.99256214e-02   1.00000000e-01
   1.00000000e-01   1.00000000e-01   1.00000000e-01   1.00000000e-01
   1.00000000e-01   9.99160123e-02   9.99324157e-02   1.00000000e-01
   1.00000000e-01   1.00000000e-01   1.00000000e-01   1.00000000e-01
   1.00000000e-01   1.00000000e-01   1.00000000e-01   1.00000000e-01
   1.00000000e-01   1.00000000e-01   1.00000000e-01   1.00000000e-01
   1.00000000e-01   1.00000000e-01   1.00000000e-01   1.00000000e-01
   1.00000000e-01   1.00000000e-01   1.00000000e-01   1.00000000e-01
   7.52744058e-02   7.51267069e-02   9.97823480e-02   1.00000000e-01
   1.00000000e-01   1.00000000e-01   8.77005878e-02   7.06066361e-02
   6.48824559e-02   9.99657258e-02   8.43849852e-02   1.00000000e-01
   1.00000000e-01   1.00000000e-01   8.05672714e-02   5.40930479e-02
   2.06864558e-01   2.66016994e-01   9.99303933e-02   1.00000000e-01
   1.00000000e-01   1.00000000e-01   9.94385358e-02   9.72948359e-02
   9.69223107e-02   9.98961685e-02   1.00000000e-01   1.00000000e-01
   9.99495651e-02   9.98995775e-02] Density: 61.668416301459104
Cross-validation on partition 10 with 30 instances
....5....10....15....20....25....30
Partition 9: Target: [  8.93736399e-02   3.40701483e-02   4.16782848e-01   8.32840190e-01
   7.18325158e-02   1.00000000e+00   3.50154515e-01   9.74428137e-01
   2.31149423e-05   7.06804013e-01   5.85437560e-02   1.00000000e+00
   0.00000000e+00   1.31246687e-02   2.83623874e-06   5.10830352e-05
   1.56886158e-05   1.02279704e-05   0.00000000e+00   0.00000000e+00
   1.23719431e-04   1.97633392e-06   0.00000000e+00   1.96665461e-05
   2.61141299e-05   1.59217168e-05   1.59758571e-05   0.00000000e+00
   0.00000000e+00   0.00000000e+00   2.57091448e-05   0.00000000e+00
   1.84998349e-04   0.00000000e+00   0.00000000e+00   2.25421243e-05
   0.00000000e+00   0.00000000e+00   1.78973407e-03   9.48346989e-03
   4.97038389e-04   0.00000000e+00   0.00000000e+00   0.00000000e+00
   2.08541615e-04   3.15118350e-04   2.01444356e-04   0.00000000e+00
   0.00000000e+00   1.47877959e-05   2.80618498e-05   2.24131065e-05
   6.01333924e-05   2.31325380e-04   1.02279704e-05   0.00000000e+00
   0.00000000e+00   0.00000000e+00   0.00000000e+00   1.02279704e-05
   1.18035461e-05   1.68110506e-05   1.44874000e-05   0.00000000e+00
   0.00000000e+00   0.00000000e+00   0.00000000e+00   0.00000000e+00
   0.00000000e+00   2.80890886e-04   5.90034774e-05   1.02279704e-05
   2.01858439e-04   1.81891559e-02   6.29635432e-05   2.77231600e-04
   0.00000000e+00   0.00000000e+00   1.30104737e-02   1.55522598e-01
   0.00000000e+00   1.49864608e-07   0.00000000e+00   0.00000000e+00
   0.00000000e+00   1.06946611e-02   4.66814229e-03   1.74226970e-04
   1.68729036e-04   0.00000000e+00   0.00000000e+00   0.00000000e+00
   0.00000000e+00   7.68784268e-05   7.87493018e-05   1.89933900e-04
   1.19295304e-04   0.00000000e+00   0.00000000e+00   0.00000000e+00
   1.02279704e-05   1.02484225e-05   2.75826906e-05   2.86218783e-05
   1.88389464e-05   1.02279704e-05   0.00000000e+00   0.00000000e+00
   0.00000000e+00   0.00000000e+00   0.00000000e+00   1.48379621e-05
   1.45891287e-05   1.23036350e-05   0.00000000e+00   0.00000000e+00
   0.00000000e+00   0.00000000e+00   0.00000000e+00   0.00000000e+00
   1.20015757e-05   1.44270340e-05   0.00000000e+00   0.00000000e+00
   0.00000000e+00   0.00000000e+00   0.00000000e+00   0.00000000e+00
   0.00000000e+00   0.00000000e+00   0.00000000e+00   0.00000000e+00
   0.00000000e+00   1.26334617e-05   1.09013042e-05   0.00000000e+00
   0.00000000e+00   2.91422329e-05   2.04142615e-05   3.20295982e-04
   3.03962769e-05   1.24327097e-04   1.22587412e-05   0.00000000e+00
   0.00000000e+00   1.00000000e+00   1.00000000e+00   1.00000000e+00
   0.00000000e+00   4.52030950e-06   0.00000000e+00   2.38808157e-05
   0.00000000e+00   0.00000000e+00   7.89949112e-01   0.00000000e+00
   0.00000000e+00   2.18827875e-05   0.00000000e+00   0.00000000e+00
   0.00000000e+00   0.00000000e+00   8.00944604e-05   5.08905173e-05
   2.17730269e-05   0.00000000e+00   0.00000000e+00   0.00000000e+00
   1.02804634e-05   1.46338847e-05   1.24104182e-05   0.00000000e+00
   0.00000000e+00   0.00000000e+00   0.00000000e+00   0.00000000e+00
   0.00000000e+00   1.31833249e-05   1.18328110e-05   0.00000000e+00
   0.00000000e+00   0.00000000e+00   0.00000000e+00   0.00000000e+00
   0.00000000e+00   0.00000000e+00   0.00000000e+00   0.00000000e+00
   0.00000000e+00   0.00000000e+00   0.00000000e+00   0.00000000e+00
   0.00000000e+00   0.00000000e+00   0.00000000e+00   0.00000000e+00
   0.00000000e+00   0.00000000e+00   0.00000000e+00   0.00000000e+00
   2.73466176e-05   3.67344222e-05   2.97090978e-05   0.00000000e+00
   0.00000000e+00   0.00000000e+00   1.00000000e+00   1.00000000e+00
   0.00000000e+00   0.00000000e+00   1.53958801e-04   0.00000000e+00
   0.00000000e+00   0.00000000e+00   1.00000000e+00   5.36256746e-03
   0.00000000e+00   0.00000000e+00   1.20076996e-05   0.00000000e+00
   0.00000000e+00   0.00000000e+00   3.35230274e-05   0.00000000e+00
   1.18546465e-04   1.46481246e-05   0.00000000e+00   0.00000000e+00
   1.02279704e-05   1.44073630e-05] Scale: [  1.57709370e-01   3.16056362e-02   1.22086781e+00   3.74982228e-01
   0.00000000e+00   6.16851494e+00   1.09044162e+00   5.25256477e-01
   1.80990178e-02   7.90740044e-01   2.96289628e-01   9.00658152e-01
   8.63222043e-02   4.15311859e-02   5.70878026e-02   2.88455200e-02
   1.62979304e-01   9.99172638e-02   9.55988017e-02   2.37430243e-01
   7.95180810e-02   4.01732728e-03   1.06853284e-01   9.96911292e-02
   9.94497402e-02   9.97984867e-02   9.97971019e-02   1.00000000e-01
   1.00000000e-01   7.05674880e-02   1.01381700e-02   0.00000000e+00
   9.27573930e-02   0.00000000e+00   0.00000000e+00   1.57537797e-02
   9.70841108e-02   6.56229158e-02   1.81543264e-02   1.85810980e-01
   0.00000000e+00   1.77598890e-01   1.00617368e-01   9.39428964e-02
   7.67631379e-02   7.42649738e-02   5.48906319e-02   1.00000000e-01
   1.37780491e-01   9.98263749e-02   9.93622039e-02   9.96149254e-02
   9.80250467e-02   8.97868850e-02   9.99172638e-02   1.00000000e-01
   1.00000000e-01   1.00000000e-01   1.00000000e-01   9.99172638e-02
   9.98896800e-02   9.97751214e-02   9.98334074e-02   1.00000000e-01
   1.00000000e-01   1.00000000e-01   1.00000000e-01   1.00000000e-01
   1.00000000e-01   8.24028040e-02   1.87106285e-02   9.99172638e-02
   9.17659664e-02   7.36269880e-01   1.37187661e-02   6.69400300e-02
   1.92161957e-01   6.97931178e-02   5.80112997e-01   1.60135690e+00
   0.00000000e+00   1.43570816e-03   1.00000000e-01   1.25853677e-01
   4.36881498e-01   0.00000000e+00   3.71790832e-01   6.49090115e-02
   8.04472044e-02   1.00000000e-01   1.00000000e-01   2.37047512e+00
   1.09539958e-01   9.01028371e-02   7.48558962e-02   8.93168953e-02
   4.02395391e-02   1.00000000e-01   1.00000000e-01   1.00000000e-01
   9.99172638e-02   9.99169314e-02   9.93843857e-02   9.93357381e-02
   9.97168904e-02   9.99172638e-02   1.00000000e-01   1.00000000e-01
   1.00000000e-01   1.00000000e-01   1.00000000e-01   9.98251860e-02
   9.98310425e-02   9.98800848e-02   1.00000000e-01   1.00000000e-01
   1.00000000e-01   1.00000000e-01   1.00000000e-01   1.00000000e-01
   9.98859289e-02   9.98348027e-02   1.00000000e-01   1.00000000e-01
   1.00000000e-01   1.00000000e-01   1.00000000e-01   1.00000000e-01
   1.00000000e-01   1.00000000e-01   1.00000000e-01   1.00000000e-01
   1.00000000e-01   9.98735339e-02   9.99059663e-02   1.00000000e-01
   1.00000000e-01   9.93106219e-02   9.96668500e-02   6.93993533e-02
   1.09784874e-02   9.63612287e-02   9.98809627e-02   2.32178018e+01
   3.16838980e-01   2.72778775e+00   1.76610604e+00   3.18170271e+00
   6.04657061e-01   9.95903892e-02   1.00000000e-01   9.89958427e-02
   3.42948406e+00   2.14641386e+00   4.82637481e+00   1.43530840e-01
   9.81693660e-02   9.96163656e-02   1.00000000e-01   1.00000000e-01
   4.00578402e+00   6.80202190e-02   7.36790943e-02   9.88833577e-02
   9.96202680e-02   1.00000000e-01   1.00000000e-01   1.00000000e-01
   9.99164093e-02   9.98299966e-02   9.98779833e-02   1.00000000e-01
   1.00000000e-01   1.00000000e-01   1.00000000e-01   1.00000000e-01
   1.00000000e-01   9.98622190e-02   9.98891297e-02   1.00000000e-01
   1.00000000e-01   1.00000000e-01   1.00000000e-01   1.00000000e-01
   1.00000000e-01   1.00000000e-01   1.00000000e-01   1.00000000e-01
   1.00000000e-01   1.00000000e-01   1.00000000e-01   1.00000000e-01
   1.00000000e-01   1.00000000e-01   1.00000000e-01   1.00000000e-01
   1.00000000e-01   1.00000000e-01   1.00000000e-01   1.00000000e-01
   9.96094894e-02   9.93037974e-02   9.96643509e-02   1.00000000e-01
   1.00000000e-01   1.00000000e-01   1.62567048e+00   5.63002614e+00
   0.00000000e+00   1.04083079e-01   8.09412947e-02   1.00000000e-01
   1.00000000e-01   1.00000000e-01   5.63945913e+00   1.90880384e-01
   2.78558964e-02   2.27954523e-01   9.98858119e-02   1.00000000e-01
   1.00000000e-01   1.00000000e-01   9.90786332e-02   5.70580213e-02
   7.14562784e-02   9.98296632e-02   1.00000000e-01   1.00000000e-01
   9.99172638e-02   9.98352560e-02] Density: 60.25152372762509
Using result EMDDResult(target=array([  6.13676940e-01,   4.85364615e-01,   2.18434815e-01,
         3.38583656e-01,   1.64262388e-01,   7.56547117e-01,
         1.97413081e-01,   3.46755705e-01,   2.81219915e-01,
         1.72919440e-01,   5.76419336e-01,   7.33247026e-01,
         1.96400588e-02,   2.62604150e-01,   1.07223505e-01,
         2.99566277e-01,   1.55898370e-01,   8.85033247e-06,
         2.25946744e-07,   6.00371657e-03,   1.12352430e-01,
         2.34064027e-01,   0.00000000e+00,   1.70480385e-05,
         2.26805587e-05,   1.37900977e-05,   1.22664202e-05,
         0.00000000e+00,   0.00000000e+00,   5.64783531e-06,
         2.74425262e-01,   2.00107120e-01,   1.88822557e-02,
         3.21163695e-01,   4.18749962e-01,   3.98313466e-01,
         2.45502323e-05,   1.00004532e-01,   4.62933708e-01,
         5.71331164e-01,   3.98164612e-01,   0.00000000e+00,
         2.61535068e-06,   0.00000000e+00,   1.00063110e-01,
         1.02417614e-01,   1.02642779e-01,   0.00000000e+00,
         0.00000000e+00,   1.28051652e-05,   2.43891687e-05,
         1.86461927e-05,   4.68314288e-05,   1.48544786e-04,
         8.85033247e-06,   0.00000000e+00,   0.00000000e+00,
         0.00000000e+00,   0.00000000e+00,   8.85033247e-06,
         1.02159120e-05,   1.45630563e-05,   1.25443471e-05,
         0.00000000e+00,   0.00000000e+00,   0.00000000e+00,
         0.00000000e+00,   0.00000000e+00,   0.00000000e+00,
         1.00099479e-01,   5.24451540e-05,   8.85033247e-06,
         1.07134605e-04,   1.18569601e-01,   1.00015125e-01,
         2.14989198e-02,   9.16903290e-06,   2.17344491e-05,
         2.42432134e-01,   5.25889231e-01,   3.83411616e-01,
         5.76976238e-04,   0.00000000e+00,   0.00000000e+00,
         1.22076140e-03,   4.32346488e-01,   3.41957364e-01,
         3.21374698e-01,   6.92107045e-05,   0.00000000e+00,
         0.00000000e+00,   0.00000000e+00,   1.27689455e-06,
         1.81186728e-02,   8.83494722e-02,   2.79235527e-02,
         1.16686963e-04,   0.00000000e+00,   0.00000000e+00,
         0.00000000e+00,   8.85033247e-06,   8.86805312e-06,
         2.39684876e-05,   2.48811463e-05,   1.63272994e-05,
         8.85033247e-06,   0.00000000e+00,   0.00000000e+00,
         0.00000000e+00,   0.00000000e+00,   0.00000000e+00,
         1.28487262e-05,   1.26326679e-05,   1.06495431e-05,
         0.00000000e+00,   0.00000000e+00,   0.00000000e+00,
         0.00000000e+00,   0.00000000e+00,   0.00000000e+00,
         1.03876132e-05,   1.24919396e-05,   0.00000000e+00,
         0.00000000e+00,   0.00000000e+00,   0.00000000e+00,
         0.00000000e+00,   0.00000000e+00,   0.00000000e+00,
         0.00000000e+00,   0.00000000e+00,   0.00000000e+00,
         0.00000000e+00,   1.41274921e-04,   2.67548542e-05,
         0.00000000e+00,   0.00000000e+00,   2.53385641e-05,
         1.76996024e-05,   1.00053190e-01,   6.17087219e-03,
         9.59483316e-05,   1.06106112e-05,   1.15808119e-05,
         8.06934775e-05,   1.08027481e-01,   2.22528411e-01,
         1.17583944e-01,   6.89591924e-04,   1.55422973e-05,
         0.00000000e+00,   2.63726386e-05,   1.27858479e-01,
         3.65602511e-02,   3.21182701e-01,   3.63804631e-05,
         5.02090297e-06,   1.89804387e-05,   0.00000000e+00,
         0.00000000e+00,   0.00000000e+00,   4.89722270e-05,
         9.32463239e-05,   5.09557414e-05,   1.88846515e-05,
         0.00000000e+00,   0.00000000e+00,   0.00000000e+00,
         8.89581502e-06,   1.26715266e-05,   1.07421486e-05,
         0.00000000e+00,   0.00000000e+00,   0.00000000e+00,
         0.00000000e+00,   0.00000000e+00,   0.00000000e+00,
         1.14125776e-05,   1.02412852e-05,   0.00000000e+00,
         0.00000000e+00,   0.00000000e+00,   0.00000000e+00,
         0.00000000e+00,   0.00000000e+00,   0.00000000e+00,
         0.00000000e+00,   0.00000000e+00,   0.00000000e+00,
         0.00000000e+00,   0.00000000e+00,   0.00000000e+00,
         0.00000000e+00,   0.00000000e+00,   0.00000000e+00,
         0.00000000e+00,   0.00000000e+00,   0.00000000e+00,
         0.00000000e+00,   0.00000000e+00,   2.75769356e-04,
         2.40382707e-04,   2.04742947e-05,   0.00000000e+00,
         0.00000000e+00,   0.00000000e+00,   1.00091881e-01,
         1.00497805e-01,   2.47490042e-02,   7.14331069e-05,
         7.11082500e-05,   0.00000000e+00,   0.00000000e+00,
         0.00000000e+00,   2.00734290e-01,   1.18857846e-02,
         2.76059585e-01,   7.97054498e-06,   1.03929232e-05,
         0.00000000e+00,   0.00000000e+00,   0.00000000e+00,
         2.92016265e-05,   2.21607011e-05,   1.19486818e-04,
         1.44243833e-04,   0.00000000e+00,   0.00000000e+00,
         8.85033247e-06,   1.24748625e-05]), scale=array([ 0.50101976,  0.53516975,  0.42006675,  0.80561419,  0.38359355,
        3.5005742 ,  0.41912276,  0.49813724,  0.59556731,  0.43265877,
        0.84435072,  0.91413499,  0.09267327,  0.55026619,  0.24010704,
        0.96829854,  0.3847595 ,  0.09995087,  0.11624753,  0.13112008,
        0.24662092,  0.83114359,  0.10453719,  0.09981655,  0.09967309,
        0.09988033,  0.09987281,  0.1       ,  0.1       ,  0.14199919,
        0.11561995,  0.17109686,  0.09079981,  0.80136626,  1.46950835,
        1.69156107,  0.09848381,  0.1911943 ,  1.33518587,  2.28045186,
        0.83411141,  0.15063112,  0.10185438,  0.10151629,  0.36154147,
        0.25981142,  0.2892393 ,  0.1       ,  0.12489738,  0.0998969 ,
        0.09962104,  0.09977154,  0.09882158,  0.08995262,  0.09995087,
        0.1       ,  0.1       ,  0.1       ,  0.1       ,  0.09995087,
        0.09993449,  0.09986645,  0.09990107,  0.1       ,  0.1       ,
        0.1       ,  0.1       ,  0.1       ,  0.1       ,  0.22089766,
        0.04023927,  0.09995087,  0.09116529,  0.83471619,  0.11352083,
        0.07084052,  0.3745809 ,  0.08942582,  1.21502891,  4.35984323,
        0.19608572,  0.04077464,  0.1       ,  0.11724333,  0.38502076,
        1.02748711,  1.28642188,  0.73658637,  0.08733538,  0.1       ,
        0.1       ,  1.42469894,  0.10639753,  0.0885395 ,  0.1259494 ,
        0.08772475,  0.0561139 ,  0.1       ,  0.1       ,  0.1       ,
        0.09995087,  0.09995068,  0.09963423,  0.09960531,  0.09983186,
        0.09995087,  0.1       ,  0.1       ,  0.1       ,  0.1       ,
        0.1       ,  0.09989619,  0.09989967,  0.0999288 ,  0.1       ,
        0.1       ,  0.1       ,  0.1       ,  0.1       ,  0.1       ,
        0.09993227,  0.0999019 ,  0.1       ,  0.1       ,  0.1       ,
        0.1       ,  0.1       ,  0.1       ,  0.1       ,  0.1       ,
        0.1       ,  0.1       ,  0.1       ,  0.09747284,  0.09914026,
        0.1       ,  0.1       ,  0.09959037,  0.09980213,  0.16452966,
        0.04660283,  0.09687947,  0.09992932,  7.29891473,  0.14474154,
        0.34759371,  0.42901018,  0.3855485 ,  0.4737857 ,  0.09988067,
        0.1       ,  0.09940578,  2.77601642,  0.73351488,  1.89501074,
        0.13284303,  0.10196306,  0.09977213,  0.1       ,  0.1       ,
        2.35546063,  0.08819545,  0.0861804 ,  0.09897809,  0.09977445,
        0.1       ,  0.1       ,  0.1       ,  0.09995037,  0.09989905,
        0.09992755,  0.1       ,  0.1       ,  0.1       ,  0.1       ,
        0.1       ,  0.1       ,  0.09991819,  0.09993417,  0.1       ,
        0.1       ,  0.1       ,  0.1       ,  0.1       ,  0.1       ,
        0.1       ,  0.1       ,  0.1       ,  0.1       ,  0.1       ,
        0.1       ,  0.1       ,  0.1       ,  0.1       ,  0.1       ,
        0.1       ,  0.1       ,  0.1       ,  0.1       ,  0.1       ,
        0.09123722,  0.09105643,  0.0997976 ,  0.1       ,  0.1       ,
        0.1       ,  0.23940277,  0.8685513 ,  0.01263907,  0.12239823,
        0.08757737,  0.1       ,  0.1       ,  0.1       ,  1.12964687,
        0.11762349,  0.40941222,  0.25363945,  0.0999322 ,  0.1       ,
        0.1       ,  0.1       ,  0.09945236,  0.08708166,  0.08188629,
        0.09413069,  0.1       ,  0.1       ,  0.09995087,  0.09990217]), density=59.71495213876805) for prediction
Threshold 0.5
Total bags 200
Total positive bags 100
Total negative bags 100
Total predicted positive bags 192
Total predicted negative bags 8
True positives 97
False positives 95
True negatives 5
False negatives 3
Accuracy 0.51
Precision 0.5052083333333334
Recall 0.97
